<?xml version="1.0" encoding="UTF-8" standalone="yes"?>
<testsuites name="TestEveryIBE" time="47" tests="0" failures="14" errors="0">
    <testsuite name="TestEveryIBE" tests="0" failures="14" errors="0" time="47" timestamp="2019-07-25 11:09:24" hostname="Antonio - Antonio" id="Test Suites/TestEveryIBE">
        <properties>
            <property name="deviceName" value=""/>
            <property name="devicePlatform" value=""/>
            <property name="logFolder" value="C:\\Users\\Antonio\\Katalon Studio\\TestingIBE\\Reports\\TestEveryIBE\\20190725_105333"/>
            <property name="logFiles" value="C:\\Users\\Antonio\\Katalon Studio\\TestingIBE\\Reports\\TestEveryIBE\\20190725_105333\\execution0.log"/>
            <property name="attachments" value=""/>
            <property name="hostName" value="Antonio - Antonio"/>
            <property name="hostAddress" value="169.254.42.39"/>
            <property name="os" value="Windows 10 64bit"/>
            <property name="katalonVersion" value="6.2.1.2"/>
        </properties>
        <testcase name="Test Cases/audi" classname="Test Cases/audi" status="FAILED">
            <failure type="FAILED" message="Test Cases/audi FAILED.&#xA;Reason:&#xA;com.kms.katalon.core.exception.StepFailedException: Unable to open browser with url: ''&#xD;&#xA;&#x9;at com.kms.katalon.core.webui.keyword.internal.WebUIKeywordMain.stepFailed(WebUIKeywordMain.groovy:64)&#xD;&#xA;&#x9;at com.kms.katalon.core.webui.keyword.internal.WebUIKeywordMain.runKeyword(WebUIKeywordMain.groovy:26)&#xD;&#xA;&#x9;at com.kms.katalon.core.webui.keyword.builtin.OpenBrowserKeyword.openBrowser(OpenBrowserKeyword.groovy:81)&#xD;&#xA;&#x9;at com.kms.katalon.core.webui.keyword.builtin.OpenBrowserKeyword.execute(OpenBrowserKeyword.groovy:67)&#xD;&#xA;&#x9;at com.kms.katalon.core.keyword.internal.KeywordExecutor.executeKeywordForPlatform(KeywordExecutor.groovy:56)&#xD;&#xA;&#x9;at com.kms.katalon.core.webui.keyword.WebUiBuiltInKeywords.openBrowser(WebUiBuiltInKeywords.groovy:60)&#xD;&#xA;&#x9;at com.kms.katalon.core.webui.keyword.WebUiBuiltInKeywords$openBrowser.call(Unknown Source)&#xD;&#xA;&#x9;at audi.run(audi:17)&#xD;&#xA;&#x9;at com.kms.katalon.core.main.ScriptEngine.run(ScriptEngine.java:194)&#xD;&#xA;&#x9;at com.kms.katalon.core.main.ScriptEngine.runScriptAsRawText(ScriptEngine.java:119)&#xD;&#xA;&#x9;at com.kms.katalon.core.main.TestCaseExecutor.runScript(TestCaseExecutor.java:337)&#xD;&#xA;&#x9;at com.kms.katalon.core.main.TestCaseExecutor.doExecute(TestCaseExecutor.java:328)&#xD;&#xA;&#x9;at com.kms.katalon.core.main.TestCaseExecutor.processExecutionPhase(TestCaseExecutor.java:307)&#xD;&#xA;&#x9;at com.kms.katalon.core.main.TestCaseExecutor.accessMainPhase(TestCaseExecutor.java:299)&#xD;&#xA;&#x9;at com.kms.katalon.core.main.TestCaseExecutor.execute(TestCaseExecutor.java:233)&#xD;&#xA;&#x9;at com.kms.katalon.core.main.TestSuiteExecutor.accessTestCaseMainPhase(TestSuiteExecutor.java:133)&#xD;&#xA;&#x9;at com.kms.katalon.core.main.TestSuiteExecutor.accessTestSuiteMainPhase(TestSuiteExecutor.java:116)&#xD;&#xA;&#x9;at com.kms.katalon.core.main.TestSuiteExecutor.execute(TestSuiteExecutor.java:83)&#xD;&#xA;&#x9;at com.kms.katalon.core.main.TestCaseMain.startTestSuite(TestCaseMain.java:157)&#xD;&#xA;&#x9;at com.kms.katalon.core.main.TestCaseMain$startTestSuite$0.call(Unknown Source)&#xD;&#xA;&#x9;at TempTestSuite1564044813085.run(TempTestSuite1564044813085.groovy:35)&#xD;&#xA;Caused by: org.openqa.selenium.WebDriverException: java.net.ConnectException: Failed to connect to localhost/0:0:0:0:0:0:0:1:38282&#xA;Build info: version: '3.141.59', revision: 'e82be7d358', time: '2018-11-14T08:25:53'&#xA;System info: host: 'ANTONIO', ip: '169.254.42.39', os.name: 'Windows 10', os.arch: 'amd64', os.version: '10.0', java.version: '1.8.0_181'&#xA;Driver info: driver.version: CEdgeDriver&#xD;&#xA;&#x9;at org.openqa.selenium.remote.service.DriverCommandExecutor.execute(DriverCommandExecutor.java:92)&#xD;&#xA;&#x9;at org.openqa.selenium.remote.RemoteWebDriver.execute(RemoteWebDriver.java:552)&#xD;&#xA;&#x9;at com.kms.katalon.selenium.driver.CEdgeDriver.execute(CEdgeDriver.java:21)&#xD;&#xA;&#x9;at org.openqa.selenium.remote.RemoteWebDriver.startSession(RemoteWebDriver.java:213)&#xD;&#xA;&#x9;at org.openqa.selenium.remote.RemoteWebDriver.&lt;init&gt;(RemoteWebDriver.java:131)&#xD;&#xA;&#x9;at org.openqa.selenium.edge.EdgeDriver.&lt;init&gt;(EdgeDriver.java:154)&#xD;&#xA;&#x9;at com.kms.katalon.selenium.driver.CEdgeDriver.&lt;init&gt;(CEdgeDriver.java:14)&#xD;&#xA;&#x9;at com.kms.katalon.core.webui.driver.DriverFactory.createNewEdgeDriver(DriverFactory.java:435)&#xD;&#xA;&#x9;at com.kms.katalon.core.webui.driver.DriverFactory.startNewBrowser(DriverFactory.java:257)&#xD;&#xA;&#x9;at com.kms.katalon.core.webui.driver.DriverFactory.openWebDriver(DriverFactory.java:191)&#xD;&#xA;&#x9;at com.kms.katalon.core.webui.keyword.builtin.OpenBrowserKeyword$_openBrowser_closure1.doCall(OpenBrowserKeyword.groovy:74)&#xD;&#xA;&#x9;at com.kms.katalon.core.webui.keyword.builtin.OpenBrowserKeyword$_openBrowser_closure1.call(OpenBrowserKeyword.groovy)&#xD;&#xA;&#x9;at com.kms.katalon.core.webui.keyword.internal.WebUIKeywordMain.runKeyword(WebUIKeywordMain.groovy:20)&#xD;&#xA;&#x9;at com.kms.katalon.core.webui.keyword.builtin.OpenBrowserKeyword.openBrowser(OpenBrowserKeyword.groovy:81)&#xD;&#xA;&#x9;at com.kms.katalon.core.webui.keyword.builtin.OpenBrowserKeyword.execute(OpenBrowserKeyword.groovy:67)&#xD;&#xA;&#x9;at com.kms.katalon.core.keyword.internal.KeywordExecutor.executeKeywordForPlatform(KeywordExecutor.groovy:56)&#xD;&#xA;&#x9;at com.kms.katalon.core.webui.keyword.WebUiBuiltInKeywords.openBrowser(WebUiBuiltInKeywords.groovy:60)&#xD;&#xA;&#x9;at com.kms.katalon.core.webui.keyword.WebUiBuiltInKeywords$openBrowser.call(Unknown Source)&#xD;&#xA;&#x9;at Script1564041871909.run(Script1564041871909.groovy:17)&#xD;&#xA;&#x9;... 13 more&#xD;&#xA;Caused by: java.net.ConnectException: Failed to connect to localhost/0:0:0:0:0:0:0:1:38282&#xD;&#xA;&#x9;at okhttp3.internal.connection.RealConnection.connectSocket(RealConnection.java:247)&#xD;&#xA;&#x9;at okhttp3.internal.connection.RealConnection.connect(RealConnection.java:165)&#xD;&#xA;&#x9;at okhttp3.internal.connection.StreamAllocation.findConnection(StreamAllocation.java:257)&#xD;&#xA;&#x9;at okhttp3.internal.connection.StreamAllocation.findHealthyConnection(StreamAllocation.java:135)&#xD;&#xA;&#x9;at okhttp3.internal.connection.StreamAllocation.newStream(StreamAllocation.java:114)&#xD;&#xA;&#x9;at okhttp3.internal.connection.ConnectInterceptor.intercept(ConnectInterceptor.java:42)&#xD;&#xA;&#x9;at okhttp3.internal.http.RealInterceptorChain.proceed(RealInterceptorChain.java:147)&#xD;&#xA;&#x9;at okhttp3.internal.http.RealInterceptorChain.proceed(RealInterceptorChain.java:121)&#xD;&#xA;&#x9;at okhttp3.internal.cache.CacheInterceptor.intercept(CacheInterceptor.java:93)&#xD;&#xA;&#x9;at okhttp3.internal.http.RealInterceptorChain.proceed(RealInterceptorChain.java:147)&#xD;&#xA;&#x9;at okhttp3.internal.http.RealInterceptorChain.proceed(RealInterceptorChain.java:121)&#xD;&#xA;&#x9;at okhttp3.internal.http.BridgeInterceptor.intercept(BridgeInterceptor.java:93)&#xD;&#xA;&#x9;at okhttp3.internal.http.RealInterceptorChain.proceed(RealInterceptorChain.java:147)&#xD;&#xA;&#x9;at okhttp3.internal.http.RetryAndFollowUpInterceptor.intercept(RetryAndFollowUpInterceptor.java:126)&#xD;&#xA;&#x9;at okhttp3.internal.http.RealInterceptorChain.proceed(RealInterceptorChain.java:147)&#xD;&#xA;&#x9;at okhttp3.internal.http.RealInterceptorChain.proceed(RealInterceptorChain.java:121)&#xD;&#xA;&#x9;at okhttp3.RealCall.getResponseWithInterceptorChain(RealCall.java:200)&#xD;&#xA;&#x9;at okhttp3.RealCall.execute(RealCall.java:77)&#xD;&#xA;&#x9;at org.openqa.selenium.remote.internal.OkHttpClient.execute(OkHttpClient.java:103)&#xD;&#xA;&#x9;at org.openqa.selenium.remote.ProtocolHandshake.createSession(ProtocolHandshake.java:105)&#xD;&#xA;&#x9;at org.openqa.selenium.remote.ProtocolHandshake.createSession(ProtocolHandshake.java:74)&#xD;&#xA;&#x9;at org.openqa.selenium.remote.HttpCommandExecutor.execute(HttpCommandExecutor.java:136)&#xD;&#xA;&#x9;at org.openqa.selenium.remote.service.DriverCommandExecutor.execute(DriverCommandExecutor.java:83)&#xD;&#xA;&#x9;... 31 more&#xD;&#xA;Caused by: java.net.ConnectException: Connection refused: connect&#xD;&#xA;&#x9;at okhttp3.internal.platform.Platform.connectSocket(Platform.java:129)&#xD;&#xA;&#x9;at okhttp3.internal.connection.RealConnection.connectSocket(RealConnection.java:245)&#xD;&#xA;&#x9;at okhttp3.internal.connection.RealConnection.connect(RealConnection.java:165)&#xD;&#xA;&#x9;at okhttp3.internal.connection.StreamAllocation.findConnection(StreamAllocation.java:257)&#xD;&#xA;&#x9;at okhttp3.internal.connection.StreamAllocation.findHealthyConnection(StreamAllocation.java:135)&#xD;&#xA;&#x9;at okhttp3.internal.connection.StreamAllocation.newStream(StreamAllocation.java:114)&#xD;&#xA;&#x9;at okhttp3.internal.connection.ConnectInterceptor.intercept(ConnectInterceptor.java:42)&#xD;&#xA;&#x9;at okhttp3.internal.http.RealInterceptorChain.proceed(RealInterceptorChain.java:147)&#xD;&#xA;&#x9;at okhttp3.internal.http.RealInterceptorChain.proceed(RealInterceptorChain.java:121)&#xD;&#xA;&#x9;at okhttp3.internal.cache.CacheInterceptor.intercept(CacheInterceptor.java:93)&#xD;&#xA;&#x9;at okhttp3.internal.http.RealInterceptorChain.proceed(RealInterceptorChain.java:147)&#xD;&#xA;&#x9;at okhttp3.internal.http.RealInterceptorChain.proceed(RealInterceptorChain.java:121)&#xD;&#xA;&#x9;at okhttp3.internal.http.BridgeInterceptor.intercept(BridgeInterceptor.java:93)&#xD;&#xA;&#x9;at okhttp3.internal.http.RealInterceptorChain.proceed(RealInterceptorChain.java:147)&#xD;&#xA;&#x9;at okhttp3.internal.http.RetryAndFollowUpInterceptor.intercept(RetryAndFollowUpInterceptor.java:126)&#xD;&#xA;&#x9;at okhttp3.internal.http.RealInterceptorChain.proceed(RealInterceptorChain.java:147)&#xD;&#xA;&#x9;at okhttp3.internal.http.RealInterceptorChain.proceed(RealInterceptorChain.java:121)&#xD;&#xA;&#x9;at okhttp3.RealCall.getResponseWithInterceptorChain(RealCall.java:200)&#xD;&#xA;&#x9;at okhttp3.RealCall.execute(RealCall.java:77)&#xD;&#xA;&#x9;at org.openqa.selenium.remote.internal.OkHttpClient.execute(OkHttpClient.java:103)&#xD;&#xA;&#x9;at org.openqa.selenium.remote.ProtocolHandshake.createSession(ProtocolHandshake.java:105)&#xD;&#xA;&#x9;at org.openqa.selenium.remote.ProtocolHandshake.createSession(ProtocolHandshake.java:74)&#xD;&#xA;&#x9;at org.openqa.selenium.remote.HttpCommandExecutor.execute(HttpCommandExecutor.java:136)&#xD;&#xA;&#x9;at org.openqa.selenium.remote.service.DriverCommandExecutor.execute(DriverCommandExecutor.java:83)&#xD;&#xA;&#x9;at org.openqa.selenium.remote.RemoteWebDriver.execute(RemoteWebDriver.java:552)&#xD;&#xA;&#x9;at com.kms.katalon.selenium.driver.CEdgeDriver.execute(CEdgeDriver.java:21)&#xD;&#xA;&#x9;at org.openqa.selenium.remote.RemoteWebDriver.startSession(RemoteWebDriver.java:213)&#xD;&#xA;&#x9;at org.openqa.selenium.remote.RemoteWebDriver.&lt;init&gt;(RemoteWebDriver.java:131)&#xD;&#xA;&#x9;at org.openqa.selenium.edge.EdgeDriver.&lt;init&gt;(EdgeDriver.java:154)&#xD;&#xA;&#x9;at com.kms.katalon.selenium.driver.CEdgeDriver.&lt;init&gt;(CEdgeDriver.java:14)&#xD;&#xA;&#x9;at com.kms.katalon.core.webui.driver.DriverFactory.createNewEdgeDriver(DriverFactory.java:435)&#xD;&#xA;&#x9;at com.kms.katalon.core.webui.driver.DriverFactory.startNewBrowser(DriverFactory.java:257)&#xD;&#xA;&#x9;at com.kms.katalon.core.webui.driver.DriverFactory.openWebDriver(DriverFactory.java:191)&#xD;&#xA;&#x9;at com.kms.katalon.core.webui.keyword.builtin.OpenBrowserKeyword$_openBrowser_closure1.doCall(OpenBrowserKeyword.groovy:74)&#xD;&#xA;&#x9;at com.kms.katalon.core.webui.keyword.builtin.OpenBrowserKeyword$_openBrowser_closure1.call(OpenBrowserKeyword.groovy)&#xD;&#xA;&#x9;at com.kms.katalon.core.webui.keyword.internal.WebUIKeywordMain.runKeyword(WebUIKeywordMain.groovy:20)&#xD;&#xA;&#x9;at com.kms.katalon.core.webui.keyword.builtin.OpenBrowserKeyword.openBrowser(OpenBrowserKeyword.groovy:81)&#xD;&#xA;&#x9;at com.kms.katalon.core.webui.keyword.builtin.OpenBrowserKeyword.execute(OpenBrowserKeyword.groovy:67)&#xD;&#xA;&#x9;at com.kms.katalon.core.keyword.internal.KeywordExecutor.executeKeywordForPlatform(KeywordExecutor.groovy:56)&#xD;&#xA;&#x9;at com.kms.katalon.core.webui.keyword.WebUiBuiltInKeywords.openBrowser(WebUiBuiltInKeywords.groovy:60)&#xD;&#xA;&#x9;at com.kms.katalon.core.webui.keyword.WebUiBuiltInKeywords$openBrowser.call(Unknown Source)&#xD;&#xA;&#x9;at audi.run(audi:17)&#xD;&#xA;&#x9;... 13 more&#xD;&#xA;"/>
            <system-out>2019-07-25 11:09:25 - [TEST_CASE][FAILED] - Test Cases/audi: Test Cases/audi FAILED.
Reason:
com.kms.katalon.core.exception.StepFailedException: Unable to open browser with url: ''&#xD;
	at com.kms.katalon.core.webui.keyword.internal.WebUIKeywordMain.stepFailed(WebUIKeywordMain.groovy:64)&#xD;
	at com.kms.katalon.core.webui.keyword.internal.WebUIKeywordMain.runKeyword(WebUIKeywordMain.groovy:26)&#xD;
	at com.kms.katalon.core.webui.keyword.builtin.OpenBrowserKeyword.openBrowser(OpenBrowserKeyword.groovy:81)&#xD;
	at com.kms.katalon.core.webui.keyword.builtin.OpenBrowserKeyword.execute(OpenBrowserKeyword.groovy:67)&#xD;
	at com.kms.katalon.core.keyword.internal.KeywordExecutor.executeKeywordForPlatform(KeywordExecutor.groovy:56)&#xD;
	at com.kms.katalon.core.webui.keyword.WebUiBuiltInKeywords.openBrowser(WebUiBuiltInKeywords.groovy:60)&#xD;
	at com.kms.katalon.core.webui.keyword.WebUiBuiltInKeywords$openBrowser.call(Unknown Source)&#xD;
	at audi.run(audi:17)&#xD;
	at com.kms.katalon.core.main.ScriptEngine.run(ScriptEngine.java:194)&#xD;
	at com.kms.katalon.core.main.ScriptEngine.runScriptAsRawText(ScriptEngine.java:119)&#xD;
	at com.kms.katalon.core.main.TestCaseExecutor.runScript(TestCaseExecutor.java:337)&#xD;
	at com.kms.katalon.core.main.TestCaseExecutor.doExecute(TestCaseExecutor.java:328)&#xD;
	at com.kms.katalon.core.main.TestCaseExecutor.processExecutionPhase(TestCaseExecutor.java:307)&#xD;
	at com.kms.katalon.core.main.TestCaseExecutor.accessMainPhase(TestCaseExecutor.java:299)&#xD;
	at com.kms.katalon.core.main.TestCaseExecutor.execute(TestCaseExecutor.java:233)&#xD;
	at com.kms.katalon.core.main.TestSuiteExecutor.accessTestCaseMainPhase(TestSuiteExecutor.java:133)&#xD;
	at com.kms.katalon.core.main.TestSuiteExecutor.accessTestSuiteMainPhase(TestSuiteExecutor.java:116)&#xD;
	at com.kms.katalon.core.main.TestSuiteExecutor.execute(TestSuiteExecutor.java:83)&#xD;
	at com.kms.katalon.core.main.TestCaseMain.startTestSuite(TestCaseMain.java:157)&#xD;
	at com.kms.katalon.core.main.TestCaseMain$startTestSuite$0.call(Unknown Source)&#xD;
	at TempTestSuite1564044813085.run(TempTestSuite1564044813085.groovy:35)&#xD;
Caused by: org.openqa.selenium.WebDriverException: java.net.ConnectException: Failed to connect to localhost/0:0:0:0:0:0:0:1:38282
Build info: version: '3.141.59', revision: 'e82be7d358', time: '2018-11-14T08:25:53'
System info: host: 'ANTONIO', ip: '169.254.42.39', os.name: 'Windows 10', os.arch: 'amd64', os.version: '10.0', java.version: '1.8.0_181'
Driver info: driver.version: CEdgeDriver&#xD;
	at org.openqa.selenium.remote.service.DriverCommandExecutor.execute(DriverCommandExecutor.java:92)&#xD;
	at org.openqa.selenium.remote.RemoteWebDriver.execute(RemoteWebDriver.java:552)&#xD;
	at com.kms.katalon.selenium.driver.CEdgeDriver.execute(CEdgeDriver.java:21)&#xD;
	at org.openqa.selenium.remote.RemoteWebDriver.startSession(RemoteWebDriver.java:213)&#xD;
	at org.openqa.selenium.remote.RemoteWebDriver.&lt;init&gt;(RemoteWebDriver.java:131)&#xD;
	at org.openqa.selenium.edge.EdgeDriver.&lt;init&gt;(EdgeDriver.java:154)&#xD;
	at com.kms.katalon.selenium.driver.CEdgeDriver.&lt;init&gt;(CEdgeDriver.java:14)&#xD;
	at com.kms.katalon.core.webui.driver.DriverFactory.createNewEdgeDriver(DriverFactory.java:435)&#xD;
	at com.kms.katalon.core.webui.driver.DriverFactory.startNewBrowser(DriverFactory.java:257)&#xD;
	at com.kms.katalon.core.webui.driver.DriverFactory.openWebDriver(DriverFactory.java:191)&#xD;
	at com.kms.katalon.core.webui.keyword.builtin.OpenBrowserKeyword$_openBrowser_closure1.doCall(OpenBrowserKeyword.groovy:74)&#xD;
	at com.kms.katalon.core.webui.keyword.builtin.OpenBrowserKeyword$_openBrowser_closure1.call(OpenBrowserKeyword.groovy)&#xD;
	at com.kms.katalon.core.webui.keyword.internal.WebUIKeywordMain.runKeyword(WebUIKeywordMain.groovy:20)&#xD;
	at com.kms.katalon.core.webui.keyword.builtin.OpenBrowserKeyword.openBrowser(OpenBrowserKeyword.groovy:81)&#xD;
	at com.kms.katalon.core.webui.keyword.builtin.OpenBrowserKeyword.execute(OpenBrowserKeyword.groovy:67)&#xD;
	at com.kms.katalon.core.keyword.internal.KeywordExecutor.executeKeywordForPlatform(KeywordExecutor.groovy:56)&#xD;
	at com.kms.katalon.core.webui.keyword.WebUiBuiltInKeywords.openBrowser(WebUiBuiltInKeywords.groovy:60)&#xD;
	at com.kms.katalon.core.webui.keyword.WebUiBuiltInKeywords$openBrowser.call(Unknown Source)&#xD;
	at Script1564041871909.run(Script1564041871909.groovy:17)&#xD;
	... 13 more&#xD;
Caused by: java.net.ConnectException: Failed to connect to localhost/0:0:0:0:0:0:0:1:38282&#xD;
	at okhttp3.internal.connection.RealConnection.connectSocket(RealConnection.java:247)&#xD;
	at okhttp3.internal.connection.RealConnection.connect(RealConnection.java:165)&#xD;
	at okhttp3.internal.connection.StreamAllocation.findConnection(StreamAllocation.java:257)&#xD;
	at okhttp3.internal.connection.StreamAllocation.findHealthyConnection(StreamAllocation.java:135)&#xD;
	at okhttp3.internal.connection.StreamAllocation.newStream(StreamAllocation.java:114)&#xD;
	at okhttp3.internal.connection.ConnectInterceptor.intercept(ConnectInterceptor.java:42)&#xD;
	at okhttp3.internal.http.RealInterceptorChain.proceed(RealInterceptorChain.java:147)&#xD;
	at okhttp3.internal.http.RealInterceptorChain.proceed(RealInterceptorChain.java:121)&#xD;
	at okhttp3.internal.cache.CacheInterceptor.intercept(CacheInterceptor.java:93)&#xD;
	at okhttp3.internal.http.RealInterceptorChain.proceed(RealInterceptorChain.java:147)&#xD;
	at okhttp3.internal.http.RealInterceptorChain.proceed(RealInterceptorChain.java:121)&#xD;
	at okhttp3.internal.http.BridgeInterceptor.intercept(BridgeInterceptor.java:93)&#xD;
	at okhttp3.internal.http.RealInterceptorChain.proceed(RealInterceptorChain.java:147)&#xD;
	at okhttp3.internal.http.RetryAndFollowUpInterceptor.intercept(RetryAndFollowUpInterceptor.java:126)&#xD;
	at okhttp3.internal.http.RealInterceptorChain.proceed(RealInterceptorChain.java:147)&#xD;
	at okhttp3.internal.http.RealInterceptorChain.proceed(RealInterceptorChain.java:121)&#xD;
	at okhttp3.RealCall.getResponseWithInterceptorChain(RealCall.java:200)&#xD;
	at okhttp3.RealCall.execute(RealCall.java:77)&#xD;
	at org.openqa.selenium.remote.internal.OkHttpClient.execute(OkHttpClient.java:103)&#xD;
	at org.openqa.selenium.remote.ProtocolHandshake.createSession(ProtocolHandshake.java:105)&#xD;
	at org.openqa.selenium.remote.ProtocolHandshake.createSession(ProtocolHandshake.java:74)&#xD;
	at org.openqa.selenium.remote.HttpCommandExecutor.execute(HttpCommandExecutor.java:136)&#xD;
	at org.openqa.selenium.remote.service.DriverCommandExecutor.execute(DriverCommandExecutor.java:83)&#xD;
	... 31 more&#xD;
Caused by: java.net.ConnectException: Connection refused: connect&#xD;
	at okhttp3.internal.platform.Platform.connectSocket(Platform.java:129)&#xD;
	at okhttp3.internal.connection.RealConnection.connectSocket(RealConnection.java:245)&#xD;
	at okhttp3.internal.connection.RealConnection.connect(RealConnection.java:165)&#xD;
	at okhttp3.internal.connection.StreamAllocation.findConnection(StreamAllocation.java:257)&#xD;
	at okhttp3.internal.connection.StreamAllocation.findHealthyConnection(StreamAllocation.java:135)&#xD;
	at okhttp3.internal.connection.StreamAllocation.newStream(StreamAllocation.java:114)&#xD;
	at okhttp3.internal.connection.ConnectInterceptor.intercept(ConnectInterceptor.java:42)&#xD;
	at okhttp3.internal.http.RealInterceptorChain.proceed(RealInterceptorChain.java:147)&#xD;
	at okhttp3.internal.http.RealInterceptorChain.proceed(RealInterceptorChain.java:121)&#xD;
	at okhttp3.internal.cache.CacheInterceptor.intercept(CacheInterceptor.java:93)&#xD;
	at okhttp3.internal.http.RealInterceptorChain.proceed(RealInterceptorChain.java:147)&#xD;
	at okhttp3.internal.http.RealInterceptorChain.proceed(RealInterceptorChain.java:121)&#xD;
	at okhttp3.internal.http.BridgeInterceptor.intercept(BridgeInterceptor.java:93)&#xD;
	at okhttp3.internal.http.RealInterceptorChain.proceed(RealInterceptorChain.java:147)&#xD;
	at okhttp3.internal.http.RetryAndFollowUpInterceptor.intercept(RetryAndFollowUpInterceptor.java:126)&#xD;
	at okhttp3.internal.http.RealInterceptorChain.proceed(RealInterceptorChain.java:147)&#xD;
	at okhttp3.internal.http.RealInterceptorChain.proceed(RealInterceptorChain.java:121)&#xD;
	at okhttp3.RealCall.getResponseWithInterceptorChain(RealCall.java:200)&#xD;
	at okhttp3.RealCall.execute(RealCall.java:77)&#xD;
	at org.openqa.selenium.remote.internal.OkHttpClient.execute(OkHttpClient.java:103)&#xD;
	at org.openqa.selenium.remote.ProtocolHandshake.createSession(ProtocolHandshake.java:105)&#xD;
	at org.openqa.selenium.remote.ProtocolHandshake.createSession(ProtocolHandshake.java:74)&#xD;
	at org.openqa.selenium.remote.HttpCommandExecutor.execute(HttpCommandExecutor.java:136)&#xD;
	at org.openqa.selenium.remote.service.DriverCommandExecutor.execute(DriverCommandExecutor.java:83)&#xD;
	at org.openqa.selenium.remote.RemoteWebDriver.execute(RemoteWebDriver.java:552)&#xD;
	at com.kms.katalon.selenium.driver.CEdgeDriver.execute(CEdgeDriver.java:21)&#xD;
	at org.openqa.selenium.remote.RemoteWebDriver.startSession(RemoteWebDriver.java:213)&#xD;
	at org.openqa.selenium.remote.RemoteWebDriver.&lt;init&gt;(RemoteWebDriver.java:131)&#xD;
	at org.openqa.selenium.edge.EdgeDriver.&lt;init&gt;(EdgeDriver.java:154)&#xD;
	at com.kms.katalon.selenium.driver.CEdgeDriver.&lt;init&gt;(CEdgeDriver.java:14)&#xD;
	at com.kms.katalon.core.webui.driver.DriverFactory.createNewEdgeDriver(DriverFactory.java:435)&#xD;
	at com.kms.katalon.core.webui.driver.DriverFactory.startNewBrowser(DriverFactory.java:257)&#xD;
	at com.kms.katalon.core.webui.driver.DriverFactory.openWebDriver(DriverFactory.java:191)&#xD;
	at com.kms.katalon.core.webui.keyword.builtin.OpenBrowserKeyword$_openBrowser_closure1.doCall(OpenBrowserKeyword.groovy:74)&#xD;
	at com.kms.katalon.core.webui.keyword.builtin.OpenBrowserKeyword$_openBrowser_closure1.call(OpenBrowserKeyword.groovy)&#xD;
	at com.kms.katalon.core.webui.keyword.internal.WebUIKeywordMain.runKeyword(WebUIKeywordMain.groovy:20)&#xD;
	at com.kms.katalon.core.webui.keyword.builtin.OpenBrowserKeyword.openBrowser(OpenBrowserKeyword.groovy:81)&#xD;
	at com.kms.katalon.core.webui.keyword.builtin.OpenBrowserKeyword.execute(OpenBrowserKeyword.groovy:67)&#xD;
	at com.kms.katalon.core.keyword.internal.KeywordExecutor.executeKeywordForPlatform(KeywordExecutor.groovy:56)&#xD;
	at com.kms.katalon.core.webui.keyword.WebUiBuiltInKeywords.openBrowser(WebUiBuiltInKeywords.groovy:60)&#xD;
	at com.kms.katalon.core.webui.keyword.WebUiBuiltInKeywords$openBrowser.call(Unknown Source)&#xD;
	at audi.run(audi:17)&#xD;
	... 13 more&#xD;
&#xD;
&#xD;
2019-07-25 11:09:25 - [TEST_STEP][FAILED] - openBrowser(""): Unable to open browser with url: '' (Root cause: com.kms.katalon.core.exception.StepFailedException: Unable to open browser with url: ''&#xD;
	at com.kms.katalon.core.webui.keyword.internal.WebUIKeywordMain.stepFailed(WebUIKeywordMain.groovy:64)&#xD;
	at com.kms.katalon.core.webui.keyword.internal.WebUIKeywordMain.runKeyword(WebUIKeywordMain.groovy:26)&#xD;
	at com.kms.katalon.core.webui.keyword.builtin.OpenBrowserKeyword.openBrowser(OpenBrowserKeyword.groovy:81)&#xD;
	at com.kms.katalon.core.webui.keyword.builtin.OpenBrowserKeyword.execute(OpenBrowserKeyword.groovy:67)&#xD;
	at com.kms.katalon.core.keyword.internal.KeywordExecutor.executeKeywordForPlatform(KeywordExecutor.groovy:56)&#xD;
	at com.kms.katalon.core.webui.keyword.WebUiBuiltInKeywords.openBrowser(WebUiBuiltInKeywords.groovy:60)&#xD;
	at com.kms.katalon.core.webui.keyword.WebUiBuiltInKeywords$openBrowser.call(Unknown Source)&#xD;
	at audi.run(audi:17)&#xD;
	at com.kms.katalon.core.main.ScriptEngine.run(ScriptEngine.java:194)&#xD;
	at com.kms.katalon.core.main.ScriptEngine.runScriptAsRawText(ScriptEngine.java:119)&#xD;
	at com.kms.katalon.core.main.TestCaseExecutor.runScript(TestCaseExecutor.java:337)&#xD;
	at com.kms.katalon.core.main.TestCaseExecutor.doExecute(TestCaseExecutor.java:328)&#xD;
	at com.kms.katalon.core.main.TestCaseExecutor.processExecutionPhase(TestCaseExecutor.java:307)&#xD;
	at com.kms.katalon.core.main.TestCaseExecutor.accessMainPhase(TestCaseExecutor.java:299)&#xD;
	at com.kms.katalon.core.main.TestCaseExecutor.execute(TestCaseExecutor.java:233)&#xD;
	at com.kms.katalon.core.main.TestSuiteExecutor.accessTestCaseMainPhase(TestSuiteExecutor.java:133)&#xD;
	at com.kms.katalon.core.main.TestSuiteExecutor.accessTestSuiteMainPhase(TestSuiteExecutor.java:116)&#xD;
	at com.kms.katalon.core.main.TestSuiteExecutor.execute(TestSuiteExecutor.java:83)&#xD;
	at com.kms.katalon.core.main.TestCaseMain.startTestSuite(TestCaseMain.java:157)&#xD;
	at com.kms.katalon.core.main.TestCaseMain$startTestSuite$0.call(Unknown Source)&#xD;
	at TempTestSuite1564044813085.run(TempTestSuite1564044813085.groovy:35)&#xD;
Caused by: org.openqa.selenium.WebDriverException: java.net.ConnectException: Failed to connect to localhost/0:0:0:0:0:0:0:1:38282
Build info: version: '3.141.59', revision: 'e82be7d358', time: '2018-11-14T08:25:53'
System info: host: 'ANTONIO', ip: '169.254.42.39', os.name: 'Windows 10', os.arch: 'amd64', os.version: '10.0', java.version: '1.8.0_181'
Driver info: driver.version: CEdgeDriver&#xD;
	at org.openqa.selenium.remote.service.DriverCommandExecutor.execute(DriverCommandExecutor.java:92)&#xD;
	at org.openqa.selenium.remote.RemoteWebDriver.execute(RemoteWebDriver.java:552)&#xD;
	at com.kms.katalon.selenium.driver.CEdgeDriver.execute(CEdgeDriver.java:21)&#xD;
	at org.openqa.selenium.remote.RemoteWebDriver.startSession(RemoteWebDriver.java:213)&#xD;
	at org.openqa.selenium.remote.RemoteWebDriver.&lt;init&gt;(RemoteWebDriver.java:131)&#xD;
	at org.openqa.selenium.edge.EdgeDriver.&lt;init&gt;(EdgeDriver.java:154)&#xD;
	at com.kms.katalon.selenium.driver.CEdgeDriver.&lt;init&gt;(CEdgeDriver.java:14)&#xD;
	at com.kms.katalon.core.webui.driver.DriverFactory.createNewEdgeDriver(DriverFactory.java:435)&#xD;
	at com.kms.katalon.core.webui.driver.DriverFactory.startNewBrowser(DriverFactory.java:257)&#xD;
	at com.kms.katalon.core.webui.driver.DriverFactory.openWebDriver(DriverFactory.java:191)&#xD;
	at com.kms.katalon.core.webui.keyword.builtin.OpenBrowserKeyword$_openBrowser_closure1.doCall(OpenBrowserKeyword.groovy:74)&#xD;
	at com.kms.katalon.core.webui.keyword.builtin.OpenBrowserKeyword$_openBrowser_closure1.call(OpenBrowserKeyword.groovy)&#xD;
	at com.kms.katalon.core.webui.keyword.internal.WebUIKeywordMain.runKeyword(WebUIKeywordMain.groovy:20)&#xD;
	at com.kms.katalon.core.webui.keyword.builtin.OpenBrowserKeyword.openBrowser(OpenBrowserKeyword.groovy:81)&#xD;
	at com.kms.katalon.core.webui.keyword.builtin.OpenBrowserKeyword.execute(OpenBrowserKeyword.groovy:67)&#xD;
	at com.kms.katalon.core.keyword.internal.KeywordExecutor.executeKeywordForPlatform(KeywordExecutor.groovy:56)&#xD;
	at com.kms.katalon.core.webui.keyword.WebUiBuiltInKeywords.openBrowser(WebUiBuiltInKeywords.groovy:60)&#xD;
	at com.kms.katalon.core.webui.keyword.WebUiBuiltInKeywords$openBrowser.call(Unknown Source)&#xD;
	at Script1564041871909.run(Script1564041871909.groovy:17)&#xD;
	... 13 more&#xD;
Caused by: java.net.ConnectException: Failed to connect to localhost/0:0:0:0:0:0:0:1:38282&#xD;
	at okhttp3.internal.connection.RealConnection.connectSocket(RealConnection.java:247)&#xD;
	at okhttp3.internal.connection.RealConnection.connect(RealConnection.java:165)&#xD;
	at okhttp3.internal.connection.StreamAllocation.findConnection(StreamAllocation.java:257)&#xD;
	at okhttp3.internal.connection.StreamAllocation.findHealthyConnection(StreamAllocation.java:135)&#xD;
	at okhttp3.internal.connection.StreamAllocation.newStream(StreamAllocation.java:114)&#xD;
	at okhttp3.internal.connection.ConnectInterceptor.intercept(ConnectInterceptor.java:42)&#xD;
	at okhttp3.internal.http.RealInterceptorChain.proceed(RealInterceptorChain.java:147)&#xD;
	at okhttp3.internal.http.RealInterceptorChain.proceed(RealInterceptorChain.java:121)&#xD;
	at okhttp3.internal.cache.CacheInterceptor.intercept(CacheInterceptor.java:93)&#xD;
	at okhttp3.internal.http.RealInterceptorChain.proceed(RealInterceptorChain.java:147)&#xD;
	at okhttp3.internal.http.RealInterceptorChain.proceed(RealInterceptorChain.java:121)&#xD;
	at okhttp3.internal.http.BridgeInterceptor.intercept(BridgeInterceptor.java:93)&#xD;
	at okhttp3.internal.http.RealInterceptorChain.proceed(RealInterceptorChain.java:147)&#xD;
	at okhttp3.internal.http.RetryAndFollowUpInterceptor.intercept(RetryAndFollowUpInterceptor.java:126)&#xD;
	at okhttp3.internal.http.RealInterceptorChain.proceed(RealInterceptorChain.java:147)&#xD;
	at okhttp3.internal.http.RealInterceptorChain.proceed(RealInterceptorChain.java:121)&#xD;
	at okhttp3.RealCall.getResponseWithInterceptorChain(RealCall.java:200)&#xD;
	at okhttp3.RealCall.execute(RealCall.java:77)&#xD;
	at org.openqa.selenium.remote.internal.OkHttpClient.execute(OkHttpClient.java:103)&#xD;
	at org.openqa.selenium.remote.ProtocolHandshake.createSession(ProtocolHandshake.java:105)&#xD;
	at org.openqa.selenium.remote.ProtocolHandshake.createSession(ProtocolHandshake.java:74)&#xD;
	at org.openqa.selenium.remote.HttpCommandExecutor.execute(HttpCommandExecutor.java:136)&#xD;
	at org.openqa.selenium.remote.service.DriverCommandExecutor.execute(DriverCommandExecutor.java:83)&#xD;
	... 31 more&#xD;
Caused by: java.net.ConnectException: Connection refused: connect&#xD;
	at okhttp3.internal.platform.Platform.connectSocket(Platform.java:129)&#xD;
	at okhttp3.internal.connection.RealConnection.connectSocket(RealConnection.java:245)&#xD;
	... 53 more&#xD;
)&#xD;
&#xD;
2019-07-25 11:09:25 - [MESSAGE][INFO] - Starting 'Edge' driver&#xD;
&#xD;
2019-07-25 11:09:26 - [MESSAGE][INFO] - Action delay is set to 0 seconds&#xD;
&#xD;
2019-07-25 11:09:42 - [MESSAGE][FAILED] - Unable to open browser with url: '' (Root cause: com.kms.katalon.core.exception.StepFailedException: Unable to open browser with url: ''&#xD;
	at com.kms.katalon.core.webui.keyword.internal.WebUIKeywordMain.stepFailed(WebUIKeywordMain.groovy:64)&#xD;
	at com.kms.katalon.core.webui.keyword.internal.WebUIKeywordMain.runKeyword(WebUIKeywordMain.groovy:26)&#xD;
	at com.kms.katalon.core.webui.keyword.builtin.OpenBrowserKeyword.openBrowser(OpenBrowserKeyword.groovy:81)&#xD;
	at com.kms.katalon.core.webui.keyword.builtin.OpenBrowserKeyword.execute(OpenBrowserKeyword.groovy:67)&#xD;
	at com.kms.katalon.core.keyword.internal.KeywordExecutor.executeKeywordForPlatform(KeywordExecutor.groovy:56)&#xD;
	at com.kms.katalon.core.webui.keyword.WebUiBuiltInKeywords.openBrowser(WebUiBuiltInKeywords.groovy:60)&#xD;
	at com.kms.katalon.core.webui.keyword.WebUiBuiltInKeywords$openBrowser.call(Unknown Source)&#xD;
	at audi.run(audi:17)&#xD;
	at com.kms.katalon.core.main.ScriptEngine.run(ScriptEngine.java:194)&#xD;
	at com.kms.katalon.core.main.ScriptEngine.runScriptAsRawText(ScriptEngine.java:119)&#xD;
	at com.kms.katalon.core.main.TestCaseExecutor.runScript(TestCaseExecutor.java:337)&#xD;
	at com.kms.katalon.core.main.TestCaseExecutor.doExecute(TestCaseExecutor.java:328)&#xD;
	at com.kms.katalon.core.main.TestCaseExecutor.processExecutionPhase(TestCaseExecutor.java:307)&#xD;
	at com.kms.katalon.core.main.TestCaseExecutor.accessMainPhase(TestCaseExecutor.java:299)&#xD;
	at com.kms.katalon.core.main.TestCaseExecutor.execute(TestCaseExecutor.java:233)&#xD;
	at com.kms.katalon.core.main.TestSuiteExecutor.accessTestCaseMainPhase(TestSuiteExecutor.java:133)&#xD;
	at com.kms.katalon.core.main.TestSuiteExecutor.accessTestSuiteMainPhase(TestSuiteExecutor.java:116)&#xD;
	at com.kms.katalon.core.main.TestSuiteExecutor.execute(TestSuiteExecutor.java:83)&#xD;
	at com.kms.katalon.core.main.TestCaseMain.startTestSuite(TestCaseMain.java:157)&#xD;
	at com.kms.katalon.core.main.TestCaseMain$startTestSuite$0.call(Unknown Source)&#xD;
	at TempTestSuite1564044813085.run(TempTestSuite1564044813085.groovy:35)&#xD;
Caused by: org.openqa.selenium.WebDriverException: java.net.ConnectException: Failed to connect to localhost/0:0:0:0:0:0:0:1:38282
Build info: version: '3.141.59', revision: 'e82be7d358', time: '2018-11-14T08:25:53'
System info: host: 'ANTONIO', ip: '169.254.42.39', os.name: 'Windows 10', os.arch: 'amd64', os.version: '10.0', java.version: '1.8.0_181'
Driver info: driver.version: CEdgeDriver&#xD;
	at org.openqa.selenium.remote.service.DriverCommandExecutor.execute(DriverCommandExecutor.java:92)&#xD;
	at org.openqa.selenium.remote.RemoteWebDriver.execute(RemoteWebDriver.java:552)&#xD;
	at com.kms.katalon.selenium.driver.CEdgeDriver.execute(CEdgeDriver.java:21)&#xD;
	at org.openqa.selenium.remote.RemoteWebDriver.startSession(RemoteWebDriver.java:213)&#xD;
	at org.openqa.selenium.remote.RemoteWebDriver.&lt;init&gt;(RemoteWebDriver.java:131)&#xD;
	at org.openqa.selenium.edge.EdgeDriver.&lt;init&gt;(EdgeDriver.java:154)&#xD;
	at com.kms.katalon.selenium.driver.CEdgeDriver.&lt;init&gt;(CEdgeDriver.java:14)&#xD;
	at com.kms.katalon.core.webui.driver.DriverFactory.createNewEdgeDriver(DriverFactory.java:435)&#xD;
	at com.kms.katalon.core.webui.driver.DriverFactory.startNewBrowser(DriverFactory.java:257)&#xD;
	at com.kms.katalon.core.webui.driver.DriverFactory.openWebDriver(DriverFactory.java:191)&#xD;
	at com.kms.katalon.core.webui.keyword.builtin.OpenBrowserKeyword$_openBrowser_closure1.doCall(OpenBrowserKeyword.groovy:74)&#xD;
	at com.kms.katalon.core.webui.keyword.builtin.OpenBrowserKeyword$_openBrowser_closure1.call(OpenBrowserKeyword.groovy)&#xD;
	at com.kms.katalon.core.webui.keyword.internal.WebUIKeywordMain.runKeyword(WebUIKeywordMain.groovy:20)&#xD;
	at com.kms.katalon.core.webui.keyword.builtin.OpenBrowserKeyword.openBrowser(OpenBrowserKeyword.groovy:81)&#xD;
	at com.kms.katalon.core.webui.keyword.builtin.OpenBrowserKeyword.execute(OpenBrowserKeyword.groovy:67)&#xD;
	at com.kms.katalon.core.keyword.internal.KeywordExecutor.executeKeywordForPlatform(KeywordExecutor.groovy:56)&#xD;
	at com.kms.katalon.core.webui.keyword.WebUiBuiltInKeywords.openBrowser(WebUiBuiltInKeywords.groovy:60)&#xD;
	at com.kms.katalon.core.webui.keyword.WebUiBuiltInKeywords$openBrowser.call(Unknown Source)&#xD;
	at Script1564041871909.run(Script1564041871909.groovy:17)&#xD;
	... 13 more&#xD;
Caused by: java.net.ConnectException: Failed to connect to localhost/0:0:0:0:0:0:0:1:38282&#xD;
	at okhttp3.internal.connection.RealConnection.connectSocket(RealConnection.java:247)&#xD;
	at okhttp3.internal.connection.RealConnection.connect(RealConnection.java:165)&#xD;
	at okhttp3.internal.connection.StreamAllocation.findConnection(StreamAllocation.java:257)&#xD;
	at okhttp3.internal.connection.StreamAllocation.findHealthyConnection(StreamAllocation.java:135)&#xD;
	at okhttp3.internal.connection.StreamAllocation.newStream(StreamAllocation.java:114)&#xD;
	at okhttp3.internal.connection.ConnectInterceptor.intercept(ConnectInterceptor.java:42)&#xD;
	at okhttp3.internal.http.RealInterceptorChain.proceed(RealInterceptorChain.java:147)&#xD;
	at okhttp3.internal.http.RealInterceptorChain.proceed(RealInterceptorChain.java:121)&#xD;
	at okhttp3.internal.cache.CacheInterceptor.intercept(CacheInterceptor.java:93)&#xD;
	at okhttp3.internal.http.RealInterceptorChain.proceed(RealInterceptorChain.java:147)&#xD;
	at okhttp3.internal.http.RealInterceptorChain.proceed(RealInterceptorChain.java:121)&#xD;
	at okhttp3.internal.http.BridgeInterceptor.intercept(BridgeInterceptor.java:93)&#xD;
	at okhttp3.internal.http.RealInterceptorChain.proceed(RealInterceptorChain.java:147)&#xD;
	at okhttp3.internal.http.RetryAndFollowUpInterceptor.intercept(RetryAndFollowUpInterceptor.java:126)&#xD;
	at okhttp3.internal.http.RealInterceptorChain.proceed(RealInterceptorChain.java:147)&#xD;
	at okhttp3.internal.http.RealInterceptorChain.proceed(RealInterceptorChain.java:121)&#xD;
	at okhttp3.RealCall.getResponseWithInterceptorChain(RealCall.java:200)&#xD;
	at okhttp3.RealCall.execute(RealCall.java:77)&#xD;
	at org.openqa.selenium.remote.internal.OkHttpClient.execute(OkHttpClient.java:103)&#xD;
	at org.openqa.selenium.remote.ProtocolHandshake.createSession(ProtocolHandshake.java:105)&#xD;
	at org.openqa.selenium.remote.ProtocolHandshake.createSession(ProtocolHandshake.java:74)&#xD;
	at org.openqa.selenium.remote.HttpCommandExecutor.execute(HttpCommandExecutor.java:136)&#xD;
	at org.openqa.selenium.remote.service.DriverCommandExecutor.execute(DriverCommandExecutor.java:83)&#xD;
	... 31 more&#xD;
Caused by: java.net.ConnectException: Connection refused: connect&#xD;
	at okhttp3.internal.platform.Platform.connectSocket(Platform.java:129)&#xD;
	at okhttp3.internal.connection.RealConnection.connectSocket(RealConnection.java:245)&#xD;
	... 53 more&#xD;
)</system-out>
            <system-err>2019-07-25 11:09:25 - [TEST_CASE][FAILED] - Test Cases/audi: Test Cases/audi FAILED.
Reason:
com.kms.katalon.core.exception.StepFailedException: Unable to open browser with url: ''&#xD;
	at com.kms.katalon.core.webui.keyword.internal.WebUIKeywordMain.stepFailed(WebUIKeywordMain.groovy:64)&#xD;
	at com.kms.katalon.core.webui.keyword.internal.WebUIKeywordMain.runKeyword(WebUIKeywordMain.groovy:26)&#xD;
	at com.kms.katalon.core.webui.keyword.builtin.OpenBrowserKeyword.openBrowser(OpenBrowserKeyword.groovy:81)&#xD;
	at com.kms.katalon.core.webui.keyword.builtin.OpenBrowserKeyword.execute(OpenBrowserKeyword.groovy:67)&#xD;
	at com.kms.katalon.core.keyword.internal.KeywordExecutor.executeKeywordForPlatform(KeywordExecutor.groovy:56)&#xD;
	at com.kms.katalon.core.webui.keyword.WebUiBuiltInKeywords.openBrowser(WebUiBuiltInKeywords.groovy:60)&#xD;
	at com.kms.katalon.core.webui.keyword.WebUiBuiltInKeywords$openBrowser.call(Unknown Source)&#xD;
	at audi.run(audi:17)&#xD;
	at com.kms.katalon.core.main.ScriptEngine.run(ScriptEngine.java:194)&#xD;
	at com.kms.katalon.core.main.ScriptEngine.runScriptAsRawText(ScriptEngine.java:119)&#xD;
	at com.kms.katalon.core.main.TestCaseExecutor.runScript(TestCaseExecutor.java:337)&#xD;
	at com.kms.katalon.core.main.TestCaseExecutor.doExecute(TestCaseExecutor.java:328)&#xD;
	at com.kms.katalon.core.main.TestCaseExecutor.processExecutionPhase(TestCaseExecutor.java:307)&#xD;
	at com.kms.katalon.core.main.TestCaseExecutor.accessMainPhase(TestCaseExecutor.java:299)&#xD;
	at com.kms.katalon.core.main.TestCaseExecutor.execute(TestCaseExecutor.java:233)&#xD;
	at com.kms.katalon.core.main.TestSuiteExecutor.accessTestCaseMainPhase(TestSuiteExecutor.java:133)&#xD;
	at com.kms.katalon.core.main.TestSuiteExecutor.accessTestSuiteMainPhase(TestSuiteExecutor.java:116)&#xD;
	at com.kms.katalon.core.main.TestSuiteExecutor.execute(TestSuiteExecutor.java:83)&#xD;
	at com.kms.katalon.core.main.TestCaseMain.startTestSuite(TestCaseMain.java:157)&#xD;
	at com.kms.katalon.core.main.TestCaseMain$startTestSuite$0.call(Unknown Source)&#xD;
	at TempTestSuite1564044813085.run(TempTestSuite1564044813085.groovy:35)&#xD;
Caused by: org.openqa.selenium.WebDriverException: java.net.ConnectException: Failed to connect to localhost/0:0:0:0:0:0:0:1:38282
Build info: version: '3.141.59', revision: 'e82be7d358', time: '2018-11-14T08:25:53'
System info: host: 'ANTONIO', ip: '169.254.42.39', os.name: 'Windows 10', os.arch: 'amd64', os.version: '10.0', java.version: '1.8.0_181'
Driver info: driver.version: CEdgeDriver&#xD;
	at org.openqa.selenium.remote.service.DriverCommandExecutor.execute(DriverCommandExecutor.java:92)&#xD;
	at org.openqa.selenium.remote.RemoteWebDriver.execute(RemoteWebDriver.java:552)&#xD;
	at com.kms.katalon.selenium.driver.CEdgeDriver.execute(CEdgeDriver.java:21)&#xD;
	at org.openqa.selenium.remote.RemoteWebDriver.startSession(RemoteWebDriver.java:213)&#xD;
	at org.openqa.selenium.remote.RemoteWebDriver.&lt;init&gt;(RemoteWebDriver.java:131)&#xD;
	at org.openqa.selenium.edge.EdgeDriver.&lt;init&gt;(EdgeDriver.java:154)&#xD;
	at com.kms.katalon.selenium.driver.CEdgeDriver.&lt;init&gt;(CEdgeDriver.java:14)&#xD;
	at com.kms.katalon.core.webui.driver.DriverFactory.createNewEdgeDriver(DriverFactory.java:435)&#xD;
	at com.kms.katalon.core.webui.driver.DriverFactory.startNewBrowser(DriverFactory.java:257)&#xD;
	at com.kms.katalon.core.webui.driver.DriverFactory.openWebDriver(DriverFactory.java:191)&#xD;
	at com.kms.katalon.core.webui.keyword.builtin.OpenBrowserKeyword$_openBrowser_closure1.doCall(OpenBrowserKeyword.groovy:74)&#xD;
	at com.kms.katalon.core.webui.keyword.builtin.OpenBrowserKeyword$_openBrowser_closure1.call(OpenBrowserKeyword.groovy)&#xD;
	at com.kms.katalon.core.webui.keyword.internal.WebUIKeywordMain.runKeyword(WebUIKeywordMain.groovy:20)&#xD;
	at com.kms.katalon.core.webui.keyword.builtin.OpenBrowserKeyword.openBrowser(OpenBrowserKeyword.groovy:81)&#xD;
	at com.kms.katalon.core.webui.keyword.builtin.OpenBrowserKeyword.execute(OpenBrowserKeyword.groovy:67)&#xD;
	at com.kms.katalon.core.keyword.internal.KeywordExecutor.executeKeywordForPlatform(KeywordExecutor.groovy:56)&#xD;
	at com.kms.katalon.core.webui.keyword.WebUiBuiltInKeywords.openBrowser(WebUiBuiltInKeywords.groovy:60)&#xD;
	at com.kms.katalon.core.webui.keyword.WebUiBuiltInKeywords$openBrowser.call(Unknown Source)&#xD;
	at Script1564041871909.run(Script1564041871909.groovy:17)&#xD;
	... 13 more&#xD;
Caused by: java.net.ConnectException: Failed to connect to localhost/0:0:0:0:0:0:0:1:38282&#xD;
	at okhttp3.internal.connection.RealConnection.connectSocket(RealConnection.java:247)&#xD;
	at okhttp3.internal.connection.RealConnection.connect(RealConnection.java:165)&#xD;
	at okhttp3.internal.connection.StreamAllocation.findConnection(StreamAllocation.java:257)&#xD;
	at okhttp3.internal.connection.StreamAllocation.findHealthyConnection(StreamAllocation.java:135)&#xD;
	at okhttp3.internal.connection.StreamAllocation.newStream(StreamAllocation.java:114)&#xD;
	at okhttp3.internal.connection.ConnectInterceptor.intercept(ConnectInterceptor.java:42)&#xD;
	at okhttp3.internal.http.RealInterceptorChain.proceed(RealInterceptorChain.java:147)&#xD;
	at okhttp3.internal.http.RealInterceptorChain.proceed(RealInterceptorChain.java:121)&#xD;
	at okhttp3.internal.cache.CacheInterceptor.intercept(CacheInterceptor.java:93)&#xD;
	at okhttp3.internal.http.RealInterceptorChain.proceed(RealInterceptorChain.java:147)&#xD;
	at okhttp3.internal.http.RealInterceptorChain.proceed(RealInterceptorChain.java:121)&#xD;
	at okhttp3.internal.http.BridgeInterceptor.intercept(BridgeInterceptor.java:93)&#xD;
	at okhttp3.internal.http.RealInterceptorChain.proceed(RealInterceptorChain.java:147)&#xD;
	at okhttp3.internal.http.RetryAndFollowUpInterceptor.intercept(RetryAndFollowUpInterceptor.java:126)&#xD;
	at okhttp3.internal.http.RealInterceptorChain.proceed(RealInterceptorChain.java:147)&#xD;
	at okhttp3.internal.http.RealInterceptorChain.proceed(RealInterceptorChain.java:121)&#xD;
	at okhttp3.RealCall.getResponseWithInterceptorChain(RealCall.java:200)&#xD;
	at okhttp3.RealCall.execute(RealCall.java:77)&#xD;
	at org.openqa.selenium.remote.internal.OkHttpClient.execute(OkHttpClient.java:103)&#xD;
	at org.openqa.selenium.remote.ProtocolHandshake.createSession(ProtocolHandshake.java:105)&#xD;
	at org.openqa.selenium.remote.ProtocolHandshake.createSession(ProtocolHandshake.java:74)&#xD;
	at org.openqa.selenium.remote.HttpCommandExecutor.execute(HttpCommandExecutor.java:136)&#xD;
	at org.openqa.selenium.remote.service.DriverCommandExecutor.execute(DriverCommandExecutor.java:83)&#xD;
	... 31 more&#xD;
Caused by: java.net.ConnectException: Connection refused: connect&#xD;
	at okhttp3.internal.platform.Platform.connectSocket(Platform.java:129)&#xD;
	at okhttp3.internal.connection.RealConnection.connectSocket(RealConnection.java:245)&#xD;
	at okhttp3.internal.connection.RealConnection.connect(RealConnection.java:165)&#xD;
	at okhttp3.internal.connection.StreamAllocation.findConnection(StreamAllocation.java:257)&#xD;
	at okhttp3.internal.connection.StreamAllocation.findHealthyConnection(StreamAllocation.java:135)&#xD;
	at okhttp3.internal.connection.StreamAllocation.newStream(StreamAllocation.java:114)&#xD;
	at okhttp3.internal.connection.ConnectInterceptor.intercept(ConnectInterceptor.java:42)&#xD;
	at okhttp3.internal.http.RealInterceptorChain.proceed(RealInterceptorChain.java:147)&#xD;
	at okhttp3.internal.http.RealInterceptorChain.proceed(RealInterceptorChain.java:121)&#xD;
	at okhttp3.internal.cache.CacheInterceptor.intercept(CacheInterceptor.java:93)&#xD;
	at okhttp3.internal.http.RealInterceptorChain.proceed(RealInterceptorChain.java:147)&#xD;
	at okhttp3.internal.http.RealInterceptorChain.proceed(RealInterceptorChain.java:121)&#xD;
	at okhttp3.internal.http.BridgeInterceptor.intercept(BridgeInterceptor.java:93)&#xD;
	at okhttp3.internal.http.RealInterceptorChain.proceed(RealInterceptorChain.java:147)&#xD;
	at okhttp3.internal.http.RetryAndFollowUpInterceptor.intercept(RetryAndFollowUpInterceptor.java:126)&#xD;
	at okhttp3.internal.http.RealInterceptorChain.proceed(RealInterceptorChain.java:147)&#xD;
	at okhttp3.internal.http.RealInterceptorChain.proceed(RealInterceptorChain.java:121)&#xD;
	at okhttp3.RealCall.getResponseWithInterceptorChain(RealCall.java:200)&#xD;
	at okhttp3.RealCall.execute(RealCall.java:77)&#xD;
	at org.openqa.selenium.remote.internal.OkHttpClient.execute(OkHttpClient.java:103)&#xD;
	at org.openqa.selenium.remote.ProtocolHandshake.createSession(ProtocolHandshake.java:105)&#xD;
	at org.openqa.selenium.remote.ProtocolHandshake.createSession(ProtocolHandshake.java:74)&#xD;
	at org.openqa.selenium.remote.HttpCommandExecutor.execute(HttpCommandExecutor.java:136)&#xD;
	at org.openqa.selenium.remote.service.DriverCommandExecutor.execute(DriverCommandExecutor.java:83)&#xD;
	at org.openqa.selenium.remote.RemoteWebDriver.execute(RemoteWebDriver.java:552)&#xD;
	at com.kms.katalon.selenium.driver.CEdgeDriver.execute(CEdgeDriver.java:21)&#xD;
	at org.openqa.selenium.remote.RemoteWebDriver.startSession(RemoteWebDriver.java:213)&#xD;
	at org.openqa.selenium.remote.RemoteWebDriver.&lt;init&gt;(RemoteWebDriver.java:131)&#xD;
	at org.openqa.selenium.edge.EdgeDriver.&lt;init&gt;(EdgeDriver.java:154)&#xD;
	at com.kms.katalon.selenium.driver.CEdgeDriver.&lt;init&gt;(CEdgeDriver.java:14)&#xD;
	at com.kms.katalon.core.webui.driver.DriverFactory.createNewEdgeDriver(DriverFactory.java:435)&#xD;
	at com.kms.katalon.core.webui.driver.DriverFactory.startNewBrowser(DriverFactory.java:257)&#xD;
	at com.kms.katalon.core.webui.driver.DriverFactory.openWebDriver(DriverFactory.java:191)&#xD;
	at com.kms.katalon.core.webui.keyword.builtin.OpenBrowserKeyword$_openBrowser_closure1.doCall(OpenBrowserKeyword.groovy:74)&#xD;
	at com.kms.katalon.core.webui.keyword.builtin.OpenBrowserKeyword$_openBrowser_closure1.call(OpenBrowserKeyword.groovy)&#xD;
	at com.kms.katalon.core.webui.keyword.internal.WebUIKeywordMain.runKeyword(WebUIKeywordMain.groovy:20)&#xD;
	at com.kms.katalon.core.webui.keyword.builtin.OpenBrowserKeyword.openBrowser(OpenBrowserKeyword.groovy:81)&#xD;
	at com.kms.katalon.core.webui.keyword.builtin.OpenBrowserKeyword.execute(OpenBrowserKeyword.groovy:67)&#xD;
	at com.kms.katalon.core.keyword.internal.KeywordExecutor.executeKeywordForPlatform(KeywordExecutor.groovy:56)&#xD;
	at com.kms.katalon.core.webui.keyword.WebUiBuiltInKeywords.openBrowser(WebUiBuiltInKeywords.groovy:60)&#xD;
	at com.kms.katalon.core.webui.keyword.WebUiBuiltInKeywords$openBrowser.call(Unknown Source)&#xD;
	at audi.run(audi:17)&#xD;
	... 13 more</system-err>
        </testcase>
        <testcase name="Test Cases/baldaja" classname="Test Cases/baldaja" status="FAILED">
            <failure type="FAILED" message="Test Cases/baldaja FAILED.&#xA;Reason:&#xA;com.kms.katalon.core.exception.StepFailedException: Unable to open browser with url: ''&#xD;&#xA;&#x9;at com.kms.katalon.core.webui.keyword.internal.WebUIKeywordMain.stepFailed(WebUIKeywordMain.groovy:64)&#xD;&#xA;&#x9;at com.kms.katalon.core.webui.keyword.internal.WebUIKeywordMain.runKeyword(WebUIKeywordMain.groovy:26)&#xD;&#xA;&#x9;at com.kms.katalon.core.webui.keyword.builtin.OpenBrowserKeyword.openBrowser(OpenBrowserKeyword.groovy:81)&#xD;&#xA;&#x9;at com.kms.katalon.core.webui.keyword.builtin.OpenBrowserKeyword.execute(OpenBrowserKeyword.groovy:67)&#xD;&#xA;&#x9;at com.kms.katalon.core.keyword.internal.KeywordExecutor.executeKeywordForPlatform(KeywordExecutor.groovy:56)&#xD;&#xA;&#x9;at com.kms.katalon.core.webui.keyword.WebUiBuiltInKeywords.openBrowser(WebUiBuiltInKeywords.groovy:60)&#xD;&#xA;&#x9;at com.kms.katalon.core.webui.keyword.WebUiBuiltInKeywords$openBrowser.call(Unknown Source)&#xD;&#xA;&#x9;at baldaja.run(baldaja:17)&#xD;&#xA;&#x9;at com.kms.katalon.core.main.ScriptEngine.run(ScriptEngine.java:194)&#xD;&#xA;&#x9;at com.kms.katalon.core.main.ScriptEngine.runScriptAsRawText(ScriptEngine.java:119)&#xD;&#xA;&#x9;at com.kms.katalon.core.main.TestCaseExecutor.runScript(TestCaseExecutor.java:337)&#xD;&#xA;&#x9;at com.kms.katalon.core.main.TestCaseExecutor.doExecute(TestCaseExecutor.java:328)&#xD;&#xA;&#x9;at com.kms.katalon.core.main.TestCaseExecutor.processExecutionPhase(TestCaseExecutor.java:307)&#xD;&#xA;&#x9;at com.kms.katalon.core.main.TestCaseExecutor.accessMainPhase(TestCaseExecutor.java:299)&#xD;&#xA;&#x9;at com.kms.katalon.core.main.TestCaseExecutor.execute(TestCaseExecutor.java:233)&#xD;&#xA;&#x9;at com.kms.katalon.core.main.TestSuiteExecutor.accessTestCaseMainPhase(TestSuiteExecutor.java:133)&#xD;&#xA;&#x9;at com.kms.katalon.core.main.TestSuiteExecutor.accessTestSuiteMainPhase(TestSuiteExecutor.java:116)&#xD;&#xA;&#x9;at com.kms.katalon.core.main.TestSuiteExecutor.execute(TestSuiteExecutor.java:83)&#xD;&#xA;&#x9;at com.kms.katalon.core.main.TestCaseMain.startTestSuite(TestCaseMain.java:157)&#xD;&#xA;&#x9;at com.kms.katalon.core.main.TestCaseMain$startTestSuite$0.call(Unknown Source)&#xD;&#xA;&#x9;at TempTestSuite1564044813085.run(TempTestSuite1564044813085.groovy:35)&#xD;&#xA;Caused by: org.openqa.selenium.WebDriverException: java.net.ConnectException: Failed to connect to localhost/0:0:0:0:0:0:0:1:38282&#xA;Build info: version: '3.141.59', revision: 'e82be7d358', time: '2018-11-14T08:25:53'&#xA;System info: host: 'ANTONIO', ip: '169.254.42.39', os.name: 'Windows 10', os.arch: 'amd64', os.version: '10.0', java.version: '1.8.0_181'&#xA;Driver info: driver.version: CEdgeDriver&#xD;&#xA;&#x9;at org.openqa.selenium.remote.service.DriverCommandExecutor.execute(DriverCommandExecutor.java:92)&#xD;&#xA;&#x9;at org.openqa.selenium.remote.RemoteWebDriver.execute(RemoteWebDriver.java:552)&#xD;&#xA;&#x9;at com.kms.katalon.selenium.driver.CEdgeDriver.execute(CEdgeDriver.java:21)&#xD;&#xA;&#x9;at org.openqa.selenium.remote.RemoteWebDriver.startSession(RemoteWebDriver.java:213)&#xD;&#xA;&#x9;at org.openqa.selenium.remote.RemoteWebDriver.&lt;init&gt;(RemoteWebDriver.java:131)&#xD;&#xA;&#x9;at org.openqa.selenium.edge.EdgeDriver.&lt;init&gt;(EdgeDriver.java:154)&#xD;&#xA;&#x9;at com.kms.katalon.selenium.driver.CEdgeDriver.&lt;init&gt;(CEdgeDriver.java:14)&#xD;&#xA;&#x9;at com.kms.katalon.core.webui.driver.DriverFactory.createNewEdgeDriver(DriverFactory.java:435)&#xD;&#xA;&#x9;at com.kms.katalon.core.webui.driver.DriverFactory.startNewBrowser(DriverFactory.java:257)&#xD;&#xA;&#x9;at com.kms.katalon.core.webui.driver.DriverFactory.openWebDriver(DriverFactory.java:191)&#xD;&#xA;&#x9;at com.kms.katalon.core.webui.keyword.builtin.OpenBrowserKeyword$_openBrowser_closure1.doCall(OpenBrowserKeyword.groovy:74)&#xD;&#xA;&#x9;at com.kms.katalon.core.webui.keyword.builtin.OpenBrowserKeyword$_openBrowser_closure1.call(OpenBrowserKeyword.groovy)&#xD;&#xA;&#x9;at com.kms.katalon.core.webui.keyword.internal.WebUIKeywordMain.runKeyword(WebUIKeywordMain.groovy:20)&#xD;&#xA;&#x9;at com.kms.katalon.core.webui.keyword.builtin.OpenBrowserKeyword.openBrowser(OpenBrowserKeyword.groovy:81)&#xD;&#xA;&#x9;at com.kms.katalon.core.webui.keyword.builtin.OpenBrowserKeyword.execute(OpenBrowserKeyword.groovy:67)&#xD;&#xA;&#x9;at com.kms.katalon.core.keyword.internal.KeywordExecutor.executeKeywordForPlatform(KeywordExecutor.groovy:56)&#xD;&#xA;&#x9;at com.kms.katalon.core.webui.keyword.WebUiBuiltInKeywords.openBrowser(WebUiBuiltInKeywords.groovy:60)&#xD;&#xA;&#x9;at com.kms.katalon.core.webui.keyword.WebUiBuiltInKeywords$openBrowser.call(Unknown Source)&#xD;&#xA;&#x9;at Script1564042878744.run(Script1564042878744.groovy:17)&#xD;&#xA;&#x9;... 13 more&#xD;&#xA;Caused by: java.net.ConnectException: Failed to connect to localhost/0:0:0:0:0:0:0:1:38282&#xD;&#xA;&#x9;at okhttp3.internal.connection.RealConnection.connectSocket(RealConnection.java:247)&#xD;&#xA;&#x9;at okhttp3.internal.connection.RealConnection.connect(RealConnection.java:165)&#xD;&#xA;&#x9;at okhttp3.internal.connection.StreamAllocation.findConnection(StreamAllocation.java:257)&#xD;&#xA;&#x9;at okhttp3.internal.connection.StreamAllocation.findHealthyConnection(StreamAllocation.java:135)&#xD;&#xA;&#x9;at okhttp3.internal.connection.StreamAllocation.newStream(StreamAllocation.java:114)&#xD;&#xA;&#x9;at okhttp3.internal.connection.ConnectInterceptor.intercept(ConnectInterceptor.java:42)&#xD;&#xA;&#x9;at okhttp3.internal.http.RealInterceptorChain.proceed(RealInterceptorChain.java:147)&#xD;&#xA;&#x9;at okhttp3.internal.http.RealInterceptorChain.proceed(RealInterceptorChain.java:121)&#xD;&#xA;&#x9;at okhttp3.internal.cache.CacheInterceptor.intercept(CacheInterceptor.java:93)&#xD;&#xA;&#x9;at okhttp3.internal.http.RealInterceptorChain.proceed(RealInterceptorChain.java:147)&#xD;&#xA;&#x9;at okhttp3.internal.http.RealInterceptorChain.proceed(RealInterceptorChain.java:121)&#xD;&#xA;&#x9;at okhttp3.internal.http.BridgeInterceptor.intercept(BridgeInterceptor.java:93)&#xD;&#xA;&#x9;at okhttp3.internal.http.RealInterceptorChain.proceed(RealInterceptorChain.java:147)&#xD;&#xA;&#x9;at okhttp3.internal.http.RetryAndFollowUpInterceptor.intercept(RetryAndFollowUpInterceptor.java:126)&#xD;&#xA;&#x9;at okhttp3.internal.http.RealInterceptorChain.proceed(RealInterceptorChain.java:147)&#xD;&#xA;&#x9;at okhttp3.internal.http.RealInterceptorChain.proceed(RealInterceptorChain.java:121)&#xD;&#xA;&#x9;at okhttp3.RealCall.getResponseWithInterceptorChain(RealCall.java:200)&#xD;&#xA;&#x9;at okhttp3.RealCall.execute(RealCall.java:77)&#xD;&#xA;&#x9;at org.openqa.selenium.remote.internal.OkHttpClient.execute(OkHttpClient.java:103)&#xD;&#xA;&#x9;at org.openqa.selenium.remote.ProtocolHandshake.createSession(ProtocolHandshake.java:105)&#xD;&#xA;&#x9;at org.openqa.selenium.remote.ProtocolHandshake.createSession(ProtocolHandshake.java:74)&#xD;&#xA;&#x9;at org.openqa.selenium.remote.HttpCommandExecutor.execute(HttpCommandExecutor.java:136)&#xD;&#xA;&#x9;at org.openqa.selenium.remote.service.DriverCommandExecutor.execute(DriverCommandExecutor.java:83)&#xD;&#xA;&#x9;... 31 more&#xD;&#xA;Caused by: java.net.ConnectException: Connection refused: connect&#xD;&#xA;&#x9;at okhttp3.internal.platform.Platform.connectSocket(Platform.java:129)&#xD;&#xA;&#x9;at okhttp3.internal.connection.RealConnection.connectSocket(RealConnection.java:245)&#xD;&#xA;&#x9;at okhttp3.internal.connection.RealConnection.connect(RealConnection.java:165)&#xD;&#xA;&#x9;at okhttp3.internal.connection.StreamAllocation.findConnection(StreamAllocation.java:257)&#xD;&#xA;&#x9;at okhttp3.internal.connection.StreamAllocation.findHealthyConnection(StreamAllocation.java:135)&#xD;&#xA;&#x9;at okhttp3.internal.connection.StreamAllocation.newStream(StreamAllocation.java:114)&#xD;&#xA;&#x9;at okhttp3.internal.connection.ConnectInterceptor.intercept(ConnectInterceptor.java:42)&#xD;&#xA;&#x9;at okhttp3.internal.http.RealInterceptorChain.proceed(RealInterceptorChain.java:147)&#xD;&#xA;&#x9;at okhttp3.internal.http.RealInterceptorChain.proceed(RealInterceptorChain.java:121)&#xD;&#xA;&#x9;at okhttp3.internal.cache.CacheInterceptor.intercept(CacheInterceptor.java:93)&#xD;&#xA;&#x9;at okhttp3.internal.http.RealInterceptorChain.proceed(RealInterceptorChain.java:147)&#xD;&#xA;&#x9;at okhttp3.internal.http.RealInterceptorChain.proceed(RealInterceptorChain.java:121)&#xD;&#xA;&#x9;at okhttp3.internal.http.BridgeInterceptor.intercept(BridgeInterceptor.java:93)&#xD;&#xA;&#x9;at okhttp3.internal.http.RealInterceptorChain.proceed(RealInterceptorChain.java:147)&#xD;&#xA;&#x9;at okhttp3.internal.http.RetryAndFollowUpInterceptor.intercept(RetryAndFollowUpInterceptor.java:126)&#xD;&#xA;&#x9;at okhttp3.internal.http.RealInterceptorChain.proceed(RealInterceptorChain.java:147)&#xD;&#xA;&#x9;at okhttp3.internal.http.RealInterceptorChain.proceed(RealInterceptorChain.java:121)&#xD;&#xA;&#x9;at okhttp3.RealCall.getResponseWithInterceptorChain(RealCall.java:200)&#xD;&#xA;&#x9;at okhttp3.RealCall.execute(RealCall.java:77)&#xD;&#xA;&#x9;at org.openqa.selenium.remote.internal.OkHttpClient.execute(OkHttpClient.java:103)&#xD;&#xA;&#x9;at org.openqa.selenium.remote.ProtocolHandshake.createSession(ProtocolHandshake.java:105)&#xD;&#xA;&#x9;at org.openqa.selenium.remote.ProtocolHandshake.createSession(ProtocolHandshake.java:74)&#xD;&#xA;&#x9;at org.openqa.selenium.remote.HttpCommandExecutor.execute(HttpCommandExecutor.java:136)&#xD;&#xA;&#x9;at org.openqa.selenium.remote.service.DriverCommandExecutor.execute(DriverCommandExecutor.java:83)&#xD;&#xA;&#x9;at org.openqa.selenium.remote.RemoteWebDriver.execute(RemoteWebDriver.java:552)&#xD;&#xA;&#x9;at com.kms.katalon.selenium.driver.CEdgeDriver.execute(CEdgeDriver.java:21)&#xD;&#xA;&#x9;at org.openqa.selenium.remote.RemoteWebDriver.startSession(RemoteWebDriver.java:213)&#xD;&#xA;&#x9;at org.openqa.selenium.remote.RemoteWebDriver.&lt;init&gt;(RemoteWebDriver.java:131)&#xD;&#xA;&#x9;at org.openqa.selenium.edge.EdgeDriver.&lt;init&gt;(EdgeDriver.java:154)&#xD;&#xA;&#x9;at com.kms.katalon.selenium.driver.CEdgeDriver.&lt;init&gt;(CEdgeDriver.java:14)&#xD;&#xA;&#x9;at com.kms.katalon.core.webui.driver.DriverFactory.createNewEdgeDriver(DriverFactory.java:435)&#xD;&#xA;&#x9;at com.kms.katalon.core.webui.driver.DriverFactory.startNewBrowser(DriverFactory.java:257)&#xD;&#xA;&#x9;at com.kms.katalon.core.webui.driver.DriverFactory.openWebDriver(DriverFactory.java:191)&#xD;&#xA;&#x9;at com.kms.katalon.core.webui.keyword.builtin.OpenBrowserKeyword$_openBrowser_closure1.doCall(OpenBrowserKeyword.groovy:74)&#xD;&#xA;&#x9;at com.kms.katalon.core.webui.keyword.builtin.OpenBrowserKeyword$_openBrowser_closure1.call(OpenBrowserKeyword.groovy)&#xD;&#xA;&#x9;at com.kms.katalon.core.webui.keyword.internal.WebUIKeywordMain.runKeyword(WebUIKeywordMain.groovy:20)&#xD;&#xA;&#x9;at com.kms.katalon.core.webui.keyword.builtin.OpenBrowserKeyword.openBrowser(OpenBrowserKeyword.groovy:81)&#xD;&#xA;&#x9;at com.kms.katalon.core.webui.keyword.builtin.OpenBrowserKeyword.execute(OpenBrowserKeyword.groovy:67)&#xD;&#xA;&#x9;at com.kms.katalon.core.keyword.internal.KeywordExecutor.executeKeywordForPlatform(KeywordExecutor.groovy:56)&#xD;&#xA;&#x9;at com.kms.katalon.core.webui.keyword.WebUiBuiltInKeywords.openBrowser(WebUiBuiltInKeywords.groovy:60)&#xD;&#xA;&#x9;at com.kms.katalon.core.webui.keyword.WebUiBuiltInKeywords$openBrowser.call(Unknown Source)&#xD;&#xA;&#x9;at baldaja.run(baldaja:17)&#xD;&#xA;&#x9;... 13 more&#xD;&#xA;"/>
            <system-out>2019-07-25 11:09:42 - [TEST_CASE][FAILED] - Test Cases/baldaja: Test Cases/baldaja FAILED.
Reason:
com.kms.katalon.core.exception.StepFailedException: Unable to open browser with url: ''&#xD;
	at com.kms.katalon.core.webui.keyword.internal.WebUIKeywordMain.stepFailed(WebUIKeywordMain.groovy:64)&#xD;
	at com.kms.katalon.core.webui.keyword.internal.WebUIKeywordMain.runKeyword(WebUIKeywordMain.groovy:26)&#xD;
	at com.kms.katalon.core.webui.keyword.builtin.OpenBrowserKeyword.openBrowser(OpenBrowserKeyword.groovy:81)&#xD;
	at com.kms.katalon.core.webui.keyword.builtin.OpenBrowserKeyword.execute(OpenBrowserKeyword.groovy:67)&#xD;
	at com.kms.katalon.core.keyword.internal.KeywordExecutor.executeKeywordForPlatform(KeywordExecutor.groovy:56)&#xD;
	at com.kms.katalon.core.webui.keyword.WebUiBuiltInKeywords.openBrowser(WebUiBuiltInKeywords.groovy:60)&#xD;
	at com.kms.katalon.core.webui.keyword.WebUiBuiltInKeywords$openBrowser.call(Unknown Source)&#xD;
	at baldaja.run(baldaja:17)&#xD;
	at com.kms.katalon.core.main.ScriptEngine.run(ScriptEngine.java:194)&#xD;
	at com.kms.katalon.core.main.ScriptEngine.runScriptAsRawText(ScriptEngine.java:119)&#xD;
	at com.kms.katalon.core.main.TestCaseExecutor.runScript(TestCaseExecutor.java:337)&#xD;
	at com.kms.katalon.core.main.TestCaseExecutor.doExecute(TestCaseExecutor.java:328)&#xD;
	at com.kms.katalon.core.main.TestCaseExecutor.processExecutionPhase(TestCaseExecutor.java:307)&#xD;
	at com.kms.katalon.core.main.TestCaseExecutor.accessMainPhase(TestCaseExecutor.java:299)&#xD;
	at com.kms.katalon.core.main.TestCaseExecutor.execute(TestCaseExecutor.java:233)&#xD;
	at com.kms.katalon.core.main.TestSuiteExecutor.accessTestCaseMainPhase(TestSuiteExecutor.java:133)&#xD;
	at com.kms.katalon.core.main.TestSuiteExecutor.accessTestSuiteMainPhase(TestSuiteExecutor.java:116)&#xD;
	at com.kms.katalon.core.main.TestSuiteExecutor.execute(TestSuiteExecutor.java:83)&#xD;
	at com.kms.katalon.core.main.TestCaseMain.startTestSuite(TestCaseMain.java:157)&#xD;
	at com.kms.katalon.core.main.TestCaseMain$startTestSuite$0.call(Unknown Source)&#xD;
	at TempTestSuite1564044813085.run(TempTestSuite1564044813085.groovy:35)&#xD;
Caused by: org.openqa.selenium.WebDriverException: java.net.ConnectException: Failed to connect to localhost/0:0:0:0:0:0:0:1:38282
Build info: version: '3.141.59', revision: 'e82be7d358', time: '2018-11-14T08:25:53'
System info: host: 'ANTONIO', ip: '169.254.42.39', os.name: 'Windows 10', os.arch: 'amd64', os.version: '10.0', java.version: '1.8.0_181'
Driver info: driver.version: CEdgeDriver&#xD;
	at org.openqa.selenium.remote.service.DriverCommandExecutor.execute(DriverCommandExecutor.java:92)&#xD;
	at org.openqa.selenium.remote.RemoteWebDriver.execute(RemoteWebDriver.java:552)&#xD;
	at com.kms.katalon.selenium.driver.CEdgeDriver.execute(CEdgeDriver.java:21)&#xD;
	at org.openqa.selenium.remote.RemoteWebDriver.startSession(RemoteWebDriver.java:213)&#xD;
	at org.openqa.selenium.remote.RemoteWebDriver.&lt;init&gt;(RemoteWebDriver.java:131)&#xD;
	at org.openqa.selenium.edge.EdgeDriver.&lt;init&gt;(EdgeDriver.java:154)&#xD;
	at com.kms.katalon.selenium.driver.CEdgeDriver.&lt;init&gt;(CEdgeDriver.java:14)&#xD;
	at com.kms.katalon.core.webui.driver.DriverFactory.createNewEdgeDriver(DriverFactory.java:435)&#xD;
	at com.kms.katalon.core.webui.driver.DriverFactory.startNewBrowser(DriverFactory.java:257)&#xD;
	at com.kms.katalon.core.webui.driver.DriverFactory.openWebDriver(DriverFactory.java:191)&#xD;
	at com.kms.katalon.core.webui.keyword.builtin.OpenBrowserKeyword$_openBrowser_closure1.doCall(OpenBrowserKeyword.groovy:74)&#xD;
	at com.kms.katalon.core.webui.keyword.builtin.OpenBrowserKeyword$_openBrowser_closure1.call(OpenBrowserKeyword.groovy)&#xD;
	at com.kms.katalon.core.webui.keyword.internal.WebUIKeywordMain.runKeyword(WebUIKeywordMain.groovy:20)&#xD;
	at com.kms.katalon.core.webui.keyword.builtin.OpenBrowserKeyword.openBrowser(OpenBrowserKeyword.groovy:81)&#xD;
	at com.kms.katalon.core.webui.keyword.builtin.OpenBrowserKeyword.execute(OpenBrowserKeyword.groovy:67)&#xD;
	at com.kms.katalon.core.keyword.internal.KeywordExecutor.executeKeywordForPlatform(KeywordExecutor.groovy:56)&#xD;
	at com.kms.katalon.core.webui.keyword.WebUiBuiltInKeywords.openBrowser(WebUiBuiltInKeywords.groovy:60)&#xD;
	at com.kms.katalon.core.webui.keyword.WebUiBuiltInKeywords$openBrowser.call(Unknown Source)&#xD;
	at Script1564042878744.run(Script1564042878744.groovy:17)&#xD;
	... 13 more&#xD;
Caused by: java.net.ConnectException: Failed to connect to localhost/0:0:0:0:0:0:0:1:38282&#xD;
	at okhttp3.internal.connection.RealConnection.connectSocket(RealConnection.java:247)&#xD;
	at okhttp3.internal.connection.RealConnection.connect(RealConnection.java:165)&#xD;
	at okhttp3.internal.connection.StreamAllocation.findConnection(StreamAllocation.java:257)&#xD;
	at okhttp3.internal.connection.StreamAllocation.findHealthyConnection(StreamAllocation.java:135)&#xD;
	at okhttp3.internal.connection.StreamAllocation.newStream(StreamAllocation.java:114)&#xD;
	at okhttp3.internal.connection.ConnectInterceptor.intercept(ConnectInterceptor.java:42)&#xD;
	at okhttp3.internal.http.RealInterceptorChain.proceed(RealInterceptorChain.java:147)&#xD;
	at okhttp3.internal.http.RealInterceptorChain.proceed(RealInterceptorChain.java:121)&#xD;
	at okhttp3.internal.cache.CacheInterceptor.intercept(CacheInterceptor.java:93)&#xD;
	at okhttp3.internal.http.RealInterceptorChain.proceed(RealInterceptorChain.java:147)&#xD;
	at okhttp3.internal.http.RealInterceptorChain.proceed(RealInterceptorChain.java:121)&#xD;
	at okhttp3.internal.http.BridgeInterceptor.intercept(BridgeInterceptor.java:93)&#xD;
	at okhttp3.internal.http.RealInterceptorChain.proceed(RealInterceptorChain.java:147)&#xD;
	at okhttp3.internal.http.RetryAndFollowUpInterceptor.intercept(RetryAndFollowUpInterceptor.java:126)&#xD;
	at okhttp3.internal.http.RealInterceptorChain.proceed(RealInterceptorChain.java:147)&#xD;
	at okhttp3.internal.http.RealInterceptorChain.proceed(RealInterceptorChain.java:121)&#xD;
	at okhttp3.RealCall.getResponseWithInterceptorChain(RealCall.java:200)&#xD;
	at okhttp3.RealCall.execute(RealCall.java:77)&#xD;
	at org.openqa.selenium.remote.internal.OkHttpClient.execute(OkHttpClient.java:103)&#xD;
	at org.openqa.selenium.remote.ProtocolHandshake.createSession(ProtocolHandshake.java:105)&#xD;
	at org.openqa.selenium.remote.ProtocolHandshake.createSession(ProtocolHandshake.java:74)&#xD;
	at org.openqa.selenium.remote.HttpCommandExecutor.execute(HttpCommandExecutor.java:136)&#xD;
	at org.openqa.selenium.remote.service.DriverCommandExecutor.execute(DriverCommandExecutor.java:83)&#xD;
	... 31 more&#xD;
Caused by: java.net.ConnectException: Connection refused: connect&#xD;
	at okhttp3.internal.platform.Platform.connectSocket(Platform.java:129)&#xD;
	at okhttp3.internal.connection.RealConnection.connectSocket(RealConnection.java:245)&#xD;
	at okhttp3.internal.connection.RealConnection.connect(RealConnection.java:165)&#xD;
	at okhttp3.internal.connection.StreamAllocation.findConnection(StreamAllocation.java:257)&#xD;
	at okhttp3.internal.connection.StreamAllocation.findHealthyConnection(StreamAllocation.java:135)&#xD;
	at okhttp3.internal.connection.StreamAllocation.newStream(StreamAllocation.java:114)&#xD;
	at okhttp3.internal.connection.ConnectInterceptor.intercept(ConnectInterceptor.java:42)&#xD;
	at okhttp3.internal.http.RealInterceptorChain.proceed(RealInterceptorChain.java:147)&#xD;
	at okhttp3.internal.http.RealInterceptorChain.proceed(RealInterceptorChain.java:121)&#xD;
	at okhttp3.internal.cache.CacheInterceptor.intercept(CacheInterceptor.java:93)&#xD;
	at okhttp3.internal.http.RealInterceptorChain.proceed(RealInterceptorChain.java:147)&#xD;
	at okhttp3.internal.http.RealInterceptorChain.proceed(RealInterceptorChain.java:121)&#xD;
	at okhttp3.internal.http.BridgeInterceptor.intercept(BridgeInterceptor.java:93)&#xD;
	at okhttp3.internal.http.RealInterceptorChain.proceed(RealInterceptorChain.java:147)&#xD;
	at okhttp3.internal.http.RetryAndFollowUpInterceptor.intercept(RetryAndFollowUpInterceptor.java:126)&#xD;
	at okhttp3.internal.http.RealInterceptorChain.proceed(RealInterceptorChain.java:147)&#xD;
	at okhttp3.internal.http.RealInterceptorChain.proceed(RealInterceptorChain.java:121)&#xD;
	at okhttp3.RealCall.getResponseWithInterceptorChain(RealCall.java:200)&#xD;
	at okhttp3.RealCall.execute(RealCall.java:77)&#xD;
	at org.openqa.selenium.remote.internal.OkHttpClient.execute(OkHttpClient.java:103)&#xD;
	at org.openqa.selenium.remote.ProtocolHandshake.createSession(ProtocolHandshake.java:105)&#xD;
	at org.openqa.selenium.remote.ProtocolHandshake.createSession(ProtocolHandshake.java:74)&#xD;
	at org.openqa.selenium.remote.HttpCommandExecutor.execute(HttpCommandExecutor.java:136)&#xD;
	at org.openqa.selenium.remote.service.DriverCommandExecutor.execute(DriverCommandExecutor.java:83)&#xD;
	at org.openqa.selenium.remote.RemoteWebDriver.execute(RemoteWebDriver.java:552)&#xD;
	at com.kms.katalon.selenium.driver.CEdgeDriver.execute(CEdgeDriver.java:21)&#xD;
	at org.openqa.selenium.remote.RemoteWebDriver.startSession(RemoteWebDriver.java:213)&#xD;
	at org.openqa.selenium.remote.RemoteWebDriver.&lt;init&gt;(RemoteWebDriver.java:131)&#xD;
	at org.openqa.selenium.edge.EdgeDriver.&lt;init&gt;(EdgeDriver.java:154)&#xD;
	at com.kms.katalon.selenium.driver.CEdgeDriver.&lt;init&gt;(CEdgeDriver.java:14)&#xD;
	at com.kms.katalon.core.webui.driver.DriverFactory.createNewEdgeDriver(DriverFactory.java:435)&#xD;
	at com.kms.katalon.core.webui.driver.DriverFactory.startNewBrowser(DriverFactory.java:257)&#xD;
	at com.kms.katalon.core.webui.driver.DriverFactory.openWebDriver(DriverFactory.java:191)&#xD;
	at com.kms.katalon.core.webui.keyword.builtin.OpenBrowserKeyword$_openBrowser_closure1.doCall(OpenBrowserKeyword.groovy:74)&#xD;
	at com.kms.katalon.core.webui.keyword.builtin.OpenBrowserKeyword$_openBrowser_closure1.call(OpenBrowserKeyword.groovy)&#xD;
	at com.kms.katalon.core.webui.keyword.internal.WebUIKeywordMain.runKeyword(WebUIKeywordMain.groovy:20)&#xD;
	at com.kms.katalon.core.webui.keyword.builtin.OpenBrowserKeyword.openBrowser(OpenBrowserKeyword.groovy:81)&#xD;
	at com.kms.katalon.core.webui.keyword.builtin.OpenBrowserKeyword.execute(OpenBrowserKeyword.groovy:67)&#xD;
	at com.kms.katalon.core.keyword.internal.KeywordExecutor.executeKeywordForPlatform(KeywordExecutor.groovy:56)&#xD;
	at com.kms.katalon.core.webui.keyword.WebUiBuiltInKeywords.openBrowser(WebUiBuiltInKeywords.groovy:60)&#xD;
	at com.kms.katalon.core.webui.keyword.WebUiBuiltInKeywords$openBrowser.call(Unknown Source)&#xD;
	at baldaja.run(baldaja:17)&#xD;
	... 13 more&#xD;
&#xD;
&#xD;
2019-07-25 11:09:42 - [TEST_STEP][FAILED] - openBrowser(""): Unable to open browser with url: '' (Root cause: com.kms.katalon.core.exception.StepFailedException: Unable to open browser with url: ''&#xD;
	at com.kms.katalon.core.webui.keyword.internal.WebUIKeywordMain.stepFailed(WebUIKeywordMain.groovy:64)&#xD;
	at com.kms.katalon.core.webui.keyword.internal.WebUIKeywordMain.runKeyword(WebUIKeywordMain.groovy:26)&#xD;
	at com.kms.katalon.core.webui.keyword.builtin.OpenBrowserKeyword.openBrowser(OpenBrowserKeyword.groovy:81)&#xD;
	at com.kms.katalon.core.webui.keyword.builtin.OpenBrowserKeyword.execute(OpenBrowserKeyword.groovy:67)&#xD;
	at com.kms.katalon.core.keyword.internal.KeywordExecutor.executeKeywordForPlatform(KeywordExecutor.groovy:56)&#xD;
	at com.kms.katalon.core.webui.keyword.WebUiBuiltInKeywords.openBrowser(WebUiBuiltInKeywords.groovy:60)&#xD;
	at com.kms.katalon.core.webui.keyword.WebUiBuiltInKeywords$openBrowser.call(Unknown Source)&#xD;
	at baldaja.run(baldaja:17)&#xD;
	at com.kms.katalon.core.main.ScriptEngine.run(ScriptEngine.java:194)&#xD;
	at com.kms.katalon.core.main.ScriptEngine.runScriptAsRawText(ScriptEngine.java:119)&#xD;
	at com.kms.katalon.core.main.TestCaseExecutor.runScript(TestCaseExecutor.java:337)&#xD;
	at com.kms.katalon.core.main.TestCaseExecutor.doExecute(TestCaseExecutor.java:328)&#xD;
	at com.kms.katalon.core.main.TestCaseExecutor.processExecutionPhase(TestCaseExecutor.java:307)&#xD;
	at com.kms.katalon.core.main.TestCaseExecutor.accessMainPhase(TestCaseExecutor.java:299)&#xD;
	at com.kms.katalon.core.main.TestCaseExecutor.execute(TestCaseExecutor.java:233)&#xD;
	at com.kms.katalon.core.main.TestSuiteExecutor.accessTestCaseMainPhase(TestSuiteExecutor.java:133)&#xD;
	at com.kms.katalon.core.main.TestSuiteExecutor.accessTestSuiteMainPhase(TestSuiteExecutor.java:116)&#xD;
	at com.kms.katalon.core.main.TestSuiteExecutor.execute(TestSuiteExecutor.java:83)&#xD;
	at com.kms.katalon.core.main.TestCaseMain.startTestSuite(TestCaseMain.java:157)&#xD;
	at com.kms.katalon.core.main.TestCaseMain$startTestSuite$0.call(Unknown Source)&#xD;
	at TempTestSuite1564044813085.run(TempTestSuite1564044813085.groovy:35)&#xD;
Caused by: org.openqa.selenium.WebDriverException: java.net.ConnectException: Failed to connect to localhost/0:0:0:0:0:0:0:1:38282
Build info: version: '3.141.59', revision: 'e82be7d358', time: '2018-11-14T08:25:53'
System info: host: 'ANTONIO', ip: '169.254.42.39', os.name: 'Windows 10', os.arch: 'amd64', os.version: '10.0', java.version: '1.8.0_181'
Driver info: driver.version: CEdgeDriver&#xD;
	at org.openqa.selenium.remote.service.DriverCommandExecutor.execute(DriverCommandExecutor.java:92)&#xD;
	at org.openqa.selenium.remote.RemoteWebDriver.execute(RemoteWebDriver.java:552)&#xD;
	at com.kms.katalon.selenium.driver.CEdgeDriver.execute(CEdgeDriver.java:21)&#xD;
	at org.openqa.selenium.remote.RemoteWebDriver.startSession(RemoteWebDriver.java:213)&#xD;
	at org.openqa.selenium.remote.RemoteWebDriver.&lt;init&gt;(RemoteWebDriver.java:131)&#xD;
	at org.openqa.selenium.edge.EdgeDriver.&lt;init&gt;(EdgeDriver.java:154)&#xD;
	at com.kms.katalon.selenium.driver.CEdgeDriver.&lt;init&gt;(CEdgeDriver.java:14)&#xD;
	at com.kms.katalon.core.webui.driver.DriverFactory.createNewEdgeDriver(DriverFactory.java:435)&#xD;
	at com.kms.katalon.core.webui.driver.DriverFactory.startNewBrowser(DriverFactory.java:257)&#xD;
	at com.kms.katalon.core.webui.driver.DriverFactory.openWebDriver(DriverFactory.java:191)&#xD;
	at com.kms.katalon.core.webui.keyword.builtin.OpenBrowserKeyword$_openBrowser_closure1.doCall(OpenBrowserKeyword.groovy:74)&#xD;
	at com.kms.katalon.core.webui.keyword.builtin.OpenBrowserKeyword$_openBrowser_closure1.call(OpenBrowserKeyword.groovy)&#xD;
	at com.kms.katalon.core.webui.keyword.internal.WebUIKeywordMain.runKeyword(WebUIKeywordMain.groovy:20)&#xD;
	at com.kms.katalon.core.webui.keyword.builtin.OpenBrowserKeyword.openBrowser(OpenBrowserKeyword.groovy:81)&#xD;
	at com.kms.katalon.core.webui.keyword.builtin.OpenBrowserKeyword.execute(OpenBrowserKeyword.groovy:67)&#xD;
	at com.kms.katalon.core.keyword.internal.KeywordExecutor.executeKeywordForPlatform(KeywordExecutor.groovy:56)&#xD;
	at com.kms.katalon.core.webui.keyword.WebUiBuiltInKeywords.openBrowser(WebUiBuiltInKeywords.groovy:60)&#xD;
	at com.kms.katalon.core.webui.keyword.WebUiBuiltInKeywords$openBrowser.call(Unknown Source)&#xD;
	at Script1564042878744.run(Script1564042878744.groovy:17)&#xD;
	... 13 more&#xD;
Caused by: java.net.ConnectException: Failed to connect to localhost/0:0:0:0:0:0:0:1:38282&#xD;
	at okhttp3.internal.connection.RealConnection.connectSocket(RealConnection.java:247)&#xD;
	at okhttp3.internal.connection.RealConnection.connect(RealConnection.java:165)&#xD;
	at okhttp3.internal.connection.StreamAllocation.findConnection(StreamAllocation.java:257)&#xD;
	at okhttp3.internal.connection.StreamAllocation.findHealthyConnection(StreamAllocation.java:135)&#xD;
	at okhttp3.internal.connection.StreamAllocation.newStream(StreamAllocation.java:114)&#xD;
	at okhttp3.internal.connection.ConnectInterceptor.intercept(ConnectInterceptor.java:42)&#xD;
	at okhttp3.internal.http.RealInterceptorChain.proceed(RealInterceptorChain.java:147)&#xD;
	at okhttp3.internal.http.RealInterceptorChain.proceed(RealInterceptorChain.java:121)&#xD;
	at okhttp3.internal.cache.CacheInterceptor.intercept(CacheInterceptor.java:93)&#xD;
	at okhttp3.internal.http.RealInterceptorChain.proceed(RealInterceptorChain.java:147)&#xD;
	at okhttp3.internal.http.RealInterceptorChain.proceed(RealInterceptorChain.java:121)&#xD;
	at okhttp3.internal.http.BridgeInterceptor.intercept(BridgeInterceptor.java:93)&#xD;
	at okhttp3.internal.http.RealInterceptorChain.proceed(RealInterceptorChain.java:147)&#xD;
	at okhttp3.internal.http.RetryAndFollowUpInterceptor.intercept(RetryAndFollowUpInterceptor.java:126)&#xD;
	at okhttp3.internal.http.RealInterceptorChain.proceed(RealInterceptorChain.java:147)&#xD;
	at okhttp3.internal.http.RealInterceptorChain.proceed(RealInterceptorChain.java:121)&#xD;
	at okhttp3.RealCall.getResponseWithInterceptorChain(RealCall.java:200)&#xD;
	at okhttp3.RealCall.execute(RealCall.java:77)&#xD;
	at org.openqa.selenium.remote.internal.OkHttpClient.execute(OkHttpClient.java:103)&#xD;
	at org.openqa.selenium.remote.ProtocolHandshake.createSession(ProtocolHandshake.java:105)&#xD;
	at org.openqa.selenium.remote.ProtocolHandshake.createSession(ProtocolHandshake.java:74)&#xD;
	at org.openqa.selenium.remote.HttpCommandExecutor.execute(HttpCommandExecutor.java:136)&#xD;
	at org.openqa.selenium.remote.service.DriverCommandExecutor.execute(DriverCommandExecutor.java:83)&#xD;
	... 31 more&#xD;
Caused by: java.net.ConnectException: Connection refused: connect&#xD;
	at okhttp3.internal.platform.Platform.connectSocket(Platform.java:129)&#xD;
	at okhttp3.internal.connection.RealConnection.connectSocket(RealConnection.java:245)&#xD;
	... 53 more&#xD;
)&#xD;
&#xD;
2019-07-25 11:09:42 - [MESSAGE][INFO] - Starting 'Edge' driver&#xD;
&#xD;
2019-07-25 11:09:44 - [MESSAGE][FAILED] - Unable to open browser with url: '' (Root cause: com.kms.katalon.core.exception.StepFailedException: Unable to open browser with url: ''&#xD;
	at com.kms.katalon.core.webui.keyword.internal.WebUIKeywordMain.stepFailed(WebUIKeywordMain.groovy:64)&#xD;
	at com.kms.katalon.core.webui.keyword.internal.WebUIKeywordMain.runKeyword(WebUIKeywordMain.groovy:26)&#xD;
	at com.kms.katalon.core.webui.keyword.builtin.OpenBrowserKeyword.openBrowser(OpenBrowserKeyword.groovy:81)&#xD;
	at com.kms.katalon.core.webui.keyword.builtin.OpenBrowserKeyword.execute(OpenBrowserKeyword.groovy:67)&#xD;
	at com.kms.katalon.core.keyword.internal.KeywordExecutor.executeKeywordForPlatform(KeywordExecutor.groovy:56)&#xD;
	at com.kms.katalon.core.webui.keyword.WebUiBuiltInKeywords.openBrowser(WebUiBuiltInKeywords.groovy:60)&#xD;
	at com.kms.katalon.core.webui.keyword.WebUiBuiltInKeywords$openBrowser.call(Unknown Source)&#xD;
	at baldaja.run(baldaja:17)&#xD;
	at com.kms.katalon.core.main.ScriptEngine.run(ScriptEngine.java:194)&#xD;
	at com.kms.katalon.core.main.ScriptEngine.runScriptAsRawText(ScriptEngine.java:119)&#xD;
	at com.kms.katalon.core.main.TestCaseExecutor.runScript(TestCaseExecutor.java:337)&#xD;
	at com.kms.katalon.core.main.TestCaseExecutor.doExecute(TestCaseExecutor.java:328)&#xD;
	at com.kms.katalon.core.main.TestCaseExecutor.processExecutionPhase(TestCaseExecutor.java:307)&#xD;
	at com.kms.katalon.core.main.TestCaseExecutor.accessMainPhase(TestCaseExecutor.java:299)&#xD;
	at com.kms.katalon.core.main.TestCaseExecutor.execute(TestCaseExecutor.java:233)&#xD;
	at com.kms.katalon.core.main.TestSuiteExecutor.accessTestCaseMainPhase(TestSuiteExecutor.java:133)&#xD;
	at com.kms.katalon.core.main.TestSuiteExecutor.accessTestSuiteMainPhase(TestSuiteExecutor.java:116)&#xD;
	at com.kms.katalon.core.main.TestSuiteExecutor.execute(TestSuiteExecutor.java:83)&#xD;
	at com.kms.katalon.core.main.TestCaseMain.startTestSuite(TestCaseMain.java:157)&#xD;
	at com.kms.katalon.core.main.TestCaseMain$startTestSuite$0.call(Unknown Source)&#xD;
	at TempTestSuite1564044813085.run(TempTestSuite1564044813085.groovy:35)&#xD;
Caused by: org.openqa.selenium.WebDriverException: java.net.ConnectException: Failed to connect to localhost/0:0:0:0:0:0:0:1:38282
Build info: version: '3.141.59', revision: 'e82be7d358', time: '2018-11-14T08:25:53'
System info: host: 'ANTONIO', ip: '169.254.42.39', os.name: 'Windows 10', os.arch: 'amd64', os.version: '10.0', java.version: '1.8.0_181'
Driver info: driver.version: CEdgeDriver&#xD;
	at org.openqa.selenium.remote.service.DriverCommandExecutor.execute(DriverCommandExecutor.java:92)&#xD;
	at org.openqa.selenium.remote.RemoteWebDriver.execute(RemoteWebDriver.java:552)&#xD;
	at com.kms.katalon.selenium.driver.CEdgeDriver.execute(CEdgeDriver.java:21)&#xD;
	at org.openqa.selenium.remote.RemoteWebDriver.startSession(RemoteWebDriver.java:213)&#xD;
	at org.openqa.selenium.remote.RemoteWebDriver.&lt;init&gt;(RemoteWebDriver.java:131)&#xD;
	at org.openqa.selenium.edge.EdgeDriver.&lt;init&gt;(EdgeDriver.java:154)&#xD;
	at com.kms.katalon.selenium.driver.CEdgeDriver.&lt;init&gt;(CEdgeDriver.java:14)&#xD;
	at com.kms.katalon.core.webui.driver.DriverFactory.createNewEdgeDriver(DriverFactory.java:435)&#xD;
	at com.kms.katalon.core.webui.driver.DriverFactory.startNewBrowser(DriverFactory.java:257)&#xD;
	at com.kms.katalon.core.webui.driver.DriverFactory.openWebDriver(DriverFactory.java:191)&#xD;
	at com.kms.katalon.core.webui.keyword.builtin.OpenBrowserKeyword$_openBrowser_closure1.doCall(OpenBrowserKeyword.groovy:74)&#xD;
	at com.kms.katalon.core.webui.keyword.builtin.OpenBrowserKeyword$_openBrowser_closure1.call(OpenBrowserKeyword.groovy)&#xD;
	at com.kms.katalon.core.webui.keyword.internal.WebUIKeywordMain.runKeyword(WebUIKeywordMain.groovy:20)&#xD;
	at com.kms.katalon.core.webui.keyword.builtin.OpenBrowserKeyword.openBrowser(OpenBrowserKeyword.groovy:81)&#xD;
	at com.kms.katalon.core.webui.keyword.builtin.OpenBrowserKeyword.execute(OpenBrowserKeyword.groovy:67)&#xD;
	at com.kms.katalon.core.keyword.internal.KeywordExecutor.executeKeywordForPlatform(KeywordExecutor.groovy:56)&#xD;
	at com.kms.katalon.core.webui.keyword.WebUiBuiltInKeywords.openBrowser(WebUiBuiltInKeywords.groovy:60)&#xD;
	at com.kms.katalon.core.webui.keyword.WebUiBuiltInKeywords$openBrowser.call(Unknown Source)&#xD;
	at Script1564042878744.run(Script1564042878744.groovy:17)&#xD;
	... 13 more&#xD;
Caused by: java.net.ConnectException: Failed to connect to localhost/0:0:0:0:0:0:0:1:38282&#xD;
	at okhttp3.internal.connection.RealConnection.connectSocket(RealConnection.java:247)&#xD;
	at okhttp3.internal.connection.RealConnection.connect(RealConnection.java:165)&#xD;
	at okhttp3.internal.connection.StreamAllocation.findConnection(StreamAllocation.java:257)&#xD;
	at okhttp3.internal.connection.StreamAllocation.findHealthyConnection(StreamAllocation.java:135)&#xD;
	at okhttp3.internal.connection.StreamAllocation.newStream(StreamAllocation.java:114)&#xD;
	at okhttp3.internal.connection.ConnectInterceptor.intercept(ConnectInterceptor.java:42)&#xD;
	at okhttp3.internal.http.RealInterceptorChain.proceed(RealInterceptorChain.java:147)&#xD;
	at okhttp3.internal.http.RealInterceptorChain.proceed(RealInterceptorChain.java:121)&#xD;
	at okhttp3.internal.cache.CacheInterceptor.intercept(CacheInterceptor.java:93)&#xD;
	at okhttp3.internal.http.RealInterceptorChain.proceed(RealInterceptorChain.java:147)&#xD;
	at okhttp3.internal.http.RealInterceptorChain.proceed(RealInterceptorChain.java:121)&#xD;
	at okhttp3.internal.http.BridgeInterceptor.intercept(BridgeInterceptor.java:93)&#xD;
	at okhttp3.internal.http.RealInterceptorChain.proceed(RealInterceptorChain.java:147)&#xD;
	at okhttp3.internal.http.RetryAndFollowUpInterceptor.intercept(RetryAndFollowUpInterceptor.java:126)&#xD;
	at okhttp3.internal.http.RealInterceptorChain.proceed(RealInterceptorChain.java:147)&#xD;
	at okhttp3.internal.http.RealInterceptorChain.proceed(RealInterceptorChain.java:121)&#xD;
	at okhttp3.RealCall.getResponseWithInterceptorChain(RealCall.java:200)&#xD;
	at okhttp3.RealCall.execute(RealCall.java:77)&#xD;
	at org.openqa.selenium.remote.internal.OkHttpClient.execute(OkHttpClient.java:103)&#xD;
	at org.openqa.selenium.remote.ProtocolHandshake.createSession(ProtocolHandshake.java:105)&#xD;
	at org.openqa.selenium.remote.ProtocolHandshake.createSession(ProtocolHandshake.java:74)&#xD;
	at org.openqa.selenium.remote.HttpCommandExecutor.execute(HttpCommandExecutor.java:136)&#xD;
	at org.openqa.selenium.remote.service.DriverCommandExecutor.execute(DriverCommandExecutor.java:83)&#xD;
	... 31 more&#xD;
Caused by: java.net.ConnectException: Connection refused: connect&#xD;
	at okhttp3.internal.platform.Platform.connectSocket(Platform.java:129)&#xD;
	at okhttp3.internal.connection.RealConnection.connectSocket(RealConnection.java:245)&#xD;
	... 53 more&#xD;
)</system-out>
            <system-err>2019-07-25 11:09:42 - [TEST_CASE][FAILED] - Test Cases/baldaja: Test Cases/baldaja FAILED.
Reason:
com.kms.katalon.core.exception.StepFailedException: Unable to open browser with url: ''&#xD;
	at com.kms.katalon.core.webui.keyword.internal.WebUIKeywordMain.stepFailed(WebUIKeywordMain.groovy:64)&#xD;
	at com.kms.katalon.core.webui.keyword.internal.WebUIKeywordMain.runKeyword(WebUIKeywordMain.groovy:26)&#xD;
	at com.kms.katalon.core.webui.keyword.builtin.OpenBrowserKeyword.openBrowser(OpenBrowserKeyword.groovy:81)&#xD;
	at com.kms.katalon.core.webui.keyword.builtin.OpenBrowserKeyword.execute(OpenBrowserKeyword.groovy:67)&#xD;
	at com.kms.katalon.core.keyword.internal.KeywordExecutor.executeKeywordForPlatform(KeywordExecutor.groovy:56)&#xD;
	at com.kms.katalon.core.webui.keyword.WebUiBuiltInKeywords.openBrowser(WebUiBuiltInKeywords.groovy:60)&#xD;
	at com.kms.katalon.core.webui.keyword.WebUiBuiltInKeywords$openBrowser.call(Unknown Source)&#xD;
	at baldaja.run(baldaja:17)&#xD;
	at com.kms.katalon.core.main.ScriptEngine.run(ScriptEngine.java:194)&#xD;
	at com.kms.katalon.core.main.ScriptEngine.runScriptAsRawText(ScriptEngine.java:119)&#xD;
	at com.kms.katalon.core.main.TestCaseExecutor.runScript(TestCaseExecutor.java:337)&#xD;
	at com.kms.katalon.core.main.TestCaseExecutor.doExecute(TestCaseExecutor.java:328)&#xD;
	at com.kms.katalon.core.main.TestCaseExecutor.processExecutionPhase(TestCaseExecutor.java:307)&#xD;
	at com.kms.katalon.core.main.TestCaseExecutor.accessMainPhase(TestCaseExecutor.java:299)&#xD;
	at com.kms.katalon.core.main.TestCaseExecutor.execute(TestCaseExecutor.java:233)&#xD;
	at com.kms.katalon.core.main.TestSuiteExecutor.accessTestCaseMainPhase(TestSuiteExecutor.java:133)&#xD;
	at com.kms.katalon.core.main.TestSuiteExecutor.accessTestSuiteMainPhase(TestSuiteExecutor.java:116)&#xD;
	at com.kms.katalon.core.main.TestSuiteExecutor.execute(TestSuiteExecutor.java:83)&#xD;
	at com.kms.katalon.core.main.TestCaseMain.startTestSuite(TestCaseMain.java:157)&#xD;
	at com.kms.katalon.core.main.TestCaseMain$startTestSuite$0.call(Unknown Source)&#xD;
	at TempTestSuite1564044813085.run(TempTestSuite1564044813085.groovy:35)&#xD;
Caused by: org.openqa.selenium.WebDriverException: java.net.ConnectException: Failed to connect to localhost/0:0:0:0:0:0:0:1:38282
Build info: version: '3.141.59', revision: 'e82be7d358', time: '2018-11-14T08:25:53'
System info: host: 'ANTONIO', ip: '169.254.42.39', os.name: 'Windows 10', os.arch: 'amd64', os.version: '10.0', java.version: '1.8.0_181'
Driver info: driver.version: CEdgeDriver&#xD;
	at org.openqa.selenium.remote.service.DriverCommandExecutor.execute(DriverCommandExecutor.java:92)&#xD;
	at org.openqa.selenium.remote.RemoteWebDriver.execute(RemoteWebDriver.java:552)&#xD;
	at com.kms.katalon.selenium.driver.CEdgeDriver.execute(CEdgeDriver.java:21)&#xD;
	at org.openqa.selenium.remote.RemoteWebDriver.startSession(RemoteWebDriver.java:213)&#xD;
	at org.openqa.selenium.remote.RemoteWebDriver.&lt;init&gt;(RemoteWebDriver.java:131)&#xD;
	at org.openqa.selenium.edge.EdgeDriver.&lt;init&gt;(EdgeDriver.java:154)&#xD;
	at com.kms.katalon.selenium.driver.CEdgeDriver.&lt;init&gt;(CEdgeDriver.java:14)&#xD;
	at com.kms.katalon.core.webui.driver.DriverFactory.createNewEdgeDriver(DriverFactory.java:435)&#xD;
	at com.kms.katalon.core.webui.driver.DriverFactory.startNewBrowser(DriverFactory.java:257)&#xD;
	at com.kms.katalon.core.webui.driver.DriverFactory.openWebDriver(DriverFactory.java:191)&#xD;
	at com.kms.katalon.core.webui.keyword.builtin.OpenBrowserKeyword$_openBrowser_closure1.doCall(OpenBrowserKeyword.groovy:74)&#xD;
	at com.kms.katalon.core.webui.keyword.builtin.OpenBrowserKeyword$_openBrowser_closure1.call(OpenBrowserKeyword.groovy)&#xD;
	at com.kms.katalon.core.webui.keyword.internal.WebUIKeywordMain.runKeyword(WebUIKeywordMain.groovy:20)&#xD;
	at com.kms.katalon.core.webui.keyword.builtin.OpenBrowserKeyword.openBrowser(OpenBrowserKeyword.groovy:81)&#xD;
	at com.kms.katalon.core.webui.keyword.builtin.OpenBrowserKeyword.execute(OpenBrowserKeyword.groovy:67)&#xD;
	at com.kms.katalon.core.keyword.internal.KeywordExecutor.executeKeywordForPlatform(KeywordExecutor.groovy:56)&#xD;
	at com.kms.katalon.core.webui.keyword.WebUiBuiltInKeywords.openBrowser(WebUiBuiltInKeywords.groovy:60)&#xD;
	at com.kms.katalon.core.webui.keyword.WebUiBuiltInKeywords$openBrowser.call(Unknown Source)&#xD;
	at Script1564042878744.run(Script1564042878744.groovy:17)&#xD;
	... 13 more&#xD;
Caused by: java.net.ConnectException: Failed to connect to localhost/0:0:0:0:0:0:0:1:38282&#xD;
	at okhttp3.internal.connection.RealConnection.connectSocket(RealConnection.java:247)&#xD;
	at okhttp3.internal.connection.RealConnection.connect(RealConnection.java:165)&#xD;
	at okhttp3.internal.connection.StreamAllocation.findConnection(StreamAllocation.java:257)&#xD;
	at okhttp3.internal.connection.StreamAllocation.findHealthyConnection(StreamAllocation.java:135)&#xD;
	at okhttp3.internal.connection.StreamAllocation.newStream(StreamAllocation.java:114)&#xD;
	at okhttp3.internal.connection.ConnectInterceptor.intercept(ConnectInterceptor.java:42)&#xD;
	at okhttp3.internal.http.RealInterceptorChain.proceed(RealInterceptorChain.java:147)&#xD;
	at okhttp3.internal.http.RealInterceptorChain.proceed(RealInterceptorChain.java:121)&#xD;
	at okhttp3.internal.cache.CacheInterceptor.intercept(CacheInterceptor.java:93)&#xD;
	at okhttp3.internal.http.RealInterceptorChain.proceed(RealInterceptorChain.java:147)&#xD;
	at okhttp3.internal.http.RealInterceptorChain.proceed(RealInterceptorChain.java:121)&#xD;
	at okhttp3.internal.http.BridgeInterceptor.intercept(BridgeInterceptor.java:93)&#xD;
	at okhttp3.internal.http.RealInterceptorChain.proceed(RealInterceptorChain.java:147)&#xD;
	at okhttp3.internal.http.RetryAndFollowUpInterceptor.intercept(RetryAndFollowUpInterceptor.java:126)&#xD;
	at okhttp3.internal.http.RealInterceptorChain.proceed(RealInterceptorChain.java:147)&#xD;
	at okhttp3.internal.http.RealInterceptorChain.proceed(RealInterceptorChain.java:121)&#xD;
	at okhttp3.RealCall.getResponseWithInterceptorChain(RealCall.java:200)&#xD;
	at okhttp3.RealCall.execute(RealCall.java:77)&#xD;
	at org.openqa.selenium.remote.internal.OkHttpClient.execute(OkHttpClient.java:103)&#xD;
	at org.openqa.selenium.remote.ProtocolHandshake.createSession(ProtocolHandshake.java:105)&#xD;
	at org.openqa.selenium.remote.ProtocolHandshake.createSession(ProtocolHandshake.java:74)&#xD;
	at org.openqa.selenium.remote.HttpCommandExecutor.execute(HttpCommandExecutor.java:136)&#xD;
	at org.openqa.selenium.remote.service.DriverCommandExecutor.execute(DriverCommandExecutor.java:83)&#xD;
	... 31 more&#xD;
Caused by: java.net.ConnectException: Connection refused: connect&#xD;
	at okhttp3.internal.platform.Platform.connectSocket(Platform.java:129)&#xD;
	at okhttp3.internal.connection.RealConnection.connectSocket(RealConnection.java:245)&#xD;
	at okhttp3.internal.connection.RealConnection.connect(RealConnection.java:165)&#xD;
	at okhttp3.internal.connection.StreamAllocation.findConnection(StreamAllocation.java:257)&#xD;
	at okhttp3.internal.connection.StreamAllocation.findHealthyConnection(StreamAllocation.java:135)&#xD;
	at okhttp3.internal.connection.StreamAllocation.newStream(StreamAllocation.java:114)&#xD;
	at okhttp3.internal.connection.ConnectInterceptor.intercept(ConnectInterceptor.java:42)&#xD;
	at okhttp3.internal.http.RealInterceptorChain.proceed(RealInterceptorChain.java:147)&#xD;
	at okhttp3.internal.http.RealInterceptorChain.proceed(RealInterceptorChain.java:121)&#xD;
	at okhttp3.internal.cache.CacheInterceptor.intercept(CacheInterceptor.java:93)&#xD;
	at okhttp3.internal.http.RealInterceptorChain.proceed(RealInterceptorChain.java:147)&#xD;
	at okhttp3.internal.http.RealInterceptorChain.proceed(RealInterceptorChain.java:121)&#xD;
	at okhttp3.internal.http.BridgeInterceptor.intercept(BridgeInterceptor.java:93)&#xD;
	at okhttp3.internal.http.RealInterceptorChain.proceed(RealInterceptorChain.java:147)&#xD;
	at okhttp3.internal.http.RetryAndFollowUpInterceptor.intercept(RetryAndFollowUpInterceptor.java:126)&#xD;
	at okhttp3.internal.http.RealInterceptorChain.proceed(RealInterceptorChain.java:147)&#xD;
	at okhttp3.internal.http.RealInterceptorChain.proceed(RealInterceptorChain.java:121)&#xD;
	at okhttp3.RealCall.getResponseWithInterceptorChain(RealCall.java:200)&#xD;
	at okhttp3.RealCall.execute(RealCall.java:77)&#xD;
	at org.openqa.selenium.remote.internal.OkHttpClient.execute(OkHttpClient.java:103)&#xD;
	at org.openqa.selenium.remote.ProtocolHandshake.createSession(ProtocolHandshake.java:105)&#xD;
	at org.openqa.selenium.remote.ProtocolHandshake.createSession(ProtocolHandshake.java:74)&#xD;
	at org.openqa.selenium.remote.HttpCommandExecutor.execute(HttpCommandExecutor.java:136)&#xD;
	at org.openqa.selenium.remote.service.DriverCommandExecutor.execute(DriverCommandExecutor.java:83)&#xD;
	at org.openqa.selenium.remote.RemoteWebDriver.execute(RemoteWebDriver.java:552)&#xD;
	at com.kms.katalon.selenium.driver.CEdgeDriver.execute(CEdgeDriver.java:21)&#xD;
	at org.openqa.selenium.remote.RemoteWebDriver.startSession(RemoteWebDriver.java:213)&#xD;
	at org.openqa.selenium.remote.RemoteWebDriver.&lt;init&gt;(RemoteWebDriver.java:131)&#xD;
	at org.openqa.selenium.edge.EdgeDriver.&lt;init&gt;(EdgeDriver.java:154)&#xD;
	at com.kms.katalon.selenium.driver.CEdgeDriver.&lt;init&gt;(CEdgeDriver.java:14)&#xD;
	at com.kms.katalon.core.webui.driver.DriverFactory.createNewEdgeDriver(DriverFactory.java:435)&#xD;
	at com.kms.katalon.core.webui.driver.DriverFactory.startNewBrowser(DriverFactory.java:257)&#xD;
	at com.kms.katalon.core.webui.driver.DriverFactory.openWebDriver(DriverFactory.java:191)&#xD;
	at com.kms.katalon.core.webui.keyword.builtin.OpenBrowserKeyword$_openBrowser_closure1.doCall(OpenBrowserKeyword.groovy:74)&#xD;
	at com.kms.katalon.core.webui.keyword.builtin.OpenBrowserKeyword$_openBrowser_closure1.call(OpenBrowserKeyword.groovy)&#xD;
	at com.kms.katalon.core.webui.keyword.internal.WebUIKeywordMain.runKeyword(WebUIKeywordMain.groovy:20)&#xD;
	at com.kms.katalon.core.webui.keyword.builtin.OpenBrowserKeyword.openBrowser(OpenBrowserKeyword.groovy:81)&#xD;
	at com.kms.katalon.core.webui.keyword.builtin.OpenBrowserKeyword.execute(OpenBrowserKeyword.groovy:67)&#xD;
	at com.kms.katalon.core.keyword.internal.KeywordExecutor.executeKeywordForPlatform(KeywordExecutor.groovy:56)&#xD;
	at com.kms.katalon.core.webui.keyword.WebUiBuiltInKeywords.openBrowser(WebUiBuiltInKeywords.groovy:60)&#xD;
	at com.kms.katalon.core.webui.keyword.WebUiBuiltInKeywords$openBrowser.call(Unknown Source)&#xD;
	at baldaja.run(baldaja:17)&#xD;
	... 13 more</system-err>
        </testcase>
        <testcase name="Test Cases/barmer" classname="Test Cases/barmer" status="FAILED">
            <failure type="FAILED" message="Test Cases/barmer FAILED.&#xA;Reason:&#xA;com.kms.katalon.core.exception.StepFailedException: Unable to open browser with url: ''&#xD;&#xA;&#x9;at com.kms.katalon.core.webui.keyword.internal.WebUIKeywordMain.stepFailed(WebUIKeywordMain.groovy:64)&#xD;&#xA;&#x9;at com.kms.katalon.core.webui.keyword.internal.WebUIKeywordMain.runKeyword(WebUIKeywordMain.groovy:26)&#xD;&#xA;&#x9;at com.kms.katalon.core.webui.keyword.builtin.OpenBrowserKeyword.openBrowser(OpenBrowserKeyword.groovy:81)&#xD;&#xA;&#x9;at com.kms.katalon.core.webui.keyword.builtin.OpenBrowserKeyword.execute(OpenBrowserKeyword.groovy:67)&#xD;&#xA;&#x9;at com.kms.katalon.core.keyword.internal.KeywordExecutor.executeKeywordForPlatform(KeywordExecutor.groovy:56)&#xD;&#xA;&#x9;at com.kms.katalon.core.webui.keyword.WebUiBuiltInKeywords.openBrowser(WebUiBuiltInKeywords.groovy:60)&#xD;&#xA;&#x9;at com.kms.katalon.core.webui.keyword.WebUiBuiltInKeywords$openBrowser.call(Unknown Source)&#xD;&#xA;&#x9;at barmer.run(barmer:17)&#xD;&#xA;&#x9;at com.kms.katalon.core.main.ScriptEngine.run(ScriptEngine.java:194)&#xD;&#xA;&#x9;at com.kms.katalon.core.main.ScriptEngine.runScriptAsRawText(ScriptEngine.java:119)&#xD;&#xA;&#x9;at com.kms.katalon.core.main.TestCaseExecutor.runScript(TestCaseExecutor.java:337)&#xD;&#xA;&#x9;at com.kms.katalon.core.main.TestCaseExecutor.doExecute(TestCaseExecutor.java:328)&#xD;&#xA;&#x9;at com.kms.katalon.core.main.TestCaseExecutor.processExecutionPhase(TestCaseExecutor.java:307)&#xD;&#xA;&#x9;at com.kms.katalon.core.main.TestCaseExecutor.accessMainPhase(TestCaseExecutor.java:299)&#xD;&#xA;&#x9;at com.kms.katalon.core.main.TestCaseExecutor.execute(TestCaseExecutor.java:233)&#xD;&#xA;&#x9;at com.kms.katalon.core.main.TestSuiteExecutor.accessTestCaseMainPhase(TestSuiteExecutor.java:133)&#xD;&#xA;&#x9;at com.kms.katalon.core.main.TestSuiteExecutor.accessTestSuiteMainPhase(TestSuiteExecutor.java:116)&#xD;&#xA;&#x9;at com.kms.katalon.core.main.TestSuiteExecutor.execute(TestSuiteExecutor.java:83)&#xD;&#xA;&#x9;at com.kms.katalon.core.main.TestCaseMain.startTestSuite(TestCaseMain.java:157)&#xD;&#xA;&#x9;at com.kms.katalon.core.main.TestCaseMain$startTestSuite$0.call(Unknown Source)&#xD;&#xA;&#x9;at TempTestSuite1564044813085.run(TempTestSuite1564044813085.groovy:35)&#xD;&#xA;Caused by: org.openqa.selenium.WebDriverException: java.net.ConnectException: Failed to connect to localhost/0:0:0:0:0:0:0:1:38282&#xA;Build info: version: '3.141.59', revision: 'e82be7d358', time: '2018-11-14T08:25:53'&#xA;System info: host: 'ANTONIO', ip: '169.254.42.39', os.name: 'Windows 10', os.arch: 'amd64', os.version: '10.0', java.version: '1.8.0_181'&#xA;Driver info: driver.version: CEdgeDriver&#xD;&#xA;&#x9;at org.openqa.selenium.remote.service.DriverCommandExecutor.execute(DriverCommandExecutor.java:92)&#xD;&#xA;&#x9;at org.openqa.selenium.remote.RemoteWebDriver.execute(RemoteWebDriver.java:552)&#xD;&#xA;&#x9;at com.kms.katalon.selenium.driver.CEdgeDriver.execute(CEdgeDriver.java:21)&#xD;&#xA;&#x9;at org.openqa.selenium.remote.RemoteWebDriver.startSession(RemoteWebDriver.java:213)&#xD;&#xA;&#x9;at org.openqa.selenium.remote.RemoteWebDriver.&lt;init&gt;(RemoteWebDriver.java:131)&#xD;&#xA;&#x9;at org.openqa.selenium.edge.EdgeDriver.&lt;init&gt;(EdgeDriver.java:154)&#xD;&#xA;&#x9;at com.kms.katalon.selenium.driver.CEdgeDriver.&lt;init&gt;(CEdgeDriver.java:14)&#xD;&#xA;&#x9;at com.kms.katalon.core.webui.driver.DriverFactory.createNewEdgeDriver(DriverFactory.java:435)&#xD;&#xA;&#x9;at com.kms.katalon.core.webui.driver.DriverFactory.startNewBrowser(DriverFactory.java:257)&#xD;&#xA;&#x9;at com.kms.katalon.core.webui.driver.DriverFactory.openWebDriver(DriverFactory.java:191)&#xD;&#xA;&#x9;at com.kms.katalon.core.webui.keyword.builtin.OpenBrowserKeyword$_openBrowser_closure1.doCall(OpenBrowserKeyword.groovy:74)&#xD;&#xA;&#x9;at com.kms.katalon.core.webui.keyword.builtin.OpenBrowserKeyword$_openBrowser_closure1.call(OpenBrowserKeyword.groovy)&#xD;&#xA;&#x9;at com.kms.katalon.core.webui.keyword.internal.WebUIKeywordMain.runKeyword(WebUIKeywordMain.groovy:20)&#xD;&#xA;&#x9;at com.kms.katalon.core.webui.keyword.builtin.OpenBrowserKeyword.openBrowser(OpenBrowserKeyword.groovy:81)&#xD;&#xA;&#x9;at com.kms.katalon.core.webui.keyword.builtin.OpenBrowserKeyword.execute(OpenBrowserKeyword.groovy:67)&#xD;&#xA;&#x9;at com.kms.katalon.core.keyword.internal.KeywordExecutor.executeKeywordForPlatform(KeywordExecutor.groovy:56)&#xD;&#xA;&#x9;at com.kms.katalon.core.webui.keyword.WebUiBuiltInKeywords.openBrowser(WebUiBuiltInKeywords.groovy:60)&#xD;&#xA;&#x9;at com.kms.katalon.core.webui.keyword.WebUiBuiltInKeywords$openBrowser.call(Unknown Source)&#xD;&#xA;&#x9;at Script1564042908334.run(Script1564042908334.groovy:17)&#xD;&#xA;&#x9;... 13 more&#xD;&#xA;Caused by: java.net.ConnectException: Failed to connect to localhost/0:0:0:0:0:0:0:1:38282&#xD;&#xA;&#x9;at okhttp3.internal.connection.RealConnection.connectSocket(RealConnection.java:247)&#xD;&#xA;&#x9;at okhttp3.internal.connection.RealConnection.connect(RealConnection.java:165)&#xD;&#xA;&#x9;at okhttp3.internal.connection.StreamAllocation.findConnection(StreamAllocation.java:257)&#xD;&#xA;&#x9;at okhttp3.internal.connection.StreamAllocation.findHealthyConnection(StreamAllocation.java:135)&#xD;&#xA;&#x9;at okhttp3.internal.connection.StreamAllocation.newStream(StreamAllocation.java:114)&#xD;&#xA;&#x9;at okhttp3.internal.connection.ConnectInterceptor.intercept(ConnectInterceptor.java:42)&#xD;&#xA;&#x9;at okhttp3.internal.http.RealInterceptorChain.proceed(RealInterceptorChain.java:147)&#xD;&#xA;&#x9;at okhttp3.internal.http.RealInterceptorChain.proceed(RealInterceptorChain.java:121)&#xD;&#xA;&#x9;at okhttp3.internal.cache.CacheInterceptor.intercept(CacheInterceptor.java:93)&#xD;&#xA;&#x9;at okhttp3.internal.http.RealInterceptorChain.proceed(RealInterceptorChain.java:147)&#xD;&#xA;&#x9;at okhttp3.internal.http.RealInterceptorChain.proceed(RealInterceptorChain.java:121)&#xD;&#xA;&#x9;at okhttp3.internal.http.BridgeInterceptor.intercept(BridgeInterceptor.java:93)&#xD;&#xA;&#x9;at okhttp3.internal.http.RealInterceptorChain.proceed(RealInterceptorChain.java:147)&#xD;&#xA;&#x9;at okhttp3.internal.http.RetryAndFollowUpInterceptor.intercept(RetryAndFollowUpInterceptor.java:126)&#xD;&#xA;&#x9;at okhttp3.internal.http.RealInterceptorChain.proceed(RealInterceptorChain.java:147)&#xD;&#xA;&#x9;at okhttp3.internal.http.RealInterceptorChain.proceed(RealInterceptorChain.java:121)&#xD;&#xA;&#x9;at okhttp3.RealCall.getResponseWithInterceptorChain(RealCall.java:200)&#xD;&#xA;&#x9;at okhttp3.RealCall.execute(RealCall.java:77)&#xD;&#xA;&#x9;at org.openqa.selenium.remote.internal.OkHttpClient.execute(OkHttpClient.java:103)&#xD;&#xA;&#x9;at org.openqa.selenium.remote.ProtocolHandshake.createSession(ProtocolHandshake.java:105)&#xD;&#xA;&#x9;at org.openqa.selenium.remote.ProtocolHandshake.createSession(ProtocolHandshake.java:74)&#xD;&#xA;&#x9;at org.openqa.selenium.remote.HttpCommandExecutor.execute(HttpCommandExecutor.java:136)&#xD;&#xA;&#x9;at org.openqa.selenium.remote.service.DriverCommandExecutor.execute(DriverCommandExecutor.java:83)&#xD;&#xA;&#x9;... 31 more&#xD;&#xA;Caused by: java.net.ConnectException: Connection refused: connect&#xD;&#xA;&#x9;at okhttp3.internal.platform.Platform.connectSocket(Platform.java:129)&#xD;&#xA;&#x9;at okhttp3.internal.connection.RealConnection.connectSocket(RealConnection.java:245)&#xD;&#xA;&#x9;at okhttp3.internal.connection.RealConnection.connect(RealConnection.java:165)&#xD;&#xA;&#x9;at okhttp3.internal.connection.StreamAllocation.findConnection(StreamAllocation.java:257)&#xD;&#xA;&#x9;at okhttp3.internal.connection.StreamAllocation.findHealthyConnection(StreamAllocation.java:135)&#xD;&#xA;&#x9;at okhttp3.internal.connection.StreamAllocation.newStream(StreamAllocation.java:114)&#xD;&#xA;&#x9;at okhttp3.internal.connection.ConnectInterceptor.intercept(ConnectInterceptor.java:42)&#xD;&#xA;&#x9;at okhttp3.internal.http.RealInterceptorChain.proceed(RealInterceptorChain.java:147)&#xD;&#xA;&#x9;at okhttp3.internal.http.RealInterceptorChain.proceed(RealInterceptorChain.java:121)&#xD;&#xA;&#x9;at okhttp3.internal.cache.CacheInterceptor.intercept(CacheInterceptor.java:93)&#xD;&#xA;&#x9;at okhttp3.internal.http.RealInterceptorChain.proceed(RealInterceptorChain.java:147)&#xD;&#xA;&#x9;at okhttp3.internal.http.RealInterceptorChain.proceed(RealInterceptorChain.java:121)&#xD;&#xA;&#x9;at okhttp3.internal.http.BridgeInterceptor.intercept(BridgeInterceptor.java:93)&#xD;&#xA;&#x9;at okhttp3.internal.http.RealInterceptorChain.proceed(RealInterceptorChain.java:147)&#xD;&#xA;&#x9;at okhttp3.internal.http.RetryAndFollowUpInterceptor.intercept(RetryAndFollowUpInterceptor.java:126)&#xD;&#xA;&#x9;at okhttp3.internal.http.RealInterceptorChain.proceed(RealInterceptorChain.java:147)&#xD;&#xA;&#x9;at okhttp3.internal.http.RealInterceptorChain.proceed(RealInterceptorChain.java:121)&#xD;&#xA;&#x9;at okhttp3.RealCall.getResponseWithInterceptorChain(RealCall.java:200)&#xD;&#xA;&#x9;at okhttp3.RealCall.execute(RealCall.java:77)&#xD;&#xA;&#x9;at org.openqa.selenium.remote.internal.OkHttpClient.execute(OkHttpClient.java:103)&#xD;&#xA;&#x9;at org.openqa.selenium.remote.ProtocolHandshake.createSession(ProtocolHandshake.java:105)&#xD;&#xA;&#x9;at org.openqa.selenium.remote.ProtocolHandshake.createSession(ProtocolHandshake.java:74)&#xD;&#xA;&#x9;at org.openqa.selenium.remote.HttpCommandExecutor.execute(HttpCommandExecutor.java:136)&#xD;&#xA;&#x9;at org.openqa.selenium.remote.service.DriverCommandExecutor.execute(DriverCommandExecutor.java:83)&#xD;&#xA;&#x9;at org.openqa.selenium.remote.RemoteWebDriver.execute(RemoteWebDriver.java:552)&#xD;&#xA;&#x9;at com.kms.katalon.selenium.driver.CEdgeDriver.execute(CEdgeDriver.java:21)&#xD;&#xA;&#x9;at org.openqa.selenium.remote.RemoteWebDriver.startSession(RemoteWebDriver.java:213)&#xD;&#xA;&#x9;at org.openqa.selenium.remote.RemoteWebDriver.&lt;init&gt;(RemoteWebDriver.java:131)&#xD;&#xA;&#x9;at org.openqa.selenium.edge.EdgeDriver.&lt;init&gt;(EdgeDriver.java:154)&#xD;&#xA;&#x9;at com.kms.katalon.selenium.driver.CEdgeDriver.&lt;init&gt;(CEdgeDriver.java:14)&#xD;&#xA;&#x9;at com.kms.katalon.core.webui.driver.DriverFactory.createNewEdgeDriver(DriverFactory.java:435)&#xD;&#xA;&#x9;at com.kms.katalon.core.webui.driver.DriverFactory.startNewBrowser(DriverFactory.java:257)&#xD;&#xA;&#x9;at com.kms.katalon.core.webui.driver.DriverFactory.openWebDriver(DriverFactory.java:191)&#xD;&#xA;&#x9;at com.kms.katalon.core.webui.keyword.builtin.OpenBrowserKeyword$_openBrowser_closure1.doCall(OpenBrowserKeyword.groovy:74)&#xD;&#xA;&#x9;at com.kms.katalon.core.webui.keyword.builtin.OpenBrowserKeyword$_openBrowser_closure1.call(OpenBrowserKeyword.groovy)&#xD;&#xA;&#x9;at com.kms.katalon.core.webui.keyword.internal.WebUIKeywordMain.runKeyword(WebUIKeywordMain.groovy:20)&#xD;&#xA;&#x9;at com.kms.katalon.core.webui.keyword.builtin.OpenBrowserKeyword.openBrowser(OpenBrowserKeyword.groovy:81)&#xD;&#xA;&#x9;at com.kms.katalon.core.webui.keyword.builtin.OpenBrowserKeyword.execute(OpenBrowserKeyword.groovy:67)&#xD;&#xA;&#x9;at com.kms.katalon.core.keyword.internal.KeywordExecutor.executeKeywordForPlatform(KeywordExecutor.groovy:56)&#xD;&#xA;&#x9;at com.kms.katalon.core.webui.keyword.WebUiBuiltInKeywords.openBrowser(WebUiBuiltInKeywords.groovy:60)&#xD;&#xA;&#x9;at com.kms.katalon.core.webui.keyword.WebUiBuiltInKeywords$openBrowser.call(Unknown Source)&#xD;&#xA;&#x9;at barmer.run(barmer:17)&#xD;&#xA;&#x9;... 13 more&#xD;&#xA;"/>
            <system-out>2019-07-25 11:09:44 - [TEST_CASE][FAILED] - Test Cases/barmer: Test Cases/barmer FAILED.
Reason:
com.kms.katalon.core.exception.StepFailedException: Unable to open browser with url: ''&#xD;
	at com.kms.katalon.core.webui.keyword.internal.WebUIKeywordMain.stepFailed(WebUIKeywordMain.groovy:64)&#xD;
	at com.kms.katalon.core.webui.keyword.internal.WebUIKeywordMain.runKeyword(WebUIKeywordMain.groovy:26)&#xD;
	at com.kms.katalon.core.webui.keyword.builtin.OpenBrowserKeyword.openBrowser(OpenBrowserKeyword.groovy:81)&#xD;
	at com.kms.katalon.core.webui.keyword.builtin.OpenBrowserKeyword.execute(OpenBrowserKeyword.groovy:67)&#xD;
	at com.kms.katalon.core.keyword.internal.KeywordExecutor.executeKeywordForPlatform(KeywordExecutor.groovy:56)&#xD;
	at com.kms.katalon.core.webui.keyword.WebUiBuiltInKeywords.openBrowser(WebUiBuiltInKeywords.groovy:60)&#xD;
	at com.kms.katalon.core.webui.keyword.WebUiBuiltInKeywords$openBrowser.call(Unknown Source)&#xD;
	at barmer.run(barmer:17)&#xD;
	at com.kms.katalon.core.main.ScriptEngine.run(ScriptEngine.java:194)&#xD;
	at com.kms.katalon.core.main.ScriptEngine.runScriptAsRawText(ScriptEngine.java:119)&#xD;
	at com.kms.katalon.core.main.TestCaseExecutor.runScript(TestCaseExecutor.java:337)&#xD;
	at com.kms.katalon.core.main.TestCaseExecutor.doExecute(TestCaseExecutor.java:328)&#xD;
	at com.kms.katalon.core.main.TestCaseExecutor.processExecutionPhase(TestCaseExecutor.java:307)&#xD;
	at com.kms.katalon.core.main.TestCaseExecutor.accessMainPhase(TestCaseExecutor.java:299)&#xD;
	at com.kms.katalon.core.main.TestCaseExecutor.execute(TestCaseExecutor.java:233)&#xD;
	at com.kms.katalon.core.main.TestSuiteExecutor.accessTestCaseMainPhase(TestSuiteExecutor.java:133)&#xD;
	at com.kms.katalon.core.main.TestSuiteExecutor.accessTestSuiteMainPhase(TestSuiteExecutor.java:116)&#xD;
	at com.kms.katalon.core.main.TestSuiteExecutor.execute(TestSuiteExecutor.java:83)&#xD;
	at com.kms.katalon.core.main.TestCaseMain.startTestSuite(TestCaseMain.java:157)&#xD;
	at com.kms.katalon.core.main.TestCaseMain$startTestSuite$0.call(Unknown Source)&#xD;
	at TempTestSuite1564044813085.run(TempTestSuite1564044813085.groovy:35)&#xD;
Caused by: org.openqa.selenium.WebDriverException: java.net.ConnectException: Failed to connect to localhost/0:0:0:0:0:0:0:1:38282
Build info: version: '3.141.59', revision: 'e82be7d358', time: '2018-11-14T08:25:53'
System info: host: 'ANTONIO', ip: '169.254.42.39', os.name: 'Windows 10', os.arch: 'amd64', os.version: '10.0', java.version: '1.8.0_181'
Driver info: driver.version: CEdgeDriver&#xD;
	at org.openqa.selenium.remote.service.DriverCommandExecutor.execute(DriverCommandExecutor.java:92)&#xD;
	at org.openqa.selenium.remote.RemoteWebDriver.execute(RemoteWebDriver.java:552)&#xD;
	at com.kms.katalon.selenium.driver.CEdgeDriver.execute(CEdgeDriver.java:21)&#xD;
	at org.openqa.selenium.remote.RemoteWebDriver.startSession(RemoteWebDriver.java:213)&#xD;
	at org.openqa.selenium.remote.RemoteWebDriver.&lt;init&gt;(RemoteWebDriver.java:131)&#xD;
	at org.openqa.selenium.edge.EdgeDriver.&lt;init&gt;(EdgeDriver.java:154)&#xD;
	at com.kms.katalon.selenium.driver.CEdgeDriver.&lt;init&gt;(CEdgeDriver.java:14)&#xD;
	at com.kms.katalon.core.webui.driver.DriverFactory.createNewEdgeDriver(DriverFactory.java:435)&#xD;
	at com.kms.katalon.core.webui.driver.DriverFactory.startNewBrowser(DriverFactory.java:257)&#xD;
	at com.kms.katalon.core.webui.driver.DriverFactory.openWebDriver(DriverFactory.java:191)&#xD;
	at com.kms.katalon.core.webui.keyword.builtin.OpenBrowserKeyword$_openBrowser_closure1.doCall(OpenBrowserKeyword.groovy:74)&#xD;
	at com.kms.katalon.core.webui.keyword.builtin.OpenBrowserKeyword$_openBrowser_closure1.call(OpenBrowserKeyword.groovy)&#xD;
	at com.kms.katalon.core.webui.keyword.internal.WebUIKeywordMain.runKeyword(WebUIKeywordMain.groovy:20)&#xD;
	at com.kms.katalon.core.webui.keyword.builtin.OpenBrowserKeyword.openBrowser(OpenBrowserKeyword.groovy:81)&#xD;
	at com.kms.katalon.core.webui.keyword.builtin.OpenBrowserKeyword.execute(OpenBrowserKeyword.groovy:67)&#xD;
	at com.kms.katalon.core.keyword.internal.KeywordExecutor.executeKeywordForPlatform(KeywordExecutor.groovy:56)&#xD;
	at com.kms.katalon.core.webui.keyword.WebUiBuiltInKeywords.openBrowser(WebUiBuiltInKeywords.groovy:60)&#xD;
	at com.kms.katalon.core.webui.keyword.WebUiBuiltInKeywords$openBrowser.call(Unknown Source)&#xD;
	at Script1564042908334.run(Script1564042908334.groovy:17)&#xD;
	... 13 more&#xD;
Caused by: java.net.ConnectException: Failed to connect to localhost/0:0:0:0:0:0:0:1:38282&#xD;
	at okhttp3.internal.connection.RealConnection.connectSocket(RealConnection.java:247)&#xD;
	at okhttp3.internal.connection.RealConnection.connect(RealConnection.java:165)&#xD;
	at okhttp3.internal.connection.StreamAllocation.findConnection(StreamAllocation.java:257)&#xD;
	at okhttp3.internal.connection.StreamAllocation.findHealthyConnection(StreamAllocation.java:135)&#xD;
	at okhttp3.internal.connection.StreamAllocation.newStream(StreamAllocation.java:114)&#xD;
	at okhttp3.internal.connection.ConnectInterceptor.intercept(ConnectInterceptor.java:42)&#xD;
	at okhttp3.internal.http.RealInterceptorChain.proceed(RealInterceptorChain.java:147)&#xD;
	at okhttp3.internal.http.RealInterceptorChain.proceed(RealInterceptorChain.java:121)&#xD;
	at okhttp3.internal.cache.CacheInterceptor.intercept(CacheInterceptor.java:93)&#xD;
	at okhttp3.internal.http.RealInterceptorChain.proceed(RealInterceptorChain.java:147)&#xD;
	at okhttp3.internal.http.RealInterceptorChain.proceed(RealInterceptorChain.java:121)&#xD;
	at okhttp3.internal.http.BridgeInterceptor.intercept(BridgeInterceptor.java:93)&#xD;
	at okhttp3.internal.http.RealInterceptorChain.proceed(RealInterceptorChain.java:147)&#xD;
	at okhttp3.internal.http.RetryAndFollowUpInterceptor.intercept(RetryAndFollowUpInterceptor.java:126)&#xD;
	at okhttp3.internal.http.RealInterceptorChain.proceed(RealInterceptorChain.java:147)&#xD;
	at okhttp3.internal.http.RealInterceptorChain.proceed(RealInterceptorChain.java:121)&#xD;
	at okhttp3.RealCall.getResponseWithInterceptorChain(RealCall.java:200)&#xD;
	at okhttp3.RealCall.execute(RealCall.java:77)&#xD;
	at org.openqa.selenium.remote.internal.OkHttpClient.execute(OkHttpClient.java:103)&#xD;
	at org.openqa.selenium.remote.ProtocolHandshake.createSession(ProtocolHandshake.java:105)&#xD;
	at org.openqa.selenium.remote.ProtocolHandshake.createSession(ProtocolHandshake.java:74)&#xD;
	at org.openqa.selenium.remote.HttpCommandExecutor.execute(HttpCommandExecutor.java:136)&#xD;
	at org.openqa.selenium.remote.service.DriverCommandExecutor.execute(DriverCommandExecutor.java:83)&#xD;
	... 31 more&#xD;
Caused by: java.net.ConnectException: Connection refused: connect&#xD;
	at okhttp3.internal.platform.Platform.connectSocket(Platform.java:129)&#xD;
	at okhttp3.internal.connection.RealConnection.connectSocket(RealConnection.java:245)&#xD;
	at okhttp3.internal.connection.RealConnection.connect(RealConnection.java:165)&#xD;
	at okhttp3.internal.connection.StreamAllocation.findConnection(StreamAllocation.java:257)&#xD;
	at okhttp3.internal.connection.StreamAllocation.findHealthyConnection(StreamAllocation.java:135)&#xD;
	at okhttp3.internal.connection.StreamAllocation.newStream(StreamAllocation.java:114)&#xD;
	at okhttp3.internal.connection.ConnectInterceptor.intercept(ConnectInterceptor.java:42)&#xD;
	at okhttp3.internal.http.RealInterceptorChain.proceed(RealInterceptorChain.java:147)&#xD;
	at okhttp3.internal.http.RealInterceptorChain.proceed(RealInterceptorChain.java:121)&#xD;
	at okhttp3.internal.cache.CacheInterceptor.intercept(CacheInterceptor.java:93)&#xD;
	at okhttp3.internal.http.RealInterceptorChain.proceed(RealInterceptorChain.java:147)&#xD;
	at okhttp3.internal.http.RealInterceptorChain.proceed(RealInterceptorChain.java:121)&#xD;
	at okhttp3.internal.http.BridgeInterceptor.intercept(BridgeInterceptor.java:93)&#xD;
	at okhttp3.internal.http.RealInterceptorChain.proceed(RealInterceptorChain.java:147)&#xD;
	at okhttp3.internal.http.RetryAndFollowUpInterceptor.intercept(RetryAndFollowUpInterceptor.java:126)&#xD;
	at okhttp3.internal.http.RealInterceptorChain.proceed(RealInterceptorChain.java:147)&#xD;
	at okhttp3.internal.http.RealInterceptorChain.proceed(RealInterceptorChain.java:121)&#xD;
	at okhttp3.RealCall.getResponseWithInterceptorChain(RealCall.java:200)&#xD;
	at okhttp3.RealCall.execute(RealCall.java:77)&#xD;
	at org.openqa.selenium.remote.internal.OkHttpClient.execute(OkHttpClient.java:103)&#xD;
	at org.openqa.selenium.remote.ProtocolHandshake.createSession(ProtocolHandshake.java:105)&#xD;
	at org.openqa.selenium.remote.ProtocolHandshake.createSession(ProtocolHandshake.java:74)&#xD;
	at org.openqa.selenium.remote.HttpCommandExecutor.execute(HttpCommandExecutor.java:136)&#xD;
	at org.openqa.selenium.remote.service.DriverCommandExecutor.execute(DriverCommandExecutor.java:83)&#xD;
	at org.openqa.selenium.remote.RemoteWebDriver.execute(RemoteWebDriver.java:552)&#xD;
	at com.kms.katalon.selenium.driver.CEdgeDriver.execute(CEdgeDriver.java:21)&#xD;
	at org.openqa.selenium.remote.RemoteWebDriver.startSession(RemoteWebDriver.java:213)&#xD;
	at org.openqa.selenium.remote.RemoteWebDriver.&lt;init&gt;(RemoteWebDriver.java:131)&#xD;
	at org.openqa.selenium.edge.EdgeDriver.&lt;init&gt;(EdgeDriver.java:154)&#xD;
	at com.kms.katalon.selenium.driver.CEdgeDriver.&lt;init&gt;(CEdgeDriver.java:14)&#xD;
	at com.kms.katalon.core.webui.driver.DriverFactory.createNewEdgeDriver(DriverFactory.java:435)&#xD;
	at com.kms.katalon.core.webui.driver.DriverFactory.startNewBrowser(DriverFactory.java:257)&#xD;
	at com.kms.katalon.core.webui.driver.DriverFactory.openWebDriver(DriverFactory.java:191)&#xD;
	at com.kms.katalon.core.webui.keyword.builtin.OpenBrowserKeyword$_openBrowser_closure1.doCall(OpenBrowserKeyword.groovy:74)&#xD;
	at com.kms.katalon.core.webui.keyword.builtin.OpenBrowserKeyword$_openBrowser_closure1.call(OpenBrowserKeyword.groovy)&#xD;
	at com.kms.katalon.core.webui.keyword.internal.WebUIKeywordMain.runKeyword(WebUIKeywordMain.groovy:20)&#xD;
	at com.kms.katalon.core.webui.keyword.builtin.OpenBrowserKeyword.openBrowser(OpenBrowserKeyword.groovy:81)&#xD;
	at com.kms.katalon.core.webui.keyword.builtin.OpenBrowserKeyword.execute(OpenBrowserKeyword.groovy:67)&#xD;
	at com.kms.katalon.core.keyword.internal.KeywordExecutor.executeKeywordForPlatform(KeywordExecutor.groovy:56)&#xD;
	at com.kms.katalon.core.webui.keyword.WebUiBuiltInKeywords.openBrowser(WebUiBuiltInKeywords.groovy:60)&#xD;
	at com.kms.katalon.core.webui.keyword.WebUiBuiltInKeywords$openBrowser.call(Unknown Source)&#xD;
	at barmer.run(barmer:17)&#xD;
	... 13 more&#xD;
&#xD;
&#xD;
2019-07-25 11:09:45 - [TEST_STEP][FAILED] - openBrowser(""): Unable to open browser with url: '' (Root cause: com.kms.katalon.core.exception.StepFailedException: Unable to open browser with url: ''&#xD;
	at com.kms.katalon.core.webui.keyword.internal.WebUIKeywordMain.stepFailed(WebUIKeywordMain.groovy:64)&#xD;
	at com.kms.katalon.core.webui.keyword.internal.WebUIKeywordMain.runKeyword(WebUIKeywordMain.groovy:26)&#xD;
	at com.kms.katalon.core.webui.keyword.builtin.OpenBrowserKeyword.openBrowser(OpenBrowserKeyword.groovy:81)&#xD;
	at com.kms.katalon.core.webui.keyword.builtin.OpenBrowserKeyword.execute(OpenBrowserKeyword.groovy:67)&#xD;
	at com.kms.katalon.core.keyword.internal.KeywordExecutor.executeKeywordForPlatform(KeywordExecutor.groovy:56)&#xD;
	at com.kms.katalon.core.webui.keyword.WebUiBuiltInKeywords.openBrowser(WebUiBuiltInKeywords.groovy:60)&#xD;
	at com.kms.katalon.core.webui.keyword.WebUiBuiltInKeywords$openBrowser.call(Unknown Source)&#xD;
	at barmer.run(barmer:17)&#xD;
	at com.kms.katalon.core.main.ScriptEngine.run(ScriptEngine.java:194)&#xD;
	at com.kms.katalon.core.main.ScriptEngine.runScriptAsRawText(ScriptEngine.java:119)&#xD;
	at com.kms.katalon.core.main.TestCaseExecutor.runScript(TestCaseExecutor.java:337)&#xD;
	at com.kms.katalon.core.main.TestCaseExecutor.doExecute(TestCaseExecutor.java:328)&#xD;
	at com.kms.katalon.core.main.TestCaseExecutor.processExecutionPhase(TestCaseExecutor.java:307)&#xD;
	at com.kms.katalon.core.main.TestCaseExecutor.accessMainPhase(TestCaseExecutor.java:299)&#xD;
	at com.kms.katalon.core.main.TestCaseExecutor.execute(TestCaseExecutor.java:233)&#xD;
	at com.kms.katalon.core.main.TestSuiteExecutor.accessTestCaseMainPhase(TestSuiteExecutor.java:133)&#xD;
	at com.kms.katalon.core.main.TestSuiteExecutor.accessTestSuiteMainPhase(TestSuiteExecutor.java:116)&#xD;
	at com.kms.katalon.core.main.TestSuiteExecutor.execute(TestSuiteExecutor.java:83)&#xD;
	at com.kms.katalon.core.main.TestCaseMain.startTestSuite(TestCaseMain.java:157)&#xD;
	at com.kms.katalon.core.main.TestCaseMain$startTestSuite$0.call(Unknown Source)&#xD;
	at TempTestSuite1564044813085.run(TempTestSuite1564044813085.groovy:35)&#xD;
Caused by: org.openqa.selenium.WebDriverException: java.net.ConnectException: Failed to connect to localhost/0:0:0:0:0:0:0:1:38282
Build info: version: '3.141.59', revision: 'e82be7d358', time: '2018-11-14T08:25:53'
System info: host: 'ANTONIO', ip: '169.254.42.39', os.name: 'Windows 10', os.arch: 'amd64', os.version: '10.0', java.version: '1.8.0_181'
Driver info: driver.version: CEdgeDriver&#xD;
	at org.openqa.selenium.remote.service.DriverCommandExecutor.execute(DriverCommandExecutor.java:92)&#xD;
	at org.openqa.selenium.remote.RemoteWebDriver.execute(RemoteWebDriver.java:552)&#xD;
	at com.kms.katalon.selenium.driver.CEdgeDriver.execute(CEdgeDriver.java:21)&#xD;
	at org.openqa.selenium.remote.RemoteWebDriver.startSession(RemoteWebDriver.java:213)&#xD;
	at org.openqa.selenium.remote.RemoteWebDriver.&lt;init&gt;(RemoteWebDriver.java:131)&#xD;
	at org.openqa.selenium.edge.EdgeDriver.&lt;init&gt;(EdgeDriver.java:154)&#xD;
	at com.kms.katalon.selenium.driver.CEdgeDriver.&lt;init&gt;(CEdgeDriver.java:14)&#xD;
	at com.kms.katalon.core.webui.driver.DriverFactory.createNewEdgeDriver(DriverFactory.java:435)&#xD;
	at com.kms.katalon.core.webui.driver.DriverFactory.startNewBrowser(DriverFactory.java:257)&#xD;
	at com.kms.katalon.core.webui.driver.DriverFactory.openWebDriver(DriverFactory.java:191)&#xD;
	at com.kms.katalon.core.webui.keyword.builtin.OpenBrowserKeyword$_openBrowser_closure1.doCall(OpenBrowserKeyword.groovy:74)&#xD;
	at com.kms.katalon.core.webui.keyword.builtin.OpenBrowserKeyword$_openBrowser_closure1.call(OpenBrowserKeyword.groovy)&#xD;
	at com.kms.katalon.core.webui.keyword.internal.WebUIKeywordMain.runKeyword(WebUIKeywordMain.groovy:20)&#xD;
	at com.kms.katalon.core.webui.keyword.builtin.OpenBrowserKeyword.openBrowser(OpenBrowserKeyword.groovy:81)&#xD;
	at com.kms.katalon.core.webui.keyword.builtin.OpenBrowserKeyword.execute(OpenBrowserKeyword.groovy:67)&#xD;
	at com.kms.katalon.core.keyword.internal.KeywordExecutor.executeKeywordForPlatform(KeywordExecutor.groovy:56)&#xD;
	at com.kms.katalon.core.webui.keyword.WebUiBuiltInKeywords.openBrowser(WebUiBuiltInKeywords.groovy:60)&#xD;
	at com.kms.katalon.core.webui.keyword.WebUiBuiltInKeywords$openBrowser.call(Unknown Source)&#xD;
	at Script1564042908334.run(Script1564042908334.groovy:17)&#xD;
	... 13 more&#xD;
Caused by: java.net.ConnectException: Failed to connect to localhost/0:0:0:0:0:0:0:1:38282&#xD;
	at okhttp3.internal.connection.RealConnection.connectSocket(RealConnection.java:247)&#xD;
	at okhttp3.internal.connection.RealConnection.connect(RealConnection.java:165)&#xD;
	at okhttp3.internal.connection.StreamAllocation.findConnection(StreamAllocation.java:257)&#xD;
	at okhttp3.internal.connection.StreamAllocation.findHealthyConnection(StreamAllocation.java:135)&#xD;
	at okhttp3.internal.connection.StreamAllocation.newStream(StreamAllocation.java:114)&#xD;
	at okhttp3.internal.connection.ConnectInterceptor.intercept(ConnectInterceptor.java:42)&#xD;
	at okhttp3.internal.http.RealInterceptorChain.proceed(RealInterceptorChain.java:147)&#xD;
	at okhttp3.internal.http.RealInterceptorChain.proceed(RealInterceptorChain.java:121)&#xD;
	at okhttp3.internal.cache.CacheInterceptor.intercept(CacheInterceptor.java:93)&#xD;
	at okhttp3.internal.http.RealInterceptorChain.proceed(RealInterceptorChain.java:147)&#xD;
	at okhttp3.internal.http.RealInterceptorChain.proceed(RealInterceptorChain.java:121)&#xD;
	at okhttp3.internal.http.BridgeInterceptor.intercept(BridgeInterceptor.java:93)&#xD;
	at okhttp3.internal.http.RealInterceptorChain.proceed(RealInterceptorChain.java:147)&#xD;
	at okhttp3.internal.http.RetryAndFollowUpInterceptor.intercept(RetryAndFollowUpInterceptor.java:126)&#xD;
	at okhttp3.internal.http.RealInterceptorChain.proceed(RealInterceptorChain.java:147)&#xD;
	at okhttp3.internal.http.RealInterceptorChain.proceed(RealInterceptorChain.java:121)&#xD;
	at okhttp3.RealCall.getResponseWithInterceptorChain(RealCall.java:200)&#xD;
	at okhttp3.RealCall.execute(RealCall.java:77)&#xD;
	at org.openqa.selenium.remote.internal.OkHttpClient.execute(OkHttpClient.java:103)&#xD;
	at org.openqa.selenium.remote.ProtocolHandshake.createSession(ProtocolHandshake.java:105)&#xD;
	at org.openqa.selenium.remote.ProtocolHandshake.createSession(ProtocolHandshake.java:74)&#xD;
	at org.openqa.selenium.remote.HttpCommandExecutor.execute(HttpCommandExecutor.java:136)&#xD;
	at org.openqa.selenium.remote.service.DriverCommandExecutor.execute(DriverCommandExecutor.java:83)&#xD;
	... 31 more&#xD;
Caused by: java.net.ConnectException: Connection refused: connect&#xD;
	at okhttp3.internal.platform.Platform.connectSocket(Platform.java:129)&#xD;
	at okhttp3.internal.connection.RealConnection.connectSocket(RealConnection.java:245)&#xD;
	... 53 more&#xD;
)&#xD;
&#xD;
2019-07-25 11:09:45 - [MESSAGE][INFO] - Starting 'Edge' driver&#xD;
&#xD;
2019-07-25 11:09:47 - [MESSAGE][FAILED] - Unable to open browser with url: '' (Root cause: com.kms.katalon.core.exception.StepFailedException: Unable to open browser with url: ''&#xD;
	at com.kms.katalon.core.webui.keyword.internal.WebUIKeywordMain.stepFailed(WebUIKeywordMain.groovy:64)&#xD;
	at com.kms.katalon.core.webui.keyword.internal.WebUIKeywordMain.runKeyword(WebUIKeywordMain.groovy:26)&#xD;
	at com.kms.katalon.core.webui.keyword.builtin.OpenBrowserKeyword.openBrowser(OpenBrowserKeyword.groovy:81)&#xD;
	at com.kms.katalon.core.webui.keyword.builtin.OpenBrowserKeyword.execute(OpenBrowserKeyword.groovy:67)&#xD;
	at com.kms.katalon.core.keyword.internal.KeywordExecutor.executeKeywordForPlatform(KeywordExecutor.groovy:56)&#xD;
	at com.kms.katalon.core.webui.keyword.WebUiBuiltInKeywords.openBrowser(WebUiBuiltInKeywords.groovy:60)&#xD;
	at com.kms.katalon.core.webui.keyword.WebUiBuiltInKeywords$openBrowser.call(Unknown Source)&#xD;
	at barmer.run(barmer:17)&#xD;
	at com.kms.katalon.core.main.ScriptEngine.run(ScriptEngine.java:194)&#xD;
	at com.kms.katalon.core.main.ScriptEngine.runScriptAsRawText(ScriptEngine.java:119)&#xD;
	at com.kms.katalon.core.main.TestCaseExecutor.runScript(TestCaseExecutor.java:337)&#xD;
	at com.kms.katalon.core.main.TestCaseExecutor.doExecute(TestCaseExecutor.java:328)&#xD;
	at com.kms.katalon.core.main.TestCaseExecutor.processExecutionPhase(TestCaseExecutor.java:307)&#xD;
	at com.kms.katalon.core.main.TestCaseExecutor.accessMainPhase(TestCaseExecutor.java:299)&#xD;
	at com.kms.katalon.core.main.TestCaseExecutor.execute(TestCaseExecutor.java:233)&#xD;
	at com.kms.katalon.core.main.TestSuiteExecutor.accessTestCaseMainPhase(TestSuiteExecutor.java:133)&#xD;
	at com.kms.katalon.core.main.TestSuiteExecutor.accessTestSuiteMainPhase(TestSuiteExecutor.java:116)&#xD;
	at com.kms.katalon.core.main.TestSuiteExecutor.execute(TestSuiteExecutor.java:83)&#xD;
	at com.kms.katalon.core.main.TestCaseMain.startTestSuite(TestCaseMain.java:157)&#xD;
	at com.kms.katalon.core.main.TestCaseMain$startTestSuite$0.call(Unknown Source)&#xD;
	at TempTestSuite1564044813085.run(TempTestSuite1564044813085.groovy:35)&#xD;
Caused by: org.openqa.selenium.WebDriverException: java.net.ConnectException: Failed to connect to localhost/0:0:0:0:0:0:0:1:38282
Build info: version: '3.141.59', revision: 'e82be7d358', time: '2018-11-14T08:25:53'
System info: host: 'ANTONIO', ip: '169.254.42.39', os.name: 'Windows 10', os.arch: 'amd64', os.version: '10.0', java.version: '1.8.0_181'
Driver info: driver.version: CEdgeDriver&#xD;
	at org.openqa.selenium.remote.service.DriverCommandExecutor.execute(DriverCommandExecutor.java:92)&#xD;
	at org.openqa.selenium.remote.RemoteWebDriver.execute(RemoteWebDriver.java:552)&#xD;
	at com.kms.katalon.selenium.driver.CEdgeDriver.execute(CEdgeDriver.java:21)&#xD;
	at org.openqa.selenium.remote.RemoteWebDriver.startSession(RemoteWebDriver.java:213)&#xD;
	at org.openqa.selenium.remote.RemoteWebDriver.&lt;init&gt;(RemoteWebDriver.java:131)&#xD;
	at org.openqa.selenium.edge.EdgeDriver.&lt;init&gt;(EdgeDriver.java:154)&#xD;
	at com.kms.katalon.selenium.driver.CEdgeDriver.&lt;init&gt;(CEdgeDriver.java:14)&#xD;
	at com.kms.katalon.core.webui.driver.DriverFactory.createNewEdgeDriver(DriverFactory.java:435)&#xD;
	at com.kms.katalon.core.webui.driver.DriverFactory.startNewBrowser(DriverFactory.java:257)&#xD;
	at com.kms.katalon.core.webui.driver.DriverFactory.openWebDriver(DriverFactory.java:191)&#xD;
	at com.kms.katalon.core.webui.keyword.builtin.OpenBrowserKeyword$_openBrowser_closure1.doCall(OpenBrowserKeyword.groovy:74)&#xD;
	at com.kms.katalon.core.webui.keyword.builtin.OpenBrowserKeyword$_openBrowser_closure1.call(OpenBrowserKeyword.groovy)&#xD;
	at com.kms.katalon.core.webui.keyword.internal.WebUIKeywordMain.runKeyword(WebUIKeywordMain.groovy:20)&#xD;
	at com.kms.katalon.core.webui.keyword.builtin.OpenBrowserKeyword.openBrowser(OpenBrowserKeyword.groovy:81)&#xD;
	at com.kms.katalon.core.webui.keyword.builtin.OpenBrowserKeyword.execute(OpenBrowserKeyword.groovy:67)&#xD;
	at com.kms.katalon.core.keyword.internal.KeywordExecutor.executeKeywordForPlatform(KeywordExecutor.groovy:56)&#xD;
	at com.kms.katalon.core.webui.keyword.WebUiBuiltInKeywords.openBrowser(WebUiBuiltInKeywords.groovy:60)&#xD;
	at com.kms.katalon.core.webui.keyword.WebUiBuiltInKeywords$openBrowser.call(Unknown Source)&#xD;
	at Script1564042908334.run(Script1564042908334.groovy:17)&#xD;
	... 13 more&#xD;
Caused by: java.net.ConnectException: Failed to connect to localhost/0:0:0:0:0:0:0:1:38282&#xD;
	at okhttp3.internal.connection.RealConnection.connectSocket(RealConnection.java:247)&#xD;
	at okhttp3.internal.connection.RealConnection.connect(RealConnection.java:165)&#xD;
	at okhttp3.internal.connection.StreamAllocation.findConnection(StreamAllocation.java:257)&#xD;
	at okhttp3.internal.connection.StreamAllocation.findHealthyConnection(StreamAllocation.java:135)&#xD;
	at okhttp3.internal.connection.StreamAllocation.newStream(StreamAllocation.java:114)&#xD;
	at okhttp3.internal.connection.ConnectInterceptor.intercept(ConnectInterceptor.java:42)&#xD;
	at okhttp3.internal.http.RealInterceptorChain.proceed(RealInterceptorChain.java:147)&#xD;
	at okhttp3.internal.http.RealInterceptorChain.proceed(RealInterceptorChain.java:121)&#xD;
	at okhttp3.internal.cache.CacheInterceptor.intercept(CacheInterceptor.java:93)&#xD;
	at okhttp3.internal.http.RealInterceptorChain.proceed(RealInterceptorChain.java:147)&#xD;
	at okhttp3.internal.http.RealInterceptorChain.proceed(RealInterceptorChain.java:121)&#xD;
	at okhttp3.internal.http.BridgeInterceptor.intercept(BridgeInterceptor.java:93)&#xD;
	at okhttp3.internal.http.RealInterceptorChain.proceed(RealInterceptorChain.java:147)&#xD;
	at okhttp3.internal.http.RetryAndFollowUpInterceptor.intercept(RetryAndFollowUpInterceptor.java:126)&#xD;
	at okhttp3.internal.http.RealInterceptorChain.proceed(RealInterceptorChain.java:147)&#xD;
	at okhttp3.internal.http.RealInterceptorChain.proceed(RealInterceptorChain.java:121)&#xD;
	at okhttp3.RealCall.getResponseWithInterceptorChain(RealCall.java:200)&#xD;
	at okhttp3.RealCall.execute(RealCall.java:77)&#xD;
	at org.openqa.selenium.remote.internal.OkHttpClient.execute(OkHttpClient.java:103)&#xD;
	at org.openqa.selenium.remote.ProtocolHandshake.createSession(ProtocolHandshake.java:105)&#xD;
	at org.openqa.selenium.remote.ProtocolHandshake.createSession(ProtocolHandshake.java:74)&#xD;
	at org.openqa.selenium.remote.HttpCommandExecutor.execute(HttpCommandExecutor.java:136)&#xD;
	at org.openqa.selenium.remote.service.DriverCommandExecutor.execute(DriverCommandExecutor.java:83)&#xD;
	... 31 more&#xD;
Caused by: java.net.ConnectException: Connection refused: connect&#xD;
	at okhttp3.internal.platform.Platform.connectSocket(Platform.java:129)&#xD;
	at okhttp3.internal.connection.RealConnection.connectSocket(RealConnection.java:245)&#xD;
	... 53 more&#xD;
)</system-out>
            <system-err>2019-07-25 11:09:44 - [TEST_CASE][FAILED] - Test Cases/barmer: Test Cases/barmer FAILED.
Reason:
com.kms.katalon.core.exception.StepFailedException: Unable to open browser with url: ''&#xD;
	at com.kms.katalon.core.webui.keyword.internal.WebUIKeywordMain.stepFailed(WebUIKeywordMain.groovy:64)&#xD;
	at com.kms.katalon.core.webui.keyword.internal.WebUIKeywordMain.runKeyword(WebUIKeywordMain.groovy:26)&#xD;
	at com.kms.katalon.core.webui.keyword.builtin.OpenBrowserKeyword.openBrowser(OpenBrowserKeyword.groovy:81)&#xD;
	at com.kms.katalon.core.webui.keyword.builtin.OpenBrowserKeyword.execute(OpenBrowserKeyword.groovy:67)&#xD;
	at com.kms.katalon.core.keyword.internal.KeywordExecutor.executeKeywordForPlatform(KeywordExecutor.groovy:56)&#xD;
	at com.kms.katalon.core.webui.keyword.WebUiBuiltInKeywords.openBrowser(WebUiBuiltInKeywords.groovy:60)&#xD;
	at com.kms.katalon.core.webui.keyword.WebUiBuiltInKeywords$openBrowser.call(Unknown Source)&#xD;
	at barmer.run(barmer:17)&#xD;
	at com.kms.katalon.core.main.ScriptEngine.run(ScriptEngine.java:194)&#xD;
	at com.kms.katalon.core.main.ScriptEngine.runScriptAsRawText(ScriptEngine.java:119)&#xD;
	at com.kms.katalon.core.main.TestCaseExecutor.runScript(TestCaseExecutor.java:337)&#xD;
	at com.kms.katalon.core.main.TestCaseExecutor.doExecute(TestCaseExecutor.java:328)&#xD;
	at com.kms.katalon.core.main.TestCaseExecutor.processExecutionPhase(TestCaseExecutor.java:307)&#xD;
	at com.kms.katalon.core.main.TestCaseExecutor.accessMainPhase(TestCaseExecutor.java:299)&#xD;
	at com.kms.katalon.core.main.TestCaseExecutor.execute(TestCaseExecutor.java:233)&#xD;
	at com.kms.katalon.core.main.TestSuiteExecutor.accessTestCaseMainPhase(TestSuiteExecutor.java:133)&#xD;
	at com.kms.katalon.core.main.TestSuiteExecutor.accessTestSuiteMainPhase(TestSuiteExecutor.java:116)&#xD;
	at com.kms.katalon.core.main.TestSuiteExecutor.execute(TestSuiteExecutor.java:83)&#xD;
	at com.kms.katalon.core.main.TestCaseMain.startTestSuite(TestCaseMain.java:157)&#xD;
	at com.kms.katalon.core.main.TestCaseMain$startTestSuite$0.call(Unknown Source)&#xD;
	at TempTestSuite1564044813085.run(TempTestSuite1564044813085.groovy:35)&#xD;
Caused by: org.openqa.selenium.WebDriverException: java.net.ConnectException: Failed to connect to localhost/0:0:0:0:0:0:0:1:38282
Build info: version: '3.141.59', revision: 'e82be7d358', time: '2018-11-14T08:25:53'
System info: host: 'ANTONIO', ip: '169.254.42.39', os.name: 'Windows 10', os.arch: 'amd64', os.version: '10.0', java.version: '1.8.0_181'
Driver info: driver.version: CEdgeDriver&#xD;
	at org.openqa.selenium.remote.service.DriverCommandExecutor.execute(DriverCommandExecutor.java:92)&#xD;
	at org.openqa.selenium.remote.RemoteWebDriver.execute(RemoteWebDriver.java:552)&#xD;
	at com.kms.katalon.selenium.driver.CEdgeDriver.execute(CEdgeDriver.java:21)&#xD;
	at org.openqa.selenium.remote.RemoteWebDriver.startSession(RemoteWebDriver.java:213)&#xD;
	at org.openqa.selenium.remote.RemoteWebDriver.&lt;init&gt;(RemoteWebDriver.java:131)&#xD;
	at org.openqa.selenium.edge.EdgeDriver.&lt;init&gt;(EdgeDriver.java:154)&#xD;
	at com.kms.katalon.selenium.driver.CEdgeDriver.&lt;init&gt;(CEdgeDriver.java:14)&#xD;
	at com.kms.katalon.core.webui.driver.DriverFactory.createNewEdgeDriver(DriverFactory.java:435)&#xD;
	at com.kms.katalon.core.webui.driver.DriverFactory.startNewBrowser(DriverFactory.java:257)&#xD;
	at com.kms.katalon.core.webui.driver.DriverFactory.openWebDriver(DriverFactory.java:191)&#xD;
	at com.kms.katalon.core.webui.keyword.builtin.OpenBrowserKeyword$_openBrowser_closure1.doCall(OpenBrowserKeyword.groovy:74)&#xD;
	at com.kms.katalon.core.webui.keyword.builtin.OpenBrowserKeyword$_openBrowser_closure1.call(OpenBrowserKeyword.groovy)&#xD;
	at com.kms.katalon.core.webui.keyword.internal.WebUIKeywordMain.runKeyword(WebUIKeywordMain.groovy:20)&#xD;
	at com.kms.katalon.core.webui.keyword.builtin.OpenBrowserKeyword.openBrowser(OpenBrowserKeyword.groovy:81)&#xD;
	at com.kms.katalon.core.webui.keyword.builtin.OpenBrowserKeyword.execute(OpenBrowserKeyword.groovy:67)&#xD;
	at com.kms.katalon.core.keyword.internal.KeywordExecutor.executeKeywordForPlatform(KeywordExecutor.groovy:56)&#xD;
	at com.kms.katalon.core.webui.keyword.WebUiBuiltInKeywords.openBrowser(WebUiBuiltInKeywords.groovy:60)&#xD;
	at com.kms.katalon.core.webui.keyword.WebUiBuiltInKeywords$openBrowser.call(Unknown Source)&#xD;
	at Script1564042908334.run(Script1564042908334.groovy:17)&#xD;
	... 13 more&#xD;
Caused by: java.net.ConnectException: Failed to connect to localhost/0:0:0:0:0:0:0:1:38282&#xD;
	at okhttp3.internal.connection.RealConnection.connectSocket(RealConnection.java:247)&#xD;
	at okhttp3.internal.connection.RealConnection.connect(RealConnection.java:165)&#xD;
	at okhttp3.internal.connection.StreamAllocation.findConnection(StreamAllocation.java:257)&#xD;
	at okhttp3.internal.connection.StreamAllocation.findHealthyConnection(StreamAllocation.java:135)&#xD;
	at okhttp3.internal.connection.StreamAllocation.newStream(StreamAllocation.java:114)&#xD;
	at okhttp3.internal.connection.ConnectInterceptor.intercept(ConnectInterceptor.java:42)&#xD;
	at okhttp3.internal.http.RealInterceptorChain.proceed(RealInterceptorChain.java:147)&#xD;
	at okhttp3.internal.http.RealInterceptorChain.proceed(RealInterceptorChain.java:121)&#xD;
	at okhttp3.internal.cache.CacheInterceptor.intercept(CacheInterceptor.java:93)&#xD;
	at okhttp3.internal.http.RealInterceptorChain.proceed(RealInterceptorChain.java:147)&#xD;
	at okhttp3.internal.http.RealInterceptorChain.proceed(RealInterceptorChain.java:121)&#xD;
	at okhttp3.internal.http.BridgeInterceptor.intercept(BridgeInterceptor.java:93)&#xD;
	at okhttp3.internal.http.RealInterceptorChain.proceed(RealInterceptorChain.java:147)&#xD;
	at okhttp3.internal.http.RetryAndFollowUpInterceptor.intercept(RetryAndFollowUpInterceptor.java:126)&#xD;
	at okhttp3.internal.http.RealInterceptorChain.proceed(RealInterceptorChain.java:147)&#xD;
	at okhttp3.internal.http.RealInterceptorChain.proceed(RealInterceptorChain.java:121)&#xD;
	at okhttp3.RealCall.getResponseWithInterceptorChain(RealCall.java:200)&#xD;
	at okhttp3.RealCall.execute(RealCall.java:77)&#xD;
	at org.openqa.selenium.remote.internal.OkHttpClient.execute(OkHttpClient.java:103)&#xD;
	at org.openqa.selenium.remote.ProtocolHandshake.createSession(ProtocolHandshake.java:105)&#xD;
	at org.openqa.selenium.remote.ProtocolHandshake.createSession(ProtocolHandshake.java:74)&#xD;
	at org.openqa.selenium.remote.HttpCommandExecutor.execute(HttpCommandExecutor.java:136)&#xD;
	at org.openqa.selenium.remote.service.DriverCommandExecutor.execute(DriverCommandExecutor.java:83)&#xD;
	... 31 more&#xD;
Caused by: java.net.ConnectException: Connection refused: connect&#xD;
	at okhttp3.internal.platform.Platform.connectSocket(Platform.java:129)&#xD;
	at okhttp3.internal.connection.RealConnection.connectSocket(RealConnection.java:245)&#xD;
	at okhttp3.internal.connection.RealConnection.connect(RealConnection.java:165)&#xD;
	at okhttp3.internal.connection.StreamAllocation.findConnection(StreamAllocation.java:257)&#xD;
	at okhttp3.internal.connection.StreamAllocation.findHealthyConnection(StreamAllocation.java:135)&#xD;
	at okhttp3.internal.connection.StreamAllocation.newStream(StreamAllocation.java:114)&#xD;
	at okhttp3.internal.connection.ConnectInterceptor.intercept(ConnectInterceptor.java:42)&#xD;
	at okhttp3.internal.http.RealInterceptorChain.proceed(RealInterceptorChain.java:147)&#xD;
	at okhttp3.internal.http.RealInterceptorChain.proceed(RealInterceptorChain.java:121)&#xD;
	at okhttp3.internal.cache.CacheInterceptor.intercept(CacheInterceptor.java:93)&#xD;
	at okhttp3.internal.http.RealInterceptorChain.proceed(RealInterceptorChain.java:147)&#xD;
	at okhttp3.internal.http.RealInterceptorChain.proceed(RealInterceptorChain.java:121)&#xD;
	at okhttp3.internal.http.BridgeInterceptor.intercept(BridgeInterceptor.java:93)&#xD;
	at okhttp3.internal.http.RealInterceptorChain.proceed(RealInterceptorChain.java:147)&#xD;
	at okhttp3.internal.http.RetryAndFollowUpInterceptor.intercept(RetryAndFollowUpInterceptor.java:126)&#xD;
	at okhttp3.internal.http.RealInterceptorChain.proceed(RealInterceptorChain.java:147)&#xD;
	at okhttp3.internal.http.RealInterceptorChain.proceed(RealInterceptorChain.java:121)&#xD;
	at okhttp3.RealCall.getResponseWithInterceptorChain(RealCall.java:200)&#xD;
	at okhttp3.RealCall.execute(RealCall.java:77)&#xD;
	at org.openqa.selenium.remote.internal.OkHttpClient.execute(OkHttpClient.java:103)&#xD;
	at org.openqa.selenium.remote.ProtocolHandshake.createSession(ProtocolHandshake.java:105)&#xD;
	at org.openqa.selenium.remote.ProtocolHandshake.createSession(ProtocolHandshake.java:74)&#xD;
	at org.openqa.selenium.remote.HttpCommandExecutor.execute(HttpCommandExecutor.java:136)&#xD;
	at org.openqa.selenium.remote.service.DriverCommandExecutor.execute(DriverCommandExecutor.java:83)&#xD;
	at org.openqa.selenium.remote.RemoteWebDriver.execute(RemoteWebDriver.java:552)&#xD;
	at com.kms.katalon.selenium.driver.CEdgeDriver.execute(CEdgeDriver.java:21)&#xD;
	at org.openqa.selenium.remote.RemoteWebDriver.startSession(RemoteWebDriver.java:213)&#xD;
	at org.openqa.selenium.remote.RemoteWebDriver.&lt;init&gt;(RemoteWebDriver.java:131)&#xD;
	at org.openqa.selenium.edge.EdgeDriver.&lt;init&gt;(EdgeDriver.java:154)&#xD;
	at com.kms.katalon.selenium.driver.CEdgeDriver.&lt;init&gt;(CEdgeDriver.java:14)&#xD;
	at com.kms.katalon.core.webui.driver.DriverFactory.createNewEdgeDriver(DriverFactory.java:435)&#xD;
	at com.kms.katalon.core.webui.driver.DriverFactory.startNewBrowser(DriverFactory.java:257)&#xD;
	at com.kms.katalon.core.webui.driver.DriverFactory.openWebDriver(DriverFactory.java:191)&#xD;
	at com.kms.katalon.core.webui.keyword.builtin.OpenBrowserKeyword$_openBrowser_closure1.doCall(OpenBrowserKeyword.groovy:74)&#xD;
	at com.kms.katalon.core.webui.keyword.builtin.OpenBrowserKeyword$_openBrowser_closure1.call(OpenBrowserKeyword.groovy)&#xD;
	at com.kms.katalon.core.webui.keyword.internal.WebUIKeywordMain.runKeyword(WebUIKeywordMain.groovy:20)&#xD;
	at com.kms.katalon.core.webui.keyword.builtin.OpenBrowserKeyword.openBrowser(OpenBrowserKeyword.groovy:81)&#xD;
	at com.kms.katalon.core.webui.keyword.builtin.OpenBrowserKeyword.execute(OpenBrowserKeyword.groovy:67)&#xD;
	at com.kms.katalon.core.keyword.internal.KeywordExecutor.executeKeywordForPlatform(KeywordExecutor.groovy:56)&#xD;
	at com.kms.katalon.core.webui.keyword.WebUiBuiltInKeywords.openBrowser(WebUiBuiltInKeywords.groovy:60)&#xD;
	at com.kms.katalon.core.webui.keyword.WebUiBuiltInKeywords$openBrowser.call(Unknown Source)&#xD;
	at barmer.run(barmer:17)&#xD;
	... 13 more</system-err>
        </testcase>
        <testcase name="Test Cases/bearingpoing" classname="Test Cases/bearingpoing" status="FAILED">
            <failure type="FAILED" message="Test Cases/bearingpoing FAILED.&#xA;Reason:&#xA;com.kms.katalon.core.exception.StepFailedException: Unable to open browser with url: ''&#xD;&#xA;&#x9;at com.kms.katalon.core.webui.keyword.internal.WebUIKeywordMain.stepFailed(WebUIKeywordMain.groovy:64)&#xD;&#xA;&#x9;at com.kms.katalon.core.webui.keyword.internal.WebUIKeywordMain.runKeyword(WebUIKeywordMain.groovy:26)&#xD;&#xA;&#x9;at com.kms.katalon.core.webui.keyword.builtin.OpenBrowserKeyword.openBrowser(OpenBrowserKeyword.groovy:81)&#xD;&#xA;&#x9;at com.kms.katalon.core.webui.keyword.builtin.OpenBrowserKeyword.execute(OpenBrowserKeyword.groovy:67)&#xD;&#xA;&#x9;at com.kms.katalon.core.keyword.internal.KeywordExecutor.executeKeywordForPlatform(KeywordExecutor.groovy:56)&#xD;&#xA;&#x9;at com.kms.katalon.core.webui.keyword.WebUiBuiltInKeywords.openBrowser(WebUiBuiltInKeywords.groovy:60)&#xD;&#xA;&#x9;at com.kms.katalon.core.webui.keyword.WebUiBuiltInKeywords$openBrowser.call(Unknown Source)&#xD;&#xA;&#x9;at bearingpoing.run(bearingpoing:17)&#xD;&#xA;&#x9;at com.kms.katalon.core.main.ScriptEngine.run(ScriptEngine.java:194)&#xD;&#xA;&#x9;at com.kms.katalon.core.main.ScriptEngine.runScriptAsRawText(ScriptEngine.java:119)&#xD;&#xA;&#x9;at com.kms.katalon.core.main.TestCaseExecutor.runScript(TestCaseExecutor.java:337)&#xD;&#xA;&#x9;at com.kms.katalon.core.main.TestCaseExecutor.doExecute(TestCaseExecutor.java:328)&#xD;&#xA;&#x9;at com.kms.katalon.core.main.TestCaseExecutor.processExecutionPhase(TestCaseExecutor.java:307)&#xD;&#xA;&#x9;at com.kms.katalon.core.main.TestCaseExecutor.accessMainPhase(TestCaseExecutor.java:299)&#xD;&#xA;&#x9;at com.kms.katalon.core.main.TestCaseExecutor.execute(TestCaseExecutor.java:233)&#xD;&#xA;&#x9;at com.kms.katalon.core.main.TestSuiteExecutor.accessTestCaseMainPhase(TestSuiteExecutor.java:133)&#xD;&#xA;&#x9;at com.kms.katalon.core.main.TestSuiteExecutor.accessTestSuiteMainPhase(TestSuiteExecutor.java:116)&#xD;&#xA;&#x9;at com.kms.katalon.core.main.TestSuiteExecutor.execute(TestSuiteExecutor.java:83)&#xD;&#xA;&#x9;at com.kms.katalon.core.main.TestCaseMain.startTestSuite(TestCaseMain.java:157)&#xD;&#xA;&#x9;at com.kms.katalon.core.main.TestCaseMain$startTestSuite$0.call(Unknown Source)&#xD;&#xA;&#x9;at TempTestSuite1564044813085.run(TempTestSuite1564044813085.groovy:35)&#xD;&#xA;Caused by: org.openqa.selenium.WebDriverException: java.net.ConnectException: Failed to connect to localhost/0:0:0:0:0:0:0:1:38282&#xA;Build info: version: '3.141.59', revision: 'e82be7d358', time: '2018-11-14T08:25:53'&#xA;System info: host: 'ANTONIO', ip: '169.254.42.39', os.name: 'Windows 10', os.arch: 'amd64', os.version: '10.0', java.version: '1.8.0_181'&#xA;Driver info: driver.version: CEdgeDriver&#xD;&#xA;&#x9;at org.openqa.selenium.remote.service.DriverCommandExecutor.execute(DriverCommandExecutor.java:92)&#xD;&#xA;&#x9;at org.openqa.selenium.remote.RemoteWebDriver.execute(RemoteWebDriver.java:552)&#xD;&#xA;&#x9;at com.kms.katalon.selenium.driver.CEdgeDriver.execute(CEdgeDriver.java:21)&#xD;&#xA;&#x9;at org.openqa.selenium.remote.RemoteWebDriver.startSession(RemoteWebDriver.java:213)&#xD;&#xA;&#x9;at org.openqa.selenium.remote.RemoteWebDriver.&lt;init&gt;(RemoteWebDriver.java:131)&#xD;&#xA;&#x9;at org.openqa.selenium.edge.EdgeDriver.&lt;init&gt;(EdgeDriver.java:154)&#xD;&#xA;&#x9;at com.kms.katalon.selenium.driver.CEdgeDriver.&lt;init&gt;(CEdgeDriver.java:14)&#xD;&#xA;&#x9;at com.kms.katalon.core.webui.driver.DriverFactory.createNewEdgeDriver(DriverFactory.java:435)&#xD;&#xA;&#x9;at com.kms.katalon.core.webui.driver.DriverFactory.startNewBrowser(DriverFactory.java:257)&#xD;&#xA;&#x9;at com.kms.katalon.core.webui.driver.DriverFactory.openWebDriver(DriverFactory.java:191)&#xD;&#xA;&#x9;at com.kms.katalon.core.webui.keyword.builtin.OpenBrowserKeyword$_openBrowser_closure1.doCall(OpenBrowserKeyword.groovy:74)&#xD;&#xA;&#x9;at com.kms.katalon.core.webui.keyword.builtin.OpenBrowserKeyword$_openBrowser_closure1.call(OpenBrowserKeyword.groovy)&#xD;&#xA;&#x9;at com.kms.katalon.core.webui.keyword.internal.WebUIKeywordMain.runKeyword(WebUIKeywordMain.groovy:20)&#xD;&#xA;&#x9;at com.kms.katalon.core.webui.keyword.builtin.OpenBrowserKeyword.openBrowser(OpenBrowserKeyword.groovy:81)&#xD;&#xA;&#x9;at com.kms.katalon.core.webui.keyword.builtin.OpenBrowserKeyword.execute(OpenBrowserKeyword.groovy:67)&#xD;&#xA;&#x9;at com.kms.katalon.core.keyword.internal.KeywordExecutor.executeKeywordForPlatform(KeywordExecutor.groovy:56)&#xD;&#xA;&#x9;at com.kms.katalon.core.webui.keyword.WebUiBuiltInKeywords.openBrowser(WebUiBuiltInKeywords.groovy:60)&#xD;&#xA;&#x9;at com.kms.katalon.core.webui.keyword.WebUiBuiltInKeywords$openBrowser.call(Unknown Source)&#xD;&#xA;&#x9;at Script1564042938091.run(Script1564042938091.groovy:17)&#xD;&#xA;&#x9;... 13 more&#xD;&#xA;Caused by: java.net.ConnectException: Failed to connect to localhost/0:0:0:0:0:0:0:1:38282&#xD;&#xA;&#x9;at okhttp3.internal.connection.RealConnection.connectSocket(RealConnection.java:247)&#xD;&#xA;&#x9;at okhttp3.internal.connection.RealConnection.connect(RealConnection.java:165)&#xD;&#xA;&#x9;at okhttp3.internal.connection.StreamAllocation.findConnection(StreamAllocation.java:257)&#xD;&#xA;&#x9;at okhttp3.internal.connection.StreamAllocation.findHealthyConnection(StreamAllocation.java:135)&#xD;&#xA;&#x9;at okhttp3.internal.connection.StreamAllocation.newStream(StreamAllocation.java:114)&#xD;&#xA;&#x9;at okhttp3.internal.connection.ConnectInterceptor.intercept(ConnectInterceptor.java:42)&#xD;&#xA;&#x9;at okhttp3.internal.http.RealInterceptorChain.proceed(RealInterceptorChain.java:147)&#xD;&#xA;&#x9;at okhttp3.internal.http.RealInterceptorChain.proceed(RealInterceptorChain.java:121)&#xD;&#xA;&#x9;at okhttp3.internal.cache.CacheInterceptor.intercept(CacheInterceptor.java:93)&#xD;&#xA;&#x9;at okhttp3.internal.http.RealInterceptorChain.proceed(RealInterceptorChain.java:147)&#xD;&#xA;&#x9;at okhttp3.internal.http.RealInterceptorChain.proceed(RealInterceptorChain.java:121)&#xD;&#xA;&#x9;at okhttp3.internal.http.BridgeInterceptor.intercept(BridgeInterceptor.java:93)&#xD;&#xA;&#x9;at okhttp3.internal.http.RealInterceptorChain.proceed(RealInterceptorChain.java:147)&#xD;&#xA;&#x9;at okhttp3.internal.http.RetryAndFollowUpInterceptor.intercept(RetryAndFollowUpInterceptor.java:126)&#xD;&#xA;&#x9;at okhttp3.internal.http.RealInterceptorChain.proceed(RealInterceptorChain.java:147)&#xD;&#xA;&#x9;at okhttp3.internal.http.RealInterceptorChain.proceed(RealInterceptorChain.java:121)&#xD;&#xA;&#x9;at okhttp3.RealCall.getResponseWithInterceptorChain(RealCall.java:200)&#xD;&#xA;&#x9;at okhttp3.RealCall.execute(RealCall.java:77)&#xD;&#xA;&#x9;at org.openqa.selenium.remote.internal.OkHttpClient.execute(OkHttpClient.java:103)&#xD;&#xA;&#x9;at org.openqa.selenium.remote.ProtocolHandshake.createSession(ProtocolHandshake.java:105)&#xD;&#xA;&#x9;at org.openqa.selenium.remote.ProtocolHandshake.createSession(ProtocolHandshake.java:74)&#xD;&#xA;&#x9;at org.openqa.selenium.remote.HttpCommandExecutor.execute(HttpCommandExecutor.java:136)&#xD;&#xA;&#x9;at org.openqa.selenium.remote.service.DriverCommandExecutor.execute(DriverCommandExecutor.java:83)&#xD;&#xA;&#x9;... 31 more&#xD;&#xA;Caused by: java.net.ConnectException: Connection refused: connect&#xD;&#xA;&#x9;at okhttp3.internal.platform.Platform.connectSocket(Platform.java:129)&#xD;&#xA;&#x9;at okhttp3.internal.connection.RealConnection.connectSocket(RealConnection.java:245)&#xD;&#xA;&#x9;at okhttp3.internal.connection.RealConnection.connect(RealConnection.java:165)&#xD;&#xA;&#x9;at okhttp3.internal.connection.StreamAllocation.findConnection(StreamAllocation.java:257)&#xD;&#xA;&#x9;at okhttp3.internal.connection.StreamAllocation.findHealthyConnection(StreamAllocation.java:135)&#xD;&#xA;&#x9;at okhttp3.internal.connection.StreamAllocation.newStream(StreamAllocation.java:114)&#xD;&#xA;&#x9;at okhttp3.internal.connection.ConnectInterceptor.intercept(ConnectInterceptor.java:42)&#xD;&#xA;&#x9;at okhttp3.internal.http.RealInterceptorChain.proceed(RealInterceptorChain.java:147)&#xD;&#xA;&#x9;at okhttp3.internal.http.RealInterceptorChain.proceed(RealInterceptorChain.java:121)&#xD;&#xA;&#x9;at okhttp3.internal.cache.CacheInterceptor.intercept(CacheInterceptor.java:93)&#xD;&#xA;&#x9;at okhttp3.internal.http.RealInterceptorChain.proceed(RealInterceptorChain.java:147)&#xD;&#xA;&#x9;at okhttp3.internal.http.RealInterceptorChain.proceed(RealInterceptorChain.java:121)&#xD;&#xA;&#x9;at okhttp3.internal.http.BridgeInterceptor.intercept(BridgeInterceptor.java:93)&#xD;&#xA;&#x9;at okhttp3.internal.http.RealInterceptorChain.proceed(RealInterceptorChain.java:147)&#xD;&#xA;&#x9;at okhttp3.internal.http.RetryAndFollowUpInterceptor.intercept(RetryAndFollowUpInterceptor.java:126)&#xD;&#xA;&#x9;at okhttp3.internal.http.RealInterceptorChain.proceed(RealInterceptorChain.java:147)&#xD;&#xA;&#x9;at okhttp3.internal.http.RealInterceptorChain.proceed(RealInterceptorChain.java:121)&#xD;&#xA;&#x9;at okhttp3.RealCall.getResponseWithInterceptorChain(RealCall.java:200)&#xD;&#xA;&#x9;at okhttp3.RealCall.execute(RealCall.java:77)&#xD;&#xA;&#x9;at org.openqa.selenium.remote.internal.OkHttpClient.execute(OkHttpClient.java:103)&#xD;&#xA;&#x9;at org.openqa.selenium.remote.ProtocolHandshake.createSession(ProtocolHandshake.java:105)&#xD;&#xA;&#x9;at org.openqa.selenium.remote.ProtocolHandshake.createSession(ProtocolHandshake.java:74)&#xD;&#xA;&#x9;at org.openqa.selenium.remote.HttpCommandExecutor.execute(HttpCommandExecutor.java:136)&#xD;&#xA;&#x9;at org.openqa.selenium.remote.service.DriverCommandExecutor.execute(DriverCommandExecutor.java:83)&#xD;&#xA;&#x9;at org.openqa.selenium.remote.RemoteWebDriver.execute(RemoteWebDriver.java:552)&#xD;&#xA;&#x9;at com.kms.katalon.selenium.driver.CEdgeDriver.execute(CEdgeDriver.java:21)&#xD;&#xA;&#x9;at org.openqa.selenium.remote.RemoteWebDriver.startSession(RemoteWebDriver.java:213)&#xD;&#xA;&#x9;at org.openqa.selenium.remote.RemoteWebDriver.&lt;init&gt;(RemoteWebDriver.java:131)&#xD;&#xA;&#x9;at org.openqa.selenium.edge.EdgeDriver.&lt;init&gt;(EdgeDriver.java:154)&#xD;&#xA;&#x9;at com.kms.katalon.selenium.driver.CEdgeDriver.&lt;init&gt;(CEdgeDriver.java:14)&#xD;&#xA;&#x9;at com.kms.katalon.core.webui.driver.DriverFactory.createNewEdgeDriver(DriverFactory.java:435)&#xD;&#xA;&#x9;at com.kms.katalon.core.webui.driver.DriverFactory.startNewBrowser(DriverFactory.java:257)&#xD;&#xA;&#x9;at com.kms.katalon.core.webui.driver.DriverFactory.openWebDriver(DriverFactory.java:191)&#xD;&#xA;&#x9;at com.kms.katalon.core.webui.keyword.builtin.OpenBrowserKeyword$_openBrowser_closure1.doCall(OpenBrowserKeyword.groovy:74)&#xD;&#xA;&#x9;at com.kms.katalon.core.webui.keyword.builtin.OpenBrowserKeyword$_openBrowser_closure1.call(OpenBrowserKeyword.groovy)&#xD;&#xA;&#x9;at com.kms.katalon.core.webui.keyword.internal.WebUIKeywordMain.runKeyword(WebUIKeywordMain.groovy:20)&#xD;&#xA;&#x9;at com.kms.katalon.core.webui.keyword.builtin.OpenBrowserKeyword.openBrowser(OpenBrowserKeyword.groovy:81)&#xD;&#xA;&#x9;at com.kms.katalon.core.webui.keyword.builtin.OpenBrowserKeyword.execute(OpenBrowserKeyword.groovy:67)&#xD;&#xA;&#x9;at com.kms.katalon.core.keyword.internal.KeywordExecutor.executeKeywordForPlatform(KeywordExecutor.groovy:56)&#xD;&#xA;&#x9;at com.kms.katalon.core.webui.keyword.WebUiBuiltInKeywords.openBrowser(WebUiBuiltInKeywords.groovy:60)&#xD;&#xA;&#x9;at com.kms.katalon.core.webui.keyword.WebUiBuiltInKeywords$openBrowser.call(Unknown Source)&#xD;&#xA;&#x9;at bearingpoing.run(bearingpoing:17)&#xD;&#xA;&#x9;... 13 more&#xD;&#xA;"/>
            <system-out>2019-07-25 11:09:47 - [TEST_CASE][FAILED] - Test Cases/bearingpoing: Test Cases/bearingpoing FAILED.
Reason:
com.kms.katalon.core.exception.StepFailedException: Unable to open browser with url: ''&#xD;
	at com.kms.katalon.core.webui.keyword.internal.WebUIKeywordMain.stepFailed(WebUIKeywordMain.groovy:64)&#xD;
	at com.kms.katalon.core.webui.keyword.internal.WebUIKeywordMain.runKeyword(WebUIKeywordMain.groovy:26)&#xD;
	at com.kms.katalon.core.webui.keyword.builtin.OpenBrowserKeyword.openBrowser(OpenBrowserKeyword.groovy:81)&#xD;
	at com.kms.katalon.core.webui.keyword.builtin.OpenBrowserKeyword.execute(OpenBrowserKeyword.groovy:67)&#xD;
	at com.kms.katalon.core.keyword.internal.KeywordExecutor.executeKeywordForPlatform(KeywordExecutor.groovy:56)&#xD;
	at com.kms.katalon.core.webui.keyword.WebUiBuiltInKeywords.openBrowser(WebUiBuiltInKeywords.groovy:60)&#xD;
	at com.kms.katalon.core.webui.keyword.WebUiBuiltInKeywords$openBrowser.call(Unknown Source)&#xD;
	at bearingpoing.run(bearingpoing:17)&#xD;
	at com.kms.katalon.core.main.ScriptEngine.run(ScriptEngine.java:194)&#xD;
	at com.kms.katalon.core.main.ScriptEngine.runScriptAsRawText(ScriptEngine.java:119)&#xD;
	at com.kms.katalon.core.main.TestCaseExecutor.runScript(TestCaseExecutor.java:337)&#xD;
	at com.kms.katalon.core.main.TestCaseExecutor.doExecute(TestCaseExecutor.java:328)&#xD;
	at com.kms.katalon.core.main.TestCaseExecutor.processExecutionPhase(TestCaseExecutor.java:307)&#xD;
	at com.kms.katalon.core.main.TestCaseExecutor.accessMainPhase(TestCaseExecutor.java:299)&#xD;
	at com.kms.katalon.core.main.TestCaseExecutor.execute(TestCaseExecutor.java:233)&#xD;
	at com.kms.katalon.core.main.TestSuiteExecutor.accessTestCaseMainPhase(TestSuiteExecutor.java:133)&#xD;
	at com.kms.katalon.core.main.TestSuiteExecutor.accessTestSuiteMainPhase(TestSuiteExecutor.java:116)&#xD;
	at com.kms.katalon.core.main.TestSuiteExecutor.execute(TestSuiteExecutor.java:83)&#xD;
	at com.kms.katalon.core.main.TestCaseMain.startTestSuite(TestCaseMain.java:157)&#xD;
	at com.kms.katalon.core.main.TestCaseMain$startTestSuite$0.call(Unknown Source)&#xD;
	at TempTestSuite1564044813085.run(TempTestSuite1564044813085.groovy:35)&#xD;
Caused by: org.openqa.selenium.WebDriverException: java.net.ConnectException: Failed to connect to localhost/0:0:0:0:0:0:0:1:38282
Build info: version: '3.141.59', revision: 'e82be7d358', time: '2018-11-14T08:25:53'
System info: host: 'ANTONIO', ip: '169.254.42.39', os.name: 'Windows 10', os.arch: 'amd64', os.version: '10.0', java.version: '1.8.0_181'
Driver info: driver.version: CEdgeDriver&#xD;
	at org.openqa.selenium.remote.service.DriverCommandExecutor.execute(DriverCommandExecutor.java:92)&#xD;
	at org.openqa.selenium.remote.RemoteWebDriver.execute(RemoteWebDriver.java:552)&#xD;
	at com.kms.katalon.selenium.driver.CEdgeDriver.execute(CEdgeDriver.java:21)&#xD;
	at org.openqa.selenium.remote.RemoteWebDriver.startSession(RemoteWebDriver.java:213)&#xD;
	at org.openqa.selenium.remote.RemoteWebDriver.&lt;init&gt;(RemoteWebDriver.java:131)&#xD;
	at org.openqa.selenium.edge.EdgeDriver.&lt;init&gt;(EdgeDriver.java:154)&#xD;
	at com.kms.katalon.selenium.driver.CEdgeDriver.&lt;init&gt;(CEdgeDriver.java:14)&#xD;
	at com.kms.katalon.core.webui.driver.DriverFactory.createNewEdgeDriver(DriverFactory.java:435)&#xD;
	at com.kms.katalon.core.webui.driver.DriverFactory.startNewBrowser(DriverFactory.java:257)&#xD;
	at com.kms.katalon.core.webui.driver.DriverFactory.openWebDriver(DriverFactory.java:191)&#xD;
	at com.kms.katalon.core.webui.keyword.builtin.OpenBrowserKeyword$_openBrowser_closure1.doCall(OpenBrowserKeyword.groovy:74)&#xD;
	at com.kms.katalon.core.webui.keyword.builtin.OpenBrowserKeyword$_openBrowser_closure1.call(OpenBrowserKeyword.groovy)&#xD;
	at com.kms.katalon.core.webui.keyword.internal.WebUIKeywordMain.runKeyword(WebUIKeywordMain.groovy:20)&#xD;
	at com.kms.katalon.core.webui.keyword.builtin.OpenBrowserKeyword.openBrowser(OpenBrowserKeyword.groovy:81)&#xD;
	at com.kms.katalon.core.webui.keyword.builtin.OpenBrowserKeyword.execute(OpenBrowserKeyword.groovy:67)&#xD;
	at com.kms.katalon.core.keyword.internal.KeywordExecutor.executeKeywordForPlatform(KeywordExecutor.groovy:56)&#xD;
	at com.kms.katalon.core.webui.keyword.WebUiBuiltInKeywords.openBrowser(WebUiBuiltInKeywords.groovy:60)&#xD;
	at com.kms.katalon.core.webui.keyword.WebUiBuiltInKeywords$openBrowser.call(Unknown Source)&#xD;
	at Script1564042938091.run(Script1564042938091.groovy:17)&#xD;
	... 13 more&#xD;
Caused by: java.net.ConnectException: Failed to connect to localhost/0:0:0:0:0:0:0:1:38282&#xD;
	at okhttp3.internal.connection.RealConnection.connectSocket(RealConnection.java:247)&#xD;
	at okhttp3.internal.connection.RealConnection.connect(RealConnection.java:165)&#xD;
	at okhttp3.internal.connection.StreamAllocation.findConnection(StreamAllocation.java:257)&#xD;
	at okhttp3.internal.connection.StreamAllocation.findHealthyConnection(StreamAllocation.java:135)&#xD;
	at okhttp3.internal.connection.StreamAllocation.newStream(StreamAllocation.java:114)&#xD;
	at okhttp3.internal.connection.ConnectInterceptor.intercept(ConnectInterceptor.java:42)&#xD;
	at okhttp3.internal.http.RealInterceptorChain.proceed(RealInterceptorChain.java:147)&#xD;
	at okhttp3.internal.http.RealInterceptorChain.proceed(RealInterceptorChain.java:121)&#xD;
	at okhttp3.internal.cache.CacheInterceptor.intercept(CacheInterceptor.java:93)&#xD;
	at okhttp3.internal.http.RealInterceptorChain.proceed(RealInterceptorChain.java:147)&#xD;
	at okhttp3.internal.http.RealInterceptorChain.proceed(RealInterceptorChain.java:121)&#xD;
	at okhttp3.internal.http.BridgeInterceptor.intercept(BridgeInterceptor.java:93)&#xD;
	at okhttp3.internal.http.RealInterceptorChain.proceed(RealInterceptorChain.java:147)&#xD;
	at okhttp3.internal.http.RetryAndFollowUpInterceptor.intercept(RetryAndFollowUpInterceptor.java:126)&#xD;
	at okhttp3.internal.http.RealInterceptorChain.proceed(RealInterceptorChain.java:147)&#xD;
	at okhttp3.internal.http.RealInterceptorChain.proceed(RealInterceptorChain.java:121)&#xD;
	at okhttp3.RealCall.getResponseWithInterceptorChain(RealCall.java:200)&#xD;
	at okhttp3.RealCall.execute(RealCall.java:77)&#xD;
	at org.openqa.selenium.remote.internal.OkHttpClient.execute(OkHttpClient.java:103)&#xD;
	at org.openqa.selenium.remote.ProtocolHandshake.createSession(ProtocolHandshake.java:105)&#xD;
	at org.openqa.selenium.remote.ProtocolHandshake.createSession(ProtocolHandshake.java:74)&#xD;
	at org.openqa.selenium.remote.HttpCommandExecutor.execute(HttpCommandExecutor.java:136)&#xD;
	at org.openqa.selenium.remote.service.DriverCommandExecutor.execute(DriverCommandExecutor.java:83)&#xD;
	... 31 more&#xD;
Caused by: java.net.ConnectException: Connection refused: connect&#xD;
	at okhttp3.internal.platform.Platform.connectSocket(Platform.java:129)&#xD;
	at okhttp3.internal.connection.RealConnection.connectSocket(RealConnection.java:245)&#xD;
	at okhttp3.internal.connection.RealConnection.connect(RealConnection.java:165)&#xD;
	at okhttp3.internal.connection.StreamAllocation.findConnection(StreamAllocation.java:257)&#xD;
	at okhttp3.internal.connection.StreamAllocation.findHealthyConnection(StreamAllocation.java:135)&#xD;
	at okhttp3.internal.connection.StreamAllocation.newStream(StreamAllocation.java:114)&#xD;
	at okhttp3.internal.connection.ConnectInterceptor.intercept(ConnectInterceptor.java:42)&#xD;
	at okhttp3.internal.http.RealInterceptorChain.proceed(RealInterceptorChain.java:147)&#xD;
	at okhttp3.internal.http.RealInterceptorChain.proceed(RealInterceptorChain.java:121)&#xD;
	at okhttp3.internal.cache.CacheInterceptor.intercept(CacheInterceptor.java:93)&#xD;
	at okhttp3.internal.http.RealInterceptorChain.proceed(RealInterceptorChain.java:147)&#xD;
	at okhttp3.internal.http.RealInterceptorChain.proceed(RealInterceptorChain.java:121)&#xD;
	at okhttp3.internal.http.BridgeInterceptor.intercept(BridgeInterceptor.java:93)&#xD;
	at okhttp3.internal.http.RealInterceptorChain.proceed(RealInterceptorChain.java:147)&#xD;
	at okhttp3.internal.http.RetryAndFollowUpInterceptor.intercept(RetryAndFollowUpInterceptor.java:126)&#xD;
	at okhttp3.internal.http.RealInterceptorChain.proceed(RealInterceptorChain.java:147)&#xD;
	at okhttp3.internal.http.RealInterceptorChain.proceed(RealInterceptorChain.java:121)&#xD;
	at okhttp3.RealCall.getResponseWithInterceptorChain(RealCall.java:200)&#xD;
	at okhttp3.RealCall.execute(RealCall.java:77)&#xD;
	at org.openqa.selenium.remote.internal.OkHttpClient.execute(OkHttpClient.java:103)&#xD;
	at org.openqa.selenium.remote.ProtocolHandshake.createSession(ProtocolHandshake.java:105)&#xD;
	at org.openqa.selenium.remote.ProtocolHandshake.createSession(ProtocolHandshake.java:74)&#xD;
	at org.openqa.selenium.remote.HttpCommandExecutor.execute(HttpCommandExecutor.java:136)&#xD;
	at org.openqa.selenium.remote.service.DriverCommandExecutor.execute(DriverCommandExecutor.java:83)&#xD;
	at org.openqa.selenium.remote.RemoteWebDriver.execute(RemoteWebDriver.java:552)&#xD;
	at com.kms.katalon.selenium.driver.CEdgeDriver.execute(CEdgeDriver.java:21)&#xD;
	at org.openqa.selenium.remote.RemoteWebDriver.startSession(RemoteWebDriver.java:213)&#xD;
	at org.openqa.selenium.remote.RemoteWebDriver.&lt;init&gt;(RemoteWebDriver.java:131)&#xD;
	at org.openqa.selenium.edge.EdgeDriver.&lt;init&gt;(EdgeDriver.java:154)&#xD;
	at com.kms.katalon.selenium.driver.CEdgeDriver.&lt;init&gt;(CEdgeDriver.java:14)&#xD;
	at com.kms.katalon.core.webui.driver.DriverFactory.createNewEdgeDriver(DriverFactory.java:435)&#xD;
	at com.kms.katalon.core.webui.driver.DriverFactory.startNewBrowser(DriverFactory.java:257)&#xD;
	at com.kms.katalon.core.webui.driver.DriverFactory.openWebDriver(DriverFactory.java:191)&#xD;
	at com.kms.katalon.core.webui.keyword.builtin.OpenBrowserKeyword$_openBrowser_closure1.doCall(OpenBrowserKeyword.groovy:74)&#xD;
	at com.kms.katalon.core.webui.keyword.builtin.OpenBrowserKeyword$_openBrowser_closure1.call(OpenBrowserKeyword.groovy)&#xD;
	at com.kms.katalon.core.webui.keyword.internal.WebUIKeywordMain.runKeyword(WebUIKeywordMain.groovy:20)&#xD;
	at com.kms.katalon.core.webui.keyword.builtin.OpenBrowserKeyword.openBrowser(OpenBrowserKeyword.groovy:81)&#xD;
	at com.kms.katalon.core.webui.keyword.builtin.OpenBrowserKeyword.execute(OpenBrowserKeyword.groovy:67)&#xD;
	at com.kms.katalon.core.keyword.internal.KeywordExecutor.executeKeywordForPlatform(KeywordExecutor.groovy:56)&#xD;
	at com.kms.katalon.core.webui.keyword.WebUiBuiltInKeywords.openBrowser(WebUiBuiltInKeywords.groovy:60)&#xD;
	at com.kms.katalon.core.webui.keyword.WebUiBuiltInKeywords$openBrowser.call(Unknown Source)&#xD;
	at bearingpoing.run(bearingpoing:17)&#xD;
	... 13 more&#xD;
&#xD;
&#xD;
2019-07-25 11:09:47 - [TEST_STEP][FAILED] - openBrowser(""): Unable to open browser with url: '' (Root cause: com.kms.katalon.core.exception.StepFailedException: Unable to open browser with url: ''&#xD;
	at com.kms.katalon.core.webui.keyword.internal.WebUIKeywordMain.stepFailed(WebUIKeywordMain.groovy:64)&#xD;
	at com.kms.katalon.core.webui.keyword.internal.WebUIKeywordMain.runKeyword(WebUIKeywordMain.groovy:26)&#xD;
	at com.kms.katalon.core.webui.keyword.builtin.OpenBrowserKeyword.openBrowser(OpenBrowserKeyword.groovy:81)&#xD;
	at com.kms.katalon.core.webui.keyword.builtin.OpenBrowserKeyword.execute(OpenBrowserKeyword.groovy:67)&#xD;
	at com.kms.katalon.core.keyword.internal.KeywordExecutor.executeKeywordForPlatform(KeywordExecutor.groovy:56)&#xD;
	at com.kms.katalon.core.webui.keyword.WebUiBuiltInKeywords.openBrowser(WebUiBuiltInKeywords.groovy:60)&#xD;
	at com.kms.katalon.core.webui.keyword.WebUiBuiltInKeywords$openBrowser.call(Unknown Source)&#xD;
	at bearingpoing.run(bearingpoing:17)&#xD;
	at com.kms.katalon.core.main.ScriptEngine.run(ScriptEngine.java:194)&#xD;
	at com.kms.katalon.core.main.ScriptEngine.runScriptAsRawText(ScriptEngine.java:119)&#xD;
	at com.kms.katalon.core.main.TestCaseExecutor.runScript(TestCaseExecutor.java:337)&#xD;
	at com.kms.katalon.core.main.TestCaseExecutor.doExecute(TestCaseExecutor.java:328)&#xD;
	at com.kms.katalon.core.main.TestCaseExecutor.processExecutionPhase(TestCaseExecutor.java:307)&#xD;
	at com.kms.katalon.core.main.TestCaseExecutor.accessMainPhase(TestCaseExecutor.java:299)&#xD;
	at com.kms.katalon.core.main.TestCaseExecutor.execute(TestCaseExecutor.java:233)&#xD;
	at com.kms.katalon.core.main.TestSuiteExecutor.accessTestCaseMainPhase(TestSuiteExecutor.java:133)&#xD;
	at com.kms.katalon.core.main.TestSuiteExecutor.accessTestSuiteMainPhase(TestSuiteExecutor.java:116)&#xD;
	at com.kms.katalon.core.main.TestSuiteExecutor.execute(TestSuiteExecutor.java:83)&#xD;
	at com.kms.katalon.core.main.TestCaseMain.startTestSuite(TestCaseMain.java:157)&#xD;
	at com.kms.katalon.core.main.TestCaseMain$startTestSuite$0.call(Unknown Source)&#xD;
	at TempTestSuite1564044813085.run(TempTestSuite1564044813085.groovy:35)&#xD;
Caused by: org.openqa.selenium.WebDriverException: java.net.ConnectException: Failed to connect to localhost/0:0:0:0:0:0:0:1:38282
Build info: version: '3.141.59', revision: 'e82be7d358', time: '2018-11-14T08:25:53'
System info: host: 'ANTONIO', ip: '169.254.42.39', os.name: 'Windows 10', os.arch: 'amd64', os.version: '10.0', java.version: '1.8.0_181'
Driver info: driver.version: CEdgeDriver&#xD;
	at org.openqa.selenium.remote.service.DriverCommandExecutor.execute(DriverCommandExecutor.java:92)&#xD;
	at org.openqa.selenium.remote.RemoteWebDriver.execute(RemoteWebDriver.java:552)&#xD;
	at com.kms.katalon.selenium.driver.CEdgeDriver.execute(CEdgeDriver.java:21)&#xD;
	at org.openqa.selenium.remote.RemoteWebDriver.startSession(RemoteWebDriver.java:213)&#xD;
	at org.openqa.selenium.remote.RemoteWebDriver.&lt;init&gt;(RemoteWebDriver.java:131)&#xD;
	at org.openqa.selenium.edge.EdgeDriver.&lt;init&gt;(EdgeDriver.java:154)&#xD;
	at com.kms.katalon.selenium.driver.CEdgeDriver.&lt;init&gt;(CEdgeDriver.java:14)&#xD;
	at com.kms.katalon.core.webui.driver.DriverFactory.createNewEdgeDriver(DriverFactory.java:435)&#xD;
	at com.kms.katalon.core.webui.driver.DriverFactory.startNewBrowser(DriverFactory.java:257)&#xD;
	at com.kms.katalon.core.webui.driver.DriverFactory.openWebDriver(DriverFactory.java:191)&#xD;
	at com.kms.katalon.core.webui.keyword.builtin.OpenBrowserKeyword$_openBrowser_closure1.doCall(OpenBrowserKeyword.groovy:74)&#xD;
	at com.kms.katalon.core.webui.keyword.builtin.OpenBrowserKeyword$_openBrowser_closure1.call(OpenBrowserKeyword.groovy)&#xD;
	at com.kms.katalon.core.webui.keyword.internal.WebUIKeywordMain.runKeyword(WebUIKeywordMain.groovy:20)&#xD;
	at com.kms.katalon.core.webui.keyword.builtin.OpenBrowserKeyword.openBrowser(OpenBrowserKeyword.groovy:81)&#xD;
	at com.kms.katalon.core.webui.keyword.builtin.OpenBrowserKeyword.execute(OpenBrowserKeyword.groovy:67)&#xD;
	at com.kms.katalon.core.keyword.internal.KeywordExecutor.executeKeywordForPlatform(KeywordExecutor.groovy:56)&#xD;
	at com.kms.katalon.core.webui.keyword.WebUiBuiltInKeywords.openBrowser(WebUiBuiltInKeywords.groovy:60)&#xD;
	at com.kms.katalon.core.webui.keyword.WebUiBuiltInKeywords$openBrowser.call(Unknown Source)&#xD;
	at Script1564042938091.run(Script1564042938091.groovy:17)&#xD;
	... 13 more&#xD;
Caused by: java.net.ConnectException: Failed to connect to localhost/0:0:0:0:0:0:0:1:38282&#xD;
	at okhttp3.internal.connection.RealConnection.connectSocket(RealConnection.java:247)&#xD;
	at okhttp3.internal.connection.RealConnection.connect(RealConnection.java:165)&#xD;
	at okhttp3.internal.connection.StreamAllocation.findConnection(StreamAllocation.java:257)&#xD;
	at okhttp3.internal.connection.StreamAllocation.findHealthyConnection(StreamAllocation.java:135)&#xD;
	at okhttp3.internal.connection.StreamAllocation.newStream(StreamAllocation.java:114)&#xD;
	at okhttp3.internal.connection.ConnectInterceptor.intercept(ConnectInterceptor.java:42)&#xD;
	at okhttp3.internal.http.RealInterceptorChain.proceed(RealInterceptorChain.java:147)&#xD;
	at okhttp3.internal.http.RealInterceptorChain.proceed(RealInterceptorChain.java:121)&#xD;
	at okhttp3.internal.cache.CacheInterceptor.intercept(CacheInterceptor.java:93)&#xD;
	at okhttp3.internal.http.RealInterceptorChain.proceed(RealInterceptorChain.java:147)&#xD;
	at okhttp3.internal.http.RealInterceptorChain.proceed(RealInterceptorChain.java:121)&#xD;
	at okhttp3.internal.http.BridgeInterceptor.intercept(BridgeInterceptor.java:93)&#xD;
	at okhttp3.internal.http.RealInterceptorChain.proceed(RealInterceptorChain.java:147)&#xD;
	at okhttp3.internal.http.RetryAndFollowUpInterceptor.intercept(RetryAndFollowUpInterceptor.java:126)&#xD;
	at okhttp3.internal.http.RealInterceptorChain.proceed(RealInterceptorChain.java:147)&#xD;
	at okhttp3.internal.http.RealInterceptorChain.proceed(RealInterceptorChain.java:121)&#xD;
	at okhttp3.RealCall.getResponseWithInterceptorChain(RealCall.java:200)&#xD;
	at okhttp3.RealCall.execute(RealCall.java:77)&#xD;
	at org.openqa.selenium.remote.internal.OkHttpClient.execute(OkHttpClient.java:103)&#xD;
	at org.openqa.selenium.remote.ProtocolHandshake.createSession(ProtocolHandshake.java:105)&#xD;
	at org.openqa.selenium.remote.ProtocolHandshake.createSession(ProtocolHandshake.java:74)&#xD;
	at org.openqa.selenium.remote.HttpCommandExecutor.execute(HttpCommandExecutor.java:136)&#xD;
	at org.openqa.selenium.remote.service.DriverCommandExecutor.execute(DriverCommandExecutor.java:83)&#xD;
	... 31 more&#xD;
Caused by: java.net.ConnectException: Connection refused: connect&#xD;
	at okhttp3.internal.platform.Platform.connectSocket(Platform.java:129)&#xD;
	at okhttp3.internal.connection.RealConnection.connectSocket(RealConnection.java:245)&#xD;
	... 53 more&#xD;
)&#xD;
&#xD;
2019-07-25 11:09:47 - [MESSAGE][INFO] - Starting 'Edge' driver&#xD;
&#xD;
2019-07-25 11:09:49 - [MESSAGE][FAILED] - Unable to open browser with url: '' (Root cause: com.kms.katalon.core.exception.StepFailedException: Unable to open browser with url: ''&#xD;
	at com.kms.katalon.core.webui.keyword.internal.WebUIKeywordMain.stepFailed(WebUIKeywordMain.groovy:64)&#xD;
	at com.kms.katalon.core.webui.keyword.internal.WebUIKeywordMain.runKeyword(WebUIKeywordMain.groovy:26)&#xD;
	at com.kms.katalon.core.webui.keyword.builtin.OpenBrowserKeyword.openBrowser(OpenBrowserKeyword.groovy:81)&#xD;
	at com.kms.katalon.core.webui.keyword.builtin.OpenBrowserKeyword.execute(OpenBrowserKeyword.groovy:67)&#xD;
	at com.kms.katalon.core.keyword.internal.KeywordExecutor.executeKeywordForPlatform(KeywordExecutor.groovy:56)&#xD;
	at com.kms.katalon.core.webui.keyword.WebUiBuiltInKeywords.openBrowser(WebUiBuiltInKeywords.groovy:60)&#xD;
	at com.kms.katalon.core.webui.keyword.WebUiBuiltInKeywords$openBrowser.call(Unknown Source)&#xD;
	at bearingpoing.run(bearingpoing:17)&#xD;
	at com.kms.katalon.core.main.ScriptEngine.run(ScriptEngine.java:194)&#xD;
	at com.kms.katalon.core.main.ScriptEngine.runScriptAsRawText(ScriptEngine.java:119)&#xD;
	at com.kms.katalon.core.main.TestCaseExecutor.runScript(TestCaseExecutor.java:337)&#xD;
	at com.kms.katalon.core.main.TestCaseExecutor.doExecute(TestCaseExecutor.java:328)&#xD;
	at com.kms.katalon.core.main.TestCaseExecutor.processExecutionPhase(TestCaseExecutor.java:307)&#xD;
	at com.kms.katalon.core.main.TestCaseExecutor.accessMainPhase(TestCaseExecutor.java:299)&#xD;
	at com.kms.katalon.core.main.TestCaseExecutor.execute(TestCaseExecutor.java:233)&#xD;
	at com.kms.katalon.core.main.TestSuiteExecutor.accessTestCaseMainPhase(TestSuiteExecutor.java:133)&#xD;
	at com.kms.katalon.core.main.TestSuiteExecutor.accessTestSuiteMainPhase(TestSuiteExecutor.java:116)&#xD;
	at com.kms.katalon.core.main.TestSuiteExecutor.execute(TestSuiteExecutor.java:83)&#xD;
	at com.kms.katalon.core.main.TestCaseMain.startTestSuite(TestCaseMain.java:157)&#xD;
	at com.kms.katalon.core.main.TestCaseMain$startTestSuite$0.call(Unknown Source)&#xD;
	at TempTestSuite1564044813085.run(TempTestSuite1564044813085.groovy:35)&#xD;
Caused by: org.openqa.selenium.WebDriverException: java.net.ConnectException: Failed to connect to localhost/0:0:0:0:0:0:0:1:38282
Build info: version: '3.141.59', revision: 'e82be7d358', time: '2018-11-14T08:25:53'
System info: host: 'ANTONIO', ip: '169.254.42.39', os.name: 'Windows 10', os.arch: 'amd64', os.version: '10.0', java.version: '1.8.0_181'
Driver info: driver.version: CEdgeDriver&#xD;
	at org.openqa.selenium.remote.service.DriverCommandExecutor.execute(DriverCommandExecutor.java:92)&#xD;
	at org.openqa.selenium.remote.RemoteWebDriver.execute(RemoteWebDriver.java:552)&#xD;
	at com.kms.katalon.selenium.driver.CEdgeDriver.execute(CEdgeDriver.java:21)&#xD;
	at org.openqa.selenium.remote.RemoteWebDriver.startSession(RemoteWebDriver.java:213)&#xD;
	at org.openqa.selenium.remote.RemoteWebDriver.&lt;init&gt;(RemoteWebDriver.java:131)&#xD;
	at org.openqa.selenium.edge.EdgeDriver.&lt;init&gt;(EdgeDriver.java:154)&#xD;
	at com.kms.katalon.selenium.driver.CEdgeDriver.&lt;init&gt;(CEdgeDriver.java:14)&#xD;
	at com.kms.katalon.core.webui.driver.DriverFactory.createNewEdgeDriver(DriverFactory.java:435)&#xD;
	at com.kms.katalon.core.webui.driver.DriverFactory.startNewBrowser(DriverFactory.java:257)&#xD;
	at com.kms.katalon.core.webui.driver.DriverFactory.openWebDriver(DriverFactory.java:191)&#xD;
	at com.kms.katalon.core.webui.keyword.builtin.OpenBrowserKeyword$_openBrowser_closure1.doCall(OpenBrowserKeyword.groovy:74)&#xD;
	at com.kms.katalon.core.webui.keyword.builtin.OpenBrowserKeyword$_openBrowser_closure1.call(OpenBrowserKeyword.groovy)&#xD;
	at com.kms.katalon.core.webui.keyword.internal.WebUIKeywordMain.runKeyword(WebUIKeywordMain.groovy:20)&#xD;
	at com.kms.katalon.core.webui.keyword.builtin.OpenBrowserKeyword.openBrowser(OpenBrowserKeyword.groovy:81)&#xD;
	at com.kms.katalon.core.webui.keyword.builtin.OpenBrowserKeyword.execute(OpenBrowserKeyword.groovy:67)&#xD;
	at com.kms.katalon.core.keyword.internal.KeywordExecutor.executeKeywordForPlatform(KeywordExecutor.groovy:56)&#xD;
	at com.kms.katalon.core.webui.keyword.WebUiBuiltInKeywords.openBrowser(WebUiBuiltInKeywords.groovy:60)&#xD;
	at com.kms.katalon.core.webui.keyword.WebUiBuiltInKeywords$openBrowser.call(Unknown Source)&#xD;
	at Script1564042938091.run(Script1564042938091.groovy:17)&#xD;
	... 13 more&#xD;
Caused by: java.net.ConnectException: Failed to connect to localhost/0:0:0:0:0:0:0:1:38282&#xD;
	at okhttp3.internal.connection.RealConnection.connectSocket(RealConnection.java:247)&#xD;
	at okhttp3.internal.connection.RealConnection.connect(RealConnection.java:165)&#xD;
	at okhttp3.internal.connection.StreamAllocation.findConnection(StreamAllocation.java:257)&#xD;
	at okhttp3.internal.connection.StreamAllocation.findHealthyConnection(StreamAllocation.java:135)&#xD;
	at okhttp3.internal.connection.StreamAllocation.newStream(StreamAllocation.java:114)&#xD;
	at okhttp3.internal.connection.ConnectInterceptor.intercept(ConnectInterceptor.java:42)&#xD;
	at okhttp3.internal.http.RealInterceptorChain.proceed(RealInterceptorChain.java:147)&#xD;
	at okhttp3.internal.http.RealInterceptorChain.proceed(RealInterceptorChain.java:121)&#xD;
	at okhttp3.internal.cache.CacheInterceptor.intercept(CacheInterceptor.java:93)&#xD;
	at okhttp3.internal.http.RealInterceptorChain.proceed(RealInterceptorChain.java:147)&#xD;
	at okhttp3.internal.http.RealInterceptorChain.proceed(RealInterceptorChain.java:121)&#xD;
	at okhttp3.internal.http.BridgeInterceptor.intercept(BridgeInterceptor.java:93)&#xD;
	at okhttp3.internal.http.RealInterceptorChain.proceed(RealInterceptorChain.java:147)&#xD;
	at okhttp3.internal.http.RetryAndFollowUpInterceptor.intercept(RetryAndFollowUpInterceptor.java:126)&#xD;
	at okhttp3.internal.http.RealInterceptorChain.proceed(RealInterceptorChain.java:147)&#xD;
	at okhttp3.internal.http.RealInterceptorChain.proceed(RealInterceptorChain.java:121)&#xD;
	at okhttp3.RealCall.getResponseWithInterceptorChain(RealCall.java:200)&#xD;
	at okhttp3.RealCall.execute(RealCall.java:77)&#xD;
	at org.openqa.selenium.remote.internal.OkHttpClient.execute(OkHttpClient.java:103)&#xD;
	at org.openqa.selenium.remote.ProtocolHandshake.createSession(ProtocolHandshake.java:105)&#xD;
	at org.openqa.selenium.remote.ProtocolHandshake.createSession(ProtocolHandshake.java:74)&#xD;
	at org.openqa.selenium.remote.HttpCommandExecutor.execute(HttpCommandExecutor.java:136)&#xD;
	at org.openqa.selenium.remote.service.DriverCommandExecutor.execute(DriverCommandExecutor.java:83)&#xD;
	... 31 more&#xD;
Caused by: java.net.ConnectException: Connection refused: connect&#xD;
	at okhttp3.internal.platform.Platform.connectSocket(Platform.java:129)&#xD;
	at okhttp3.internal.connection.RealConnection.connectSocket(RealConnection.java:245)&#xD;
	... 53 more&#xD;
)</system-out>
            <system-err>2019-07-25 11:09:47 - [TEST_CASE][FAILED] - Test Cases/bearingpoing: Test Cases/bearingpoing FAILED.
Reason:
com.kms.katalon.core.exception.StepFailedException: Unable to open browser with url: ''&#xD;
	at com.kms.katalon.core.webui.keyword.internal.WebUIKeywordMain.stepFailed(WebUIKeywordMain.groovy:64)&#xD;
	at com.kms.katalon.core.webui.keyword.internal.WebUIKeywordMain.runKeyword(WebUIKeywordMain.groovy:26)&#xD;
	at com.kms.katalon.core.webui.keyword.builtin.OpenBrowserKeyword.openBrowser(OpenBrowserKeyword.groovy:81)&#xD;
	at com.kms.katalon.core.webui.keyword.builtin.OpenBrowserKeyword.execute(OpenBrowserKeyword.groovy:67)&#xD;
	at com.kms.katalon.core.keyword.internal.KeywordExecutor.executeKeywordForPlatform(KeywordExecutor.groovy:56)&#xD;
	at com.kms.katalon.core.webui.keyword.WebUiBuiltInKeywords.openBrowser(WebUiBuiltInKeywords.groovy:60)&#xD;
	at com.kms.katalon.core.webui.keyword.WebUiBuiltInKeywords$openBrowser.call(Unknown Source)&#xD;
	at bearingpoing.run(bearingpoing:17)&#xD;
	at com.kms.katalon.core.main.ScriptEngine.run(ScriptEngine.java:194)&#xD;
	at com.kms.katalon.core.main.ScriptEngine.runScriptAsRawText(ScriptEngine.java:119)&#xD;
	at com.kms.katalon.core.main.TestCaseExecutor.runScript(TestCaseExecutor.java:337)&#xD;
	at com.kms.katalon.core.main.TestCaseExecutor.doExecute(TestCaseExecutor.java:328)&#xD;
	at com.kms.katalon.core.main.TestCaseExecutor.processExecutionPhase(TestCaseExecutor.java:307)&#xD;
	at com.kms.katalon.core.main.TestCaseExecutor.accessMainPhase(TestCaseExecutor.java:299)&#xD;
	at com.kms.katalon.core.main.TestCaseExecutor.execute(TestCaseExecutor.java:233)&#xD;
	at com.kms.katalon.core.main.TestSuiteExecutor.accessTestCaseMainPhase(TestSuiteExecutor.java:133)&#xD;
	at com.kms.katalon.core.main.TestSuiteExecutor.accessTestSuiteMainPhase(TestSuiteExecutor.java:116)&#xD;
	at com.kms.katalon.core.main.TestSuiteExecutor.execute(TestSuiteExecutor.java:83)&#xD;
	at com.kms.katalon.core.main.TestCaseMain.startTestSuite(TestCaseMain.java:157)&#xD;
	at com.kms.katalon.core.main.TestCaseMain$startTestSuite$0.call(Unknown Source)&#xD;
	at TempTestSuite1564044813085.run(TempTestSuite1564044813085.groovy:35)&#xD;
Caused by: org.openqa.selenium.WebDriverException: java.net.ConnectException: Failed to connect to localhost/0:0:0:0:0:0:0:1:38282
Build info: version: '3.141.59', revision: 'e82be7d358', time: '2018-11-14T08:25:53'
System info: host: 'ANTONIO', ip: '169.254.42.39', os.name: 'Windows 10', os.arch: 'amd64', os.version: '10.0', java.version: '1.8.0_181'
Driver info: driver.version: CEdgeDriver&#xD;
	at org.openqa.selenium.remote.service.DriverCommandExecutor.execute(DriverCommandExecutor.java:92)&#xD;
	at org.openqa.selenium.remote.RemoteWebDriver.execute(RemoteWebDriver.java:552)&#xD;
	at com.kms.katalon.selenium.driver.CEdgeDriver.execute(CEdgeDriver.java:21)&#xD;
	at org.openqa.selenium.remote.RemoteWebDriver.startSession(RemoteWebDriver.java:213)&#xD;
	at org.openqa.selenium.remote.RemoteWebDriver.&lt;init&gt;(RemoteWebDriver.java:131)&#xD;
	at org.openqa.selenium.edge.EdgeDriver.&lt;init&gt;(EdgeDriver.java:154)&#xD;
	at com.kms.katalon.selenium.driver.CEdgeDriver.&lt;init&gt;(CEdgeDriver.java:14)&#xD;
	at com.kms.katalon.core.webui.driver.DriverFactory.createNewEdgeDriver(DriverFactory.java:435)&#xD;
	at com.kms.katalon.core.webui.driver.DriverFactory.startNewBrowser(DriverFactory.java:257)&#xD;
	at com.kms.katalon.core.webui.driver.DriverFactory.openWebDriver(DriverFactory.java:191)&#xD;
	at com.kms.katalon.core.webui.keyword.builtin.OpenBrowserKeyword$_openBrowser_closure1.doCall(OpenBrowserKeyword.groovy:74)&#xD;
	at com.kms.katalon.core.webui.keyword.builtin.OpenBrowserKeyword$_openBrowser_closure1.call(OpenBrowserKeyword.groovy)&#xD;
	at com.kms.katalon.core.webui.keyword.internal.WebUIKeywordMain.runKeyword(WebUIKeywordMain.groovy:20)&#xD;
	at com.kms.katalon.core.webui.keyword.builtin.OpenBrowserKeyword.openBrowser(OpenBrowserKeyword.groovy:81)&#xD;
	at com.kms.katalon.core.webui.keyword.builtin.OpenBrowserKeyword.execute(OpenBrowserKeyword.groovy:67)&#xD;
	at com.kms.katalon.core.keyword.internal.KeywordExecutor.executeKeywordForPlatform(KeywordExecutor.groovy:56)&#xD;
	at com.kms.katalon.core.webui.keyword.WebUiBuiltInKeywords.openBrowser(WebUiBuiltInKeywords.groovy:60)&#xD;
	at com.kms.katalon.core.webui.keyword.WebUiBuiltInKeywords$openBrowser.call(Unknown Source)&#xD;
	at Script1564042938091.run(Script1564042938091.groovy:17)&#xD;
	... 13 more&#xD;
Caused by: java.net.ConnectException: Failed to connect to localhost/0:0:0:0:0:0:0:1:38282&#xD;
	at okhttp3.internal.connection.RealConnection.connectSocket(RealConnection.java:247)&#xD;
	at okhttp3.internal.connection.RealConnection.connect(RealConnection.java:165)&#xD;
	at okhttp3.internal.connection.StreamAllocation.findConnection(StreamAllocation.java:257)&#xD;
	at okhttp3.internal.connection.StreamAllocation.findHealthyConnection(StreamAllocation.java:135)&#xD;
	at okhttp3.internal.connection.StreamAllocation.newStream(StreamAllocation.java:114)&#xD;
	at okhttp3.internal.connection.ConnectInterceptor.intercept(ConnectInterceptor.java:42)&#xD;
	at okhttp3.internal.http.RealInterceptorChain.proceed(RealInterceptorChain.java:147)&#xD;
	at okhttp3.internal.http.RealInterceptorChain.proceed(RealInterceptorChain.java:121)&#xD;
	at okhttp3.internal.cache.CacheInterceptor.intercept(CacheInterceptor.java:93)&#xD;
	at okhttp3.internal.http.RealInterceptorChain.proceed(RealInterceptorChain.java:147)&#xD;
	at okhttp3.internal.http.RealInterceptorChain.proceed(RealInterceptorChain.java:121)&#xD;
	at okhttp3.internal.http.BridgeInterceptor.intercept(BridgeInterceptor.java:93)&#xD;
	at okhttp3.internal.http.RealInterceptorChain.proceed(RealInterceptorChain.java:147)&#xD;
	at okhttp3.internal.http.RetryAndFollowUpInterceptor.intercept(RetryAndFollowUpInterceptor.java:126)&#xD;
	at okhttp3.internal.http.RealInterceptorChain.proceed(RealInterceptorChain.java:147)&#xD;
	at okhttp3.internal.http.RealInterceptorChain.proceed(RealInterceptorChain.java:121)&#xD;
	at okhttp3.RealCall.getResponseWithInterceptorChain(RealCall.java:200)&#xD;
	at okhttp3.RealCall.execute(RealCall.java:77)&#xD;
	at org.openqa.selenium.remote.internal.OkHttpClient.execute(OkHttpClient.java:103)&#xD;
	at org.openqa.selenium.remote.ProtocolHandshake.createSession(ProtocolHandshake.java:105)&#xD;
	at org.openqa.selenium.remote.ProtocolHandshake.createSession(ProtocolHandshake.java:74)&#xD;
	at org.openqa.selenium.remote.HttpCommandExecutor.execute(HttpCommandExecutor.java:136)&#xD;
	at org.openqa.selenium.remote.service.DriverCommandExecutor.execute(DriverCommandExecutor.java:83)&#xD;
	... 31 more&#xD;
Caused by: java.net.ConnectException: Connection refused: connect&#xD;
	at okhttp3.internal.platform.Platform.connectSocket(Platform.java:129)&#xD;
	at okhttp3.internal.connection.RealConnection.connectSocket(RealConnection.java:245)&#xD;
	at okhttp3.internal.connection.RealConnection.connect(RealConnection.java:165)&#xD;
	at okhttp3.internal.connection.StreamAllocation.findConnection(StreamAllocation.java:257)&#xD;
	at okhttp3.internal.connection.StreamAllocation.findHealthyConnection(StreamAllocation.java:135)&#xD;
	at okhttp3.internal.connection.StreamAllocation.newStream(StreamAllocation.java:114)&#xD;
	at okhttp3.internal.connection.ConnectInterceptor.intercept(ConnectInterceptor.java:42)&#xD;
	at okhttp3.internal.http.RealInterceptorChain.proceed(RealInterceptorChain.java:147)&#xD;
	at okhttp3.internal.http.RealInterceptorChain.proceed(RealInterceptorChain.java:121)&#xD;
	at okhttp3.internal.cache.CacheInterceptor.intercept(CacheInterceptor.java:93)&#xD;
	at okhttp3.internal.http.RealInterceptorChain.proceed(RealInterceptorChain.java:147)&#xD;
	at okhttp3.internal.http.RealInterceptorChain.proceed(RealInterceptorChain.java:121)&#xD;
	at okhttp3.internal.http.BridgeInterceptor.intercept(BridgeInterceptor.java:93)&#xD;
	at okhttp3.internal.http.RealInterceptorChain.proceed(RealInterceptorChain.java:147)&#xD;
	at okhttp3.internal.http.RetryAndFollowUpInterceptor.intercept(RetryAndFollowUpInterceptor.java:126)&#xD;
	at okhttp3.internal.http.RealInterceptorChain.proceed(RealInterceptorChain.java:147)&#xD;
	at okhttp3.internal.http.RealInterceptorChain.proceed(RealInterceptorChain.java:121)&#xD;
	at okhttp3.RealCall.getResponseWithInterceptorChain(RealCall.java:200)&#xD;
	at okhttp3.RealCall.execute(RealCall.java:77)&#xD;
	at org.openqa.selenium.remote.internal.OkHttpClient.execute(OkHttpClient.java:103)&#xD;
	at org.openqa.selenium.remote.ProtocolHandshake.createSession(ProtocolHandshake.java:105)&#xD;
	at org.openqa.selenium.remote.ProtocolHandshake.createSession(ProtocolHandshake.java:74)&#xD;
	at org.openqa.selenium.remote.HttpCommandExecutor.execute(HttpCommandExecutor.java:136)&#xD;
	at org.openqa.selenium.remote.service.DriverCommandExecutor.execute(DriverCommandExecutor.java:83)&#xD;
	at org.openqa.selenium.remote.RemoteWebDriver.execute(RemoteWebDriver.java:552)&#xD;
	at com.kms.katalon.selenium.driver.CEdgeDriver.execute(CEdgeDriver.java:21)&#xD;
	at org.openqa.selenium.remote.RemoteWebDriver.startSession(RemoteWebDriver.java:213)&#xD;
	at org.openqa.selenium.remote.RemoteWebDriver.&lt;init&gt;(RemoteWebDriver.java:131)&#xD;
	at org.openqa.selenium.edge.EdgeDriver.&lt;init&gt;(EdgeDriver.java:154)&#xD;
	at com.kms.katalon.selenium.driver.CEdgeDriver.&lt;init&gt;(CEdgeDriver.java:14)&#xD;
	at com.kms.katalon.core.webui.driver.DriverFactory.createNewEdgeDriver(DriverFactory.java:435)&#xD;
	at com.kms.katalon.core.webui.driver.DriverFactory.startNewBrowser(DriverFactory.java:257)&#xD;
	at com.kms.katalon.core.webui.driver.DriverFactory.openWebDriver(DriverFactory.java:191)&#xD;
	at com.kms.katalon.core.webui.keyword.builtin.OpenBrowserKeyword$_openBrowser_closure1.doCall(OpenBrowserKeyword.groovy:74)&#xD;
	at com.kms.katalon.core.webui.keyword.builtin.OpenBrowserKeyword$_openBrowser_closure1.call(OpenBrowserKeyword.groovy)&#xD;
	at com.kms.katalon.core.webui.keyword.internal.WebUIKeywordMain.runKeyword(WebUIKeywordMain.groovy:20)&#xD;
	at com.kms.katalon.core.webui.keyword.builtin.OpenBrowserKeyword.openBrowser(OpenBrowserKeyword.groovy:81)&#xD;
	at com.kms.katalon.core.webui.keyword.builtin.OpenBrowserKeyword.execute(OpenBrowserKeyword.groovy:67)&#xD;
	at com.kms.katalon.core.keyword.internal.KeywordExecutor.executeKeywordForPlatform(KeywordExecutor.groovy:56)&#xD;
	at com.kms.katalon.core.webui.keyword.WebUiBuiltInKeywords.openBrowser(WebUiBuiltInKeywords.groovy:60)&#xD;
	at com.kms.katalon.core.webui.keyword.WebUiBuiltInKeywords$openBrowser.call(Unknown Source)&#xD;
	at bearingpoing.run(bearingpoing:17)&#xD;
	... 13 more</system-err>
        </testcase>
        <testcase name="Test Cases/commerbank" classname="Test Cases/commerbank" status="FAILED">
            <failure type="FAILED" message="Test Cases/commerbank FAILED.&#xA;Reason:&#xA;com.kms.katalon.core.exception.StepFailedException: Unable to open browser with url: ''&#xD;&#xA;&#x9;at com.kms.katalon.core.webui.keyword.internal.WebUIKeywordMain.stepFailed(WebUIKeywordMain.groovy:64)&#xD;&#xA;&#x9;at com.kms.katalon.core.webui.keyword.internal.WebUIKeywordMain.runKeyword(WebUIKeywordMain.groovy:26)&#xD;&#xA;&#x9;at com.kms.katalon.core.webui.keyword.builtin.OpenBrowserKeyword.openBrowser(OpenBrowserKeyword.groovy:81)&#xD;&#xA;&#x9;at com.kms.katalon.core.webui.keyword.builtin.OpenBrowserKeyword.execute(OpenBrowserKeyword.groovy:67)&#xD;&#xA;&#x9;at com.kms.katalon.core.keyword.internal.KeywordExecutor.executeKeywordForPlatform(KeywordExecutor.groovy:56)&#xD;&#xA;&#x9;at com.kms.katalon.core.webui.keyword.WebUiBuiltInKeywords.openBrowser(WebUiBuiltInKeywords.groovy:60)&#xD;&#xA;&#x9;at com.kms.katalon.core.webui.keyword.WebUiBuiltInKeywords$openBrowser.call(Unknown Source)&#xD;&#xA;&#x9;at commerbank.run(commerbank:17)&#xD;&#xA;&#x9;at com.kms.katalon.core.main.ScriptEngine.run(ScriptEngine.java:194)&#xD;&#xA;&#x9;at com.kms.katalon.core.main.ScriptEngine.runScriptAsRawText(ScriptEngine.java:119)&#xD;&#xA;&#x9;at com.kms.katalon.core.main.TestCaseExecutor.runScript(TestCaseExecutor.java:337)&#xD;&#xA;&#x9;at com.kms.katalon.core.main.TestCaseExecutor.doExecute(TestCaseExecutor.java:328)&#xD;&#xA;&#x9;at com.kms.katalon.core.main.TestCaseExecutor.processExecutionPhase(TestCaseExecutor.java:307)&#xD;&#xA;&#x9;at com.kms.katalon.core.main.TestCaseExecutor.accessMainPhase(TestCaseExecutor.java:299)&#xD;&#xA;&#x9;at com.kms.katalon.core.main.TestCaseExecutor.execute(TestCaseExecutor.java:233)&#xD;&#xA;&#x9;at com.kms.katalon.core.main.TestSuiteExecutor.accessTestCaseMainPhase(TestSuiteExecutor.java:133)&#xD;&#xA;&#x9;at com.kms.katalon.core.main.TestSuiteExecutor.accessTestSuiteMainPhase(TestSuiteExecutor.java:116)&#xD;&#xA;&#x9;at com.kms.katalon.core.main.TestSuiteExecutor.execute(TestSuiteExecutor.java:83)&#xD;&#xA;&#x9;at com.kms.katalon.core.main.TestCaseMain.startTestSuite(TestCaseMain.java:157)&#xD;&#xA;&#x9;at com.kms.katalon.core.main.TestCaseMain$startTestSuite$0.call(Unknown Source)&#xD;&#xA;&#x9;at TempTestSuite1564044813085.run(TempTestSuite1564044813085.groovy:35)&#xD;&#xA;Caused by: org.openqa.selenium.WebDriverException: java.net.ConnectException: Failed to connect to localhost/0:0:0:0:0:0:0:1:38282&#xA;Build info: version: '3.141.59', revision: 'e82be7d358', time: '2018-11-14T08:25:53'&#xA;System info: host: 'ANTONIO', ip: '169.254.42.39', os.name: 'Windows 10', os.arch: 'amd64', os.version: '10.0', java.version: '1.8.0_181'&#xA;Driver info: driver.version: CEdgeDriver&#xD;&#xA;&#x9;at org.openqa.selenium.remote.service.DriverCommandExecutor.execute(DriverCommandExecutor.java:92)&#xD;&#xA;&#x9;at org.openqa.selenium.remote.RemoteWebDriver.execute(RemoteWebDriver.java:552)&#xD;&#xA;&#x9;at com.kms.katalon.selenium.driver.CEdgeDriver.execute(CEdgeDriver.java:21)&#xD;&#xA;&#x9;at org.openqa.selenium.remote.RemoteWebDriver.startSession(RemoteWebDriver.java:213)&#xD;&#xA;&#x9;at org.openqa.selenium.remote.RemoteWebDriver.&lt;init&gt;(RemoteWebDriver.java:131)&#xD;&#xA;&#x9;at org.openqa.selenium.edge.EdgeDriver.&lt;init&gt;(EdgeDriver.java:154)&#xD;&#xA;&#x9;at com.kms.katalon.selenium.driver.CEdgeDriver.&lt;init&gt;(CEdgeDriver.java:14)&#xD;&#xA;&#x9;at com.kms.katalon.core.webui.driver.DriverFactory.createNewEdgeDriver(DriverFactory.java:435)&#xD;&#xA;&#x9;at com.kms.katalon.core.webui.driver.DriverFactory.startNewBrowser(DriverFactory.java:257)&#xD;&#xA;&#x9;at com.kms.katalon.core.webui.driver.DriverFactory.openWebDriver(DriverFactory.java:191)&#xD;&#xA;&#x9;at com.kms.katalon.core.webui.keyword.builtin.OpenBrowserKeyword$_openBrowser_closure1.doCall(OpenBrowserKeyword.groovy:74)&#xD;&#xA;&#x9;at com.kms.katalon.core.webui.keyword.builtin.OpenBrowserKeyword$_openBrowser_closure1.call(OpenBrowserKeyword.groovy)&#xD;&#xA;&#x9;at com.kms.katalon.core.webui.keyword.internal.WebUIKeywordMain.runKeyword(WebUIKeywordMain.groovy:20)&#xD;&#xA;&#x9;at com.kms.katalon.core.webui.keyword.builtin.OpenBrowserKeyword.openBrowser(OpenBrowserKeyword.groovy:81)&#xD;&#xA;&#x9;at com.kms.katalon.core.webui.keyword.builtin.OpenBrowserKeyword.execute(OpenBrowserKeyword.groovy:67)&#xD;&#xA;&#x9;at com.kms.katalon.core.keyword.internal.KeywordExecutor.executeKeywordForPlatform(KeywordExecutor.groovy:56)&#xD;&#xA;&#x9;at com.kms.katalon.core.webui.keyword.WebUiBuiltInKeywords.openBrowser(WebUiBuiltInKeywords.groovy:60)&#xD;&#xA;&#x9;at com.kms.katalon.core.webui.keyword.WebUiBuiltInKeywords$openBrowser.call(Unknown Source)&#xD;&#xA;&#x9;at Script1564042960878.run(Script1564042960878.groovy:17)&#xD;&#xA;&#x9;... 13 more&#xD;&#xA;Caused by: java.net.ConnectException: Failed to connect to localhost/0:0:0:0:0:0:0:1:38282&#xD;&#xA;&#x9;at okhttp3.internal.connection.RealConnection.connectSocket(RealConnection.java:247)&#xD;&#xA;&#x9;at okhttp3.internal.connection.RealConnection.connect(RealConnection.java:165)&#xD;&#xA;&#x9;at okhttp3.internal.connection.StreamAllocation.findConnection(StreamAllocation.java:257)&#xD;&#xA;&#x9;at okhttp3.internal.connection.StreamAllocation.findHealthyConnection(StreamAllocation.java:135)&#xD;&#xA;&#x9;at okhttp3.internal.connection.StreamAllocation.newStream(StreamAllocation.java:114)&#xD;&#xA;&#x9;at okhttp3.internal.connection.ConnectInterceptor.intercept(ConnectInterceptor.java:42)&#xD;&#xA;&#x9;at okhttp3.internal.http.RealInterceptorChain.proceed(RealInterceptorChain.java:147)&#xD;&#xA;&#x9;at okhttp3.internal.http.RealInterceptorChain.proceed(RealInterceptorChain.java:121)&#xD;&#xA;&#x9;at okhttp3.internal.cache.CacheInterceptor.intercept(CacheInterceptor.java:93)&#xD;&#xA;&#x9;at okhttp3.internal.http.RealInterceptorChain.proceed(RealInterceptorChain.java:147)&#xD;&#xA;&#x9;at okhttp3.internal.http.RealInterceptorChain.proceed(RealInterceptorChain.java:121)&#xD;&#xA;&#x9;at okhttp3.internal.http.BridgeInterceptor.intercept(BridgeInterceptor.java:93)&#xD;&#xA;&#x9;at okhttp3.internal.http.RealInterceptorChain.proceed(RealInterceptorChain.java:147)&#xD;&#xA;&#x9;at okhttp3.internal.http.RetryAndFollowUpInterceptor.intercept(RetryAndFollowUpInterceptor.java:126)&#xD;&#xA;&#x9;at okhttp3.internal.http.RealInterceptorChain.proceed(RealInterceptorChain.java:147)&#xD;&#xA;&#x9;at okhttp3.internal.http.RealInterceptorChain.proceed(RealInterceptorChain.java:121)&#xD;&#xA;&#x9;at okhttp3.RealCall.getResponseWithInterceptorChain(RealCall.java:200)&#xD;&#xA;&#x9;at okhttp3.RealCall.execute(RealCall.java:77)&#xD;&#xA;&#x9;at org.openqa.selenium.remote.internal.OkHttpClient.execute(OkHttpClient.java:103)&#xD;&#xA;&#x9;at org.openqa.selenium.remote.ProtocolHandshake.createSession(ProtocolHandshake.java:105)&#xD;&#xA;&#x9;at org.openqa.selenium.remote.ProtocolHandshake.createSession(ProtocolHandshake.java:74)&#xD;&#xA;&#x9;at org.openqa.selenium.remote.HttpCommandExecutor.execute(HttpCommandExecutor.java:136)&#xD;&#xA;&#x9;at org.openqa.selenium.remote.service.DriverCommandExecutor.execute(DriverCommandExecutor.java:83)&#xD;&#xA;&#x9;... 31 more&#xD;&#xA;Caused by: java.net.ConnectException: Connection refused: connect&#xD;&#xA;&#x9;at okhttp3.internal.platform.Platform.connectSocket(Platform.java:129)&#xD;&#xA;&#x9;at okhttp3.internal.connection.RealConnection.connectSocket(RealConnection.java:245)&#xD;&#xA;&#x9;at okhttp3.internal.connection.RealConnection.connect(RealConnection.java:165)&#xD;&#xA;&#x9;at okhttp3.internal.connection.StreamAllocation.findConnection(StreamAllocation.java:257)&#xD;&#xA;&#x9;at okhttp3.internal.connection.StreamAllocation.findHealthyConnection(StreamAllocation.java:135)&#xD;&#xA;&#x9;at okhttp3.internal.connection.StreamAllocation.newStream(StreamAllocation.java:114)&#xD;&#xA;&#x9;at okhttp3.internal.connection.ConnectInterceptor.intercept(ConnectInterceptor.java:42)&#xD;&#xA;&#x9;at okhttp3.internal.http.RealInterceptorChain.proceed(RealInterceptorChain.java:147)&#xD;&#xA;&#x9;at okhttp3.internal.http.RealInterceptorChain.proceed(RealInterceptorChain.java:121)&#xD;&#xA;&#x9;at okhttp3.internal.cache.CacheInterceptor.intercept(CacheInterceptor.java:93)&#xD;&#xA;&#x9;at okhttp3.internal.http.RealInterceptorChain.proceed(RealInterceptorChain.java:147)&#xD;&#xA;&#x9;at okhttp3.internal.http.RealInterceptorChain.proceed(RealInterceptorChain.java:121)&#xD;&#xA;&#x9;at okhttp3.internal.http.BridgeInterceptor.intercept(BridgeInterceptor.java:93)&#xD;&#xA;&#x9;at okhttp3.internal.http.RealInterceptorChain.proceed(RealInterceptorChain.java:147)&#xD;&#xA;&#x9;at okhttp3.internal.http.RetryAndFollowUpInterceptor.intercept(RetryAndFollowUpInterceptor.java:126)&#xD;&#xA;&#x9;at okhttp3.internal.http.RealInterceptorChain.proceed(RealInterceptorChain.java:147)&#xD;&#xA;&#x9;at okhttp3.internal.http.RealInterceptorChain.proceed(RealInterceptorChain.java:121)&#xD;&#xA;&#x9;at okhttp3.RealCall.getResponseWithInterceptorChain(RealCall.java:200)&#xD;&#xA;&#x9;at okhttp3.RealCall.execute(RealCall.java:77)&#xD;&#xA;&#x9;at org.openqa.selenium.remote.internal.OkHttpClient.execute(OkHttpClient.java:103)&#xD;&#xA;&#x9;at org.openqa.selenium.remote.ProtocolHandshake.createSession(ProtocolHandshake.java:105)&#xD;&#xA;&#x9;at org.openqa.selenium.remote.ProtocolHandshake.createSession(ProtocolHandshake.java:74)&#xD;&#xA;&#x9;at org.openqa.selenium.remote.HttpCommandExecutor.execute(HttpCommandExecutor.java:136)&#xD;&#xA;&#x9;at org.openqa.selenium.remote.service.DriverCommandExecutor.execute(DriverCommandExecutor.java:83)&#xD;&#xA;&#x9;at org.openqa.selenium.remote.RemoteWebDriver.execute(RemoteWebDriver.java:552)&#xD;&#xA;&#x9;at com.kms.katalon.selenium.driver.CEdgeDriver.execute(CEdgeDriver.java:21)&#xD;&#xA;&#x9;at org.openqa.selenium.remote.RemoteWebDriver.startSession(RemoteWebDriver.java:213)&#xD;&#xA;&#x9;at org.openqa.selenium.remote.RemoteWebDriver.&lt;init&gt;(RemoteWebDriver.java:131)&#xD;&#xA;&#x9;at org.openqa.selenium.edge.EdgeDriver.&lt;init&gt;(EdgeDriver.java:154)&#xD;&#xA;&#x9;at com.kms.katalon.selenium.driver.CEdgeDriver.&lt;init&gt;(CEdgeDriver.java:14)&#xD;&#xA;&#x9;at com.kms.katalon.core.webui.driver.DriverFactory.createNewEdgeDriver(DriverFactory.java:435)&#xD;&#xA;&#x9;at com.kms.katalon.core.webui.driver.DriverFactory.startNewBrowser(DriverFactory.java:257)&#xD;&#xA;&#x9;at com.kms.katalon.core.webui.driver.DriverFactory.openWebDriver(DriverFactory.java:191)&#xD;&#xA;&#x9;at com.kms.katalon.core.webui.keyword.builtin.OpenBrowserKeyword$_openBrowser_closure1.doCall(OpenBrowserKeyword.groovy:74)&#xD;&#xA;&#x9;at com.kms.katalon.core.webui.keyword.builtin.OpenBrowserKeyword$_openBrowser_closure1.call(OpenBrowserKeyword.groovy)&#xD;&#xA;&#x9;at com.kms.katalon.core.webui.keyword.internal.WebUIKeywordMain.runKeyword(WebUIKeywordMain.groovy:20)&#xD;&#xA;&#x9;at com.kms.katalon.core.webui.keyword.builtin.OpenBrowserKeyword.openBrowser(OpenBrowserKeyword.groovy:81)&#xD;&#xA;&#x9;at com.kms.katalon.core.webui.keyword.builtin.OpenBrowserKeyword.execute(OpenBrowserKeyword.groovy:67)&#xD;&#xA;&#x9;at com.kms.katalon.core.keyword.internal.KeywordExecutor.executeKeywordForPlatform(KeywordExecutor.groovy:56)&#xD;&#xA;&#x9;at com.kms.katalon.core.webui.keyword.WebUiBuiltInKeywords.openBrowser(WebUiBuiltInKeywords.groovy:60)&#xD;&#xA;&#x9;at com.kms.katalon.core.webui.keyword.WebUiBuiltInKeywords$openBrowser.call(Unknown Source)&#xD;&#xA;&#x9;at commerbank.run(commerbank:17)&#xD;&#xA;&#x9;... 13 more&#xD;&#xA;"/>
            <system-out>2019-07-25 11:09:49 - [TEST_CASE][FAILED] - Test Cases/commerbank: Test Cases/commerbank FAILED.
Reason:
com.kms.katalon.core.exception.StepFailedException: Unable to open browser with url: ''&#xD;
	at com.kms.katalon.core.webui.keyword.internal.WebUIKeywordMain.stepFailed(WebUIKeywordMain.groovy:64)&#xD;
	at com.kms.katalon.core.webui.keyword.internal.WebUIKeywordMain.runKeyword(WebUIKeywordMain.groovy:26)&#xD;
	at com.kms.katalon.core.webui.keyword.builtin.OpenBrowserKeyword.openBrowser(OpenBrowserKeyword.groovy:81)&#xD;
	at com.kms.katalon.core.webui.keyword.builtin.OpenBrowserKeyword.execute(OpenBrowserKeyword.groovy:67)&#xD;
	at com.kms.katalon.core.keyword.internal.KeywordExecutor.executeKeywordForPlatform(KeywordExecutor.groovy:56)&#xD;
	at com.kms.katalon.core.webui.keyword.WebUiBuiltInKeywords.openBrowser(WebUiBuiltInKeywords.groovy:60)&#xD;
	at com.kms.katalon.core.webui.keyword.WebUiBuiltInKeywords$openBrowser.call(Unknown Source)&#xD;
	at commerbank.run(commerbank:17)&#xD;
	at com.kms.katalon.core.main.ScriptEngine.run(ScriptEngine.java:194)&#xD;
	at com.kms.katalon.core.main.ScriptEngine.runScriptAsRawText(ScriptEngine.java:119)&#xD;
	at com.kms.katalon.core.main.TestCaseExecutor.runScript(TestCaseExecutor.java:337)&#xD;
	at com.kms.katalon.core.main.TestCaseExecutor.doExecute(TestCaseExecutor.java:328)&#xD;
	at com.kms.katalon.core.main.TestCaseExecutor.processExecutionPhase(TestCaseExecutor.java:307)&#xD;
	at com.kms.katalon.core.main.TestCaseExecutor.accessMainPhase(TestCaseExecutor.java:299)&#xD;
	at com.kms.katalon.core.main.TestCaseExecutor.execute(TestCaseExecutor.java:233)&#xD;
	at com.kms.katalon.core.main.TestSuiteExecutor.accessTestCaseMainPhase(TestSuiteExecutor.java:133)&#xD;
	at com.kms.katalon.core.main.TestSuiteExecutor.accessTestSuiteMainPhase(TestSuiteExecutor.java:116)&#xD;
	at com.kms.katalon.core.main.TestSuiteExecutor.execute(TestSuiteExecutor.java:83)&#xD;
	at com.kms.katalon.core.main.TestCaseMain.startTestSuite(TestCaseMain.java:157)&#xD;
	at com.kms.katalon.core.main.TestCaseMain$startTestSuite$0.call(Unknown Source)&#xD;
	at TempTestSuite1564044813085.run(TempTestSuite1564044813085.groovy:35)&#xD;
Caused by: org.openqa.selenium.WebDriverException: java.net.ConnectException: Failed to connect to localhost/0:0:0:0:0:0:0:1:38282
Build info: version: '3.141.59', revision: 'e82be7d358', time: '2018-11-14T08:25:53'
System info: host: 'ANTONIO', ip: '169.254.42.39', os.name: 'Windows 10', os.arch: 'amd64', os.version: '10.0', java.version: '1.8.0_181'
Driver info: driver.version: CEdgeDriver&#xD;
	at org.openqa.selenium.remote.service.DriverCommandExecutor.execute(DriverCommandExecutor.java:92)&#xD;
	at org.openqa.selenium.remote.RemoteWebDriver.execute(RemoteWebDriver.java:552)&#xD;
	at com.kms.katalon.selenium.driver.CEdgeDriver.execute(CEdgeDriver.java:21)&#xD;
	at org.openqa.selenium.remote.RemoteWebDriver.startSession(RemoteWebDriver.java:213)&#xD;
	at org.openqa.selenium.remote.RemoteWebDriver.&lt;init&gt;(RemoteWebDriver.java:131)&#xD;
	at org.openqa.selenium.edge.EdgeDriver.&lt;init&gt;(EdgeDriver.java:154)&#xD;
	at com.kms.katalon.selenium.driver.CEdgeDriver.&lt;init&gt;(CEdgeDriver.java:14)&#xD;
	at com.kms.katalon.core.webui.driver.DriverFactory.createNewEdgeDriver(DriverFactory.java:435)&#xD;
	at com.kms.katalon.core.webui.driver.DriverFactory.startNewBrowser(DriverFactory.java:257)&#xD;
	at com.kms.katalon.core.webui.driver.DriverFactory.openWebDriver(DriverFactory.java:191)&#xD;
	at com.kms.katalon.core.webui.keyword.builtin.OpenBrowserKeyword$_openBrowser_closure1.doCall(OpenBrowserKeyword.groovy:74)&#xD;
	at com.kms.katalon.core.webui.keyword.builtin.OpenBrowserKeyword$_openBrowser_closure1.call(OpenBrowserKeyword.groovy)&#xD;
	at com.kms.katalon.core.webui.keyword.internal.WebUIKeywordMain.runKeyword(WebUIKeywordMain.groovy:20)&#xD;
	at com.kms.katalon.core.webui.keyword.builtin.OpenBrowserKeyword.openBrowser(OpenBrowserKeyword.groovy:81)&#xD;
	at com.kms.katalon.core.webui.keyword.builtin.OpenBrowserKeyword.execute(OpenBrowserKeyword.groovy:67)&#xD;
	at com.kms.katalon.core.keyword.internal.KeywordExecutor.executeKeywordForPlatform(KeywordExecutor.groovy:56)&#xD;
	at com.kms.katalon.core.webui.keyword.WebUiBuiltInKeywords.openBrowser(WebUiBuiltInKeywords.groovy:60)&#xD;
	at com.kms.katalon.core.webui.keyword.WebUiBuiltInKeywords$openBrowser.call(Unknown Source)&#xD;
	at Script1564042960878.run(Script1564042960878.groovy:17)&#xD;
	... 13 more&#xD;
Caused by: java.net.ConnectException: Failed to connect to localhost/0:0:0:0:0:0:0:1:38282&#xD;
	at okhttp3.internal.connection.RealConnection.connectSocket(RealConnection.java:247)&#xD;
	at okhttp3.internal.connection.RealConnection.connect(RealConnection.java:165)&#xD;
	at okhttp3.internal.connection.StreamAllocation.findConnection(StreamAllocation.java:257)&#xD;
	at okhttp3.internal.connection.StreamAllocation.findHealthyConnection(StreamAllocation.java:135)&#xD;
	at okhttp3.internal.connection.StreamAllocation.newStream(StreamAllocation.java:114)&#xD;
	at okhttp3.internal.connection.ConnectInterceptor.intercept(ConnectInterceptor.java:42)&#xD;
	at okhttp3.internal.http.RealInterceptorChain.proceed(RealInterceptorChain.java:147)&#xD;
	at okhttp3.internal.http.RealInterceptorChain.proceed(RealInterceptorChain.java:121)&#xD;
	at okhttp3.internal.cache.CacheInterceptor.intercept(CacheInterceptor.java:93)&#xD;
	at okhttp3.internal.http.RealInterceptorChain.proceed(RealInterceptorChain.java:147)&#xD;
	at okhttp3.internal.http.RealInterceptorChain.proceed(RealInterceptorChain.java:121)&#xD;
	at okhttp3.internal.http.BridgeInterceptor.intercept(BridgeInterceptor.java:93)&#xD;
	at okhttp3.internal.http.RealInterceptorChain.proceed(RealInterceptorChain.java:147)&#xD;
	at okhttp3.internal.http.RetryAndFollowUpInterceptor.intercept(RetryAndFollowUpInterceptor.java:126)&#xD;
	at okhttp3.internal.http.RealInterceptorChain.proceed(RealInterceptorChain.java:147)&#xD;
	at okhttp3.internal.http.RealInterceptorChain.proceed(RealInterceptorChain.java:121)&#xD;
	at okhttp3.RealCall.getResponseWithInterceptorChain(RealCall.java:200)&#xD;
	at okhttp3.RealCall.execute(RealCall.java:77)&#xD;
	at org.openqa.selenium.remote.internal.OkHttpClient.execute(OkHttpClient.java:103)&#xD;
	at org.openqa.selenium.remote.ProtocolHandshake.createSession(ProtocolHandshake.java:105)&#xD;
	at org.openqa.selenium.remote.ProtocolHandshake.createSession(ProtocolHandshake.java:74)&#xD;
	at org.openqa.selenium.remote.HttpCommandExecutor.execute(HttpCommandExecutor.java:136)&#xD;
	at org.openqa.selenium.remote.service.DriverCommandExecutor.execute(DriverCommandExecutor.java:83)&#xD;
	... 31 more&#xD;
Caused by: java.net.ConnectException: Connection refused: connect&#xD;
	at okhttp3.internal.platform.Platform.connectSocket(Platform.java:129)&#xD;
	at okhttp3.internal.connection.RealConnection.connectSocket(RealConnection.java:245)&#xD;
	at okhttp3.internal.connection.RealConnection.connect(RealConnection.java:165)&#xD;
	at okhttp3.internal.connection.StreamAllocation.findConnection(StreamAllocation.java:257)&#xD;
	at okhttp3.internal.connection.StreamAllocation.findHealthyConnection(StreamAllocation.java:135)&#xD;
	at okhttp3.internal.connection.StreamAllocation.newStream(StreamAllocation.java:114)&#xD;
	at okhttp3.internal.connection.ConnectInterceptor.intercept(ConnectInterceptor.java:42)&#xD;
	at okhttp3.internal.http.RealInterceptorChain.proceed(RealInterceptorChain.java:147)&#xD;
	at okhttp3.internal.http.RealInterceptorChain.proceed(RealInterceptorChain.java:121)&#xD;
	at okhttp3.internal.cache.CacheInterceptor.intercept(CacheInterceptor.java:93)&#xD;
	at okhttp3.internal.http.RealInterceptorChain.proceed(RealInterceptorChain.java:147)&#xD;
	at okhttp3.internal.http.RealInterceptorChain.proceed(RealInterceptorChain.java:121)&#xD;
	at okhttp3.internal.http.BridgeInterceptor.intercept(BridgeInterceptor.java:93)&#xD;
	at okhttp3.internal.http.RealInterceptorChain.proceed(RealInterceptorChain.java:147)&#xD;
	at okhttp3.internal.http.RetryAndFollowUpInterceptor.intercept(RetryAndFollowUpInterceptor.java:126)&#xD;
	at okhttp3.internal.http.RealInterceptorChain.proceed(RealInterceptorChain.java:147)&#xD;
	at okhttp3.internal.http.RealInterceptorChain.proceed(RealInterceptorChain.java:121)&#xD;
	at okhttp3.RealCall.getResponseWithInterceptorChain(RealCall.java:200)&#xD;
	at okhttp3.RealCall.execute(RealCall.java:77)&#xD;
	at org.openqa.selenium.remote.internal.OkHttpClient.execute(OkHttpClient.java:103)&#xD;
	at org.openqa.selenium.remote.ProtocolHandshake.createSession(ProtocolHandshake.java:105)&#xD;
	at org.openqa.selenium.remote.ProtocolHandshake.createSession(ProtocolHandshake.java:74)&#xD;
	at org.openqa.selenium.remote.HttpCommandExecutor.execute(HttpCommandExecutor.java:136)&#xD;
	at org.openqa.selenium.remote.service.DriverCommandExecutor.execute(DriverCommandExecutor.java:83)&#xD;
	at org.openqa.selenium.remote.RemoteWebDriver.execute(RemoteWebDriver.java:552)&#xD;
	at com.kms.katalon.selenium.driver.CEdgeDriver.execute(CEdgeDriver.java:21)&#xD;
	at org.openqa.selenium.remote.RemoteWebDriver.startSession(RemoteWebDriver.java:213)&#xD;
	at org.openqa.selenium.remote.RemoteWebDriver.&lt;init&gt;(RemoteWebDriver.java:131)&#xD;
	at org.openqa.selenium.edge.EdgeDriver.&lt;init&gt;(EdgeDriver.java:154)&#xD;
	at com.kms.katalon.selenium.driver.CEdgeDriver.&lt;init&gt;(CEdgeDriver.java:14)&#xD;
	at com.kms.katalon.core.webui.driver.DriverFactory.createNewEdgeDriver(DriverFactory.java:435)&#xD;
	at com.kms.katalon.core.webui.driver.DriverFactory.startNewBrowser(DriverFactory.java:257)&#xD;
	at com.kms.katalon.core.webui.driver.DriverFactory.openWebDriver(DriverFactory.java:191)&#xD;
	at com.kms.katalon.core.webui.keyword.builtin.OpenBrowserKeyword$_openBrowser_closure1.doCall(OpenBrowserKeyword.groovy:74)&#xD;
	at com.kms.katalon.core.webui.keyword.builtin.OpenBrowserKeyword$_openBrowser_closure1.call(OpenBrowserKeyword.groovy)&#xD;
	at com.kms.katalon.core.webui.keyword.internal.WebUIKeywordMain.runKeyword(WebUIKeywordMain.groovy:20)&#xD;
	at com.kms.katalon.core.webui.keyword.builtin.OpenBrowserKeyword.openBrowser(OpenBrowserKeyword.groovy:81)&#xD;
	at com.kms.katalon.core.webui.keyword.builtin.OpenBrowserKeyword.execute(OpenBrowserKeyword.groovy:67)&#xD;
	at com.kms.katalon.core.keyword.internal.KeywordExecutor.executeKeywordForPlatform(KeywordExecutor.groovy:56)&#xD;
	at com.kms.katalon.core.webui.keyword.WebUiBuiltInKeywords.openBrowser(WebUiBuiltInKeywords.groovy:60)&#xD;
	at com.kms.katalon.core.webui.keyword.WebUiBuiltInKeywords$openBrowser.call(Unknown Source)&#xD;
	at commerbank.run(commerbank:17)&#xD;
	... 13 more&#xD;
&#xD;
&#xD;
2019-07-25 11:09:49 - [TEST_STEP][FAILED] - openBrowser(""): Unable to open browser with url: '' (Root cause: com.kms.katalon.core.exception.StepFailedException: Unable to open browser with url: ''&#xD;
	at com.kms.katalon.core.webui.keyword.internal.WebUIKeywordMain.stepFailed(WebUIKeywordMain.groovy:64)&#xD;
	at com.kms.katalon.core.webui.keyword.internal.WebUIKeywordMain.runKeyword(WebUIKeywordMain.groovy:26)&#xD;
	at com.kms.katalon.core.webui.keyword.builtin.OpenBrowserKeyword.openBrowser(OpenBrowserKeyword.groovy:81)&#xD;
	at com.kms.katalon.core.webui.keyword.builtin.OpenBrowserKeyword.execute(OpenBrowserKeyword.groovy:67)&#xD;
	at com.kms.katalon.core.keyword.internal.KeywordExecutor.executeKeywordForPlatform(KeywordExecutor.groovy:56)&#xD;
	at com.kms.katalon.core.webui.keyword.WebUiBuiltInKeywords.openBrowser(WebUiBuiltInKeywords.groovy:60)&#xD;
	at com.kms.katalon.core.webui.keyword.WebUiBuiltInKeywords$openBrowser.call(Unknown Source)&#xD;
	at commerbank.run(commerbank:17)&#xD;
	at com.kms.katalon.core.main.ScriptEngine.run(ScriptEngine.java:194)&#xD;
	at com.kms.katalon.core.main.ScriptEngine.runScriptAsRawText(ScriptEngine.java:119)&#xD;
	at com.kms.katalon.core.main.TestCaseExecutor.runScript(TestCaseExecutor.java:337)&#xD;
	at com.kms.katalon.core.main.TestCaseExecutor.doExecute(TestCaseExecutor.java:328)&#xD;
	at com.kms.katalon.core.main.TestCaseExecutor.processExecutionPhase(TestCaseExecutor.java:307)&#xD;
	at com.kms.katalon.core.main.TestCaseExecutor.accessMainPhase(TestCaseExecutor.java:299)&#xD;
	at com.kms.katalon.core.main.TestCaseExecutor.execute(TestCaseExecutor.java:233)&#xD;
	at com.kms.katalon.core.main.TestSuiteExecutor.accessTestCaseMainPhase(TestSuiteExecutor.java:133)&#xD;
	at com.kms.katalon.core.main.TestSuiteExecutor.accessTestSuiteMainPhase(TestSuiteExecutor.java:116)&#xD;
	at com.kms.katalon.core.main.TestSuiteExecutor.execute(TestSuiteExecutor.java:83)&#xD;
	at com.kms.katalon.core.main.TestCaseMain.startTestSuite(TestCaseMain.java:157)&#xD;
	at com.kms.katalon.core.main.TestCaseMain$startTestSuite$0.call(Unknown Source)&#xD;
	at TempTestSuite1564044813085.run(TempTestSuite1564044813085.groovy:35)&#xD;
Caused by: org.openqa.selenium.WebDriverException: java.net.ConnectException: Failed to connect to localhost/0:0:0:0:0:0:0:1:38282
Build info: version: '3.141.59', revision: 'e82be7d358', time: '2018-11-14T08:25:53'
System info: host: 'ANTONIO', ip: '169.254.42.39', os.name: 'Windows 10', os.arch: 'amd64', os.version: '10.0', java.version: '1.8.0_181'
Driver info: driver.version: CEdgeDriver&#xD;
	at org.openqa.selenium.remote.service.DriverCommandExecutor.execute(DriverCommandExecutor.java:92)&#xD;
	at org.openqa.selenium.remote.RemoteWebDriver.execute(RemoteWebDriver.java:552)&#xD;
	at com.kms.katalon.selenium.driver.CEdgeDriver.execute(CEdgeDriver.java:21)&#xD;
	at org.openqa.selenium.remote.RemoteWebDriver.startSession(RemoteWebDriver.java:213)&#xD;
	at org.openqa.selenium.remote.RemoteWebDriver.&lt;init&gt;(RemoteWebDriver.java:131)&#xD;
	at org.openqa.selenium.edge.EdgeDriver.&lt;init&gt;(EdgeDriver.java:154)&#xD;
	at com.kms.katalon.selenium.driver.CEdgeDriver.&lt;init&gt;(CEdgeDriver.java:14)&#xD;
	at com.kms.katalon.core.webui.driver.DriverFactory.createNewEdgeDriver(DriverFactory.java:435)&#xD;
	at com.kms.katalon.core.webui.driver.DriverFactory.startNewBrowser(DriverFactory.java:257)&#xD;
	at com.kms.katalon.core.webui.driver.DriverFactory.openWebDriver(DriverFactory.java:191)&#xD;
	at com.kms.katalon.core.webui.keyword.builtin.OpenBrowserKeyword$_openBrowser_closure1.doCall(OpenBrowserKeyword.groovy:74)&#xD;
	at com.kms.katalon.core.webui.keyword.builtin.OpenBrowserKeyword$_openBrowser_closure1.call(OpenBrowserKeyword.groovy)&#xD;
	at com.kms.katalon.core.webui.keyword.internal.WebUIKeywordMain.runKeyword(WebUIKeywordMain.groovy:20)&#xD;
	at com.kms.katalon.core.webui.keyword.builtin.OpenBrowserKeyword.openBrowser(OpenBrowserKeyword.groovy:81)&#xD;
	at com.kms.katalon.core.webui.keyword.builtin.OpenBrowserKeyword.execute(OpenBrowserKeyword.groovy:67)&#xD;
	at com.kms.katalon.core.keyword.internal.KeywordExecutor.executeKeywordForPlatform(KeywordExecutor.groovy:56)&#xD;
	at com.kms.katalon.core.webui.keyword.WebUiBuiltInKeywords.openBrowser(WebUiBuiltInKeywords.groovy:60)&#xD;
	at com.kms.katalon.core.webui.keyword.WebUiBuiltInKeywords$openBrowser.call(Unknown Source)&#xD;
	at Script1564042960878.run(Script1564042960878.groovy:17)&#xD;
	... 13 more&#xD;
Caused by: java.net.ConnectException: Failed to connect to localhost/0:0:0:0:0:0:0:1:38282&#xD;
	at okhttp3.internal.connection.RealConnection.connectSocket(RealConnection.java:247)&#xD;
	at okhttp3.internal.connection.RealConnection.connect(RealConnection.java:165)&#xD;
	at okhttp3.internal.connection.StreamAllocation.findConnection(StreamAllocation.java:257)&#xD;
	at okhttp3.internal.connection.StreamAllocation.findHealthyConnection(StreamAllocation.java:135)&#xD;
	at okhttp3.internal.connection.StreamAllocation.newStream(StreamAllocation.java:114)&#xD;
	at okhttp3.internal.connection.ConnectInterceptor.intercept(ConnectInterceptor.java:42)&#xD;
	at okhttp3.internal.http.RealInterceptorChain.proceed(RealInterceptorChain.java:147)&#xD;
	at okhttp3.internal.http.RealInterceptorChain.proceed(RealInterceptorChain.java:121)&#xD;
	at okhttp3.internal.cache.CacheInterceptor.intercept(CacheInterceptor.java:93)&#xD;
	at okhttp3.internal.http.RealInterceptorChain.proceed(RealInterceptorChain.java:147)&#xD;
	at okhttp3.internal.http.RealInterceptorChain.proceed(RealInterceptorChain.java:121)&#xD;
	at okhttp3.internal.http.BridgeInterceptor.intercept(BridgeInterceptor.java:93)&#xD;
	at okhttp3.internal.http.RealInterceptorChain.proceed(RealInterceptorChain.java:147)&#xD;
	at okhttp3.internal.http.RetryAndFollowUpInterceptor.intercept(RetryAndFollowUpInterceptor.java:126)&#xD;
	at okhttp3.internal.http.RealInterceptorChain.proceed(RealInterceptorChain.java:147)&#xD;
	at okhttp3.internal.http.RealInterceptorChain.proceed(RealInterceptorChain.java:121)&#xD;
	at okhttp3.RealCall.getResponseWithInterceptorChain(RealCall.java:200)&#xD;
	at okhttp3.RealCall.execute(RealCall.java:77)&#xD;
	at org.openqa.selenium.remote.internal.OkHttpClient.execute(OkHttpClient.java:103)&#xD;
	at org.openqa.selenium.remote.ProtocolHandshake.createSession(ProtocolHandshake.java:105)&#xD;
	at org.openqa.selenium.remote.ProtocolHandshake.createSession(ProtocolHandshake.java:74)&#xD;
	at org.openqa.selenium.remote.HttpCommandExecutor.execute(HttpCommandExecutor.java:136)&#xD;
	at org.openqa.selenium.remote.service.DriverCommandExecutor.execute(DriverCommandExecutor.java:83)&#xD;
	... 31 more&#xD;
Caused by: java.net.ConnectException: Connection refused: connect&#xD;
	at okhttp3.internal.platform.Platform.connectSocket(Platform.java:129)&#xD;
	at okhttp3.internal.connection.RealConnection.connectSocket(RealConnection.java:245)&#xD;
	... 53 more&#xD;
)&#xD;
&#xD;
2019-07-25 11:09:49 - [MESSAGE][INFO] - Starting 'Edge' driver&#xD;
&#xD;
2019-07-25 11:09:51 - [MESSAGE][FAILED] - Unable to open browser with url: '' (Root cause: com.kms.katalon.core.exception.StepFailedException: Unable to open browser with url: ''&#xD;
	at com.kms.katalon.core.webui.keyword.internal.WebUIKeywordMain.stepFailed(WebUIKeywordMain.groovy:64)&#xD;
	at com.kms.katalon.core.webui.keyword.internal.WebUIKeywordMain.runKeyword(WebUIKeywordMain.groovy:26)&#xD;
	at com.kms.katalon.core.webui.keyword.builtin.OpenBrowserKeyword.openBrowser(OpenBrowserKeyword.groovy:81)&#xD;
	at com.kms.katalon.core.webui.keyword.builtin.OpenBrowserKeyword.execute(OpenBrowserKeyword.groovy:67)&#xD;
	at com.kms.katalon.core.keyword.internal.KeywordExecutor.executeKeywordForPlatform(KeywordExecutor.groovy:56)&#xD;
	at com.kms.katalon.core.webui.keyword.WebUiBuiltInKeywords.openBrowser(WebUiBuiltInKeywords.groovy:60)&#xD;
	at com.kms.katalon.core.webui.keyword.WebUiBuiltInKeywords$openBrowser.call(Unknown Source)&#xD;
	at commerbank.run(commerbank:17)&#xD;
	at com.kms.katalon.core.main.ScriptEngine.run(ScriptEngine.java:194)&#xD;
	at com.kms.katalon.core.main.ScriptEngine.runScriptAsRawText(ScriptEngine.java:119)&#xD;
	at com.kms.katalon.core.main.TestCaseExecutor.runScript(TestCaseExecutor.java:337)&#xD;
	at com.kms.katalon.core.main.TestCaseExecutor.doExecute(TestCaseExecutor.java:328)&#xD;
	at com.kms.katalon.core.main.TestCaseExecutor.processExecutionPhase(TestCaseExecutor.java:307)&#xD;
	at com.kms.katalon.core.main.TestCaseExecutor.accessMainPhase(TestCaseExecutor.java:299)&#xD;
	at com.kms.katalon.core.main.TestCaseExecutor.execute(TestCaseExecutor.java:233)&#xD;
	at com.kms.katalon.core.main.TestSuiteExecutor.accessTestCaseMainPhase(TestSuiteExecutor.java:133)&#xD;
	at com.kms.katalon.core.main.TestSuiteExecutor.accessTestSuiteMainPhase(TestSuiteExecutor.java:116)&#xD;
	at com.kms.katalon.core.main.TestSuiteExecutor.execute(TestSuiteExecutor.java:83)&#xD;
	at com.kms.katalon.core.main.TestCaseMain.startTestSuite(TestCaseMain.java:157)&#xD;
	at com.kms.katalon.core.main.TestCaseMain$startTestSuite$0.call(Unknown Source)&#xD;
	at TempTestSuite1564044813085.run(TempTestSuite1564044813085.groovy:35)&#xD;
Caused by: org.openqa.selenium.WebDriverException: java.net.ConnectException: Failed to connect to localhost/0:0:0:0:0:0:0:1:38282
Build info: version: '3.141.59', revision: 'e82be7d358', time: '2018-11-14T08:25:53'
System info: host: 'ANTONIO', ip: '169.254.42.39', os.name: 'Windows 10', os.arch: 'amd64', os.version: '10.0', java.version: '1.8.0_181'
Driver info: driver.version: CEdgeDriver&#xD;
	at org.openqa.selenium.remote.service.DriverCommandExecutor.execute(DriverCommandExecutor.java:92)&#xD;
	at org.openqa.selenium.remote.RemoteWebDriver.execute(RemoteWebDriver.java:552)&#xD;
	at com.kms.katalon.selenium.driver.CEdgeDriver.execute(CEdgeDriver.java:21)&#xD;
	at org.openqa.selenium.remote.RemoteWebDriver.startSession(RemoteWebDriver.java:213)&#xD;
	at org.openqa.selenium.remote.RemoteWebDriver.&lt;init&gt;(RemoteWebDriver.java:131)&#xD;
	at org.openqa.selenium.edge.EdgeDriver.&lt;init&gt;(EdgeDriver.java:154)&#xD;
	at com.kms.katalon.selenium.driver.CEdgeDriver.&lt;init&gt;(CEdgeDriver.java:14)&#xD;
	at com.kms.katalon.core.webui.driver.DriverFactory.createNewEdgeDriver(DriverFactory.java:435)&#xD;
	at com.kms.katalon.core.webui.driver.DriverFactory.startNewBrowser(DriverFactory.java:257)&#xD;
	at com.kms.katalon.core.webui.driver.DriverFactory.openWebDriver(DriverFactory.java:191)&#xD;
	at com.kms.katalon.core.webui.keyword.builtin.OpenBrowserKeyword$_openBrowser_closure1.doCall(OpenBrowserKeyword.groovy:74)&#xD;
	at com.kms.katalon.core.webui.keyword.builtin.OpenBrowserKeyword$_openBrowser_closure1.call(OpenBrowserKeyword.groovy)&#xD;
	at com.kms.katalon.core.webui.keyword.internal.WebUIKeywordMain.runKeyword(WebUIKeywordMain.groovy:20)&#xD;
	at com.kms.katalon.core.webui.keyword.builtin.OpenBrowserKeyword.openBrowser(OpenBrowserKeyword.groovy:81)&#xD;
	at com.kms.katalon.core.webui.keyword.builtin.OpenBrowserKeyword.execute(OpenBrowserKeyword.groovy:67)&#xD;
	at com.kms.katalon.core.keyword.internal.KeywordExecutor.executeKeywordForPlatform(KeywordExecutor.groovy:56)&#xD;
	at com.kms.katalon.core.webui.keyword.WebUiBuiltInKeywords.openBrowser(WebUiBuiltInKeywords.groovy:60)&#xD;
	at com.kms.katalon.core.webui.keyword.WebUiBuiltInKeywords$openBrowser.call(Unknown Source)&#xD;
	at Script1564042960878.run(Script1564042960878.groovy:17)&#xD;
	... 13 more&#xD;
Caused by: java.net.ConnectException: Failed to connect to localhost/0:0:0:0:0:0:0:1:38282&#xD;
	at okhttp3.internal.connection.RealConnection.connectSocket(RealConnection.java:247)&#xD;
	at okhttp3.internal.connection.RealConnection.connect(RealConnection.java:165)&#xD;
	at okhttp3.internal.connection.StreamAllocation.findConnection(StreamAllocation.java:257)&#xD;
	at okhttp3.internal.connection.StreamAllocation.findHealthyConnection(StreamAllocation.java:135)&#xD;
	at okhttp3.internal.connection.StreamAllocation.newStream(StreamAllocation.java:114)&#xD;
	at okhttp3.internal.connection.ConnectInterceptor.intercept(ConnectInterceptor.java:42)&#xD;
	at okhttp3.internal.http.RealInterceptorChain.proceed(RealInterceptorChain.java:147)&#xD;
	at okhttp3.internal.http.RealInterceptorChain.proceed(RealInterceptorChain.java:121)&#xD;
	at okhttp3.internal.cache.CacheInterceptor.intercept(CacheInterceptor.java:93)&#xD;
	at okhttp3.internal.http.RealInterceptorChain.proceed(RealInterceptorChain.java:147)&#xD;
	at okhttp3.internal.http.RealInterceptorChain.proceed(RealInterceptorChain.java:121)&#xD;
	at okhttp3.internal.http.BridgeInterceptor.intercept(BridgeInterceptor.java:93)&#xD;
	at okhttp3.internal.http.RealInterceptorChain.proceed(RealInterceptorChain.java:147)&#xD;
	at okhttp3.internal.http.RetryAndFollowUpInterceptor.intercept(RetryAndFollowUpInterceptor.java:126)&#xD;
	at okhttp3.internal.http.RealInterceptorChain.proceed(RealInterceptorChain.java:147)&#xD;
	at okhttp3.internal.http.RealInterceptorChain.proceed(RealInterceptorChain.java:121)&#xD;
	at okhttp3.RealCall.getResponseWithInterceptorChain(RealCall.java:200)&#xD;
	at okhttp3.RealCall.execute(RealCall.java:77)&#xD;
	at org.openqa.selenium.remote.internal.OkHttpClient.execute(OkHttpClient.java:103)&#xD;
	at org.openqa.selenium.remote.ProtocolHandshake.createSession(ProtocolHandshake.java:105)&#xD;
	at org.openqa.selenium.remote.ProtocolHandshake.createSession(ProtocolHandshake.java:74)&#xD;
	at org.openqa.selenium.remote.HttpCommandExecutor.execute(HttpCommandExecutor.java:136)&#xD;
	at org.openqa.selenium.remote.service.DriverCommandExecutor.execute(DriverCommandExecutor.java:83)&#xD;
	... 31 more&#xD;
Caused by: java.net.ConnectException: Connection refused: connect&#xD;
	at okhttp3.internal.platform.Platform.connectSocket(Platform.java:129)&#xD;
	at okhttp3.internal.connection.RealConnection.connectSocket(RealConnection.java:245)&#xD;
	... 53 more&#xD;
)</system-out>
            <system-err>2019-07-25 11:09:49 - [TEST_CASE][FAILED] - Test Cases/commerbank: Test Cases/commerbank FAILED.
Reason:
com.kms.katalon.core.exception.StepFailedException: Unable to open browser with url: ''&#xD;
	at com.kms.katalon.core.webui.keyword.internal.WebUIKeywordMain.stepFailed(WebUIKeywordMain.groovy:64)&#xD;
	at com.kms.katalon.core.webui.keyword.internal.WebUIKeywordMain.runKeyword(WebUIKeywordMain.groovy:26)&#xD;
	at com.kms.katalon.core.webui.keyword.builtin.OpenBrowserKeyword.openBrowser(OpenBrowserKeyword.groovy:81)&#xD;
	at com.kms.katalon.core.webui.keyword.builtin.OpenBrowserKeyword.execute(OpenBrowserKeyword.groovy:67)&#xD;
	at com.kms.katalon.core.keyword.internal.KeywordExecutor.executeKeywordForPlatform(KeywordExecutor.groovy:56)&#xD;
	at com.kms.katalon.core.webui.keyword.WebUiBuiltInKeywords.openBrowser(WebUiBuiltInKeywords.groovy:60)&#xD;
	at com.kms.katalon.core.webui.keyword.WebUiBuiltInKeywords$openBrowser.call(Unknown Source)&#xD;
	at commerbank.run(commerbank:17)&#xD;
	at com.kms.katalon.core.main.ScriptEngine.run(ScriptEngine.java:194)&#xD;
	at com.kms.katalon.core.main.ScriptEngine.runScriptAsRawText(ScriptEngine.java:119)&#xD;
	at com.kms.katalon.core.main.TestCaseExecutor.runScript(TestCaseExecutor.java:337)&#xD;
	at com.kms.katalon.core.main.TestCaseExecutor.doExecute(TestCaseExecutor.java:328)&#xD;
	at com.kms.katalon.core.main.TestCaseExecutor.processExecutionPhase(TestCaseExecutor.java:307)&#xD;
	at com.kms.katalon.core.main.TestCaseExecutor.accessMainPhase(TestCaseExecutor.java:299)&#xD;
	at com.kms.katalon.core.main.TestCaseExecutor.execute(TestCaseExecutor.java:233)&#xD;
	at com.kms.katalon.core.main.TestSuiteExecutor.accessTestCaseMainPhase(TestSuiteExecutor.java:133)&#xD;
	at com.kms.katalon.core.main.TestSuiteExecutor.accessTestSuiteMainPhase(TestSuiteExecutor.java:116)&#xD;
	at com.kms.katalon.core.main.TestSuiteExecutor.execute(TestSuiteExecutor.java:83)&#xD;
	at com.kms.katalon.core.main.TestCaseMain.startTestSuite(TestCaseMain.java:157)&#xD;
	at com.kms.katalon.core.main.TestCaseMain$startTestSuite$0.call(Unknown Source)&#xD;
	at TempTestSuite1564044813085.run(TempTestSuite1564044813085.groovy:35)&#xD;
Caused by: org.openqa.selenium.WebDriverException: java.net.ConnectException: Failed to connect to localhost/0:0:0:0:0:0:0:1:38282
Build info: version: '3.141.59', revision: 'e82be7d358', time: '2018-11-14T08:25:53'
System info: host: 'ANTONIO', ip: '169.254.42.39', os.name: 'Windows 10', os.arch: 'amd64', os.version: '10.0', java.version: '1.8.0_181'
Driver info: driver.version: CEdgeDriver&#xD;
	at org.openqa.selenium.remote.service.DriverCommandExecutor.execute(DriverCommandExecutor.java:92)&#xD;
	at org.openqa.selenium.remote.RemoteWebDriver.execute(RemoteWebDriver.java:552)&#xD;
	at com.kms.katalon.selenium.driver.CEdgeDriver.execute(CEdgeDriver.java:21)&#xD;
	at org.openqa.selenium.remote.RemoteWebDriver.startSession(RemoteWebDriver.java:213)&#xD;
	at org.openqa.selenium.remote.RemoteWebDriver.&lt;init&gt;(RemoteWebDriver.java:131)&#xD;
	at org.openqa.selenium.edge.EdgeDriver.&lt;init&gt;(EdgeDriver.java:154)&#xD;
	at com.kms.katalon.selenium.driver.CEdgeDriver.&lt;init&gt;(CEdgeDriver.java:14)&#xD;
	at com.kms.katalon.core.webui.driver.DriverFactory.createNewEdgeDriver(DriverFactory.java:435)&#xD;
	at com.kms.katalon.core.webui.driver.DriverFactory.startNewBrowser(DriverFactory.java:257)&#xD;
	at com.kms.katalon.core.webui.driver.DriverFactory.openWebDriver(DriverFactory.java:191)&#xD;
	at com.kms.katalon.core.webui.keyword.builtin.OpenBrowserKeyword$_openBrowser_closure1.doCall(OpenBrowserKeyword.groovy:74)&#xD;
	at com.kms.katalon.core.webui.keyword.builtin.OpenBrowserKeyword$_openBrowser_closure1.call(OpenBrowserKeyword.groovy)&#xD;
	at com.kms.katalon.core.webui.keyword.internal.WebUIKeywordMain.runKeyword(WebUIKeywordMain.groovy:20)&#xD;
	at com.kms.katalon.core.webui.keyword.builtin.OpenBrowserKeyword.openBrowser(OpenBrowserKeyword.groovy:81)&#xD;
	at com.kms.katalon.core.webui.keyword.builtin.OpenBrowserKeyword.execute(OpenBrowserKeyword.groovy:67)&#xD;
	at com.kms.katalon.core.keyword.internal.KeywordExecutor.executeKeywordForPlatform(KeywordExecutor.groovy:56)&#xD;
	at com.kms.katalon.core.webui.keyword.WebUiBuiltInKeywords.openBrowser(WebUiBuiltInKeywords.groovy:60)&#xD;
	at com.kms.katalon.core.webui.keyword.WebUiBuiltInKeywords$openBrowser.call(Unknown Source)&#xD;
	at Script1564042960878.run(Script1564042960878.groovy:17)&#xD;
	... 13 more&#xD;
Caused by: java.net.ConnectException: Failed to connect to localhost/0:0:0:0:0:0:0:1:38282&#xD;
	at okhttp3.internal.connection.RealConnection.connectSocket(RealConnection.java:247)&#xD;
	at okhttp3.internal.connection.RealConnection.connect(RealConnection.java:165)&#xD;
	at okhttp3.internal.connection.StreamAllocation.findConnection(StreamAllocation.java:257)&#xD;
	at okhttp3.internal.connection.StreamAllocation.findHealthyConnection(StreamAllocation.java:135)&#xD;
	at okhttp3.internal.connection.StreamAllocation.newStream(StreamAllocation.java:114)&#xD;
	at okhttp3.internal.connection.ConnectInterceptor.intercept(ConnectInterceptor.java:42)&#xD;
	at okhttp3.internal.http.RealInterceptorChain.proceed(RealInterceptorChain.java:147)&#xD;
	at okhttp3.internal.http.RealInterceptorChain.proceed(RealInterceptorChain.java:121)&#xD;
	at okhttp3.internal.cache.CacheInterceptor.intercept(CacheInterceptor.java:93)&#xD;
	at okhttp3.internal.http.RealInterceptorChain.proceed(RealInterceptorChain.java:147)&#xD;
	at okhttp3.internal.http.RealInterceptorChain.proceed(RealInterceptorChain.java:121)&#xD;
	at okhttp3.internal.http.BridgeInterceptor.intercept(BridgeInterceptor.java:93)&#xD;
	at okhttp3.internal.http.RealInterceptorChain.proceed(RealInterceptorChain.java:147)&#xD;
	at okhttp3.internal.http.RetryAndFollowUpInterceptor.intercept(RetryAndFollowUpInterceptor.java:126)&#xD;
	at okhttp3.internal.http.RealInterceptorChain.proceed(RealInterceptorChain.java:147)&#xD;
	at okhttp3.internal.http.RealInterceptorChain.proceed(RealInterceptorChain.java:121)&#xD;
	at okhttp3.RealCall.getResponseWithInterceptorChain(RealCall.java:200)&#xD;
	at okhttp3.RealCall.execute(RealCall.java:77)&#xD;
	at org.openqa.selenium.remote.internal.OkHttpClient.execute(OkHttpClient.java:103)&#xD;
	at org.openqa.selenium.remote.ProtocolHandshake.createSession(ProtocolHandshake.java:105)&#xD;
	at org.openqa.selenium.remote.ProtocolHandshake.createSession(ProtocolHandshake.java:74)&#xD;
	at org.openqa.selenium.remote.HttpCommandExecutor.execute(HttpCommandExecutor.java:136)&#xD;
	at org.openqa.selenium.remote.service.DriverCommandExecutor.execute(DriverCommandExecutor.java:83)&#xD;
	... 31 more&#xD;
Caused by: java.net.ConnectException: Connection refused: connect&#xD;
	at okhttp3.internal.platform.Platform.connectSocket(Platform.java:129)&#xD;
	at okhttp3.internal.connection.RealConnection.connectSocket(RealConnection.java:245)&#xD;
	at okhttp3.internal.connection.RealConnection.connect(RealConnection.java:165)&#xD;
	at okhttp3.internal.connection.StreamAllocation.findConnection(StreamAllocation.java:257)&#xD;
	at okhttp3.internal.connection.StreamAllocation.findHealthyConnection(StreamAllocation.java:135)&#xD;
	at okhttp3.internal.connection.StreamAllocation.newStream(StreamAllocation.java:114)&#xD;
	at okhttp3.internal.connection.ConnectInterceptor.intercept(ConnectInterceptor.java:42)&#xD;
	at okhttp3.internal.http.RealInterceptorChain.proceed(RealInterceptorChain.java:147)&#xD;
	at okhttp3.internal.http.RealInterceptorChain.proceed(RealInterceptorChain.java:121)&#xD;
	at okhttp3.internal.cache.CacheInterceptor.intercept(CacheInterceptor.java:93)&#xD;
	at okhttp3.internal.http.RealInterceptorChain.proceed(RealInterceptorChain.java:147)&#xD;
	at okhttp3.internal.http.RealInterceptorChain.proceed(RealInterceptorChain.java:121)&#xD;
	at okhttp3.internal.http.BridgeInterceptor.intercept(BridgeInterceptor.java:93)&#xD;
	at okhttp3.internal.http.RealInterceptorChain.proceed(RealInterceptorChain.java:147)&#xD;
	at okhttp3.internal.http.RetryAndFollowUpInterceptor.intercept(RetryAndFollowUpInterceptor.java:126)&#xD;
	at okhttp3.internal.http.RealInterceptorChain.proceed(RealInterceptorChain.java:147)&#xD;
	at okhttp3.internal.http.RealInterceptorChain.proceed(RealInterceptorChain.java:121)&#xD;
	at okhttp3.RealCall.getResponseWithInterceptorChain(RealCall.java:200)&#xD;
	at okhttp3.RealCall.execute(RealCall.java:77)&#xD;
	at org.openqa.selenium.remote.internal.OkHttpClient.execute(OkHttpClient.java:103)&#xD;
	at org.openqa.selenium.remote.ProtocolHandshake.createSession(ProtocolHandshake.java:105)&#xD;
	at org.openqa.selenium.remote.ProtocolHandshake.createSession(ProtocolHandshake.java:74)&#xD;
	at org.openqa.selenium.remote.HttpCommandExecutor.execute(HttpCommandExecutor.java:136)&#xD;
	at org.openqa.selenium.remote.service.DriverCommandExecutor.execute(DriverCommandExecutor.java:83)&#xD;
	at org.openqa.selenium.remote.RemoteWebDriver.execute(RemoteWebDriver.java:552)&#xD;
	at com.kms.katalon.selenium.driver.CEdgeDriver.execute(CEdgeDriver.java:21)&#xD;
	at org.openqa.selenium.remote.RemoteWebDriver.startSession(RemoteWebDriver.java:213)&#xD;
	at org.openqa.selenium.remote.RemoteWebDriver.&lt;init&gt;(RemoteWebDriver.java:131)&#xD;
	at org.openqa.selenium.edge.EdgeDriver.&lt;init&gt;(EdgeDriver.java:154)&#xD;
	at com.kms.katalon.selenium.driver.CEdgeDriver.&lt;init&gt;(CEdgeDriver.java:14)&#xD;
	at com.kms.katalon.core.webui.driver.DriverFactory.createNewEdgeDriver(DriverFactory.java:435)&#xD;
	at com.kms.katalon.core.webui.driver.DriverFactory.startNewBrowser(DriverFactory.java:257)&#xD;
	at com.kms.katalon.core.webui.driver.DriverFactory.openWebDriver(DriverFactory.java:191)&#xD;
	at com.kms.katalon.core.webui.keyword.builtin.OpenBrowserKeyword$_openBrowser_closure1.doCall(OpenBrowserKeyword.groovy:74)&#xD;
	at com.kms.katalon.core.webui.keyword.builtin.OpenBrowserKeyword$_openBrowser_closure1.call(OpenBrowserKeyword.groovy)&#xD;
	at com.kms.katalon.core.webui.keyword.internal.WebUIKeywordMain.runKeyword(WebUIKeywordMain.groovy:20)&#xD;
	at com.kms.katalon.core.webui.keyword.builtin.OpenBrowserKeyword.openBrowser(OpenBrowserKeyword.groovy:81)&#xD;
	at com.kms.katalon.core.webui.keyword.builtin.OpenBrowserKeyword.execute(OpenBrowserKeyword.groovy:67)&#xD;
	at com.kms.katalon.core.keyword.internal.KeywordExecutor.executeKeywordForPlatform(KeywordExecutor.groovy:56)&#xD;
	at com.kms.katalon.core.webui.keyword.WebUiBuiltInKeywords.openBrowser(WebUiBuiltInKeywords.groovy:60)&#xD;
	at com.kms.katalon.core.webui.keyword.WebUiBuiltInKeywords$openBrowser.call(Unknown Source)&#xD;
	at commerbank.run(commerbank:17)&#xD;
	... 13 more</system-err>
        </testcase>
        <testcase name="Test Cases/covestro" classname="Test Cases/covestro" status="FAILED">
            <failure type="FAILED" message="Test Cases/covestro FAILED.&#xA;Reason:&#xA;com.kms.katalon.core.exception.StepFailedException: Unable to open browser with url: ''&#xD;&#xA;&#x9;at com.kms.katalon.core.webui.keyword.internal.WebUIKeywordMain.stepFailed(WebUIKeywordMain.groovy:64)&#xD;&#xA;&#x9;at com.kms.katalon.core.webui.keyword.internal.WebUIKeywordMain.runKeyword(WebUIKeywordMain.groovy:26)&#xD;&#xA;&#x9;at com.kms.katalon.core.webui.keyword.builtin.OpenBrowserKeyword.openBrowser(OpenBrowserKeyword.groovy:81)&#xD;&#xA;&#x9;at com.kms.katalon.core.webui.keyword.builtin.OpenBrowserKeyword.execute(OpenBrowserKeyword.groovy:67)&#xD;&#xA;&#x9;at com.kms.katalon.core.keyword.internal.KeywordExecutor.executeKeywordForPlatform(KeywordExecutor.groovy:56)&#xD;&#xA;&#x9;at com.kms.katalon.core.webui.keyword.WebUiBuiltInKeywords.openBrowser(WebUiBuiltInKeywords.groovy:60)&#xD;&#xA;&#x9;at com.kms.katalon.core.webui.keyword.WebUiBuiltInKeywords$openBrowser.call(Unknown Source)&#xD;&#xA;&#x9;at covestro.run(covestro:17)&#xD;&#xA;&#x9;at com.kms.katalon.core.main.ScriptEngine.run(ScriptEngine.java:194)&#xD;&#xA;&#x9;at com.kms.katalon.core.main.ScriptEngine.runScriptAsRawText(ScriptEngine.java:119)&#xD;&#xA;&#x9;at com.kms.katalon.core.main.TestCaseExecutor.runScript(TestCaseExecutor.java:337)&#xD;&#xA;&#x9;at com.kms.katalon.core.main.TestCaseExecutor.doExecute(TestCaseExecutor.java:328)&#xD;&#xA;&#x9;at com.kms.katalon.core.main.TestCaseExecutor.processExecutionPhase(TestCaseExecutor.java:307)&#xD;&#xA;&#x9;at com.kms.katalon.core.main.TestCaseExecutor.accessMainPhase(TestCaseExecutor.java:299)&#xD;&#xA;&#x9;at com.kms.katalon.core.main.TestCaseExecutor.execute(TestCaseExecutor.java:233)&#xD;&#xA;&#x9;at com.kms.katalon.core.main.TestSuiteExecutor.accessTestCaseMainPhase(TestSuiteExecutor.java:133)&#xD;&#xA;&#x9;at com.kms.katalon.core.main.TestSuiteExecutor.accessTestSuiteMainPhase(TestSuiteExecutor.java:116)&#xD;&#xA;&#x9;at com.kms.katalon.core.main.TestSuiteExecutor.execute(TestSuiteExecutor.java:83)&#xD;&#xA;&#x9;at com.kms.katalon.core.main.TestCaseMain.startTestSuite(TestCaseMain.java:157)&#xD;&#xA;&#x9;at com.kms.katalon.core.main.TestCaseMain$startTestSuite$0.call(Unknown Source)&#xD;&#xA;&#x9;at TempTestSuite1564044813085.run(TempTestSuite1564044813085.groovy:35)&#xD;&#xA;Caused by: org.openqa.selenium.WebDriverException: java.net.ConnectException: Failed to connect to localhost/0:0:0:0:0:0:0:1:38282&#xA;Build info: version: '3.141.59', revision: 'e82be7d358', time: '2018-11-14T08:25:53'&#xA;System info: host: 'ANTONIO', ip: '169.254.42.39', os.name: 'Windows 10', os.arch: 'amd64', os.version: '10.0', java.version: '1.8.0_181'&#xA;Driver info: driver.version: CEdgeDriver&#xD;&#xA;&#x9;at org.openqa.selenium.remote.service.DriverCommandExecutor.execute(DriverCommandExecutor.java:92)&#xD;&#xA;&#x9;at org.openqa.selenium.remote.RemoteWebDriver.execute(RemoteWebDriver.java:552)&#xD;&#xA;&#x9;at com.kms.katalon.selenium.driver.CEdgeDriver.execute(CEdgeDriver.java:21)&#xD;&#xA;&#x9;at org.openqa.selenium.remote.RemoteWebDriver.startSession(RemoteWebDriver.java:213)&#xD;&#xA;&#x9;at org.openqa.selenium.remote.RemoteWebDriver.&lt;init&gt;(RemoteWebDriver.java:131)&#xD;&#xA;&#x9;at org.openqa.selenium.edge.EdgeDriver.&lt;init&gt;(EdgeDriver.java:154)&#xD;&#xA;&#x9;at com.kms.katalon.selenium.driver.CEdgeDriver.&lt;init&gt;(CEdgeDriver.java:14)&#xD;&#xA;&#x9;at com.kms.katalon.core.webui.driver.DriverFactory.createNewEdgeDriver(DriverFactory.java:435)&#xD;&#xA;&#x9;at com.kms.katalon.core.webui.driver.DriverFactory.startNewBrowser(DriverFactory.java:257)&#xD;&#xA;&#x9;at com.kms.katalon.core.webui.driver.DriverFactory.openWebDriver(DriverFactory.java:191)&#xD;&#xA;&#x9;at com.kms.katalon.core.webui.keyword.builtin.OpenBrowserKeyword$_openBrowser_closure1.doCall(OpenBrowserKeyword.groovy:74)&#xD;&#xA;&#x9;at com.kms.katalon.core.webui.keyword.builtin.OpenBrowserKeyword$_openBrowser_closure1.call(OpenBrowserKeyword.groovy)&#xD;&#xA;&#x9;at com.kms.katalon.core.webui.keyword.internal.WebUIKeywordMain.runKeyword(WebUIKeywordMain.groovy:20)&#xD;&#xA;&#x9;at com.kms.katalon.core.webui.keyword.builtin.OpenBrowserKeyword.openBrowser(OpenBrowserKeyword.groovy:81)&#xD;&#xA;&#x9;at com.kms.katalon.core.webui.keyword.builtin.OpenBrowserKeyword.execute(OpenBrowserKeyword.groovy:67)&#xD;&#xA;&#x9;at com.kms.katalon.core.keyword.internal.KeywordExecutor.executeKeywordForPlatform(KeywordExecutor.groovy:56)&#xD;&#xA;&#x9;at com.kms.katalon.core.webui.keyword.WebUiBuiltInKeywords.openBrowser(WebUiBuiltInKeywords.groovy:60)&#xD;&#xA;&#x9;at com.kms.katalon.core.webui.keyword.WebUiBuiltInKeywords$openBrowser.call(Unknown Source)&#xD;&#xA;&#x9;at Script1564042985663.run(Script1564042985663.groovy:17)&#xD;&#xA;&#x9;... 13 more&#xD;&#xA;Caused by: java.net.ConnectException: Failed to connect to localhost/0:0:0:0:0:0:0:1:38282&#xD;&#xA;&#x9;at okhttp3.internal.connection.RealConnection.connectSocket(RealConnection.java:247)&#xD;&#xA;&#x9;at okhttp3.internal.connection.RealConnection.connect(RealConnection.java:165)&#xD;&#xA;&#x9;at okhttp3.internal.connection.StreamAllocation.findConnection(StreamAllocation.java:257)&#xD;&#xA;&#x9;at okhttp3.internal.connection.StreamAllocation.findHealthyConnection(StreamAllocation.java:135)&#xD;&#xA;&#x9;at okhttp3.internal.connection.StreamAllocation.newStream(StreamAllocation.java:114)&#xD;&#xA;&#x9;at okhttp3.internal.connection.ConnectInterceptor.intercept(ConnectInterceptor.java:42)&#xD;&#xA;&#x9;at okhttp3.internal.http.RealInterceptorChain.proceed(RealInterceptorChain.java:147)&#xD;&#xA;&#x9;at okhttp3.internal.http.RealInterceptorChain.proceed(RealInterceptorChain.java:121)&#xD;&#xA;&#x9;at okhttp3.internal.cache.CacheInterceptor.intercept(CacheInterceptor.java:93)&#xD;&#xA;&#x9;at okhttp3.internal.http.RealInterceptorChain.proceed(RealInterceptorChain.java:147)&#xD;&#xA;&#x9;at okhttp3.internal.http.RealInterceptorChain.proceed(RealInterceptorChain.java:121)&#xD;&#xA;&#x9;at okhttp3.internal.http.BridgeInterceptor.intercept(BridgeInterceptor.java:93)&#xD;&#xA;&#x9;at okhttp3.internal.http.RealInterceptorChain.proceed(RealInterceptorChain.java:147)&#xD;&#xA;&#x9;at okhttp3.internal.http.RetryAndFollowUpInterceptor.intercept(RetryAndFollowUpInterceptor.java:126)&#xD;&#xA;&#x9;at okhttp3.internal.http.RealInterceptorChain.proceed(RealInterceptorChain.java:147)&#xD;&#xA;&#x9;at okhttp3.internal.http.RealInterceptorChain.proceed(RealInterceptorChain.java:121)&#xD;&#xA;&#x9;at okhttp3.RealCall.getResponseWithInterceptorChain(RealCall.java:200)&#xD;&#xA;&#x9;at okhttp3.RealCall.execute(RealCall.java:77)&#xD;&#xA;&#x9;at org.openqa.selenium.remote.internal.OkHttpClient.execute(OkHttpClient.java:103)&#xD;&#xA;&#x9;at org.openqa.selenium.remote.ProtocolHandshake.createSession(ProtocolHandshake.java:105)&#xD;&#xA;&#x9;at org.openqa.selenium.remote.ProtocolHandshake.createSession(ProtocolHandshake.java:74)&#xD;&#xA;&#x9;at org.openqa.selenium.remote.HttpCommandExecutor.execute(HttpCommandExecutor.java:136)&#xD;&#xA;&#x9;at org.openqa.selenium.remote.service.DriverCommandExecutor.execute(DriverCommandExecutor.java:83)&#xD;&#xA;&#x9;... 31 more&#xD;&#xA;Caused by: java.net.ConnectException: Connection refused: connect&#xD;&#xA;&#x9;at okhttp3.internal.platform.Platform.connectSocket(Platform.java:129)&#xD;&#xA;&#x9;at okhttp3.internal.connection.RealConnection.connectSocket(RealConnection.java:245)&#xD;&#xA;&#x9;at okhttp3.internal.connection.RealConnection.connect(RealConnection.java:165)&#xD;&#xA;&#x9;at okhttp3.internal.connection.StreamAllocation.findConnection(StreamAllocation.java:257)&#xD;&#xA;&#x9;at okhttp3.internal.connection.StreamAllocation.findHealthyConnection(StreamAllocation.java:135)&#xD;&#xA;&#x9;at okhttp3.internal.connection.StreamAllocation.newStream(StreamAllocation.java:114)&#xD;&#xA;&#x9;at okhttp3.internal.connection.ConnectInterceptor.intercept(ConnectInterceptor.java:42)&#xD;&#xA;&#x9;at okhttp3.internal.http.RealInterceptorChain.proceed(RealInterceptorChain.java:147)&#xD;&#xA;&#x9;at okhttp3.internal.http.RealInterceptorChain.proceed(RealInterceptorChain.java:121)&#xD;&#xA;&#x9;at okhttp3.internal.cache.CacheInterceptor.intercept(CacheInterceptor.java:93)&#xD;&#xA;&#x9;at okhttp3.internal.http.RealInterceptorChain.proceed(RealInterceptorChain.java:147)&#xD;&#xA;&#x9;at okhttp3.internal.http.RealInterceptorChain.proceed(RealInterceptorChain.java:121)&#xD;&#xA;&#x9;at okhttp3.internal.http.BridgeInterceptor.intercept(BridgeInterceptor.java:93)&#xD;&#xA;&#x9;at okhttp3.internal.http.RealInterceptorChain.proceed(RealInterceptorChain.java:147)&#xD;&#xA;&#x9;at okhttp3.internal.http.RetryAndFollowUpInterceptor.intercept(RetryAndFollowUpInterceptor.java:126)&#xD;&#xA;&#x9;at okhttp3.internal.http.RealInterceptorChain.proceed(RealInterceptorChain.java:147)&#xD;&#xA;&#x9;at okhttp3.internal.http.RealInterceptorChain.proceed(RealInterceptorChain.java:121)&#xD;&#xA;&#x9;at okhttp3.RealCall.getResponseWithInterceptorChain(RealCall.java:200)&#xD;&#xA;&#x9;at okhttp3.RealCall.execute(RealCall.java:77)&#xD;&#xA;&#x9;at org.openqa.selenium.remote.internal.OkHttpClient.execute(OkHttpClient.java:103)&#xD;&#xA;&#x9;at org.openqa.selenium.remote.ProtocolHandshake.createSession(ProtocolHandshake.java:105)&#xD;&#xA;&#x9;at org.openqa.selenium.remote.ProtocolHandshake.createSession(ProtocolHandshake.java:74)&#xD;&#xA;&#x9;at org.openqa.selenium.remote.HttpCommandExecutor.execute(HttpCommandExecutor.java:136)&#xD;&#xA;&#x9;at org.openqa.selenium.remote.service.DriverCommandExecutor.execute(DriverCommandExecutor.java:83)&#xD;&#xA;&#x9;at org.openqa.selenium.remote.RemoteWebDriver.execute(RemoteWebDriver.java:552)&#xD;&#xA;&#x9;at com.kms.katalon.selenium.driver.CEdgeDriver.execute(CEdgeDriver.java:21)&#xD;&#xA;&#x9;at org.openqa.selenium.remote.RemoteWebDriver.startSession(RemoteWebDriver.java:213)&#xD;&#xA;&#x9;at org.openqa.selenium.remote.RemoteWebDriver.&lt;init&gt;(RemoteWebDriver.java:131)&#xD;&#xA;&#x9;at org.openqa.selenium.edge.EdgeDriver.&lt;init&gt;(EdgeDriver.java:154)&#xD;&#xA;&#x9;at com.kms.katalon.selenium.driver.CEdgeDriver.&lt;init&gt;(CEdgeDriver.java:14)&#xD;&#xA;&#x9;at com.kms.katalon.core.webui.driver.DriverFactory.createNewEdgeDriver(DriverFactory.java:435)&#xD;&#xA;&#x9;at com.kms.katalon.core.webui.driver.DriverFactory.startNewBrowser(DriverFactory.java:257)&#xD;&#xA;&#x9;at com.kms.katalon.core.webui.driver.DriverFactory.openWebDriver(DriverFactory.java:191)&#xD;&#xA;&#x9;at com.kms.katalon.core.webui.keyword.builtin.OpenBrowserKeyword$_openBrowser_closure1.doCall(OpenBrowserKeyword.groovy:74)&#xD;&#xA;&#x9;at com.kms.katalon.core.webui.keyword.builtin.OpenBrowserKeyword$_openBrowser_closure1.call(OpenBrowserKeyword.groovy)&#xD;&#xA;&#x9;at com.kms.katalon.core.webui.keyword.internal.WebUIKeywordMain.runKeyword(WebUIKeywordMain.groovy:20)&#xD;&#xA;&#x9;at com.kms.katalon.core.webui.keyword.builtin.OpenBrowserKeyword.openBrowser(OpenBrowserKeyword.groovy:81)&#xD;&#xA;&#x9;at com.kms.katalon.core.webui.keyword.builtin.OpenBrowserKeyword.execute(OpenBrowserKeyword.groovy:67)&#xD;&#xA;&#x9;at com.kms.katalon.core.keyword.internal.KeywordExecutor.executeKeywordForPlatform(KeywordExecutor.groovy:56)&#xD;&#xA;&#x9;at com.kms.katalon.core.webui.keyword.WebUiBuiltInKeywords.openBrowser(WebUiBuiltInKeywords.groovy:60)&#xD;&#xA;&#x9;at com.kms.katalon.core.webui.keyword.WebUiBuiltInKeywords$openBrowser.call(Unknown Source)&#xD;&#xA;&#x9;at covestro.run(covestro:17)&#xD;&#xA;&#x9;... 13 more&#xD;&#xA;"/>
            <system-out>2019-07-25 11:09:51 - [TEST_CASE][FAILED] - Test Cases/covestro: Test Cases/covestro FAILED.
Reason:
com.kms.katalon.core.exception.StepFailedException: Unable to open browser with url: ''&#xD;
	at com.kms.katalon.core.webui.keyword.internal.WebUIKeywordMain.stepFailed(WebUIKeywordMain.groovy:64)&#xD;
	at com.kms.katalon.core.webui.keyword.internal.WebUIKeywordMain.runKeyword(WebUIKeywordMain.groovy:26)&#xD;
	at com.kms.katalon.core.webui.keyword.builtin.OpenBrowserKeyword.openBrowser(OpenBrowserKeyword.groovy:81)&#xD;
	at com.kms.katalon.core.webui.keyword.builtin.OpenBrowserKeyword.execute(OpenBrowserKeyword.groovy:67)&#xD;
	at com.kms.katalon.core.keyword.internal.KeywordExecutor.executeKeywordForPlatform(KeywordExecutor.groovy:56)&#xD;
	at com.kms.katalon.core.webui.keyword.WebUiBuiltInKeywords.openBrowser(WebUiBuiltInKeywords.groovy:60)&#xD;
	at com.kms.katalon.core.webui.keyword.WebUiBuiltInKeywords$openBrowser.call(Unknown Source)&#xD;
	at covestro.run(covestro:17)&#xD;
	at com.kms.katalon.core.main.ScriptEngine.run(ScriptEngine.java:194)&#xD;
	at com.kms.katalon.core.main.ScriptEngine.runScriptAsRawText(ScriptEngine.java:119)&#xD;
	at com.kms.katalon.core.main.TestCaseExecutor.runScript(TestCaseExecutor.java:337)&#xD;
	at com.kms.katalon.core.main.TestCaseExecutor.doExecute(TestCaseExecutor.java:328)&#xD;
	at com.kms.katalon.core.main.TestCaseExecutor.processExecutionPhase(TestCaseExecutor.java:307)&#xD;
	at com.kms.katalon.core.main.TestCaseExecutor.accessMainPhase(TestCaseExecutor.java:299)&#xD;
	at com.kms.katalon.core.main.TestCaseExecutor.execute(TestCaseExecutor.java:233)&#xD;
	at com.kms.katalon.core.main.TestSuiteExecutor.accessTestCaseMainPhase(TestSuiteExecutor.java:133)&#xD;
	at com.kms.katalon.core.main.TestSuiteExecutor.accessTestSuiteMainPhase(TestSuiteExecutor.java:116)&#xD;
	at com.kms.katalon.core.main.TestSuiteExecutor.execute(TestSuiteExecutor.java:83)&#xD;
	at com.kms.katalon.core.main.TestCaseMain.startTestSuite(TestCaseMain.java:157)&#xD;
	at com.kms.katalon.core.main.TestCaseMain$startTestSuite$0.call(Unknown Source)&#xD;
	at TempTestSuite1564044813085.run(TempTestSuite1564044813085.groovy:35)&#xD;
Caused by: org.openqa.selenium.WebDriverException: java.net.ConnectException: Failed to connect to localhost/0:0:0:0:0:0:0:1:38282
Build info: version: '3.141.59', revision: 'e82be7d358', time: '2018-11-14T08:25:53'
System info: host: 'ANTONIO', ip: '169.254.42.39', os.name: 'Windows 10', os.arch: 'amd64', os.version: '10.0', java.version: '1.8.0_181'
Driver info: driver.version: CEdgeDriver&#xD;
	at org.openqa.selenium.remote.service.DriverCommandExecutor.execute(DriverCommandExecutor.java:92)&#xD;
	at org.openqa.selenium.remote.RemoteWebDriver.execute(RemoteWebDriver.java:552)&#xD;
	at com.kms.katalon.selenium.driver.CEdgeDriver.execute(CEdgeDriver.java:21)&#xD;
	at org.openqa.selenium.remote.RemoteWebDriver.startSession(RemoteWebDriver.java:213)&#xD;
	at org.openqa.selenium.remote.RemoteWebDriver.&lt;init&gt;(RemoteWebDriver.java:131)&#xD;
	at org.openqa.selenium.edge.EdgeDriver.&lt;init&gt;(EdgeDriver.java:154)&#xD;
	at com.kms.katalon.selenium.driver.CEdgeDriver.&lt;init&gt;(CEdgeDriver.java:14)&#xD;
	at com.kms.katalon.core.webui.driver.DriverFactory.createNewEdgeDriver(DriverFactory.java:435)&#xD;
	at com.kms.katalon.core.webui.driver.DriverFactory.startNewBrowser(DriverFactory.java:257)&#xD;
	at com.kms.katalon.core.webui.driver.DriverFactory.openWebDriver(DriverFactory.java:191)&#xD;
	at com.kms.katalon.core.webui.keyword.builtin.OpenBrowserKeyword$_openBrowser_closure1.doCall(OpenBrowserKeyword.groovy:74)&#xD;
	at com.kms.katalon.core.webui.keyword.builtin.OpenBrowserKeyword$_openBrowser_closure1.call(OpenBrowserKeyword.groovy)&#xD;
	at com.kms.katalon.core.webui.keyword.internal.WebUIKeywordMain.runKeyword(WebUIKeywordMain.groovy:20)&#xD;
	at com.kms.katalon.core.webui.keyword.builtin.OpenBrowserKeyword.openBrowser(OpenBrowserKeyword.groovy:81)&#xD;
	at com.kms.katalon.core.webui.keyword.builtin.OpenBrowserKeyword.execute(OpenBrowserKeyword.groovy:67)&#xD;
	at com.kms.katalon.core.keyword.internal.KeywordExecutor.executeKeywordForPlatform(KeywordExecutor.groovy:56)&#xD;
	at com.kms.katalon.core.webui.keyword.WebUiBuiltInKeywords.openBrowser(WebUiBuiltInKeywords.groovy:60)&#xD;
	at com.kms.katalon.core.webui.keyword.WebUiBuiltInKeywords$openBrowser.call(Unknown Source)&#xD;
	at Script1564042985663.run(Script1564042985663.groovy:17)&#xD;
	... 13 more&#xD;
Caused by: java.net.ConnectException: Failed to connect to localhost/0:0:0:0:0:0:0:1:38282&#xD;
	at okhttp3.internal.connection.RealConnection.connectSocket(RealConnection.java:247)&#xD;
	at okhttp3.internal.connection.RealConnection.connect(RealConnection.java:165)&#xD;
	at okhttp3.internal.connection.StreamAllocation.findConnection(StreamAllocation.java:257)&#xD;
	at okhttp3.internal.connection.StreamAllocation.findHealthyConnection(StreamAllocation.java:135)&#xD;
	at okhttp3.internal.connection.StreamAllocation.newStream(StreamAllocation.java:114)&#xD;
	at okhttp3.internal.connection.ConnectInterceptor.intercept(ConnectInterceptor.java:42)&#xD;
	at okhttp3.internal.http.RealInterceptorChain.proceed(RealInterceptorChain.java:147)&#xD;
	at okhttp3.internal.http.RealInterceptorChain.proceed(RealInterceptorChain.java:121)&#xD;
	at okhttp3.internal.cache.CacheInterceptor.intercept(CacheInterceptor.java:93)&#xD;
	at okhttp3.internal.http.RealInterceptorChain.proceed(RealInterceptorChain.java:147)&#xD;
	at okhttp3.internal.http.RealInterceptorChain.proceed(RealInterceptorChain.java:121)&#xD;
	at okhttp3.internal.http.BridgeInterceptor.intercept(BridgeInterceptor.java:93)&#xD;
	at okhttp3.internal.http.RealInterceptorChain.proceed(RealInterceptorChain.java:147)&#xD;
	at okhttp3.internal.http.RetryAndFollowUpInterceptor.intercept(RetryAndFollowUpInterceptor.java:126)&#xD;
	at okhttp3.internal.http.RealInterceptorChain.proceed(RealInterceptorChain.java:147)&#xD;
	at okhttp3.internal.http.RealInterceptorChain.proceed(RealInterceptorChain.java:121)&#xD;
	at okhttp3.RealCall.getResponseWithInterceptorChain(RealCall.java:200)&#xD;
	at okhttp3.RealCall.execute(RealCall.java:77)&#xD;
	at org.openqa.selenium.remote.internal.OkHttpClient.execute(OkHttpClient.java:103)&#xD;
	at org.openqa.selenium.remote.ProtocolHandshake.createSession(ProtocolHandshake.java:105)&#xD;
	at org.openqa.selenium.remote.ProtocolHandshake.createSession(ProtocolHandshake.java:74)&#xD;
	at org.openqa.selenium.remote.HttpCommandExecutor.execute(HttpCommandExecutor.java:136)&#xD;
	at org.openqa.selenium.remote.service.DriverCommandExecutor.execute(DriverCommandExecutor.java:83)&#xD;
	... 31 more&#xD;
Caused by: java.net.ConnectException: Connection refused: connect&#xD;
	at okhttp3.internal.platform.Platform.connectSocket(Platform.java:129)&#xD;
	at okhttp3.internal.connection.RealConnection.connectSocket(RealConnection.java:245)&#xD;
	at okhttp3.internal.connection.RealConnection.connect(RealConnection.java:165)&#xD;
	at okhttp3.internal.connection.StreamAllocation.findConnection(StreamAllocation.java:257)&#xD;
	at okhttp3.internal.connection.StreamAllocation.findHealthyConnection(StreamAllocation.java:135)&#xD;
	at okhttp3.internal.connection.StreamAllocation.newStream(StreamAllocation.java:114)&#xD;
	at okhttp3.internal.connection.ConnectInterceptor.intercept(ConnectInterceptor.java:42)&#xD;
	at okhttp3.internal.http.RealInterceptorChain.proceed(RealInterceptorChain.java:147)&#xD;
	at okhttp3.internal.http.RealInterceptorChain.proceed(RealInterceptorChain.java:121)&#xD;
	at okhttp3.internal.cache.CacheInterceptor.intercept(CacheInterceptor.java:93)&#xD;
	at okhttp3.internal.http.RealInterceptorChain.proceed(RealInterceptorChain.java:147)&#xD;
	at okhttp3.internal.http.RealInterceptorChain.proceed(RealInterceptorChain.java:121)&#xD;
	at okhttp3.internal.http.BridgeInterceptor.intercept(BridgeInterceptor.java:93)&#xD;
	at okhttp3.internal.http.RealInterceptorChain.proceed(RealInterceptorChain.java:147)&#xD;
	at okhttp3.internal.http.RetryAndFollowUpInterceptor.intercept(RetryAndFollowUpInterceptor.java:126)&#xD;
	at okhttp3.internal.http.RealInterceptorChain.proceed(RealInterceptorChain.java:147)&#xD;
	at okhttp3.internal.http.RealInterceptorChain.proceed(RealInterceptorChain.java:121)&#xD;
	at okhttp3.RealCall.getResponseWithInterceptorChain(RealCall.java:200)&#xD;
	at okhttp3.RealCall.execute(RealCall.java:77)&#xD;
	at org.openqa.selenium.remote.internal.OkHttpClient.execute(OkHttpClient.java:103)&#xD;
	at org.openqa.selenium.remote.ProtocolHandshake.createSession(ProtocolHandshake.java:105)&#xD;
	at org.openqa.selenium.remote.ProtocolHandshake.createSession(ProtocolHandshake.java:74)&#xD;
	at org.openqa.selenium.remote.HttpCommandExecutor.execute(HttpCommandExecutor.java:136)&#xD;
	at org.openqa.selenium.remote.service.DriverCommandExecutor.execute(DriverCommandExecutor.java:83)&#xD;
	at org.openqa.selenium.remote.RemoteWebDriver.execute(RemoteWebDriver.java:552)&#xD;
	at com.kms.katalon.selenium.driver.CEdgeDriver.execute(CEdgeDriver.java:21)&#xD;
	at org.openqa.selenium.remote.RemoteWebDriver.startSession(RemoteWebDriver.java:213)&#xD;
	at org.openqa.selenium.remote.RemoteWebDriver.&lt;init&gt;(RemoteWebDriver.java:131)&#xD;
	at org.openqa.selenium.edge.EdgeDriver.&lt;init&gt;(EdgeDriver.java:154)&#xD;
	at com.kms.katalon.selenium.driver.CEdgeDriver.&lt;init&gt;(CEdgeDriver.java:14)&#xD;
	at com.kms.katalon.core.webui.driver.DriverFactory.createNewEdgeDriver(DriverFactory.java:435)&#xD;
	at com.kms.katalon.core.webui.driver.DriverFactory.startNewBrowser(DriverFactory.java:257)&#xD;
	at com.kms.katalon.core.webui.driver.DriverFactory.openWebDriver(DriverFactory.java:191)&#xD;
	at com.kms.katalon.core.webui.keyword.builtin.OpenBrowserKeyword$_openBrowser_closure1.doCall(OpenBrowserKeyword.groovy:74)&#xD;
	at com.kms.katalon.core.webui.keyword.builtin.OpenBrowserKeyword$_openBrowser_closure1.call(OpenBrowserKeyword.groovy)&#xD;
	at com.kms.katalon.core.webui.keyword.internal.WebUIKeywordMain.runKeyword(WebUIKeywordMain.groovy:20)&#xD;
	at com.kms.katalon.core.webui.keyword.builtin.OpenBrowserKeyword.openBrowser(OpenBrowserKeyword.groovy:81)&#xD;
	at com.kms.katalon.core.webui.keyword.builtin.OpenBrowserKeyword.execute(OpenBrowserKeyword.groovy:67)&#xD;
	at com.kms.katalon.core.keyword.internal.KeywordExecutor.executeKeywordForPlatform(KeywordExecutor.groovy:56)&#xD;
	at com.kms.katalon.core.webui.keyword.WebUiBuiltInKeywords.openBrowser(WebUiBuiltInKeywords.groovy:60)&#xD;
	at com.kms.katalon.core.webui.keyword.WebUiBuiltInKeywords$openBrowser.call(Unknown Source)&#xD;
	at covestro.run(covestro:17)&#xD;
	... 13 more&#xD;
&#xD;
&#xD;
2019-07-25 11:09:52 - [TEST_STEP][FAILED] - openBrowser(""): Unable to open browser with url: '' (Root cause: com.kms.katalon.core.exception.StepFailedException: Unable to open browser with url: ''&#xD;
	at com.kms.katalon.core.webui.keyword.internal.WebUIKeywordMain.stepFailed(WebUIKeywordMain.groovy:64)&#xD;
	at com.kms.katalon.core.webui.keyword.internal.WebUIKeywordMain.runKeyword(WebUIKeywordMain.groovy:26)&#xD;
	at com.kms.katalon.core.webui.keyword.builtin.OpenBrowserKeyword.openBrowser(OpenBrowserKeyword.groovy:81)&#xD;
	at com.kms.katalon.core.webui.keyword.builtin.OpenBrowserKeyword.execute(OpenBrowserKeyword.groovy:67)&#xD;
	at com.kms.katalon.core.keyword.internal.KeywordExecutor.executeKeywordForPlatform(KeywordExecutor.groovy:56)&#xD;
	at com.kms.katalon.core.webui.keyword.WebUiBuiltInKeywords.openBrowser(WebUiBuiltInKeywords.groovy:60)&#xD;
	at com.kms.katalon.core.webui.keyword.WebUiBuiltInKeywords$openBrowser.call(Unknown Source)&#xD;
	at covestro.run(covestro:17)&#xD;
	at com.kms.katalon.core.main.ScriptEngine.run(ScriptEngine.java:194)&#xD;
	at com.kms.katalon.core.main.ScriptEngine.runScriptAsRawText(ScriptEngine.java:119)&#xD;
	at com.kms.katalon.core.main.TestCaseExecutor.runScript(TestCaseExecutor.java:337)&#xD;
	at com.kms.katalon.core.main.TestCaseExecutor.doExecute(TestCaseExecutor.java:328)&#xD;
	at com.kms.katalon.core.main.TestCaseExecutor.processExecutionPhase(TestCaseExecutor.java:307)&#xD;
	at com.kms.katalon.core.main.TestCaseExecutor.accessMainPhase(TestCaseExecutor.java:299)&#xD;
	at com.kms.katalon.core.main.TestCaseExecutor.execute(TestCaseExecutor.java:233)&#xD;
	at com.kms.katalon.core.main.TestSuiteExecutor.accessTestCaseMainPhase(TestSuiteExecutor.java:133)&#xD;
	at com.kms.katalon.core.main.TestSuiteExecutor.accessTestSuiteMainPhase(TestSuiteExecutor.java:116)&#xD;
	at com.kms.katalon.core.main.TestSuiteExecutor.execute(TestSuiteExecutor.java:83)&#xD;
	at com.kms.katalon.core.main.TestCaseMain.startTestSuite(TestCaseMain.java:157)&#xD;
	at com.kms.katalon.core.main.TestCaseMain$startTestSuite$0.call(Unknown Source)&#xD;
	at TempTestSuite1564044813085.run(TempTestSuite1564044813085.groovy:35)&#xD;
Caused by: org.openqa.selenium.WebDriverException: java.net.ConnectException: Failed to connect to localhost/0:0:0:0:0:0:0:1:38282
Build info: version: '3.141.59', revision: 'e82be7d358', time: '2018-11-14T08:25:53'
System info: host: 'ANTONIO', ip: '169.254.42.39', os.name: 'Windows 10', os.arch: 'amd64', os.version: '10.0', java.version: '1.8.0_181'
Driver info: driver.version: CEdgeDriver&#xD;
	at org.openqa.selenium.remote.service.DriverCommandExecutor.execute(DriverCommandExecutor.java:92)&#xD;
	at org.openqa.selenium.remote.RemoteWebDriver.execute(RemoteWebDriver.java:552)&#xD;
	at com.kms.katalon.selenium.driver.CEdgeDriver.execute(CEdgeDriver.java:21)&#xD;
	at org.openqa.selenium.remote.RemoteWebDriver.startSession(RemoteWebDriver.java:213)&#xD;
	at org.openqa.selenium.remote.RemoteWebDriver.&lt;init&gt;(RemoteWebDriver.java:131)&#xD;
	at org.openqa.selenium.edge.EdgeDriver.&lt;init&gt;(EdgeDriver.java:154)&#xD;
	at com.kms.katalon.selenium.driver.CEdgeDriver.&lt;init&gt;(CEdgeDriver.java:14)&#xD;
	at com.kms.katalon.core.webui.driver.DriverFactory.createNewEdgeDriver(DriverFactory.java:435)&#xD;
	at com.kms.katalon.core.webui.driver.DriverFactory.startNewBrowser(DriverFactory.java:257)&#xD;
	at com.kms.katalon.core.webui.driver.DriverFactory.openWebDriver(DriverFactory.java:191)&#xD;
	at com.kms.katalon.core.webui.keyword.builtin.OpenBrowserKeyword$_openBrowser_closure1.doCall(OpenBrowserKeyword.groovy:74)&#xD;
	at com.kms.katalon.core.webui.keyword.builtin.OpenBrowserKeyword$_openBrowser_closure1.call(OpenBrowserKeyword.groovy)&#xD;
	at com.kms.katalon.core.webui.keyword.internal.WebUIKeywordMain.runKeyword(WebUIKeywordMain.groovy:20)&#xD;
	at com.kms.katalon.core.webui.keyword.builtin.OpenBrowserKeyword.openBrowser(OpenBrowserKeyword.groovy:81)&#xD;
	at com.kms.katalon.core.webui.keyword.builtin.OpenBrowserKeyword.execute(OpenBrowserKeyword.groovy:67)&#xD;
	at com.kms.katalon.core.keyword.internal.KeywordExecutor.executeKeywordForPlatform(KeywordExecutor.groovy:56)&#xD;
	at com.kms.katalon.core.webui.keyword.WebUiBuiltInKeywords.openBrowser(WebUiBuiltInKeywords.groovy:60)&#xD;
	at com.kms.katalon.core.webui.keyword.WebUiBuiltInKeywords$openBrowser.call(Unknown Source)&#xD;
	at Script1564042985663.run(Script1564042985663.groovy:17)&#xD;
	... 13 more&#xD;
Caused by: java.net.ConnectException: Failed to connect to localhost/0:0:0:0:0:0:0:1:38282&#xD;
	at okhttp3.internal.connection.RealConnection.connectSocket(RealConnection.java:247)&#xD;
	at okhttp3.internal.connection.RealConnection.connect(RealConnection.java:165)&#xD;
	at okhttp3.internal.connection.StreamAllocation.findConnection(StreamAllocation.java:257)&#xD;
	at okhttp3.internal.connection.StreamAllocation.findHealthyConnection(StreamAllocation.java:135)&#xD;
	at okhttp3.internal.connection.StreamAllocation.newStream(StreamAllocation.java:114)&#xD;
	at okhttp3.internal.connection.ConnectInterceptor.intercept(ConnectInterceptor.java:42)&#xD;
	at okhttp3.internal.http.RealInterceptorChain.proceed(RealInterceptorChain.java:147)&#xD;
	at okhttp3.internal.http.RealInterceptorChain.proceed(RealInterceptorChain.java:121)&#xD;
	at okhttp3.internal.cache.CacheInterceptor.intercept(CacheInterceptor.java:93)&#xD;
	at okhttp3.internal.http.RealInterceptorChain.proceed(RealInterceptorChain.java:147)&#xD;
	at okhttp3.internal.http.RealInterceptorChain.proceed(RealInterceptorChain.java:121)&#xD;
	at okhttp3.internal.http.BridgeInterceptor.intercept(BridgeInterceptor.java:93)&#xD;
	at okhttp3.internal.http.RealInterceptorChain.proceed(RealInterceptorChain.java:147)&#xD;
	at okhttp3.internal.http.RetryAndFollowUpInterceptor.intercept(RetryAndFollowUpInterceptor.java:126)&#xD;
	at okhttp3.internal.http.RealInterceptorChain.proceed(RealInterceptorChain.java:147)&#xD;
	at okhttp3.internal.http.RealInterceptorChain.proceed(RealInterceptorChain.java:121)&#xD;
	at okhttp3.RealCall.getResponseWithInterceptorChain(RealCall.java:200)&#xD;
	at okhttp3.RealCall.execute(RealCall.java:77)&#xD;
	at org.openqa.selenium.remote.internal.OkHttpClient.execute(OkHttpClient.java:103)&#xD;
	at org.openqa.selenium.remote.ProtocolHandshake.createSession(ProtocolHandshake.java:105)&#xD;
	at org.openqa.selenium.remote.ProtocolHandshake.createSession(ProtocolHandshake.java:74)&#xD;
	at org.openqa.selenium.remote.HttpCommandExecutor.execute(HttpCommandExecutor.java:136)&#xD;
	at org.openqa.selenium.remote.service.DriverCommandExecutor.execute(DriverCommandExecutor.java:83)&#xD;
	... 31 more&#xD;
Caused by: java.net.ConnectException: Connection refused: connect&#xD;
	at okhttp3.internal.platform.Platform.connectSocket(Platform.java:129)&#xD;
	at okhttp3.internal.connection.RealConnection.connectSocket(RealConnection.java:245)&#xD;
	... 53 more&#xD;
)&#xD;
&#xD;
2019-07-25 11:09:52 - [MESSAGE][INFO] - Starting 'Edge' driver&#xD;
&#xD;
2019-07-25 11:09:54 - [MESSAGE][FAILED] - Unable to open browser with url: '' (Root cause: com.kms.katalon.core.exception.StepFailedException: Unable to open browser with url: ''&#xD;
	at com.kms.katalon.core.webui.keyword.internal.WebUIKeywordMain.stepFailed(WebUIKeywordMain.groovy:64)&#xD;
	at com.kms.katalon.core.webui.keyword.internal.WebUIKeywordMain.runKeyword(WebUIKeywordMain.groovy:26)&#xD;
	at com.kms.katalon.core.webui.keyword.builtin.OpenBrowserKeyword.openBrowser(OpenBrowserKeyword.groovy:81)&#xD;
	at com.kms.katalon.core.webui.keyword.builtin.OpenBrowserKeyword.execute(OpenBrowserKeyword.groovy:67)&#xD;
	at com.kms.katalon.core.keyword.internal.KeywordExecutor.executeKeywordForPlatform(KeywordExecutor.groovy:56)&#xD;
	at com.kms.katalon.core.webui.keyword.WebUiBuiltInKeywords.openBrowser(WebUiBuiltInKeywords.groovy:60)&#xD;
	at com.kms.katalon.core.webui.keyword.WebUiBuiltInKeywords$openBrowser.call(Unknown Source)&#xD;
	at covestro.run(covestro:17)&#xD;
	at com.kms.katalon.core.main.ScriptEngine.run(ScriptEngine.java:194)&#xD;
	at com.kms.katalon.core.main.ScriptEngine.runScriptAsRawText(ScriptEngine.java:119)&#xD;
	at com.kms.katalon.core.main.TestCaseExecutor.runScript(TestCaseExecutor.java:337)&#xD;
	at com.kms.katalon.core.main.TestCaseExecutor.doExecute(TestCaseExecutor.java:328)&#xD;
	at com.kms.katalon.core.main.TestCaseExecutor.processExecutionPhase(TestCaseExecutor.java:307)&#xD;
	at com.kms.katalon.core.main.TestCaseExecutor.accessMainPhase(TestCaseExecutor.java:299)&#xD;
	at com.kms.katalon.core.main.TestCaseExecutor.execute(TestCaseExecutor.java:233)&#xD;
	at com.kms.katalon.core.main.TestSuiteExecutor.accessTestCaseMainPhase(TestSuiteExecutor.java:133)&#xD;
	at com.kms.katalon.core.main.TestSuiteExecutor.accessTestSuiteMainPhase(TestSuiteExecutor.java:116)&#xD;
	at com.kms.katalon.core.main.TestSuiteExecutor.execute(TestSuiteExecutor.java:83)&#xD;
	at com.kms.katalon.core.main.TestCaseMain.startTestSuite(TestCaseMain.java:157)&#xD;
	at com.kms.katalon.core.main.TestCaseMain$startTestSuite$0.call(Unknown Source)&#xD;
	at TempTestSuite1564044813085.run(TempTestSuite1564044813085.groovy:35)&#xD;
Caused by: org.openqa.selenium.WebDriverException: java.net.ConnectException: Failed to connect to localhost/0:0:0:0:0:0:0:1:38282
Build info: version: '3.141.59', revision: 'e82be7d358', time: '2018-11-14T08:25:53'
System info: host: 'ANTONIO', ip: '169.254.42.39', os.name: 'Windows 10', os.arch: 'amd64', os.version: '10.0', java.version: '1.8.0_181'
Driver info: driver.version: CEdgeDriver&#xD;
	at org.openqa.selenium.remote.service.DriverCommandExecutor.execute(DriverCommandExecutor.java:92)&#xD;
	at org.openqa.selenium.remote.RemoteWebDriver.execute(RemoteWebDriver.java:552)&#xD;
	at com.kms.katalon.selenium.driver.CEdgeDriver.execute(CEdgeDriver.java:21)&#xD;
	at org.openqa.selenium.remote.RemoteWebDriver.startSession(RemoteWebDriver.java:213)&#xD;
	at org.openqa.selenium.remote.RemoteWebDriver.&lt;init&gt;(RemoteWebDriver.java:131)&#xD;
	at org.openqa.selenium.edge.EdgeDriver.&lt;init&gt;(EdgeDriver.java:154)&#xD;
	at com.kms.katalon.selenium.driver.CEdgeDriver.&lt;init&gt;(CEdgeDriver.java:14)&#xD;
	at com.kms.katalon.core.webui.driver.DriverFactory.createNewEdgeDriver(DriverFactory.java:435)&#xD;
	at com.kms.katalon.core.webui.driver.DriverFactory.startNewBrowser(DriverFactory.java:257)&#xD;
	at com.kms.katalon.core.webui.driver.DriverFactory.openWebDriver(DriverFactory.java:191)&#xD;
	at com.kms.katalon.core.webui.keyword.builtin.OpenBrowserKeyword$_openBrowser_closure1.doCall(OpenBrowserKeyword.groovy:74)&#xD;
	at com.kms.katalon.core.webui.keyword.builtin.OpenBrowserKeyword$_openBrowser_closure1.call(OpenBrowserKeyword.groovy)&#xD;
	at com.kms.katalon.core.webui.keyword.internal.WebUIKeywordMain.runKeyword(WebUIKeywordMain.groovy:20)&#xD;
	at com.kms.katalon.core.webui.keyword.builtin.OpenBrowserKeyword.openBrowser(OpenBrowserKeyword.groovy:81)&#xD;
	at com.kms.katalon.core.webui.keyword.builtin.OpenBrowserKeyword.execute(OpenBrowserKeyword.groovy:67)&#xD;
	at com.kms.katalon.core.keyword.internal.KeywordExecutor.executeKeywordForPlatform(KeywordExecutor.groovy:56)&#xD;
	at com.kms.katalon.core.webui.keyword.WebUiBuiltInKeywords.openBrowser(WebUiBuiltInKeywords.groovy:60)&#xD;
	at com.kms.katalon.core.webui.keyword.WebUiBuiltInKeywords$openBrowser.call(Unknown Source)&#xD;
	at Script1564042985663.run(Script1564042985663.groovy:17)&#xD;
	... 13 more&#xD;
Caused by: java.net.ConnectException: Failed to connect to localhost/0:0:0:0:0:0:0:1:38282&#xD;
	at okhttp3.internal.connection.RealConnection.connectSocket(RealConnection.java:247)&#xD;
	at okhttp3.internal.connection.RealConnection.connect(RealConnection.java:165)&#xD;
	at okhttp3.internal.connection.StreamAllocation.findConnection(StreamAllocation.java:257)&#xD;
	at okhttp3.internal.connection.StreamAllocation.findHealthyConnection(StreamAllocation.java:135)&#xD;
	at okhttp3.internal.connection.StreamAllocation.newStream(StreamAllocation.java:114)&#xD;
	at okhttp3.internal.connection.ConnectInterceptor.intercept(ConnectInterceptor.java:42)&#xD;
	at okhttp3.internal.http.RealInterceptorChain.proceed(RealInterceptorChain.java:147)&#xD;
	at okhttp3.internal.http.RealInterceptorChain.proceed(RealInterceptorChain.java:121)&#xD;
	at okhttp3.internal.cache.CacheInterceptor.intercept(CacheInterceptor.java:93)&#xD;
	at okhttp3.internal.http.RealInterceptorChain.proceed(RealInterceptorChain.java:147)&#xD;
	at okhttp3.internal.http.RealInterceptorChain.proceed(RealInterceptorChain.java:121)&#xD;
	at okhttp3.internal.http.BridgeInterceptor.intercept(BridgeInterceptor.java:93)&#xD;
	at okhttp3.internal.http.RealInterceptorChain.proceed(RealInterceptorChain.java:147)&#xD;
	at okhttp3.internal.http.RetryAndFollowUpInterceptor.intercept(RetryAndFollowUpInterceptor.java:126)&#xD;
	at okhttp3.internal.http.RealInterceptorChain.proceed(RealInterceptorChain.java:147)&#xD;
	at okhttp3.internal.http.RealInterceptorChain.proceed(RealInterceptorChain.java:121)&#xD;
	at okhttp3.RealCall.getResponseWithInterceptorChain(RealCall.java:200)&#xD;
	at okhttp3.RealCall.execute(RealCall.java:77)&#xD;
	at org.openqa.selenium.remote.internal.OkHttpClient.execute(OkHttpClient.java:103)&#xD;
	at org.openqa.selenium.remote.ProtocolHandshake.createSession(ProtocolHandshake.java:105)&#xD;
	at org.openqa.selenium.remote.ProtocolHandshake.createSession(ProtocolHandshake.java:74)&#xD;
	at org.openqa.selenium.remote.HttpCommandExecutor.execute(HttpCommandExecutor.java:136)&#xD;
	at org.openqa.selenium.remote.service.DriverCommandExecutor.execute(DriverCommandExecutor.java:83)&#xD;
	... 31 more&#xD;
Caused by: java.net.ConnectException: Connection refused: connect&#xD;
	at okhttp3.internal.platform.Platform.connectSocket(Platform.java:129)&#xD;
	at okhttp3.internal.connection.RealConnection.connectSocket(RealConnection.java:245)&#xD;
	... 53 more&#xD;
)</system-out>
            <system-err>2019-07-25 11:09:51 - [TEST_CASE][FAILED] - Test Cases/covestro: Test Cases/covestro FAILED.
Reason:
com.kms.katalon.core.exception.StepFailedException: Unable to open browser with url: ''&#xD;
	at com.kms.katalon.core.webui.keyword.internal.WebUIKeywordMain.stepFailed(WebUIKeywordMain.groovy:64)&#xD;
	at com.kms.katalon.core.webui.keyword.internal.WebUIKeywordMain.runKeyword(WebUIKeywordMain.groovy:26)&#xD;
	at com.kms.katalon.core.webui.keyword.builtin.OpenBrowserKeyword.openBrowser(OpenBrowserKeyword.groovy:81)&#xD;
	at com.kms.katalon.core.webui.keyword.builtin.OpenBrowserKeyword.execute(OpenBrowserKeyword.groovy:67)&#xD;
	at com.kms.katalon.core.keyword.internal.KeywordExecutor.executeKeywordForPlatform(KeywordExecutor.groovy:56)&#xD;
	at com.kms.katalon.core.webui.keyword.WebUiBuiltInKeywords.openBrowser(WebUiBuiltInKeywords.groovy:60)&#xD;
	at com.kms.katalon.core.webui.keyword.WebUiBuiltInKeywords$openBrowser.call(Unknown Source)&#xD;
	at covestro.run(covestro:17)&#xD;
	at com.kms.katalon.core.main.ScriptEngine.run(ScriptEngine.java:194)&#xD;
	at com.kms.katalon.core.main.ScriptEngine.runScriptAsRawText(ScriptEngine.java:119)&#xD;
	at com.kms.katalon.core.main.TestCaseExecutor.runScript(TestCaseExecutor.java:337)&#xD;
	at com.kms.katalon.core.main.TestCaseExecutor.doExecute(TestCaseExecutor.java:328)&#xD;
	at com.kms.katalon.core.main.TestCaseExecutor.processExecutionPhase(TestCaseExecutor.java:307)&#xD;
	at com.kms.katalon.core.main.TestCaseExecutor.accessMainPhase(TestCaseExecutor.java:299)&#xD;
	at com.kms.katalon.core.main.TestCaseExecutor.execute(TestCaseExecutor.java:233)&#xD;
	at com.kms.katalon.core.main.TestSuiteExecutor.accessTestCaseMainPhase(TestSuiteExecutor.java:133)&#xD;
	at com.kms.katalon.core.main.TestSuiteExecutor.accessTestSuiteMainPhase(TestSuiteExecutor.java:116)&#xD;
	at com.kms.katalon.core.main.TestSuiteExecutor.execute(TestSuiteExecutor.java:83)&#xD;
	at com.kms.katalon.core.main.TestCaseMain.startTestSuite(TestCaseMain.java:157)&#xD;
	at com.kms.katalon.core.main.TestCaseMain$startTestSuite$0.call(Unknown Source)&#xD;
	at TempTestSuite1564044813085.run(TempTestSuite1564044813085.groovy:35)&#xD;
Caused by: org.openqa.selenium.WebDriverException: java.net.ConnectException: Failed to connect to localhost/0:0:0:0:0:0:0:1:38282
Build info: version: '3.141.59', revision: 'e82be7d358', time: '2018-11-14T08:25:53'
System info: host: 'ANTONIO', ip: '169.254.42.39', os.name: 'Windows 10', os.arch: 'amd64', os.version: '10.0', java.version: '1.8.0_181'
Driver info: driver.version: CEdgeDriver&#xD;
	at org.openqa.selenium.remote.service.DriverCommandExecutor.execute(DriverCommandExecutor.java:92)&#xD;
	at org.openqa.selenium.remote.RemoteWebDriver.execute(RemoteWebDriver.java:552)&#xD;
	at com.kms.katalon.selenium.driver.CEdgeDriver.execute(CEdgeDriver.java:21)&#xD;
	at org.openqa.selenium.remote.RemoteWebDriver.startSession(RemoteWebDriver.java:213)&#xD;
	at org.openqa.selenium.remote.RemoteWebDriver.&lt;init&gt;(RemoteWebDriver.java:131)&#xD;
	at org.openqa.selenium.edge.EdgeDriver.&lt;init&gt;(EdgeDriver.java:154)&#xD;
	at com.kms.katalon.selenium.driver.CEdgeDriver.&lt;init&gt;(CEdgeDriver.java:14)&#xD;
	at com.kms.katalon.core.webui.driver.DriverFactory.createNewEdgeDriver(DriverFactory.java:435)&#xD;
	at com.kms.katalon.core.webui.driver.DriverFactory.startNewBrowser(DriverFactory.java:257)&#xD;
	at com.kms.katalon.core.webui.driver.DriverFactory.openWebDriver(DriverFactory.java:191)&#xD;
	at com.kms.katalon.core.webui.keyword.builtin.OpenBrowserKeyword$_openBrowser_closure1.doCall(OpenBrowserKeyword.groovy:74)&#xD;
	at com.kms.katalon.core.webui.keyword.builtin.OpenBrowserKeyword$_openBrowser_closure1.call(OpenBrowserKeyword.groovy)&#xD;
	at com.kms.katalon.core.webui.keyword.internal.WebUIKeywordMain.runKeyword(WebUIKeywordMain.groovy:20)&#xD;
	at com.kms.katalon.core.webui.keyword.builtin.OpenBrowserKeyword.openBrowser(OpenBrowserKeyword.groovy:81)&#xD;
	at com.kms.katalon.core.webui.keyword.builtin.OpenBrowserKeyword.execute(OpenBrowserKeyword.groovy:67)&#xD;
	at com.kms.katalon.core.keyword.internal.KeywordExecutor.executeKeywordForPlatform(KeywordExecutor.groovy:56)&#xD;
	at com.kms.katalon.core.webui.keyword.WebUiBuiltInKeywords.openBrowser(WebUiBuiltInKeywords.groovy:60)&#xD;
	at com.kms.katalon.core.webui.keyword.WebUiBuiltInKeywords$openBrowser.call(Unknown Source)&#xD;
	at Script1564042985663.run(Script1564042985663.groovy:17)&#xD;
	... 13 more&#xD;
Caused by: java.net.ConnectException: Failed to connect to localhost/0:0:0:0:0:0:0:1:38282&#xD;
	at okhttp3.internal.connection.RealConnection.connectSocket(RealConnection.java:247)&#xD;
	at okhttp3.internal.connection.RealConnection.connect(RealConnection.java:165)&#xD;
	at okhttp3.internal.connection.StreamAllocation.findConnection(StreamAllocation.java:257)&#xD;
	at okhttp3.internal.connection.StreamAllocation.findHealthyConnection(StreamAllocation.java:135)&#xD;
	at okhttp3.internal.connection.StreamAllocation.newStream(StreamAllocation.java:114)&#xD;
	at okhttp3.internal.connection.ConnectInterceptor.intercept(ConnectInterceptor.java:42)&#xD;
	at okhttp3.internal.http.RealInterceptorChain.proceed(RealInterceptorChain.java:147)&#xD;
	at okhttp3.internal.http.RealInterceptorChain.proceed(RealInterceptorChain.java:121)&#xD;
	at okhttp3.internal.cache.CacheInterceptor.intercept(CacheInterceptor.java:93)&#xD;
	at okhttp3.internal.http.RealInterceptorChain.proceed(RealInterceptorChain.java:147)&#xD;
	at okhttp3.internal.http.RealInterceptorChain.proceed(RealInterceptorChain.java:121)&#xD;
	at okhttp3.internal.http.BridgeInterceptor.intercept(BridgeInterceptor.java:93)&#xD;
	at okhttp3.internal.http.RealInterceptorChain.proceed(RealInterceptorChain.java:147)&#xD;
	at okhttp3.internal.http.RetryAndFollowUpInterceptor.intercept(RetryAndFollowUpInterceptor.java:126)&#xD;
	at okhttp3.internal.http.RealInterceptorChain.proceed(RealInterceptorChain.java:147)&#xD;
	at okhttp3.internal.http.RealInterceptorChain.proceed(RealInterceptorChain.java:121)&#xD;
	at okhttp3.RealCall.getResponseWithInterceptorChain(RealCall.java:200)&#xD;
	at okhttp3.RealCall.execute(RealCall.java:77)&#xD;
	at org.openqa.selenium.remote.internal.OkHttpClient.execute(OkHttpClient.java:103)&#xD;
	at org.openqa.selenium.remote.ProtocolHandshake.createSession(ProtocolHandshake.java:105)&#xD;
	at org.openqa.selenium.remote.ProtocolHandshake.createSession(ProtocolHandshake.java:74)&#xD;
	at org.openqa.selenium.remote.HttpCommandExecutor.execute(HttpCommandExecutor.java:136)&#xD;
	at org.openqa.selenium.remote.service.DriverCommandExecutor.execute(DriverCommandExecutor.java:83)&#xD;
	... 31 more&#xD;
Caused by: java.net.ConnectException: Connection refused: connect&#xD;
	at okhttp3.internal.platform.Platform.connectSocket(Platform.java:129)&#xD;
	at okhttp3.internal.connection.RealConnection.connectSocket(RealConnection.java:245)&#xD;
	at okhttp3.internal.connection.RealConnection.connect(RealConnection.java:165)&#xD;
	at okhttp3.internal.connection.StreamAllocation.findConnection(StreamAllocation.java:257)&#xD;
	at okhttp3.internal.connection.StreamAllocation.findHealthyConnection(StreamAllocation.java:135)&#xD;
	at okhttp3.internal.connection.StreamAllocation.newStream(StreamAllocation.java:114)&#xD;
	at okhttp3.internal.connection.ConnectInterceptor.intercept(ConnectInterceptor.java:42)&#xD;
	at okhttp3.internal.http.RealInterceptorChain.proceed(RealInterceptorChain.java:147)&#xD;
	at okhttp3.internal.http.RealInterceptorChain.proceed(RealInterceptorChain.java:121)&#xD;
	at okhttp3.internal.cache.CacheInterceptor.intercept(CacheInterceptor.java:93)&#xD;
	at okhttp3.internal.http.RealInterceptorChain.proceed(RealInterceptorChain.java:147)&#xD;
	at okhttp3.internal.http.RealInterceptorChain.proceed(RealInterceptorChain.java:121)&#xD;
	at okhttp3.internal.http.BridgeInterceptor.intercept(BridgeInterceptor.java:93)&#xD;
	at okhttp3.internal.http.RealInterceptorChain.proceed(RealInterceptorChain.java:147)&#xD;
	at okhttp3.internal.http.RetryAndFollowUpInterceptor.intercept(RetryAndFollowUpInterceptor.java:126)&#xD;
	at okhttp3.internal.http.RealInterceptorChain.proceed(RealInterceptorChain.java:147)&#xD;
	at okhttp3.internal.http.RealInterceptorChain.proceed(RealInterceptorChain.java:121)&#xD;
	at okhttp3.RealCall.getResponseWithInterceptorChain(RealCall.java:200)&#xD;
	at okhttp3.RealCall.execute(RealCall.java:77)&#xD;
	at org.openqa.selenium.remote.internal.OkHttpClient.execute(OkHttpClient.java:103)&#xD;
	at org.openqa.selenium.remote.ProtocolHandshake.createSession(ProtocolHandshake.java:105)&#xD;
	at org.openqa.selenium.remote.ProtocolHandshake.createSession(ProtocolHandshake.java:74)&#xD;
	at org.openqa.selenium.remote.HttpCommandExecutor.execute(HttpCommandExecutor.java:136)&#xD;
	at org.openqa.selenium.remote.service.DriverCommandExecutor.execute(DriverCommandExecutor.java:83)&#xD;
	at org.openqa.selenium.remote.RemoteWebDriver.execute(RemoteWebDriver.java:552)&#xD;
	at com.kms.katalon.selenium.driver.CEdgeDriver.execute(CEdgeDriver.java:21)&#xD;
	at org.openqa.selenium.remote.RemoteWebDriver.startSession(RemoteWebDriver.java:213)&#xD;
	at org.openqa.selenium.remote.RemoteWebDriver.&lt;init&gt;(RemoteWebDriver.java:131)&#xD;
	at org.openqa.selenium.edge.EdgeDriver.&lt;init&gt;(EdgeDriver.java:154)&#xD;
	at com.kms.katalon.selenium.driver.CEdgeDriver.&lt;init&gt;(CEdgeDriver.java:14)&#xD;
	at com.kms.katalon.core.webui.driver.DriverFactory.createNewEdgeDriver(DriverFactory.java:435)&#xD;
	at com.kms.katalon.core.webui.driver.DriverFactory.startNewBrowser(DriverFactory.java:257)&#xD;
	at com.kms.katalon.core.webui.driver.DriverFactory.openWebDriver(DriverFactory.java:191)&#xD;
	at com.kms.katalon.core.webui.keyword.builtin.OpenBrowserKeyword$_openBrowser_closure1.doCall(OpenBrowserKeyword.groovy:74)&#xD;
	at com.kms.katalon.core.webui.keyword.builtin.OpenBrowserKeyword$_openBrowser_closure1.call(OpenBrowserKeyword.groovy)&#xD;
	at com.kms.katalon.core.webui.keyword.internal.WebUIKeywordMain.runKeyword(WebUIKeywordMain.groovy:20)&#xD;
	at com.kms.katalon.core.webui.keyword.builtin.OpenBrowserKeyword.openBrowser(OpenBrowserKeyword.groovy:81)&#xD;
	at com.kms.katalon.core.webui.keyword.builtin.OpenBrowserKeyword.execute(OpenBrowserKeyword.groovy:67)&#xD;
	at com.kms.katalon.core.keyword.internal.KeywordExecutor.executeKeywordForPlatform(KeywordExecutor.groovy:56)&#xD;
	at com.kms.katalon.core.webui.keyword.WebUiBuiltInKeywords.openBrowser(WebUiBuiltInKeywords.groovy:60)&#xD;
	at com.kms.katalon.core.webui.keyword.WebUiBuiltInKeywords$openBrowser.call(Unknown Source)&#xD;
	at covestro.run(covestro:17)&#xD;
	... 13 more</system-err>
        </testcase>
        <testcase name="Test Cases/freshfields" classname="Test Cases/freshfields" status="FAILED">
            <failure type="FAILED" message="Test Cases/freshfields FAILED.&#xA;Reason:&#xA;com.kms.katalon.core.exception.StepFailedException: Unable to open browser with url: ''&#xD;&#xA;&#x9;at com.kms.katalon.core.webui.keyword.internal.WebUIKeywordMain.stepFailed(WebUIKeywordMain.groovy:64)&#xD;&#xA;&#x9;at com.kms.katalon.core.webui.keyword.internal.WebUIKeywordMain.runKeyword(WebUIKeywordMain.groovy:26)&#xD;&#xA;&#x9;at com.kms.katalon.core.webui.keyword.builtin.OpenBrowserKeyword.openBrowser(OpenBrowserKeyword.groovy:81)&#xD;&#xA;&#x9;at com.kms.katalon.core.webui.keyword.builtin.OpenBrowserKeyword.execute(OpenBrowserKeyword.groovy:67)&#xD;&#xA;&#x9;at com.kms.katalon.core.keyword.internal.KeywordExecutor.executeKeywordForPlatform(KeywordExecutor.groovy:56)&#xD;&#xA;&#x9;at com.kms.katalon.core.webui.keyword.WebUiBuiltInKeywords.openBrowser(WebUiBuiltInKeywords.groovy:60)&#xD;&#xA;&#x9;at com.kms.katalon.core.webui.keyword.WebUiBuiltInKeywords$openBrowser.call(Unknown Source)&#xD;&#xA;&#x9;at freshfields.run(freshfields:17)&#xD;&#xA;&#x9;at com.kms.katalon.core.main.ScriptEngine.run(ScriptEngine.java:194)&#xD;&#xA;&#x9;at com.kms.katalon.core.main.ScriptEngine.runScriptAsRawText(ScriptEngine.java:119)&#xD;&#xA;&#x9;at com.kms.katalon.core.main.TestCaseExecutor.runScript(TestCaseExecutor.java:337)&#xD;&#xA;&#x9;at com.kms.katalon.core.main.TestCaseExecutor.doExecute(TestCaseExecutor.java:328)&#xD;&#xA;&#x9;at com.kms.katalon.core.main.TestCaseExecutor.processExecutionPhase(TestCaseExecutor.java:307)&#xD;&#xA;&#x9;at com.kms.katalon.core.main.TestCaseExecutor.accessMainPhase(TestCaseExecutor.java:299)&#xD;&#xA;&#x9;at com.kms.katalon.core.main.TestCaseExecutor.execute(TestCaseExecutor.java:233)&#xD;&#xA;&#x9;at com.kms.katalon.core.main.TestSuiteExecutor.accessTestCaseMainPhase(TestSuiteExecutor.java:133)&#xD;&#xA;&#x9;at com.kms.katalon.core.main.TestSuiteExecutor.accessTestSuiteMainPhase(TestSuiteExecutor.java:116)&#xD;&#xA;&#x9;at com.kms.katalon.core.main.TestSuiteExecutor.execute(TestSuiteExecutor.java:83)&#xD;&#xA;&#x9;at com.kms.katalon.core.main.TestCaseMain.startTestSuite(TestCaseMain.java:157)&#xD;&#xA;&#x9;at com.kms.katalon.core.main.TestCaseMain$startTestSuite$0.call(Unknown Source)&#xD;&#xA;&#x9;at TempTestSuite1564044813085.run(TempTestSuite1564044813085.groovy:35)&#xD;&#xA;Caused by: org.openqa.selenium.WebDriverException: java.net.ConnectException: Failed to connect to localhost/0:0:0:0:0:0:0:1:38282&#xA;Build info: version: '3.141.59', revision: 'e82be7d358', time: '2018-11-14T08:25:53'&#xA;System info: host: 'ANTONIO', ip: '169.254.42.39', os.name: 'Windows 10', os.arch: 'amd64', os.version: '10.0', java.version: '1.8.0_181'&#xA;Driver info: driver.version: CEdgeDriver&#xD;&#xA;&#x9;at org.openqa.selenium.remote.service.DriverCommandExecutor.execute(DriverCommandExecutor.java:92)&#xD;&#xA;&#x9;at org.openqa.selenium.remote.RemoteWebDriver.execute(RemoteWebDriver.java:552)&#xD;&#xA;&#x9;at com.kms.katalon.selenium.driver.CEdgeDriver.execute(CEdgeDriver.java:21)&#xD;&#xA;&#x9;at org.openqa.selenium.remote.RemoteWebDriver.startSession(RemoteWebDriver.java:213)&#xD;&#xA;&#x9;at org.openqa.selenium.remote.RemoteWebDriver.&lt;init&gt;(RemoteWebDriver.java:131)&#xD;&#xA;&#x9;at org.openqa.selenium.edge.EdgeDriver.&lt;init&gt;(EdgeDriver.java:154)&#xD;&#xA;&#x9;at com.kms.katalon.selenium.driver.CEdgeDriver.&lt;init&gt;(CEdgeDriver.java:14)&#xD;&#xA;&#x9;at com.kms.katalon.core.webui.driver.DriverFactory.createNewEdgeDriver(DriverFactory.java:435)&#xD;&#xA;&#x9;at com.kms.katalon.core.webui.driver.DriverFactory.startNewBrowser(DriverFactory.java:257)&#xD;&#xA;&#x9;at com.kms.katalon.core.webui.driver.DriverFactory.openWebDriver(DriverFactory.java:191)&#xD;&#xA;&#x9;at com.kms.katalon.core.webui.keyword.builtin.OpenBrowserKeyword$_openBrowser_closure1.doCall(OpenBrowserKeyword.groovy:74)&#xD;&#xA;&#x9;at com.kms.katalon.core.webui.keyword.builtin.OpenBrowserKeyword$_openBrowser_closure1.call(OpenBrowserKeyword.groovy)&#xD;&#xA;&#x9;at com.kms.katalon.core.webui.keyword.internal.WebUIKeywordMain.runKeyword(WebUIKeywordMain.groovy:20)&#xD;&#xA;&#x9;at com.kms.katalon.core.webui.keyword.builtin.OpenBrowserKeyword.openBrowser(OpenBrowserKeyword.groovy:81)&#xD;&#xA;&#x9;at com.kms.katalon.core.webui.keyword.builtin.OpenBrowserKeyword.execute(OpenBrowserKeyword.groovy:67)&#xD;&#xA;&#x9;at com.kms.katalon.core.keyword.internal.KeywordExecutor.executeKeywordForPlatform(KeywordExecutor.groovy:56)&#xD;&#xA;&#x9;at com.kms.katalon.core.webui.keyword.WebUiBuiltInKeywords.openBrowser(WebUiBuiltInKeywords.groovy:60)&#xD;&#xA;&#x9;at com.kms.katalon.core.webui.keyword.WebUiBuiltInKeywords$openBrowser.call(Unknown Source)&#xD;&#xA;&#x9;at Script1564043008985.run(Script1564043008985.groovy:17)&#xD;&#xA;&#x9;... 13 more&#xD;&#xA;Caused by: java.net.ConnectException: Failed to connect to localhost/0:0:0:0:0:0:0:1:38282&#xD;&#xA;&#x9;at okhttp3.internal.connection.RealConnection.connectSocket(RealConnection.java:247)&#xD;&#xA;&#x9;at okhttp3.internal.connection.RealConnection.connect(RealConnection.java:165)&#xD;&#xA;&#x9;at okhttp3.internal.connection.StreamAllocation.findConnection(StreamAllocation.java:257)&#xD;&#xA;&#x9;at okhttp3.internal.connection.StreamAllocation.findHealthyConnection(StreamAllocation.java:135)&#xD;&#xA;&#x9;at okhttp3.internal.connection.StreamAllocation.newStream(StreamAllocation.java:114)&#xD;&#xA;&#x9;at okhttp3.internal.connection.ConnectInterceptor.intercept(ConnectInterceptor.java:42)&#xD;&#xA;&#x9;at okhttp3.internal.http.RealInterceptorChain.proceed(RealInterceptorChain.java:147)&#xD;&#xA;&#x9;at okhttp3.internal.http.RealInterceptorChain.proceed(RealInterceptorChain.java:121)&#xD;&#xA;&#x9;at okhttp3.internal.cache.CacheInterceptor.intercept(CacheInterceptor.java:93)&#xD;&#xA;&#x9;at okhttp3.internal.http.RealInterceptorChain.proceed(RealInterceptorChain.java:147)&#xD;&#xA;&#x9;at okhttp3.internal.http.RealInterceptorChain.proceed(RealInterceptorChain.java:121)&#xD;&#xA;&#x9;at okhttp3.internal.http.BridgeInterceptor.intercept(BridgeInterceptor.java:93)&#xD;&#xA;&#x9;at okhttp3.internal.http.RealInterceptorChain.proceed(RealInterceptorChain.java:147)&#xD;&#xA;&#x9;at okhttp3.internal.http.RetryAndFollowUpInterceptor.intercept(RetryAndFollowUpInterceptor.java:126)&#xD;&#xA;&#x9;at okhttp3.internal.http.RealInterceptorChain.proceed(RealInterceptorChain.java:147)&#xD;&#xA;&#x9;at okhttp3.internal.http.RealInterceptorChain.proceed(RealInterceptorChain.java:121)&#xD;&#xA;&#x9;at okhttp3.RealCall.getResponseWithInterceptorChain(RealCall.java:200)&#xD;&#xA;&#x9;at okhttp3.RealCall.execute(RealCall.java:77)&#xD;&#xA;&#x9;at org.openqa.selenium.remote.internal.OkHttpClient.execute(OkHttpClient.java:103)&#xD;&#xA;&#x9;at org.openqa.selenium.remote.ProtocolHandshake.createSession(ProtocolHandshake.java:105)&#xD;&#xA;&#x9;at org.openqa.selenium.remote.ProtocolHandshake.createSession(ProtocolHandshake.java:74)&#xD;&#xA;&#x9;at org.openqa.selenium.remote.HttpCommandExecutor.execute(HttpCommandExecutor.java:136)&#xD;&#xA;&#x9;at org.openqa.selenium.remote.service.DriverCommandExecutor.execute(DriverCommandExecutor.java:83)&#xD;&#xA;&#x9;... 31 more&#xD;&#xA;Caused by: java.net.ConnectException: Connection refused: connect&#xD;&#xA;&#x9;at okhttp3.internal.platform.Platform.connectSocket(Platform.java:129)&#xD;&#xA;&#x9;at okhttp3.internal.connection.RealConnection.connectSocket(RealConnection.java:245)&#xD;&#xA;&#x9;at okhttp3.internal.connection.RealConnection.connect(RealConnection.java:165)&#xD;&#xA;&#x9;at okhttp3.internal.connection.StreamAllocation.findConnection(StreamAllocation.java:257)&#xD;&#xA;&#x9;at okhttp3.internal.connection.StreamAllocation.findHealthyConnection(StreamAllocation.java:135)&#xD;&#xA;&#x9;at okhttp3.internal.connection.StreamAllocation.newStream(StreamAllocation.java:114)&#xD;&#xA;&#x9;at okhttp3.internal.connection.ConnectInterceptor.intercept(ConnectInterceptor.java:42)&#xD;&#xA;&#x9;at okhttp3.internal.http.RealInterceptorChain.proceed(RealInterceptorChain.java:147)&#xD;&#xA;&#x9;at okhttp3.internal.http.RealInterceptorChain.proceed(RealInterceptorChain.java:121)&#xD;&#xA;&#x9;at okhttp3.internal.cache.CacheInterceptor.intercept(CacheInterceptor.java:93)&#xD;&#xA;&#x9;at okhttp3.internal.http.RealInterceptorChain.proceed(RealInterceptorChain.java:147)&#xD;&#xA;&#x9;at okhttp3.internal.http.RealInterceptorChain.proceed(RealInterceptorChain.java:121)&#xD;&#xA;&#x9;at okhttp3.internal.http.BridgeInterceptor.intercept(BridgeInterceptor.java:93)&#xD;&#xA;&#x9;at okhttp3.internal.http.RealInterceptorChain.proceed(RealInterceptorChain.java:147)&#xD;&#xA;&#x9;at okhttp3.internal.http.RetryAndFollowUpInterceptor.intercept(RetryAndFollowUpInterceptor.java:126)&#xD;&#xA;&#x9;at okhttp3.internal.http.RealInterceptorChain.proceed(RealInterceptorChain.java:147)&#xD;&#xA;&#x9;at okhttp3.internal.http.RealInterceptorChain.proceed(RealInterceptorChain.java:121)&#xD;&#xA;&#x9;at okhttp3.RealCall.getResponseWithInterceptorChain(RealCall.java:200)&#xD;&#xA;&#x9;at okhttp3.RealCall.execute(RealCall.java:77)&#xD;&#xA;&#x9;at org.openqa.selenium.remote.internal.OkHttpClient.execute(OkHttpClient.java:103)&#xD;&#xA;&#x9;at org.openqa.selenium.remote.ProtocolHandshake.createSession(ProtocolHandshake.java:105)&#xD;&#xA;&#x9;at org.openqa.selenium.remote.ProtocolHandshake.createSession(ProtocolHandshake.java:74)&#xD;&#xA;&#x9;at org.openqa.selenium.remote.HttpCommandExecutor.execute(HttpCommandExecutor.java:136)&#xD;&#xA;&#x9;at org.openqa.selenium.remote.service.DriverCommandExecutor.execute(DriverCommandExecutor.java:83)&#xD;&#xA;&#x9;at org.openqa.selenium.remote.RemoteWebDriver.execute(RemoteWebDriver.java:552)&#xD;&#xA;&#x9;at com.kms.katalon.selenium.driver.CEdgeDriver.execute(CEdgeDriver.java:21)&#xD;&#xA;&#x9;at org.openqa.selenium.remote.RemoteWebDriver.startSession(RemoteWebDriver.java:213)&#xD;&#xA;&#x9;at org.openqa.selenium.remote.RemoteWebDriver.&lt;init&gt;(RemoteWebDriver.java:131)&#xD;&#xA;&#x9;at org.openqa.selenium.edge.EdgeDriver.&lt;init&gt;(EdgeDriver.java:154)&#xD;&#xA;&#x9;at com.kms.katalon.selenium.driver.CEdgeDriver.&lt;init&gt;(CEdgeDriver.java:14)&#xD;&#xA;&#x9;at com.kms.katalon.core.webui.driver.DriverFactory.createNewEdgeDriver(DriverFactory.java:435)&#xD;&#xA;&#x9;at com.kms.katalon.core.webui.driver.DriverFactory.startNewBrowser(DriverFactory.java:257)&#xD;&#xA;&#x9;at com.kms.katalon.core.webui.driver.DriverFactory.openWebDriver(DriverFactory.java:191)&#xD;&#xA;&#x9;at com.kms.katalon.core.webui.keyword.builtin.OpenBrowserKeyword$_openBrowser_closure1.doCall(OpenBrowserKeyword.groovy:74)&#xD;&#xA;&#x9;at com.kms.katalon.core.webui.keyword.builtin.OpenBrowserKeyword$_openBrowser_closure1.call(OpenBrowserKeyword.groovy)&#xD;&#xA;&#x9;at com.kms.katalon.core.webui.keyword.internal.WebUIKeywordMain.runKeyword(WebUIKeywordMain.groovy:20)&#xD;&#xA;&#x9;at com.kms.katalon.core.webui.keyword.builtin.OpenBrowserKeyword.openBrowser(OpenBrowserKeyword.groovy:81)&#xD;&#xA;&#x9;at com.kms.katalon.core.webui.keyword.builtin.OpenBrowserKeyword.execute(OpenBrowserKeyword.groovy:67)&#xD;&#xA;&#x9;at com.kms.katalon.core.keyword.internal.KeywordExecutor.executeKeywordForPlatform(KeywordExecutor.groovy:56)&#xD;&#xA;&#x9;at com.kms.katalon.core.webui.keyword.WebUiBuiltInKeywords.openBrowser(WebUiBuiltInKeywords.groovy:60)&#xD;&#xA;&#x9;at com.kms.katalon.core.webui.keyword.WebUiBuiltInKeywords$openBrowser.call(Unknown Source)&#xD;&#xA;&#x9;at freshfields.run(freshfields:17)&#xD;&#xA;&#x9;... 13 more&#xD;&#xA;"/>
            <system-out>2019-07-25 11:09:54 - [TEST_CASE][FAILED] - Test Cases/freshfields: Test Cases/freshfields FAILED.
Reason:
com.kms.katalon.core.exception.StepFailedException: Unable to open browser with url: ''&#xD;
	at com.kms.katalon.core.webui.keyword.internal.WebUIKeywordMain.stepFailed(WebUIKeywordMain.groovy:64)&#xD;
	at com.kms.katalon.core.webui.keyword.internal.WebUIKeywordMain.runKeyword(WebUIKeywordMain.groovy:26)&#xD;
	at com.kms.katalon.core.webui.keyword.builtin.OpenBrowserKeyword.openBrowser(OpenBrowserKeyword.groovy:81)&#xD;
	at com.kms.katalon.core.webui.keyword.builtin.OpenBrowserKeyword.execute(OpenBrowserKeyword.groovy:67)&#xD;
	at com.kms.katalon.core.keyword.internal.KeywordExecutor.executeKeywordForPlatform(KeywordExecutor.groovy:56)&#xD;
	at com.kms.katalon.core.webui.keyword.WebUiBuiltInKeywords.openBrowser(WebUiBuiltInKeywords.groovy:60)&#xD;
	at com.kms.katalon.core.webui.keyword.WebUiBuiltInKeywords$openBrowser.call(Unknown Source)&#xD;
	at freshfields.run(freshfields:17)&#xD;
	at com.kms.katalon.core.main.ScriptEngine.run(ScriptEngine.java:194)&#xD;
	at com.kms.katalon.core.main.ScriptEngine.runScriptAsRawText(ScriptEngine.java:119)&#xD;
	at com.kms.katalon.core.main.TestCaseExecutor.runScript(TestCaseExecutor.java:337)&#xD;
	at com.kms.katalon.core.main.TestCaseExecutor.doExecute(TestCaseExecutor.java:328)&#xD;
	at com.kms.katalon.core.main.TestCaseExecutor.processExecutionPhase(TestCaseExecutor.java:307)&#xD;
	at com.kms.katalon.core.main.TestCaseExecutor.accessMainPhase(TestCaseExecutor.java:299)&#xD;
	at com.kms.katalon.core.main.TestCaseExecutor.execute(TestCaseExecutor.java:233)&#xD;
	at com.kms.katalon.core.main.TestSuiteExecutor.accessTestCaseMainPhase(TestSuiteExecutor.java:133)&#xD;
	at com.kms.katalon.core.main.TestSuiteExecutor.accessTestSuiteMainPhase(TestSuiteExecutor.java:116)&#xD;
	at com.kms.katalon.core.main.TestSuiteExecutor.execute(TestSuiteExecutor.java:83)&#xD;
	at com.kms.katalon.core.main.TestCaseMain.startTestSuite(TestCaseMain.java:157)&#xD;
	at com.kms.katalon.core.main.TestCaseMain$startTestSuite$0.call(Unknown Source)&#xD;
	at TempTestSuite1564044813085.run(TempTestSuite1564044813085.groovy:35)&#xD;
Caused by: org.openqa.selenium.WebDriverException: java.net.ConnectException: Failed to connect to localhost/0:0:0:0:0:0:0:1:38282
Build info: version: '3.141.59', revision: 'e82be7d358', time: '2018-11-14T08:25:53'
System info: host: 'ANTONIO', ip: '169.254.42.39', os.name: 'Windows 10', os.arch: 'amd64', os.version: '10.0', java.version: '1.8.0_181'
Driver info: driver.version: CEdgeDriver&#xD;
	at org.openqa.selenium.remote.service.DriverCommandExecutor.execute(DriverCommandExecutor.java:92)&#xD;
	at org.openqa.selenium.remote.RemoteWebDriver.execute(RemoteWebDriver.java:552)&#xD;
	at com.kms.katalon.selenium.driver.CEdgeDriver.execute(CEdgeDriver.java:21)&#xD;
	at org.openqa.selenium.remote.RemoteWebDriver.startSession(RemoteWebDriver.java:213)&#xD;
	at org.openqa.selenium.remote.RemoteWebDriver.&lt;init&gt;(RemoteWebDriver.java:131)&#xD;
	at org.openqa.selenium.edge.EdgeDriver.&lt;init&gt;(EdgeDriver.java:154)&#xD;
	at com.kms.katalon.selenium.driver.CEdgeDriver.&lt;init&gt;(CEdgeDriver.java:14)&#xD;
	at com.kms.katalon.core.webui.driver.DriverFactory.createNewEdgeDriver(DriverFactory.java:435)&#xD;
	at com.kms.katalon.core.webui.driver.DriverFactory.startNewBrowser(DriverFactory.java:257)&#xD;
	at com.kms.katalon.core.webui.driver.DriverFactory.openWebDriver(DriverFactory.java:191)&#xD;
	at com.kms.katalon.core.webui.keyword.builtin.OpenBrowserKeyword$_openBrowser_closure1.doCall(OpenBrowserKeyword.groovy:74)&#xD;
	at com.kms.katalon.core.webui.keyword.builtin.OpenBrowserKeyword$_openBrowser_closure1.call(OpenBrowserKeyword.groovy)&#xD;
	at com.kms.katalon.core.webui.keyword.internal.WebUIKeywordMain.runKeyword(WebUIKeywordMain.groovy:20)&#xD;
	at com.kms.katalon.core.webui.keyword.builtin.OpenBrowserKeyword.openBrowser(OpenBrowserKeyword.groovy:81)&#xD;
	at com.kms.katalon.core.webui.keyword.builtin.OpenBrowserKeyword.execute(OpenBrowserKeyword.groovy:67)&#xD;
	at com.kms.katalon.core.keyword.internal.KeywordExecutor.executeKeywordForPlatform(KeywordExecutor.groovy:56)&#xD;
	at com.kms.katalon.core.webui.keyword.WebUiBuiltInKeywords.openBrowser(WebUiBuiltInKeywords.groovy:60)&#xD;
	at com.kms.katalon.core.webui.keyword.WebUiBuiltInKeywords$openBrowser.call(Unknown Source)&#xD;
	at Script1564043008985.run(Script1564043008985.groovy:17)&#xD;
	... 13 more&#xD;
Caused by: java.net.ConnectException: Failed to connect to localhost/0:0:0:0:0:0:0:1:38282&#xD;
	at okhttp3.internal.connection.RealConnection.connectSocket(RealConnection.java:247)&#xD;
	at okhttp3.internal.connection.RealConnection.connect(RealConnection.java:165)&#xD;
	at okhttp3.internal.connection.StreamAllocation.findConnection(StreamAllocation.java:257)&#xD;
	at okhttp3.internal.connection.StreamAllocation.findHealthyConnection(StreamAllocation.java:135)&#xD;
	at okhttp3.internal.connection.StreamAllocation.newStream(StreamAllocation.java:114)&#xD;
	at okhttp3.internal.connection.ConnectInterceptor.intercept(ConnectInterceptor.java:42)&#xD;
	at okhttp3.internal.http.RealInterceptorChain.proceed(RealInterceptorChain.java:147)&#xD;
	at okhttp3.internal.http.RealInterceptorChain.proceed(RealInterceptorChain.java:121)&#xD;
	at okhttp3.internal.cache.CacheInterceptor.intercept(CacheInterceptor.java:93)&#xD;
	at okhttp3.internal.http.RealInterceptorChain.proceed(RealInterceptorChain.java:147)&#xD;
	at okhttp3.internal.http.RealInterceptorChain.proceed(RealInterceptorChain.java:121)&#xD;
	at okhttp3.internal.http.BridgeInterceptor.intercept(BridgeInterceptor.java:93)&#xD;
	at okhttp3.internal.http.RealInterceptorChain.proceed(RealInterceptorChain.java:147)&#xD;
	at okhttp3.internal.http.RetryAndFollowUpInterceptor.intercept(RetryAndFollowUpInterceptor.java:126)&#xD;
	at okhttp3.internal.http.RealInterceptorChain.proceed(RealInterceptorChain.java:147)&#xD;
	at okhttp3.internal.http.RealInterceptorChain.proceed(RealInterceptorChain.java:121)&#xD;
	at okhttp3.RealCall.getResponseWithInterceptorChain(RealCall.java:200)&#xD;
	at okhttp3.RealCall.execute(RealCall.java:77)&#xD;
	at org.openqa.selenium.remote.internal.OkHttpClient.execute(OkHttpClient.java:103)&#xD;
	at org.openqa.selenium.remote.ProtocolHandshake.createSession(ProtocolHandshake.java:105)&#xD;
	at org.openqa.selenium.remote.ProtocolHandshake.createSession(ProtocolHandshake.java:74)&#xD;
	at org.openqa.selenium.remote.HttpCommandExecutor.execute(HttpCommandExecutor.java:136)&#xD;
	at org.openqa.selenium.remote.service.DriverCommandExecutor.execute(DriverCommandExecutor.java:83)&#xD;
	... 31 more&#xD;
Caused by: java.net.ConnectException: Connection refused: connect&#xD;
	at okhttp3.internal.platform.Platform.connectSocket(Platform.java:129)&#xD;
	at okhttp3.internal.connection.RealConnection.connectSocket(RealConnection.java:245)&#xD;
	at okhttp3.internal.connection.RealConnection.connect(RealConnection.java:165)&#xD;
	at okhttp3.internal.connection.StreamAllocation.findConnection(StreamAllocation.java:257)&#xD;
	at okhttp3.internal.connection.StreamAllocation.findHealthyConnection(StreamAllocation.java:135)&#xD;
	at okhttp3.internal.connection.StreamAllocation.newStream(StreamAllocation.java:114)&#xD;
	at okhttp3.internal.connection.ConnectInterceptor.intercept(ConnectInterceptor.java:42)&#xD;
	at okhttp3.internal.http.RealInterceptorChain.proceed(RealInterceptorChain.java:147)&#xD;
	at okhttp3.internal.http.RealInterceptorChain.proceed(RealInterceptorChain.java:121)&#xD;
	at okhttp3.internal.cache.CacheInterceptor.intercept(CacheInterceptor.java:93)&#xD;
	at okhttp3.internal.http.RealInterceptorChain.proceed(RealInterceptorChain.java:147)&#xD;
	at okhttp3.internal.http.RealInterceptorChain.proceed(RealInterceptorChain.java:121)&#xD;
	at okhttp3.internal.http.BridgeInterceptor.intercept(BridgeInterceptor.java:93)&#xD;
	at okhttp3.internal.http.RealInterceptorChain.proceed(RealInterceptorChain.java:147)&#xD;
	at okhttp3.internal.http.RetryAndFollowUpInterceptor.intercept(RetryAndFollowUpInterceptor.java:126)&#xD;
	at okhttp3.internal.http.RealInterceptorChain.proceed(RealInterceptorChain.java:147)&#xD;
	at okhttp3.internal.http.RealInterceptorChain.proceed(RealInterceptorChain.java:121)&#xD;
	at okhttp3.RealCall.getResponseWithInterceptorChain(RealCall.java:200)&#xD;
	at okhttp3.RealCall.execute(RealCall.java:77)&#xD;
	at org.openqa.selenium.remote.internal.OkHttpClient.execute(OkHttpClient.java:103)&#xD;
	at org.openqa.selenium.remote.ProtocolHandshake.createSession(ProtocolHandshake.java:105)&#xD;
	at org.openqa.selenium.remote.ProtocolHandshake.createSession(ProtocolHandshake.java:74)&#xD;
	at org.openqa.selenium.remote.HttpCommandExecutor.execute(HttpCommandExecutor.java:136)&#xD;
	at org.openqa.selenium.remote.service.DriverCommandExecutor.execute(DriverCommandExecutor.java:83)&#xD;
	at org.openqa.selenium.remote.RemoteWebDriver.execute(RemoteWebDriver.java:552)&#xD;
	at com.kms.katalon.selenium.driver.CEdgeDriver.execute(CEdgeDriver.java:21)&#xD;
	at org.openqa.selenium.remote.RemoteWebDriver.startSession(RemoteWebDriver.java:213)&#xD;
	at org.openqa.selenium.remote.RemoteWebDriver.&lt;init&gt;(RemoteWebDriver.java:131)&#xD;
	at org.openqa.selenium.edge.EdgeDriver.&lt;init&gt;(EdgeDriver.java:154)&#xD;
	at com.kms.katalon.selenium.driver.CEdgeDriver.&lt;init&gt;(CEdgeDriver.java:14)&#xD;
	at com.kms.katalon.core.webui.driver.DriverFactory.createNewEdgeDriver(DriverFactory.java:435)&#xD;
	at com.kms.katalon.core.webui.driver.DriverFactory.startNewBrowser(DriverFactory.java:257)&#xD;
	at com.kms.katalon.core.webui.driver.DriverFactory.openWebDriver(DriverFactory.java:191)&#xD;
	at com.kms.katalon.core.webui.keyword.builtin.OpenBrowserKeyword$_openBrowser_closure1.doCall(OpenBrowserKeyword.groovy:74)&#xD;
	at com.kms.katalon.core.webui.keyword.builtin.OpenBrowserKeyword$_openBrowser_closure1.call(OpenBrowserKeyword.groovy)&#xD;
	at com.kms.katalon.core.webui.keyword.internal.WebUIKeywordMain.runKeyword(WebUIKeywordMain.groovy:20)&#xD;
	at com.kms.katalon.core.webui.keyword.builtin.OpenBrowserKeyword.openBrowser(OpenBrowserKeyword.groovy:81)&#xD;
	at com.kms.katalon.core.webui.keyword.builtin.OpenBrowserKeyword.execute(OpenBrowserKeyword.groovy:67)&#xD;
	at com.kms.katalon.core.keyword.internal.KeywordExecutor.executeKeywordForPlatform(KeywordExecutor.groovy:56)&#xD;
	at com.kms.katalon.core.webui.keyword.WebUiBuiltInKeywords.openBrowser(WebUiBuiltInKeywords.groovy:60)&#xD;
	at com.kms.katalon.core.webui.keyword.WebUiBuiltInKeywords$openBrowser.call(Unknown Source)&#xD;
	at freshfields.run(freshfields:17)&#xD;
	... 13 more&#xD;
&#xD;
&#xD;
2019-07-25 11:09:54 - [TEST_STEP][FAILED] - openBrowser(""): Unable to open browser with url: '' (Root cause: com.kms.katalon.core.exception.StepFailedException: Unable to open browser with url: ''&#xD;
	at com.kms.katalon.core.webui.keyword.internal.WebUIKeywordMain.stepFailed(WebUIKeywordMain.groovy:64)&#xD;
	at com.kms.katalon.core.webui.keyword.internal.WebUIKeywordMain.runKeyword(WebUIKeywordMain.groovy:26)&#xD;
	at com.kms.katalon.core.webui.keyword.builtin.OpenBrowserKeyword.openBrowser(OpenBrowserKeyword.groovy:81)&#xD;
	at com.kms.katalon.core.webui.keyword.builtin.OpenBrowserKeyword.execute(OpenBrowserKeyword.groovy:67)&#xD;
	at com.kms.katalon.core.keyword.internal.KeywordExecutor.executeKeywordForPlatform(KeywordExecutor.groovy:56)&#xD;
	at com.kms.katalon.core.webui.keyword.WebUiBuiltInKeywords.openBrowser(WebUiBuiltInKeywords.groovy:60)&#xD;
	at com.kms.katalon.core.webui.keyword.WebUiBuiltInKeywords$openBrowser.call(Unknown Source)&#xD;
	at freshfields.run(freshfields:17)&#xD;
	at com.kms.katalon.core.main.ScriptEngine.run(ScriptEngine.java:194)&#xD;
	at com.kms.katalon.core.main.ScriptEngine.runScriptAsRawText(ScriptEngine.java:119)&#xD;
	at com.kms.katalon.core.main.TestCaseExecutor.runScript(TestCaseExecutor.java:337)&#xD;
	at com.kms.katalon.core.main.TestCaseExecutor.doExecute(TestCaseExecutor.java:328)&#xD;
	at com.kms.katalon.core.main.TestCaseExecutor.processExecutionPhase(TestCaseExecutor.java:307)&#xD;
	at com.kms.katalon.core.main.TestCaseExecutor.accessMainPhase(TestCaseExecutor.java:299)&#xD;
	at com.kms.katalon.core.main.TestCaseExecutor.execute(TestCaseExecutor.java:233)&#xD;
	at com.kms.katalon.core.main.TestSuiteExecutor.accessTestCaseMainPhase(TestSuiteExecutor.java:133)&#xD;
	at com.kms.katalon.core.main.TestSuiteExecutor.accessTestSuiteMainPhase(TestSuiteExecutor.java:116)&#xD;
	at com.kms.katalon.core.main.TestSuiteExecutor.execute(TestSuiteExecutor.java:83)&#xD;
	at com.kms.katalon.core.main.TestCaseMain.startTestSuite(TestCaseMain.java:157)&#xD;
	at com.kms.katalon.core.main.TestCaseMain$startTestSuite$0.call(Unknown Source)&#xD;
	at TempTestSuite1564044813085.run(TempTestSuite1564044813085.groovy:35)&#xD;
Caused by: org.openqa.selenium.WebDriverException: java.net.ConnectException: Failed to connect to localhost/0:0:0:0:0:0:0:1:38282
Build info: version: '3.141.59', revision: 'e82be7d358', time: '2018-11-14T08:25:53'
System info: host: 'ANTONIO', ip: '169.254.42.39', os.name: 'Windows 10', os.arch: 'amd64', os.version: '10.0', java.version: '1.8.0_181'
Driver info: driver.version: CEdgeDriver&#xD;
	at org.openqa.selenium.remote.service.DriverCommandExecutor.execute(DriverCommandExecutor.java:92)&#xD;
	at org.openqa.selenium.remote.RemoteWebDriver.execute(RemoteWebDriver.java:552)&#xD;
	at com.kms.katalon.selenium.driver.CEdgeDriver.execute(CEdgeDriver.java:21)&#xD;
	at org.openqa.selenium.remote.RemoteWebDriver.startSession(RemoteWebDriver.java:213)&#xD;
	at org.openqa.selenium.remote.RemoteWebDriver.&lt;init&gt;(RemoteWebDriver.java:131)&#xD;
	at org.openqa.selenium.edge.EdgeDriver.&lt;init&gt;(EdgeDriver.java:154)&#xD;
	at com.kms.katalon.selenium.driver.CEdgeDriver.&lt;init&gt;(CEdgeDriver.java:14)&#xD;
	at com.kms.katalon.core.webui.driver.DriverFactory.createNewEdgeDriver(DriverFactory.java:435)&#xD;
	at com.kms.katalon.core.webui.driver.DriverFactory.startNewBrowser(DriverFactory.java:257)&#xD;
	at com.kms.katalon.core.webui.driver.DriverFactory.openWebDriver(DriverFactory.java:191)&#xD;
	at com.kms.katalon.core.webui.keyword.builtin.OpenBrowserKeyword$_openBrowser_closure1.doCall(OpenBrowserKeyword.groovy:74)&#xD;
	at com.kms.katalon.core.webui.keyword.builtin.OpenBrowserKeyword$_openBrowser_closure1.call(OpenBrowserKeyword.groovy)&#xD;
	at com.kms.katalon.core.webui.keyword.internal.WebUIKeywordMain.runKeyword(WebUIKeywordMain.groovy:20)&#xD;
	at com.kms.katalon.core.webui.keyword.builtin.OpenBrowserKeyword.openBrowser(OpenBrowserKeyword.groovy:81)&#xD;
	at com.kms.katalon.core.webui.keyword.builtin.OpenBrowserKeyword.execute(OpenBrowserKeyword.groovy:67)&#xD;
	at com.kms.katalon.core.keyword.internal.KeywordExecutor.executeKeywordForPlatform(KeywordExecutor.groovy:56)&#xD;
	at com.kms.katalon.core.webui.keyword.WebUiBuiltInKeywords.openBrowser(WebUiBuiltInKeywords.groovy:60)&#xD;
	at com.kms.katalon.core.webui.keyword.WebUiBuiltInKeywords$openBrowser.call(Unknown Source)&#xD;
	at Script1564043008985.run(Script1564043008985.groovy:17)&#xD;
	... 13 more&#xD;
Caused by: java.net.ConnectException: Failed to connect to localhost/0:0:0:0:0:0:0:1:38282&#xD;
	at okhttp3.internal.connection.RealConnection.connectSocket(RealConnection.java:247)&#xD;
	at okhttp3.internal.connection.RealConnection.connect(RealConnection.java:165)&#xD;
	at okhttp3.internal.connection.StreamAllocation.findConnection(StreamAllocation.java:257)&#xD;
	at okhttp3.internal.connection.StreamAllocation.findHealthyConnection(StreamAllocation.java:135)&#xD;
	at okhttp3.internal.connection.StreamAllocation.newStream(StreamAllocation.java:114)&#xD;
	at okhttp3.internal.connection.ConnectInterceptor.intercept(ConnectInterceptor.java:42)&#xD;
	at okhttp3.internal.http.RealInterceptorChain.proceed(RealInterceptorChain.java:147)&#xD;
	at okhttp3.internal.http.RealInterceptorChain.proceed(RealInterceptorChain.java:121)&#xD;
	at okhttp3.internal.cache.CacheInterceptor.intercept(CacheInterceptor.java:93)&#xD;
	at okhttp3.internal.http.RealInterceptorChain.proceed(RealInterceptorChain.java:147)&#xD;
	at okhttp3.internal.http.RealInterceptorChain.proceed(RealInterceptorChain.java:121)&#xD;
	at okhttp3.internal.http.BridgeInterceptor.intercept(BridgeInterceptor.java:93)&#xD;
	at okhttp3.internal.http.RealInterceptorChain.proceed(RealInterceptorChain.java:147)&#xD;
	at okhttp3.internal.http.RetryAndFollowUpInterceptor.intercept(RetryAndFollowUpInterceptor.java:126)&#xD;
	at okhttp3.internal.http.RealInterceptorChain.proceed(RealInterceptorChain.java:147)&#xD;
	at okhttp3.internal.http.RealInterceptorChain.proceed(RealInterceptorChain.java:121)&#xD;
	at okhttp3.RealCall.getResponseWithInterceptorChain(RealCall.java:200)&#xD;
	at okhttp3.RealCall.execute(RealCall.java:77)&#xD;
	at org.openqa.selenium.remote.internal.OkHttpClient.execute(OkHttpClient.java:103)&#xD;
	at org.openqa.selenium.remote.ProtocolHandshake.createSession(ProtocolHandshake.java:105)&#xD;
	at org.openqa.selenium.remote.ProtocolHandshake.createSession(ProtocolHandshake.java:74)&#xD;
	at org.openqa.selenium.remote.HttpCommandExecutor.execute(HttpCommandExecutor.java:136)&#xD;
	at org.openqa.selenium.remote.service.DriverCommandExecutor.execute(DriverCommandExecutor.java:83)&#xD;
	... 31 more&#xD;
Caused by: java.net.ConnectException: Connection refused: connect&#xD;
	at okhttp3.internal.platform.Platform.connectSocket(Platform.java:129)&#xD;
	at okhttp3.internal.connection.RealConnection.connectSocket(RealConnection.java:245)&#xD;
	... 53 more&#xD;
)&#xD;
&#xD;
2019-07-25 11:09:54 - [MESSAGE][INFO] - Starting 'Edge' driver&#xD;
&#xD;
2019-07-25 11:09:56 - [MESSAGE][FAILED] - Unable to open browser with url: '' (Root cause: com.kms.katalon.core.exception.StepFailedException: Unable to open browser with url: ''&#xD;
	at com.kms.katalon.core.webui.keyword.internal.WebUIKeywordMain.stepFailed(WebUIKeywordMain.groovy:64)&#xD;
	at com.kms.katalon.core.webui.keyword.internal.WebUIKeywordMain.runKeyword(WebUIKeywordMain.groovy:26)&#xD;
	at com.kms.katalon.core.webui.keyword.builtin.OpenBrowserKeyword.openBrowser(OpenBrowserKeyword.groovy:81)&#xD;
	at com.kms.katalon.core.webui.keyword.builtin.OpenBrowserKeyword.execute(OpenBrowserKeyword.groovy:67)&#xD;
	at com.kms.katalon.core.keyword.internal.KeywordExecutor.executeKeywordForPlatform(KeywordExecutor.groovy:56)&#xD;
	at com.kms.katalon.core.webui.keyword.WebUiBuiltInKeywords.openBrowser(WebUiBuiltInKeywords.groovy:60)&#xD;
	at com.kms.katalon.core.webui.keyword.WebUiBuiltInKeywords$openBrowser.call(Unknown Source)&#xD;
	at freshfields.run(freshfields:17)&#xD;
	at com.kms.katalon.core.main.ScriptEngine.run(ScriptEngine.java:194)&#xD;
	at com.kms.katalon.core.main.ScriptEngine.runScriptAsRawText(ScriptEngine.java:119)&#xD;
	at com.kms.katalon.core.main.TestCaseExecutor.runScript(TestCaseExecutor.java:337)&#xD;
	at com.kms.katalon.core.main.TestCaseExecutor.doExecute(TestCaseExecutor.java:328)&#xD;
	at com.kms.katalon.core.main.TestCaseExecutor.processExecutionPhase(TestCaseExecutor.java:307)&#xD;
	at com.kms.katalon.core.main.TestCaseExecutor.accessMainPhase(TestCaseExecutor.java:299)&#xD;
	at com.kms.katalon.core.main.TestCaseExecutor.execute(TestCaseExecutor.java:233)&#xD;
	at com.kms.katalon.core.main.TestSuiteExecutor.accessTestCaseMainPhase(TestSuiteExecutor.java:133)&#xD;
	at com.kms.katalon.core.main.TestSuiteExecutor.accessTestSuiteMainPhase(TestSuiteExecutor.java:116)&#xD;
	at com.kms.katalon.core.main.TestSuiteExecutor.execute(TestSuiteExecutor.java:83)&#xD;
	at com.kms.katalon.core.main.TestCaseMain.startTestSuite(TestCaseMain.java:157)&#xD;
	at com.kms.katalon.core.main.TestCaseMain$startTestSuite$0.call(Unknown Source)&#xD;
	at TempTestSuite1564044813085.run(TempTestSuite1564044813085.groovy:35)&#xD;
Caused by: org.openqa.selenium.WebDriverException: java.net.ConnectException: Failed to connect to localhost/0:0:0:0:0:0:0:1:38282
Build info: version: '3.141.59', revision: 'e82be7d358', time: '2018-11-14T08:25:53'
System info: host: 'ANTONIO', ip: '169.254.42.39', os.name: 'Windows 10', os.arch: 'amd64', os.version: '10.0', java.version: '1.8.0_181'
Driver info: driver.version: CEdgeDriver&#xD;
	at org.openqa.selenium.remote.service.DriverCommandExecutor.execute(DriverCommandExecutor.java:92)&#xD;
	at org.openqa.selenium.remote.RemoteWebDriver.execute(RemoteWebDriver.java:552)&#xD;
	at com.kms.katalon.selenium.driver.CEdgeDriver.execute(CEdgeDriver.java:21)&#xD;
	at org.openqa.selenium.remote.RemoteWebDriver.startSession(RemoteWebDriver.java:213)&#xD;
	at org.openqa.selenium.remote.RemoteWebDriver.&lt;init&gt;(RemoteWebDriver.java:131)&#xD;
	at org.openqa.selenium.edge.EdgeDriver.&lt;init&gt;(EdgeDriver.java:154)&#xD;
	at com.kms.katalon.selenium.driver.CEdgeDriver.&lt;init&gt;(CEdgeDriver.java:14)&#xD;
	at com.kms.katalon.core.webui.driver.DriverFactory.createNewEdgeDriver(DriverFactory.java:435)&#xD;
	at com.kms.katalon.core.webui.driver.DriverFactory.startNewBrowser(DriverFactory.java:257)&#xD;
	at com.kms.katalon.core.webui.driver.DriverFactory.openWebDriver(DriverFactory.java:191)&#xD;
	at com.kms.katalon.core.webui.keyword.builtin.OpenBrowserKeyword$_openBrowser_closure1.doCall(OpenBrowserKeyword.groovy:74)&#xD;
	at com.kms.katalon.core.webui.keyword.builtin.OpenBrowserKeyword$_openBrowser_closure1.call(OpenBrowserKeyword.groovy)&#xD;
	at com.kms.katalon.core.webui.keyword.internal.WebUIKeywordMain.runKeyword(WebUIKeywordMain.groovy:20)&#xD;
	at com.kms.katalon.core.webui.keyword.builtin.OpenBrowserKeyword.openBrowser(OpenBrowserKeyword.groovy:81)&#xD;
	at com.kms.katalon.core.webui.keyword.builtin.OpenBrowserKeyword.execute(OpenBrowserKeyword.groovy:67)&#xD;
	at com.kms.katalon.core.keyword.internal.KeywordExecutor.executeKeywordForPlatform(KeywordExecutor.groovy:56)&#xD;
	at com.kms.katalon.core.webui.keyword.WebUiBuiltInKeywords.openBrowser(WebUiBuiltInKeywords.groovy:60)&#xD;
	at com.kms.katalon.core.webui.keyword.WebUiBuiltInKeywords$openBrowser.call(Unknown Source)&#xD;
	at Script1564043008985.run(Script1564043008985.groovy:17)&#xD;
	... 13 more&#xD;
Caused by: java.net.ConnectException: Failed to connect to localhost/0:0:0:0:0:0:0:1:38282&#xD;
	at okhttp3.internal.connection.RealConnection.connectSocket(RealConnection.java:247)&#xD;
	at okhttp3.internal.connection.RealConnection.connect(RealConnection.java:165)&#xD;
	at okhttp3.internal.connection.StreamAllocation.findConnection(StreamAllocation.java:257)&#xD;
	at okhttp3.internal.connection.StreamAllocation.findHealthyConnection(StreamAllocation.java:135)&#xD;
	at okhttp3.internal.connection.StreamAllocation.newStream(StreamAllocation.java:114)&#xD;
	at okhttp3.internal.connection.ConnectInterceptor.intercept(ConnectInterceptor.java:42)&#xD;
	at okhttp3.internal.http.RealInterceptorChain.proceed(RealInterceptorChain.java:147)&#xD;
	at okhttp3.internal.http.RealInterceptorChain.proceed(RealInterceptorChain.java:121)&#xD;
	at okhttp3.internal.cache.CacheInterceptor.intercept(CacheInterceptor.java:93)&#xD;
	at okhttp3.internal.http.RealInterceptorChain.proceed(RealInterceptorChain.java:147)&#xD;
	at okhttp3.internal.http.RealInterceptorChain.proceed(RealInterceptorChain.java:121)&#xD;
	at okhttp3.internal.http.BridgeInterceptor.intercept(BridgeInterceptor.java:93)&#xD;
	at okhttp3.internal.http.RealInterceptorChain.proceed(RealInterceptorChain.java:147)&#xD;
	at okhttp3.internal.http.RetryAndFollowUpInterceptor.intercept(RetryAndFollowUpInterceptor.java:126)&#xD;
	at okhttp3.internal.http.RealInterceptorChain.proceed(RealInterceptorChain.java:147)&#xD;
	at okhttp3.internal.http.RealInterceptorChain.proceed(RealInterceptorChain.java:121)&#xD;
	at okhttp3.RealCall.getResponseWithInterceptorChain(RealCall.java:200)&#xD;
	at okhttp3.RealCall.execute(RealCall.java:77)&#xD;
	at org.openqa.selenium.remote.internal.OkHttpClient.execute(OkHttpClient.java:103)&#xD;
	at org.openqa.selenium.remote.ProtocolHandshake.createSession(ProtocolHandshake.java:105)&#xD;
	at org.openqa.selenium.remote.ProtocolHandshake.createSession(ProtocolHandshake.java:74)&#xD;
	at org.openqa.selenium.remote.HttpCommandExecutor.execute(HttpCommandExecutor.java:136)&#xD;
	at org.openqa.selenium.remote.service.DriverCommandExecutor.execute(DriverCommandExecutor.java:83)&#xD;
	... 31 more&#xD;
Caused by: java.net.ConnectException: Connection refused: connect&#xD;
	at okhttp3.internal.platform.Platform.connectSocket(Platform.java:129)&#xD;
	at okhttp3.internal.connection.RealConnection.connectSocket(RealConnection.java:245)&#xD;
	... 53 more&#xD;
)</system-out>
            <system-err>2019-07-25 11:09:54 - [TEST_CASE][FAILED] - Test Cases/freshfields: Test Cases/freshfields FAILED.
Reason:
com.kms.katalon.core.exception.StepFailedException: Unable to open browser with url: ''&#xD;
	at com.kms.katalon.core.webui.keyword.internal.WebUIKeywordMain.stepFailed(WebUIKeywordMain.groovy:64)&#xD;
	at com.kms.katalon.core.webui.keyword.internal.WebUIKeywordMain.runKeyword(WebUIKeywordMain.groovy:26)&#xD;
	at com.kms.katalon.core.webui.keyword.builtin.OpenBrowserKeyword.openBrowser(OpenBrowserKeyword.groovy:81)&#xD;
	at com.kms.katalon.core.webui.keyword.builtin.OpenBrowserKeyword.execute(OpenBrowserKeyword.groovy:67)&#xD;
	at com.kms.katalon.core.keyword.internal.KeywordExecutor.executeKeywordForPlatform(KeywordExecutor.groovy:56)&#xD;
	at com.kms.katalon.core.webui.keyword.WebUiBuiltInKeywords.openBrowser(WebUiBuiltInKeywords.groovy:60)&#xD;
	at com.kms.katalon.core.webui.keyword.WebUiBuiltInKeywords$openBrowser.call(Unknown Source)&#xD;
	at freshfields.run(freshfields:17)&#xD;
	at com.kms.katalon.core.main.ScriptEngine.run(ScriptEngine.java:194)&#xD;
	at com.kms.katalon.core.main.ScriptEngine.runScriptAsRawText(ScriptEngine.java:119)&#xD;
	at com.kms.katalon.core.main.TestCaseExecutor.runScript(TestCaseExecutor.java:337)&#xD;
	at com.kms.katalon.core.main.TestCaseExecutor.doExecute(TestCaseExecutor.java:328)&#xD;
	at com.kms.katalon.core.main.TestCaseExecutor.processExecutionPhase(TestCaseExecutor.java:307)&#xD;
	at com.kms.katalon.core.main.TestCaseExecutor.accessMainPhase(TestCaseExecutor.java:299)&#xD;
	at com.kms.katalon.core.main.TestCaseExecutor.execute(TestCaseExecutor.java:233)&#xD;
	at com.kms.katalon.core.main.TestSuiteExecutor.accessTestCaseMainPhase(TestSuiteExecutor.java:133)&#xD;
	at com.kms.katalon.core.main.TestSuiteExecutor.accessTestSuiteMainPhase(TestSuiteExecutor.java:116)&#xD;
	at com.kms.katalon.core.main.TestSuiteExecutor.execute(TestSuiteExecutor.java:83)&#xD;
	at com.kms.katalon.core.main.TestCaseMain.startTestSuite(TestCaseMain.java:157)&#xD;
	at com.kms.katalon.core.main.TestCaseMain$startTestSuite$0.call(Unknown Source)&#xD;
	at TempTestSuite1564044813085.run(TempTestSuite1564044813085.groovy:35)&#xD;
Caused by: org.openqa.selenium.WebDriverException: java.net.ConnectException: Failed to connect to localhost/0:0:0:0:0:0:0:1:38282
Build info: version: '3.141.59', revision: 'e82be7d358', time: '2018-11-14T08:25:53'
System info: host: 'ANTONIO', ip: '169.254.42.39', os.name: 'Windows 10', os.arch: 'amd64', os.version: '10.0', java.version: '1.8.0_181'
Driver info: driver.version: CEdgeDriver&#xD;
	at org.openqa.selenium.remote.service.DriverCommandExecutor.execute(DriverCommandExecutor.java:92)&#xD;
	at org.openqa.selenium.remote.RemoteWebDriver.execute(RemoteWebDriver.java:552)&#xD;
	at com.kms.katalon.selenium.driver.CEdgeDriver.execute(CEdgeDriver.java:21)&#xD;
	at org.openqa.selenium.remote.RemoteWebDriver.startSession(RemoteWebDriver.java:213)&#xD;
	at org.openqa.selenium.remote.RemoteWebDriver.&lt;init&gt;(RemoteWebDriver.java:131)&#xD;
	at org.openqa.selenium.edge.EdgeDriver.&lt;init&gt;(EdgeDriver.java:154)&#xD;
	at com.kms.katalon.selenium.driver.CEdgeDriver.&lt;init&gt;(CEdgeDriver.java:14)&#xD;
	at com.kms.katalon.core.webui.driver.DriverFactory.createNewEdgeDriver(DriverFactory.java:435)&#xD;
	at com.kms.katalon.core.webui.driver.DriverFactory.startNewBrowser(DriverFactory.java:257)&#xD;
	at com.kms.katalon.core.webui.driver.DriverFactory.openWebDriver(DriverFactory.java:191)&#xD;
	at com.kms.katalon.core.webui.keyword.builtin.OpenBrowserKeyword$_openBrowser_closure1.doCall(OpenBrowserKeyword.groovy:74)&#xD;
	at com.kms.katalon.core.webui.keyword.builtin.OpenBrowserKeyword$_openBrowser_closure1.call(OpenBrowserKeyword.groovy)&#xD;
	at com.kms.katalon.core.webui.keyword.internal.WebUIKeywordMain.runKeyword(WebUIKeywordMain.groovy:20)&#xD;
	at com.kms.katalon.core.webui.keyword.builtin.OpenBrowserKeyword.openBrowser(OpenBrowserKeyword.groovy:81)&#xD;
	at com.kms.katalon.core.webui.keyword.builtin.OpenBrowserKeyword.execute(OpenBrowserKeyword.groovy:67)&#xD;
	at com.kms.katalon.core.keyword.internal.KeywordExecutor.executeKeywordForPlatform(KeywordExecutor.groovy:56)&#xD;
	at com.kms.katalon.core.webui.keyword.WebUiBuiltInKeywords.openBrowser(WebUiBuiltInKeywords.groovy:60)&#xD;
	at com.kms.katalon.core.webui.keyword.WebUiBuiltInKeywords$openBrowser.call(Unknown Source)&#xD;
	at Script1564043008985.run(Script1564043008985.groovy:17)&#xD;
	... 13 more&#xD;
Caused by: java.net.ConnectException: Failed to connect to localhost/0:0:0:0:0:0:0:1:38282&#xD;
	at okhttp3.internal.connection.RealConnection.connectSocket(RealConnection.java:247)&#xD;
	at okhttp3.internal.connection.RealConnection.connect(RealConnection.java:165)&#xD;
	at okhttp3.internal.connection.StreamAllocation.findConnection(StreamAllocation.java:257)&#xD;
	at okhttp3.internal.connection.StreamAllocation.findHealthyConnection(StreamAllocation.java:135)&#xD;
	at okhttp3.internal.connection.StreamAllocation.newStream(StreamAllocation.java:114)&#xD;
	at okhttp3.internal.connection.ConnectInterceptor.intercept(ConnectInterceptor.java:42)&#xD;
	at okhttp3.internal.http.RealInterceptorChain.proceed(RealInterceptorChain.java:147)&#xD;
	at okhttp3.internal.http.RealInterceptorChain.proceed(RealInterceptorChain.java:121)&#xD;
	at okhttp3.internal.cache.CacheInterceptor.intercept(CacheInterceptor.java:93)&#xD;
	at okhttp3.internal.http.RealInterceptorChain.proceed(RealInterceptorChain.java:147)&#xD;
	at okhttp3.internal.http.RealInterceptorChain.proceed(RealInterceptorChain.java:121)&#xD;
	at okhttp3.internal.http.BridgeInterceptor.intercept(BridgeInterceptor.java:93)&#xD;
	at okhttp3.internal.http.RealInterceptorChain.proceed(RealInterceptorChain.java:147)&#xD;
	at okhttp3.internal.http.RetryAndFollowUpInterceptor.intercept(RetryAndFollowUpInterceptor.java:126)&#xD;
	at okhttp3.internal.http.RealInterceptorChain.proceed(RealInterceptorChain.java:147)&#xD;
	at okhttp3.internal.http.RealInterceptorChain.proceed(RealInterceptorChain.java:121)&#xD;
	at okhttp3.RealCall.getResponseWithInterceptorChain(RealCall.java:200)&#xD;
	at okhttp3.RealCall.execute(RealCall.java:77)&#xD;
	at org.openqa.selenium.remote.internal.OkHttpClient.execute(OkHttpClient.java:103)&#xD;
	at org.openqa.selenium.remote.ProtocolHandshake.createSession(ProtocolHandshake.java:105)&#xD;
	at org.openqa.selenium.remote.ProtocolHandshake.createSession(ProtocolHandshake.java:74)&#xD;
	at org.openqa.selenium.remote.HttpCommandExecutor.execute(HttpCommandExecutor.java:136)&#xD;
	at org.openqa.selenium.remote.service.DriverCommandExecutor.execute(DriverCommandExecutor.java:83)&#xD;
	... 31 more&#xD;
Caused by: java.net.ConnectException: Connection refused: connect&#xD;
	at okhttp3.internal.platform.Platform.connectSocket(Platform.java:129)&#xD;
	at okhttp3.internal.connection.RealConnection.connectSocket(RealConnection.java:245)&#xD;
	at okhttp3.internal.connection.RealConnection.connect(RealConnection.java:165)&#xD;
	at okhttp3.internal.connection.StreamAllocation.findConnection(StreamAllocation.java:257)&#xD;
	at okhttp3.internal.connection.StreamAllocation.findHealthyConnection(StreamAllocation.java:135)&#xD;
	at okhttp3.internal.connection.StreamAllocation.newStream(StreamAllocation.java:114)&#xD;
	at okhttp3.internal.connection.ConnectInterceptor.intercept(ConnectInterceptor.java:42)&#xD;
	at okhttp3.internal.http.RealInterceptorChain.proceed(RealInterceptorChain.java:147)&#xD;
	at okhttp3.internal.http.RealInterceptorChain.proceed(RealInterceptorChain.java:121)&#xD;
	at okhttp3.internal.cache.CacheInterceptor.intercept(CacheInterceptor.java:93)&#xD;
	at okhttp3.internal.http.RealInterceptorChain.proceed(RealInterceptorChain.java:147)&#xD;
	at okhttp3.internal.http.RealInterceptorChain.proceed(RealInterceptorChain.java:121)&#xD;
	at okhttp3.internal.http.BridgeInterceptor.intercept(BridgeInterceptor.java:93)&#xD;
	at okhttp3.internal.http.RealInterceptorChain.proceed(RealInterceptorChain.java:147)&#xD;
	at okhttp3.internal.http.RetryAndFollowUpInterceptor.intercept(RetryAndFollowUpInterceptor.java:126)&#xD;
	at okhttp3.internal.http.RealInterceptorChain.proceed(RealInterceptorChain.java:147)&#xD;
	at okhttp3.internal.http.RealInterceptorChain.proceed(RealInterceptorChain.java:121)&#xD;
	at okhttp3.RealCall.getResponseWithInterceptorChain(RealCall.java:200)&#xD;
	at okhttp3.RealCall.execute(RealCall.java:77)&#xD;
	at org.openqa.selenium.remote.internal.OkHttpClient.execute(OkHttpClient.java:103)&#xD;
	at org.openqa.selenium.remote.ProtocolHandshake.createSession(ProtocolHandshake.java:105)&#xD;
	at org.openqa.selenium.remote.ProtocolHandshake.createSession(ProtocolHandshake.java:74)&#xD;
	at org.openqa.selenium.remote.HttpCommandExecutor.execute(HttpCommandExecutor.java:136)&#xD;
	at org.openqa.selenium.remote.service.DriverCommandExecutor.execute(DriverCommandExecutor.java:83)&#xD;
	at org.openqa.selenium.remote.RemoteWebDriver.execute(RemoteWebDriver.java:552)&#xD;
	at com.kms.katalon.selenium.driver.CEdgeDriver.execute(CEdgeDriver.java:21)&#xD;
	at org.openqa.selenium.remote.RemoteWebDriver.startSession(RemoteWebDriver.java:213)&#xD;
	at org.openqa.selenium.remote.RemoteWebDriver.&lt;init&gt;(RemoteWebDriver.java:131)&#xD;
	at org.openqa.selenium.edge.EdgeDriver.&lt;init&gt;(EdgeDriver.java:154)&#xD;
	at com.kms.katalon.selenium.driver.CEdgeDriver.&lt;init&gt;(CEdgeDriver.java:14)&#xD;
	at com.kms.katalon.core.webui.driver.DriverFactory.createNewEdgeDriver(DriverFactory.java:435)&#xD;
	at com.kms.katalon.core.webui.driver.DriverFactory.startNewBrowser(DriverFactory.java:257)&#xD;
	at com.kms.katalon.core.webui.driver.DriverFactory.openWebDriver(DriverFactory.java:191)&#xD;
	at com.kms.katalon.core.webui.keyword.builtin.OpenBrowserKeyword$_openBrowser_closure1.doCall(OpenBrowserKeyword.groovy:74)&#xD;
	at com.kms.katalon.core.webui.keyword.builtin.OpenBrowserKeyword$_openBrowser_closure1.call(OpenBrowserKeyword.groovy)&#xD;
	at com.kms.katalon.core.webui.keyword.internal.WebUIKeywordMain.runKeyword(WebUIKeywordMain.groovy:20)&#xD;
	at com.kms.katalon.core.webui.keyword.builtin.OpenBrowserKeyword.openBrowser(OpenBrowserKeyword.groovy:81)&#xD;
	at com.kms.katalon.core.webui.keyword.builtin.OpenBrowserKeyword.execute(OpenBrowserKeyword.groovy:67)&#xD;
	at com.kms.katalon.core.keyword.internal.KeywordExecutor.executeKeywordForPlatform(KeywordExecutor.groovy:56)&#xD;
	at com.kms.katalon.core.webui.keyword.WebUiBuiltInKeywords.openBrowser(WebUiBuiltInKeywords.groovy:60)&#xD;
	at com.kms.katalon.core.webui.keyword.WebUiBuiltInKeywords$openBrowser.call(Unknown Source)&#xD;
	at freshfields.run(freshfields:17)&#xD;
	... 13 more</system-err>
        </testcase>
        <testcase name="Test Cases/goomo" classname="Test Cases/goomo" status="FAILED">
            <failure type="FAILED" message="Test Cases/goomo FAILED.&#xA;Reason:&#xA;com.kms.katalon.core.exception.StepFailedException: Unable to open browser with url: ''&#xD;&#xA;&#x9;at com.kms.katalon.core.webui.keyword.internal.WebUIKeywordMain.stepFailed(WebUIKeywordMain.groovy:64)&#xD;&#xA;&#x9;at com.kms.katalon.core.webui.keyword.internal.WebUIKeywordMain.runKeyword(WebUIKeywordMain.groovy:26)&#xD;&#xA;&#x9;at com.kms.katalon.core.webui.keyword.builtin.OpenBrowserKeyword.openBrowser(OpenBrowserKeyword.groovy:81)&#xD;&#xA;&#x9;at com.kms.katalon.core.webui.keyword.builtin.OpenBrowserKeyword.execute(OpenBrowserKeyword.groovy:67)&#xD;&#xA;&#x9;at com.kms.katalon.core.keyword.internal.KeywordExecutor.executeKeywordForPlatform(KeywordExecutor.groovy:56)&#xD;&#xA;&#x9;at com.kms.katalon.core.webui.keyword.WebUiBuiltInKeywords.openBrowser(WebUiBuiltInKeywords.groovy:60)&#xD;&#xA;&#x9;at com.kms.katalon.core.webui.keyword.WebUiBuiltInKeywords$openBrowser.call(Unknown Source)&#xD;&#xA;&#x9;at goomo.run(goomo:17)&#xD;&#xA;&#x9;at com.kms.katalon.core.main.ScriptEngine.run(ScriptEngine.java:194)&#xD;&#xA;&#x9;at com.kms.katalon.core.main.ScriptEngine.runScriptAsRawText(ScriptEngine.java:119)&#xD;&#xA;&#x9;at com.kms.katalon.core.main.TestCaseExecutor.runScript(TestCaseExecutor.java:337)&#xD;&#xA;&#x9;at com.kms.katalon.core.main.TestCaseExecutor.doExecute(TestCaseExecutor.java:328)&#xD;&#xA;&#x9;at com.kms.katalon.core.main.TestCaseExecutor.processExecutionPhase(TestCaseExecutor.java:307)&#xD;&#xA;&#x9;at com.kms.katalon.core.main.TestCaseExecutor.accessMainPhase(TestCaseExecutor.java:299)&#xD;&#xA;&#x9;at com.kms.katalon.core.main.TestCaseExecutor.execute(TestCaseExecutor.java:233)&#xD;&#xA;&#x9;at com.kms.katalon.core.main.TestSuiteExecutor.accessTestCaseMainPhase(TestSuiteExecutor.java:133)&#xD;&#xA;&#x9;at com.kms.katalon.core.main.TestSuiteExecutor.accessTestSuiteMainPhase(TestSuiteExecutor.java:116)&#xD;&#xA;&#x9;at com.kms.katalon.core.main.TestSuiteExecutor.execute(TestSuiteExecutor.java:83)&#xD;&#xA;&#x9;at com.kms.katalon.core.main.TestCaseMain.startTestSuite(TestCaseMain.java:157)&#xD;&#xA;&#x9;at com.kms.katalon.core.main.TestCaseMain$startTestSuite$0.call(Unknown Source)&#xD;&#xA;&#x9;at TempTestSuite1564044813085.run(TempTestSuite1564044813085.groovy:35)&#xD;&#xA;Caused by: org.openqa.selenium.WebDriverException: java.net.ConnectException: Failed to connect to localhost/0:0:0:0:0:0:0:1:38282&#xA;Build info: version: '3.141.59', revision: 'e82be7d358', time: '2018-11-14T08:25:53'&#xA;System info: host: 'ANTONIO', ip: '169.254.42.39', os.name: 'Windows 10', os.arch: 'amd64', os.version: '10.0', java.version: '1.8.0_181'&#xA;Driver info: driver.version: CEdgeDriver&#xD;&#xA;&#x9;at org.openqa.selenium.remote.service.DriverCommandExecutor.execute(DriverCommandExecutor.java:92)&#xD;&#xA;&#x9;at org.openqa.selenium.remote.RemoteWebDriver.execute(RemoteWebDriver.java:552)&#xD;&#xA;&#x9;at com.kms.katalon.selenium.driver.CEdgeDriver.execute(CEdgeDriver.java:21)&#xD;&#xA;&#x9;at org.openqa.selenium.remote.RemoteWebDriver.startSession(RemoteWebDriver.java:213)&#xD;&#xA;&#x9;at org.openqa.selenium.remote.RemoteWebDriver.&lt;init&gt;(RemoteWebDriver.java:131)&#xD;&#xA;&#x9;at org.openqa.selenium.edge.EdgeDriver.&lt;init&gt;(EdgeDriver.java:154)&#xD;&#xA;&#x9;at com.kms.katalon.selenium.driver.CEdgeDriver.&lt;init&gt;(CEdgeDriver.java:14)&#xD;&#xA;&#x9;at com.kms.katalon.core.webui.driver.DriverFactory.createNewEdgeDriver(DriverFactory.java:435)&#xD;&#xA;&#x9;at com.kms.katalon.core.webui.driver.DriverFactory.startNewBrowser(DriverFactory.java:257)&#xD;&#xA;&#x9;at com.kms.katalon.core.webui.driver.DriverFactory.openWebDriver(DriverFactory.java:191)&#xD;&#xA;&#x9;at com.kms.katalon.core.webui.keyword.builtin.OpenBrowserKeyword$_openBrowser_closure1.doCall(OpenBrowserKeyword.groovy:74)&#xD;&#xA;&#x9;at com.kms.katalon.core.webui.keyword.builtin.OpenBrowserKeyword$_openBrowser_closure1.call(OpenBrowserKeyword.groovy)&#xD;&#xA;&#x9;at com.kms.katalon.core.webui.keyword.internal.WebUIKeywordMain.runKeyword(WebUIKeywordMain.groovy:20)&#xD;&#xA;&#x9;at com.kms.katalon.core.webui.keyword.builtin.OpenBrowserKeyword.openBrowser(OpenBrowserKeyword.groovy:81)&#xD;&#xA;&#x9;at com.kms.katalon.core.webui.keyword.builtin.OpenBrowserKeyword.execute(OpenBrowserKeyword.groovy:67)&#xD;&#xA;&#x9;at com.kms.katalon.core.keyword.internal.KeywordExecutor.executeKeywordForPlatform(KeywordExecutor.groovy:56)&#xD;&#xA;&#x9;at com.kms.katalon.core.webui.keyword.WebUiBuiltInKeywords.openBrowser(WebUiBuiltInKeywords.groovy:60)&#xD;&#xA;&#x9;at com.kms.katalon.core.webui.keyword.WebUiBuiltInKeywords$openBrowser.call(Unknown Source)&#xD;&#xA;&#x9;at Script1564043030464.run(Script1564043030464.groovy:17)&#xD;&#xA;&#x9;... 13 more&#xD;&#xA;Caused by: java.net.ConnectException: Failed to connect to localhost/0:0:0:0:0:0:0:1:38282&#xD;&#xA;&#x9;at okhttp3.internal.connection.RealConnection.connectSocket(RealConnection.java:247)&#xD;&#xA;&#x9;at okhttp3.internal.connection.RealConnection.connect(RealConnection.java:165)&#xD;&#xA;&#x9;at okhttp3.internal.connection.StreamAllocation.findConnection(StreamAllocation.java:257)&#xD;&#xA;&#x9;at okhttp3.internal.connection.StreamAllocation.findHealthyConnection(StreamAllocation.java:135)&#xD;&#xA;&#x9;at okhttp3.internal.connection.StreamAllocation.newStream(StreamAllocation.java:114)&#xD;&#xA;&#x9;at okhttp3.internal.connection.ConnectInterceptor.intercept(ConnectInterceptor.java:42)&#xD;&#xA;&#x9;at okhttp3.internal.http.RealInterceptorChain.proceed(RealInterceptorChain.java:147)&#xD;&#xA;&#x9;at okhttp3.internal.http.RealInterceptorChain.proceed(RealInterceptorChain.java:121)&#xD;&#xA;&#x9;at okhttp3.internal.cache.CacheInterceptor.intercept(CacheInterceptor.java:93)&#xD;&#xA;&#x9;at okhttp3.internal.http.RealInterceptorChain.proceed(RealInterceptorChain.java:147)&#xD;&#xA;&#x9;at okhttp3.internal.http.RealInterceptorChain.proceed(RealInterceptorChain.java:121)&#xD;&#xA;&#x9;at okhttp3.internal.http.BridgeInterceptor.intercept(BridgeInterceptor.java:93)&#xD;&#xA;&#x9;at okhttp3.internal.http.RealInterceptorChain.proceed(RealInterceptorChain.java:147)&#xD;&#xA;&#x9;at okhttp3.internal.http.RetryAndFollowUpInterceptor.intercept(RetryAndFollowUpInterceptor.java:126)&#xD;&#xA;&#x9;at okhttp3.internal.http.RealInterceptorChain.proceed(RealInterceptorChain.java:147)&#xD;&#xA;&#x9;at okhttp3.internal.http.RealInterceptorChain.proceed(RealInterceptorChain.java:121)&#xD;&#xA;&#x9;at okhttp3.RealCall.getResponseWithInterceptorChain(RealCall.java:200)&#xD;&#xA;&#x9;at okhttp3.RealCall.execute(RealCall.java:77)&#xD;&#xA;&#x9;at org.openqa.selenium.remote.internal.OkHttpClient.execute(OkHttpClient.java:103)&#xD;&#xA;&#x9;at org.openqa.selenium.remote.ProtocolHandshake.createSession(ProtocolHandshake.java:105)&#xD;&#xA;&#x9;at org.openqa.selenium.remote.ProtocolHandshake.createSession(ProtocolHandshake.java:74)&#xD;&#xA;&#x9;at org.openqa.selenium.remote.HttpCommandExecutor.execute(HttpCommandExecutor.java:136)&#xD;&#xA;&#x9;at org.openqa.selenium.remote.service.DriverCommandExecutor.execute(DriverCommandExecutor.java:83)&#xD;&#xA;&#x9;... 31 more&#xD;&#xA;Caused by: java.net.ConnectException: Connection refused: connect&#xD;&#xA;&#x9;at okhttp3.internal.platform.Platform.connectSocket(Platform.java:129)&#xD;&#xA;&#x9;at okhttp3.internal.connection.RealConnection.connectSocket(RealConnection.java:245)&#xD;&#xA;&#x9;at okhttp3.internal.connection.RealConnection.connect(RealConnection.java:165)&#xD;&#xA;&#x9;at okhttp3.internal.connection.StreamAllocation.findConnection(StreamAllocation.java:257)&#xD;&#xA;&#x9;at okhttp3.internal.connection.StreamAllocation.findHealthyConnection(StreamAllocation.java:135)&#xD;&#xA;&#x9;at okhttp3.internal.connection.StreamAllocation.newStream(StreamAllocation.java:114)&#xD;&#xA;&#x9;at okhttp3.internal.connection.ConnectInterceptor.intercept(ConnectInterceptor.java:42)&#xD;&#xA;&#x9;at okhttp3.internal.http.RealInterceptorChain.proceed(RealInterceptorChain.java:147)&#xD;&#xA;&#x9;at okhttp3.internal.http.RealInterceptorChain.proceed(RealInterceptorChain.java:121)&#xD;&#xA;&#x9;at okhttp3.internal.cache.CacheInterceptor.intercept(CacheInterceptor.java:93)&#xD;&#xA;&#x9;at okhttp3.internal.http.RealInterceptorChain.proceed(RealInterceptorChain.java:147)&#xD;&#xA;&#x9;at okhttp3.internal.http.RealInterceptorChain.proceed(RealInterceptorChain.java:121)&#xD;&#xA;&#x9;at okhttp3.internal.http.BridgeInterceptor.intercept(BridgeInterceptor.java:93)&#xD;&#xA;&#x9;at okhttp3.internal.http.RealInterceptorChain.proceed(RealInterceptorChain.java:147)&#xD;&#xA;&#x9;at okhttp3.internal.http.RetryAndFollowUpInterceptor.intercept(RetryAndFollowUpInterceptor.java:126)&#xD;&#xA;&#x9;at okhttp3.internal.http.RealInterceptorChain.proceed(RealInterceptorChain.java:147)&#xD;&#xA;&#x9;at okhttp3.internal.http.RealInterceptorChain.proceed(RealInterceptorChain.java:121)&#xD;&#xA;&#x9;at okhttp3.RealCall.getResponseWithInterceptorChain(RealCall.java:200)&#xD;&#xA;&#x9;at okhttp3.RealCall.execute(RealCall.java:77)&#xD;&#xA;&#x9;at org.openqa.selenium.remote.internal.OkHttpClient.execute(OkHttpClient.java:103)&#xD;&#xA;&#x9;at org.openqa.selenium.remote.ProtocolHandshake.createSession(ProtocolHandshake.java:105)&#xD;&#xA;&#x9;at org.openqa.selenium.remote.ProtocolHandshake.createSession(ProtocolHandshake.java:74)&#xD;&#xA;&#x9;at org.openqa.selenium.remote.HttpCommandExecutor.execute(HttpCommandExecutor.java:136)&#xD;&#xA;&#x9;at org.openqa.selenium.remote.service.DriverCommandExecutor.execute(DriverCommandExecutor.java:83)&#xD;&#xA;&#x9;at org.openqa.selenium.remote.RemoteWebDriver.execute(RemoteWebDriver.java:552)&#xD;&#xA;&#x9;at com.kms.katalon.selenium.driver.CEdgeDriver.execute(CEdgeDriver.java:21)&#xD;&#xA;&#x9;at org.openqa.selenium.remote.RemoteWebDriver.startSession(RemoteWebDriver.java:213)&#xD;&#xA;&#x9;at org.openqa.selenium.remote.RemoteWebDriver.&lt;init&gt;(RemoteWebDriver.java:131)&#xD;&#xA;&#x9;at org.openqa.selenium.edge.EdgeDriver.&lt;init&gt;(EdgeDriver.java:154)&#xD;&#xA;&#x9;at com.kms.katalon.selenium.driver.CEdgeDriver.&lt;init&gt;(CEdgeDriver.java:14)&#xD;&#xA;&#x9;at com.kms.katalon.core.webui.driver.DriverFactory.createNewEdgeDriver(DriverFactory.java:435)&#xD;&#xA;&#x9;at com.kms.katalon.core.webui.driver.DriverFactory.startNewBrowser(DriverFactory.java:257)&#xD;&#xA;&#x9;at com.kms.katalon.core.webui.driver.DriverFactory.openWebDriver(DriverFactory.java:191)&#xD;&#xA;&#x9;at com.kms.katalon.core.webui.keyword.builtin.OpenBrowserKeyword$_openBrowser_closure1.doCall(OpenBrowserKeyword.groovy:74)&#xD;&#xA;&#x9;at com.kms.katalon.core.webui.keyword.builtin.OpenBrowserKeyword$_openBrowser_closure1.call(OpenBrowserKeyword.groovy)&#xD;&#xA;&#x9;at com.kms.katalon.core.webui.keyword.internal.WebUIKeywordMain.runKeyword(WebUIKeywordMain.groovy:20)&#xD;&#xA;&#x9;at com.kms.katalon.core.webui.keyword.builtin.OpenBrowserKeyword.openBrowser(OpenBrowserKeyword.groovy:81)&#xD;&#xA;&#x9;at com.kms.katalon.core.webui.keyword.builtin.OpenBrowserKeyword.execute(OpenBrowserKeyword.groovy:67)&#xD;&#xA;&#x9;at com.kms.katalon.core.keyword.internal.KeywordExecutor.executeKeywordForPlatform(KeywordExecutor.groovy:56)&#xD;&#xA;&#x9;at com.kms.katalon.core.webui.keyword.WebUiBuiltInKeywords.openBrowser(WebUiBuiltInKeywords.groovy:60)&#xD;&#xA;&#x9;at com.kms.katalon.core.webui.keyword.WebUiBuiltInKeywords$openBrowser.call(Unknown Source)&#xD;&#xA;&#x9;at goomo.run(goomo:17)&#xD;&#xA;&#x9;... 13 more&#xD;&#xA;"/>
            <system-out>2019-07-25 11:09:56 - [TEST_CASE][FAILED] - Test Cases/goomo: Test Cases/goomo FAILED.
Reason:
com.kms.katalon.core.exception.StepFailedException: Unable to open browser with url: ''&#xD;
	at com.kms.katalon.core.webui.keyword.internal.WebUIKeywordMain.stepFailed(WebUIKeywordMain.groovy:64)&#xD;
	at com.kms.katalon.core.webui.keyword.internal.WebUIKeywordMain.runKeyword(WebUIKeywordMain.groovy:26)&#xD;
	at com.kms.katalon.core.webui.keyword.builtin.OpenBrowserKeyword.openBrowser(OpenBrowserKeyword.groovy:81)&#xD;
	at com.kms.katalon.core.webui.keyword.builtin.OpenBrowserKeyword.execute(OpenBrowserKeyword.groovy:67)&#xD;
	at com.kms.katalon.core.keyword.internal.KeywordExecutor.executeKeywordForPlatform(KeywordExecutor.groovy:56)&#xD;
	at com.kms.katalon.core.webui.keyword.WebUiBuiltInKeywords.openBrowser(WebUiBuiltInKeywords.groovy:60)&#xD;
	at com.kms.katalon.core.webui.keyword.WebUiBuiltInKeywords$openBrowser.call(Unknown Source)&#xD;
	at goomo.run(goomo:17)&#xD;
	at com.kms.katalon.core.main.ScriptEngine.run(ScriptEngine.java:194)&#xD;
	at com.kms.katalon.core.main.ScriptEngine.runScriptAsRawText(ScriptEngine.java:119)&#xD;
	at com.kms.katalon.core.main.TestCaseExecutor.runScript(TestCaseExecutor.java:337)&#xD;
	at com.kms.katalon.core.main.TestCaseExecutor.doExecute(TestCaseExecutor.java:328)&#xD;
	at com.kms.katalon.core.main.TestCaseExecutor.processExecutionPhase(TestCaseExecutor.java:307)&#xD;
	at com.kms.katalon.core.main.TestCaseExecutor.accessMainPhase(TestCaseExecutor.java:299)&#xD;
	at com.kms.katalon.core.main.TestCaseExecutor.execute(TestCaseExecutor.java:233)&#xD;
	at com.kms.katalon.core.main.TestSuiteExecutor.accessTestCaseMainPhase(TestSuiteExecutor.java:133)&#xD;
	at com.kms.katalon.core.main.TestSuiteExecutor.accessTestSuiteMainPhase(TestSuiteExecutor.java:116)&#xD;
	at com.kms.katalon.core.main.TestSuiteExecutor.execute(TestSuiteExecutor.java:83)&#xD;
	at com.kms.katalon.core.main.TestCaseMain.startTestSuite(TestCaseMain.java:157)&#xD;
	at com.kms.katalon.core.main.TestCaseMain$startTestSuite$0.call(Unknown Source)&#xD;
	at TempTestSuite1564044813085.run(TempTestSuite1564044813085.groovy:35)&#xD;
Caused by: org.openqa.selenium.WebDriverException: java.net.ConnectException: Failed to connect to localhost/0:0:0:0:0:0:0:1:38282
Build info: version: '3.141.59', revision: 'e82be7d358', time: '2018-11-14T08:25:53'
System info: host: 'ANTONIO', ip: '169.254.42.39', os.name: 'Windows 10', os.arch: 'amd64', os.version: '10.0', java.version: '1.8.0_181'
Driver info: driver.version: CEdgeDriver&#xD;
	at org.openqa.selenium.remote.service.DriverCommandExecutor.execute(DriverCommandExecutor.java:92)&#xD;
	at org.openqa.selenium.remote.RemoteWebDriver.execute(RemoteWebDriver.java:552)&#xD;
	at com.kms.katalon.selenium.driver.CEdgeDriver.execute(CEdgeDriver.java:21)&#xD;
	at org.openqa.selenium.remote.RemoteWebDriver.startSession(RemoteWebDriver.java:213)&#xD;
	at org.openqa.selenium.remote.RemoteWebDriver.&lt;init&gt;(RemoteWebDriver.java:131)&#xD;
	at org.openqa.selenium.edge.EdgeDriver.&lt;init&gt;(EdgeDriver.java:154)&#xD;
	at com.kms.katalon.selenium.driver.CEdgeDriver.&lt;init&gt;(CEdgeDriver.java:14)&#xD;
	at com.kms.katalon.core.webui.driver.DriverFactory.createNewEdgeDriver(DriverFactory.java:435)&#xD;
	at com.kms.katalon.core.webui.driver.DriverFactory.startNewBrowser(DriverFactory.java:257)&#xD;
	at com.kms.katalon.core.webui.driver.DriverFactory.openWebDriver(DriverFactory.java:191)&#xD;
	at com.kms.katalon.core.webui.keyword.builtin.OpenBrowserKeyword$_openBrowser_closure1.doCall(OpenBrowserKeyword.groovy:74)&#xD;
	at com.kms.katalon.core.webui.keyword.builtin.OpenBrowserKeyword$_openBrowser_closure1.call(OpenBrowserKeyword.groovy)&#xD;
	at com.kms.katalon.core.webui.keyword.internal.WebUIKeywordMain.runKeyword(WebUIKeywordMain.groovy:20)&#xD;
	at com.kms.katalon.core.webui.keyword.builtin.OpenBrowserKeyword.openBrowser(OpenBrowserKeyword.groovy:81)&#xD;
	at com.kms.katalon.core.webui.keyword.builtin.OpenBrowserKeyword.execute(OpenBrowserKeyword.groovy:67)&#xD;
	at com.kms.katalon.core.keyword.internal.KeywordExecutor.executeKeywordForPlatform(KeywordExecutor.groovy:56)&#xD;
	at com.kms.katalon.core.webui.keyword.WebUiBuiltInKeywords.openBrowser(WebUiBuiltInKeywords.groovy:60)&#xD;
	at com.kms.katalon.core.webui.keyword.WebUiBuiltInKeywords$openBrowser.call(Unknown Source)&#xD;
	at Script1564043030464.run(Script1564043030464.groovy:17)&#xD;
	... 13 more&#xD;
Caused by: java.net.ConnectException: Failed to connect to localhost/0:0:0:0:0:0:0:1:38282&#xD;
	at okhttp3.internal.connection.RealConnection.connectSocket(RealConnection.java:247)&#xD;
	at okhttp3.internal.connection.RealConnection.connect(RealConnection.java:165)&#xD;
	at okhttp3.internal.connection.StreamAllocation.findConnection(StreamAllocation.java:257)&#xD;
	at okhttp3.internal.connection.StreamAllocation.findHealthyConnection(StreamAllocation.java:135)&#xD;
	at okhttp3.internal.connection.StreamAllocation.newStream(StreamAllocation.java:114)&#xD;
	at okhttp3.internal.connection.ConnectInterceptor.intercept(ConnectInterceptor.java:42)&#xD;
	at okhttp3.internal.http.RealInterceptorChain.proceed(RealInterceptorChain.java:147)&#xD;
	at okhttp3.internal.http.RealInterceptorChain.proceed(RealInterceptorChain.java:121)&#xD;
	at okhttp3.internal.cache.CacheInterceptor.intercept(CacheInterceptor.java:93)&#xD;
	at okhttp3.internal.http.RealInterceptorChain.proceed(RealInterceptorChain.java:147)&#xD;
	at okhttp3.internal.http.RealInterceptorChain.proceed(RealInterceptorChain.java:121)&#xD;
	at okhttp3.internal.http.BridgeInterceptor.intercept(BridgeInterceptor.java:93)&#xD;
	at okhttp3.internal.http.RealInterceptorChain.proceed(RealInterceptorChain.java:147)&#xD;
	at okhttp3.internal.http.RetryAndFollowUpInterceptor.intercept(RetryAndFollowUpInterceptor.java:126)&#xD;
	at okhttp3.internal.http.RealInterceptorChain.proceed(RealInterceptorChain.java:147)&#xD;
	at okhttp3.internal.http.RealInterceptorChain.proceed(RealInterceptorChain.java:121)&#xD;
	at okhttp3.RealCall.getResponseWithInterceptorChain(RealCall.java:200)&#xD;
	at okhttp3.RealCall.execute(RealCall.java:77)&#xD;
	at org.openqa.selenium.remote.internal.OkHttpClient.execute(OkHttpClient.java:103)&#xD;
	at org.openqa.selenium.remote.ProtocolHandshake.createSession(ProtocolHandshake.java:105)&#xD;
	at org.openqa.selenium.remote.ProtocolHandshake.createSession(ProtocolHandshake.java:74)&#xD;
	at org.openqa.selenium.remote.HttpCommandExecutor.execute(HttpCommandExecutor.java:136)&#xD;
	at org.openqa.selenium.remote.service.DriverCommandExecutor.execute(DriverCommandExecutor.java:83)&#xD;
	... 31 more&#xD;
Caused by: java.net.ConnectException: Connection refused: connect&#xD;
	at okhttp3.internal.platform.Platform.connectSocket(Platform.java:129)&#xD;
	at okhttp3.internal.connection.RealConnection.connectSocket(RealConnection.java:245)&#xD;
	at okhttp3.internal.connection.RealConnection.connect(RealConnection.java:165)&#xD;
	at okhttp3.internal.connection.StreamAllocation.findConnection(StreamAllocation.java:257)&#xD;
	at okhttp3.internal.connection.StreamAllocation.findHealthyConnection(StreamAllocation.java:135)&#xD;
	at okhttp3.internal.connection.StreamAllocation.newStream(StreamAllocation.java:114)&#xD;
	at okhttp3.internal.connection.ConnectInterceptor.intercept(ConnectInterceptor.java:42)&#xD;
	at okhttp3.internal.http.RealInterceptorChain.proceed(RealInterceptorChain.java:147)&#xD;
	at okhttp3.internal.http.RealInterceptorChain.proceed(RealInterceptorChain.java:121)&#xD;
	at okhttp3.internal.cache.CacheInterceptor.intercept(CacheInterceptor.java:93)&#xD;
	at okhttp3.internal.http.RealInterceptorChain.proceed(RealInterceptorChain.java:147)&#xD;
	at okhttp3.internal.http.RealInterceptorChain.proceed(RealInterceptorChain.java:121)&#xD;
	at okhttp3.internal.http.BridgeInterceptor.intercept(BridgeInterceptor.java:93)&#xD;
	at okhttp3.internal.http.RealInterceptorChain.proceed(RealInterceptorChain.java:147)&#xD;
	at okhttp3.internal.http.RetryAndFollowUpInterceptor.intercept(RetryAndFollowUpInterceptor.java:126)&#xD;
	at okhttp3.internal.http.RealInterceptorChain.proceed(RealInterceptorChain.java:147)&#xD;
	at okhttp3.internal.http.RealInterceptorChain.proceed(RealInterceptorChain.java:121)&#xD;
	at okhttp3.RealCall.getResponseWithInterceptorChain(RealCall.java:200)&#xD;
	at okhttp3.RealCall.execute(RealCall.java:77)&#xD;
	at org.openqa.selenium.remote.internal.OkHttpClient.execute(OkHttpClient.java:103)&#xD;
	at org.openqa.selenium.remote.ProtocolHandshake.createSession(ProtocolHandshake.java:105)&#xD;
	at org.openqa.selenium.remote.ProtocolHandshake.createSession(ProtocolHandshake.java:74)&#xD;
	at org.openqa.selenium.remote.HttpCommandExecutor.execute(HttpCommandExecutor.java:136)&#xD;
	at org.openqa.selenium.remote.service.DriverCommandExecutor.execute(DriverCommandExecutor.java:83)&#xD;
	at org.openqa.selenium.remote.RemoteWebDriver.execute(RemoteWebDriver.java:552)&#xD;
	at com.kms.katalon.selenium.driver.CEdgeDriver.execute(CEdgeDriver.java:21)&#xD;
	at org.openqa.selenium.remote.RemoteWebDriver.startSession(RemoteWebDriver.java:213)&#xD;
	at org.openqa.selenium.remote.RemoteWebDriver.&lt;init&gt;(RemoteWebDriver.java:131)&#xD;
	at org.openqa.selenium.edge.EdgeDriver.&lt;init&gt;(EdgeDriver.java:154)&#xD;
	at com.kms.katalon.selenium.driver.CEdgeDriver.&lt;init&gt;(CEdgeDriver.java:14)&#xD;
	at com.kms.katalon.core.webui.driver.DriverFactory.createNewEdgeDriver(DriverFactory.java:435)&#xD;
	at com.kms.katalon.core.webui.driver.DriverFactory.startNewBrowser(DriverFactory.java:257)&#xD;
	at com.kms.katalon.core.webui.driver.DriverFactory.openWebDriver(DriverFactory.java:191)&#xD;
	at com.kms.katalon.core.webui.keyword.builtin.OpenBrowserKeyword$_openBrowser_closure1.doCall(OpenBrowserKeyword.groovy:74)&#xD;
	at com.kms.katalon.core.webui.keyword.builtin.OpenBrowserKeyword$_openBrowser_closure1.call(OpenBrowserKeyword.groovy)&#xD;
	at com.kms.katalon.core.webui.keyword.internal.WebUIKeywordMain.runKeyword(WebUIKeywordMain.groovy:20)&#xD;
	at com.kms.katalon.core.webui.keyword.builtin.OpenBrowserKeyword.openBrowser(OpenBrowserKeyword.groovy:81)&#xD;
	at com.kms.katalon.core.webui.keyword.builtin.OpenBrowserKeyword.execute(OpenBrowserKeyword.groovy:67)&#xD;
	at com.kms.katalon.core.keyword.internal.KeywordExecutor.executeKeywordForPlatform(KeywordExecutor.groovy:56)&#xD;
	at com.kms.katalon.core.webui.keyword.WebUiBuiltInKeywords.openBrowser(WebUiBuiltInKeywords.groovy:60)&#xD;
	at com.kms.katalon.core.webui.keyword.WebUiBuiltInKeywords$openBrowser.call(Unknown Source)&#xD;
	at goomo.run(goomo:17)&#xD;
	... 13 more&#xD;
&#xD;
&#xD;
2019-07-25 11:09:56 - [TEST_STEP][FAILED] - openBrowser(""): Unable to open browser with url: '' (Root cause: com.kms.katalon.core.exception.StepFailedException: Unable to open browser with url: ''&#xD;
	at com.kms.katalon.core.webui.keyword.internal.WebUIKeywordMain.stepFailed(WebUIKeywordMain.groovy:64)&#xD;
	at com.kms.katalon.core.webui.keyword.internal.WebUIKeywordMain.runKeyword(WebUIKeywordMain.groovy:26)&#xD;
	at com.kms.katalon.core.webui.keyword.builtin.OpenBrowserKeyword.openBrowser(OpenBrowserKeyword.groovy:81)&#xD;
	at com.kms.katalon.core.webui.keyword.builtin.OpenBrowserKeyword.execute(OpenBrowserKeyword.groovy:67)&#xD;
	at com.kms.katalon.core.keyword.internal.KeywordExecutor.executeKeywordForPlatform(KeywordExecutor.groovy:56)&#xD;
	at com.kms.katalon.core.webui.keyword.WebUiBuiltInKeywords.openBrowser(WebUiBuiltInKeywords.groovy:60)&#xD;
	at com.kms.katalon.core.webui.keyword.WebUiBuiltInKeywords$openBrowser.call(Unknown Source)&#xD;
	at goomo.run(goomo:17)&#xD;
	at com.kms.katalon.core.main.ScriptEngine.run(ScriptEngine.java:194)&#xD;
	at com.kms.katalon.core.main.ScriptEngine.runScriptAsRawText(ScriptEngine.java:119)&#xD;
	at com.kms.katalon.core.main.TestCaseExecutor.runScript(TestCaseExecutor.java:337)&#xD;
	at com.kms.katalon.core.main.TestCaseExecutor.doExecute(TestCaseExecutor.java:328)&#xD;
	at com.kms.katalon.core.main.TestCaseExecutor.processExecutionPhase(TestCaseExecutor.java:307)&#xD;
	at com.kms.katalon.core.main.TestCaseExecutor.accessMainPhase(TestCaseExecutor.java:299)&#xD;
	at com.kms.katalon.core.main.TestCaseExecutor.execute(TestCaseExecutor.java:233)&#xD;
	at com.kms.katalon.core.main.TestSuiteExecutor.accessTestCaseMainPhase(TestSuiteExecutor.java:133)&#xD;
	at com.kms.katalon.core.main.TestSuiteExecutor.accessTestSuiteMainPhase(TestSuiteExecutor.java:116)&#xD;
	at com.kms.katalon.core.main.TestSuiteExecutor.execute(TestSuiteExecutor.java:83)&#xD;
	at com.kms.katalon.core.main.TestCaseMain.startTestSuite(TestCaseMain.java:157)&#xD;
	at com.kms.katalon.core.main.TestCaseMain$startTestSuite$0.call(Unknown Source)&#xD;
	at TempTestSuite1564044813085.run(TempTestSuite1564044813085.groovy:35)&#xD;
Caused by: org.openqa.selenium.WebDriverException: java.net.ConnectException: Failed to connect to localhost/0:0:0:0:0:0:0:1:38282
Build info: version: '3.141.59', revision: 'e82be7d358', time: '2018-11-14T08:25:53'
System info: host: 'ANTONIO', ip: '169.254.42.39', os.name: 'Windows 10', os.arch: 'amd64', os.version: '10.0', java.version: '1.8.0_181'
Driver info: driver.version: CEdgeDriver&#xD;
	at org.openqa.selenium.remote.service.DriverCommandExecutor.execute(DriverCommandExecutor.java:92)&#xD;
	at org.openqa.selenium.remote.RemoteWebDriver.execute(RemoteWebDriver.java:552)&#xD;
	at com.kms.katalon.selenium.driver.CEdgeDriver.execute(CEdgeDriver.java:21)&#xD;
	at org.openqa.selenium.remote.RemoteWebDriver.startSession(RemoteWebDriver.java:213)&#xD;
	at org.openqa.selenium.remote.RemoteWebDriver.&lt;init&gt;(RemoteWebDriver.java:131)&#xD;
	at org.openqa.selenium.edge.EdgeDriver.&lt;init&gt;(EdgeDriver.java:154)&#xD;
	at com.kms.katalon.selenium.driver.CEdgeDriver.&lt;init&gt;(CEdgeDriver.java:14)&#xD;
	at com.kms.katalon.core.webui.driver.DriverFactory.createNewEdgeDriver(DriverFactory.java:435)&#xD;
	at com.kms.katalon.core.webui.driver.DriverFactory.startNewBrowser(DriverFactory.java:257)&#xD;
	at com.kms.katalon.core.webui.driver.DriverFactory.openWebDriver(DriverFactory.java:191)&#xD;
	at com.kms.katalon.core.webui.keyword.builtin.OpenBrowserKeyword$_openBrowser_closure1.doCall(OpenBrowserKeyword.groovy:74)&#xD;
	at com.kms.katalon.core.webui.keyword.builtin.OpenBrowserKeyword$_openBrowser_closure1.call(OpenBrowserKeyword.groovy)&#xD;
	at com.kms.katalon.core.webui.keyword.internal.WebUIKeywordMain.runKeyword(WebUIKeywordMain.groovy:20)&#xD;
	at com.kms.katalon.core.webui.keyword.builtin.OpenBrowserKeyword.openBrowser(OpenBrowserKeyword.groovy:81)&#xD;
	at com.kms.katalon.core.webui.keyword.builtin.OpenBrowserKeyword.execute(OpenBrowserKeyword.groovy:67)&#xD;
	at com.kms.katalon.core.keyword.internal.KeywordExecutor.executeKeywordForPlatform(KeywordExecutor.groovy:56)&#xD;
	at com.kms.katalon.core.webui.keyword.WebUiBuiltInKeywords.openBrowser(WebUiBuiltInKeywords.groovy:60)&#xD;
	at com.kms.katalon.core.webui.keyword.WebUiBuiltInKeywords$openBrowser.call(Unknown Source)&#xD;
	at Script1564043030464.run(Script1564043030464.groovy:17)&#xD;
	... 13 more&#xD;
Caused by: java.net.ConnectException: Failed to connect to localhost/0:0:0:0:0:0:0:1:38282&#xD;
	at okhttp3.internal.connection.RealConnection.connectSocket(RealConnection.java:247)&#xD;
	at okhttp3.internal.connection.RealConnection.connect(RealConnection.java:165)&#xD;
	at okhttp3.internal.connection.StreamAllocation.findConnection(StreamAllocation.java:257)&#xD;
	at okhttp3.internal.connection.StreamAllocation.findHealthyConnection(StreamAllocation.java:135)&#xD;
	at okhttp3.internal.connection.StreamAllocation.newStream(StreamAllocation.java:114)&#xD;
	at okhttp3.internal.connection.ConnectInterceptor.intercept(ConnectInterceptor.java:42)&#xD;
	at okhttp3.internal.http.RealInterceptorChain.proceed(RealInterceptorChain.java:147)&#xD;
	at okhttp3.internal.http.RealInterceptorChain.proceed(RealInterceptorChain.java:121)&#xD;
	at okhttp3.internal.cache.CacheInterceptor.intercept(CacheInterceptor.java:93)&#xD;
	at okhttp3.internal.http.RealInterceptorChain.proceed(RealInterceptorChain.java:147)&#xD;
	at okhttp3.internal.http.RealInterceptorChain.proceed(RealInterceptorChain.java:121)&#xD;
	at okhttp3.internal.http.BridgeInterceptor.intercept(BridgeInterceptor.java:93)&#xD;
	at okhttp3.internal.http.RealInterceptorChain.proceed(RealInterceptorChain.java:147)&#xD;
	at okhttp3.internal.http.RetryAndFollowUpInterceptor.intercept(RetryAndFollowUpInterceptor.java:126)&#xD;
	at okhttp3.internal.http.RealInterceptorChain.proceed(RealInterceptorChain.java:147)&#xD;
	at okhttp3.internal.http.RealInterceptorChain.proceed(RealInterceptorChain.java:121)&#xD;
	at okhttp3.RealCall.getResponseWithInterceptorChain(RealCall.java:200)&#xD;
	at okhttp3.RealCall.execute(RealCall.java:77)&#xD;
	at org.openqa.selenium.remote.internal.OkHttpClient.execute(OkHttpClient.java:103)&#xD;
	at org.openqa.selenium.remote.ProtocolHandshake.createSession(ProtocolHandshake.java:105)&#xD;
	at org.openqa.selenium.remote.ProtocolHandshake.createSession(ProtocolHandshake.java:74)&#xD;
	at org.openqa.selenium.remote.HttpCommandExecutor.execute(HttpCommandExecutor.java:136)&#xD;
	at org.openqa.selenium.remote.service.DriverCommandExecutor.execute(DriverCommandExecutor.java:83)&#xD;
	... 31 more&#xD;
Caused by: java.net.ConnectException: Connection refused: connect&#xD;
	at okhttp3.internal.platform.Platform.connectSocket(Platform.java:129)&#xD;
	at okhttp3.internal.connection.RealConnection.connectSocket(RealConnection.java:245)&#xD;
	... 53 more&#xD;
)&#xD;
&#xD;
2019-07-25 11:09:56 - [MESSAGE][INFO] - Starting 'Edge' driver&#xD;
&#xD;
2019-07-25 11:09:58 - [MESSAGE][FAILED] - Unable to open browser with url: '' (Root cause: com.kms.katalon.core.exception.StepFailedException: Unable to open browser with url: ''&#xD;
	at com.kms.katalon.core.webui.keyword.internal.WebUIKeywordMain.stepFailed(WebUIKeywordMain.groovy:64)&#xD;
	at com.kms.katalon.core.webui.keyword.internal.WebUIKeywordMain.runKeyword(WebUIKeywordMain.groovy:26)&#xD;
	at com.kms.katalon.core.webui.keyword.builtin.OpenBrowserKeyword.openBrowser(OpenBrowserKeyword.groovy:81)&#xD;
	at com.kms.katalon.core.webui.keyword.builtin.OpenBrowserKeyword.execute(OpenBrowserKeyword.groovy:67)&#xD;
	at com.kms.katalon.core.keyword.internal.KeywordExecutor.executeKeywordForPlatform(KeywordExecutor.groovy:56)&#xD;
	at com.kms.katalon.core.webui.keyword.WebUiBuiltInKeywords.openBrowser(WebUiBuiltInKeywords.groovy:60)&#xD;
	at com.kms.katalon.core.webui.keyword.WebUiBuiltInKeywords$openBrowser.call(Unknown Source)&#xD;
	at goomo.run(goomo:17)&#xD;
	at com.kms.katalon.core.main.ScriptEngine.run(ScriptEngine.java:194)&#xD;
	at com.kms.katalon.core.main.ScriptEngine.runScriptAsRawText(ScriptEngine.java:119)&#xD;
	at com.kms.katalon.core.main.TestCaseExecutor.runScript(TestCaseExecutor.java:337)&#xD;
	at com.kms.katalon.core.main.TestCaseExecutor.doExecute(TestCaseExecutor.java:328)&#xD;
	at com.kms.katalon.core.main.TestCaseExecutor.processExecutionPhase(TestCaseExecutor.java:307)&#xD;
	at com.kms.katalon.core.main.TestCaseExecutor.accessMainPhase(TestCaseExecutor.java:299)&#xD;
	at com.kms.katalon.core.main.TestCaseExecutor.execute(TestCaseExecutor.java:233)&#xD;
	at com.kms.katalon.core.main.TestSuiteExecutor.accessTestCaseMainPhase(TestSuiteExecutor.java:133)&#xD;
	at com.kms.katalon.core.main.TestSuiteExecutor.accessTestSuiteMainPhase(TestSuiteExecutor.java:116)&#xD;
	at com.kms.katalon.core.main.TestSuiteExecutor.execute(TestSuiteExecutor.java:83)&#xD;
	at com.kms.katalon.core.main.TestCaseMain.startTestSuite(TestCaseMain.java:157)&#xD;
	at com.kms.katalon.core.main.TestCaseMain$startTestSuite$0.call(Unknown Source)&#xD;
	at TempTestSuite1564044813085.run(TempTestSuite1564044813085.groovy:35)&#xD;
Caused by: org.openqa.selenium.WebDriverException: java.net.ConnectException: Failed to connect to localhost/0:0:0:0:0:0:0:1:38282
Build info: version: '3.141.59', revision: 'e82be7d358', time: '2018-11-14T08:25:53'
System info: host: 'ANTONIO', ip: '169.254.42.39', os.name: 'Windows 10', os.arch: 'amd64', os.version: '10.0', java.version: '1.8.0_181'
Driver info: driver.version: CEdgeDriver&#xD;
	at org.openqa.selenium.remote.service.DriverCommandExecutor.execute(DriverCommandExecutor.java:92)&#xD;
	at org.openqa.selenium.remote.RemoteWebDriver.execute(RemoteWebDriver.java:552)&#xD;
	at com.kms.katalon.selenium.driver.CEdgeDriver.execute(CEdgeDriver.java:21)&#xD;
	at org.openqa.selenium.remote.RemoteWebDriver.startSession(RemoteWebDriver.java:213)&#xD;
	at org.openqa.selenium.remote.RemoteWebDriver.&lt;init&gt;(RemoteWebDriver.java:131)&#xD;
	at org.openqa.selenium.edge.EdgeDriver.&lt;init&gt;(EdgeDriver.java:154)&#xD;
	at com.kms.katalon.selenium.driver.CEdgeDriver.&lt;init&gt;(CEdgeDriver.java:14)&#xD;
	at com.kms.katalon.core.webui.driver.DriverFactory.createNewEdgeDriver(DriverFactory.java:435)&#xD;
	at com.kms.katalon.core.webui.driver.DriverFactory.startNewBrowser(DriverFactory.java:257)&#xD;
	at com.kms.katalon.core.webui.driver.DriverFactory.openWebDriver(DriverFactory.java:191)&#xD;
	at com.kms.katalon.core.webui.keyword.builtin.OpenBrowserKeyword$_openBrowser_closure1.doCall(OpenBrowserKeyword.groovy:74)&#xD;
	at com.kms.katalon.core.webui.keyword.builtin.OpenBrowserKeyword$_openBrowser_closure1.call(OpenBrowserKeyword.groovy)&#xD;
	at com.kms.katalon.core.webui.keyword.internal.WebUIKeywordMain.runKeyword(WebUIKeywordMain.groovy:20)&#xD;
	at com.kms.katalon.core.webui.keyword.builtin.OpenBrowserKeyword.openBrowser(OpenBrowserKeyword.groovy:81)&#xD;
	at com.kms.katalon.core.webui.keyword.builtin.OpenBrowserKeyword.execute(OpenBrowserKeyword.groovy:67)&#xD;
	at com.kms.katalon.core.keyword.internal.KeywordExecutor.executeKeywordForPlatform(KeywordExecutor.groovy:56)&#xD;
	at com.kms.katalon.core.webui.keyword.WebUiBuiltInKeywords.openBrowser(WebUiBuiltInKeywords.groovy:60)&#xD;
	at com.kms.katalon.core.webui.keyword.WebUiBuiltInKeywords$openBrowser.call(Unknown Source)&#xD;
	at Script1564043030464.run(Script1564043030464.groovy:17)&#xD;
	... 13 more&#xD;
Caused by: java.net.ConnectException: Failed to connect to localhost/0:0:0:0:0:0:0:1:38282&#xD;
	at okhttp3.internal.connection.RealConnection.connectSocket(RealConnection.java:247)&#xD;
	at okhttp3.internal.connection.RealConnection.connect(RealConnection.java:165)&#xD;
	at okhttp3.internal.connection.StreamAllocation.findConnection(StreamAllocation.java:257)&#xD;
	at okhttp3.internal.connection.StreamAllocation.findHealthyConnection(StreamAllocation.java:135)&#xD;
	at okhttp3.internal.connection.StreamAllocation.newStream(StreamAllocation.java:114)&#xD;
	at okhttp3.internal.connection.ConnectInterceptor.intercept(ConnectInterceptor.java:42)&#xD;
	at okhttp3.internal.http.RealInterceptorChain.proceed(RealInterceptorChain.java:147)&#xD;
	at okhttp3.internal.http.RealInterceptorChain.proceed(RealInterceptorChain.java:121)&#xD;
	at okhttp3.internal.cache.CacheInterceptor.intercept(CacheInterceptor.java:93)&#xD;
	at okhttp3.internal.http.RealInterceptorChain.proceed(RealInterceptorChain.java:147)&#xD;
	at okhttp3.internal.http.RealInterceptorChain.proceed(RealInterceptorChain.java:121)&#xD;
	at okhttp3.internal.http.BridgeInterceptor.intercept(BridgeInterceptor.java:93)&#xD;
	at okhttp3.internal.http.RealInterceptorChain.proceed(RealInterceptorChain.java:147)&#xD;
	at okhttp3.internal.http.RetryAndFollowUpInterceptor.intercept(RetryAndFollowUpInterceptor.java:126)&#xD;
	at okhttp3.internal.http.RealInterceptorChain.proceed(RealInterceptorChain.java:147)&#xD;
	at okhttp3.internal.http.RealInterceptorChain.proceed(RealInterceptorChain.java:121)&#xD;
	at okhttp3.RealCall.getResponseWithInterceptorChain(RealCall.java:200)&#xD;
	at okhttp3.RealCall.execute(RealCall.java:77)&#xD;
	at org.openqa.selenium.remote.internal.OkHttpClient.execute(OkHttpClient.java:103)&#xD;
	at org.openqa.selenium.remote.ProtocolHandshake.createSession(ProtocolHandshake.java:105)&#xD;
	at org.openqa.selenium.remote.ProtocolHandshake.createSession(ProtocolHandshake.java:74)&#xD;
	at org.openqa.selenium.remote.HttpCommandExecutor.execute(HttpCommandExecutor.java:136)&#xD;
	at org.openqa.selenium.remote.service.DriverCommandExecutor.execute(DriverCommandExecutor.java:83)&#xD;
	... 31 more&#xD;
Caused by: java.net.ConnectException: Connection refused: connect&#xD;
	at okhttp3.internal.platform.Platform.connectSocket(Platform.java:129)&#xD;
	at okhttp3.internal.connection.RealConnection.connectSocket(RealConnection.java:245)&#xD;
	... 53 more&#xD;
)</system-out>
            <system-err>2019-07-25 11:09:56 - [TEST_CASE][FAILED] - Test Cases/goomo: Test Cases/goomo FAILED.
Reason:
com.kms.katalon.core.exception.StepFailedException: Unable to open browser with url: ''&#xD;
	at com.kms.katalon.core.webui.keyword.internal.WebUIKeywordMain.stepFailed(WebUIKeywordMain.groovy:64)&#xD;
	at com.kms.katalon.core.webui.keyword.internal.WebUIKeywordMain.runKeyword(WebUIKeywordMain.groovy:26)&#xD;
	at com.kms.katalon.core.webui.keyword.builtin.OpenBrowserKeyword.openBrowser(OpenBrowserKeyword.groovy:81)&#xD;
	at com.kms.katalon.core.webui.keyword.builtin.OpenBrowserKeyword.execute(OpenBrowserKeyword.groovy:67)&#xD;
	at com.kms.katalon.core.keyword.internal.KeywordExecutor.executeKeywordForPlatform(KeywordExecutor.groovy:56)&#xD;
	at com.kms.katalon.core.webui.keyword.WebUiBuiltInKeywords.openBrowser(WebUiBuiltInKeywords.groovy:60)&#xD;
	at com.kms.katalon.core.webui.keyword.WebUiBuiltInKeywords$openBrowser.call(Unknown Source)&#xD;
	at goomo.run(goomo:17)&#xD;
	at com.kms.katalon.core.main.ScriptEngine.run(ScriptEngine.java:194)&#xD;
	at com.kms.katalon.core.main.ScriptEngine.runScriptAsRawText(ScriptEngine.java:119)&#xD;
	at com.kms.katalon.core.main.TestCaseExecutor.runScript(TestCaseExecutor.java:337)&#xD;
	at com.kms.katalon.core.main.TestCaseExecutor.doExecute(TestCaseExecutor.java:328)&#xD;
	at com.kms.katalon.core.main.TestCaseExecutor.processExecutionPhase(TestCaseExecutor.java:307)&#xD;
	at com.kms.katalon.core.main.TestCaseExecutor.accessMainPhase(TestCaseExecutor.java:299)&#xD;
	at com.kms.katalon.core.main.TestCaseExecutor.execute(TestCaseExecutor.java:233)&#xD;
	at com.kms.katalon.core.main.TestSuiteExecutor.accessTestCaseMainPhase(TestSuiteExecutor.java:133)&#xD;
	at com.kms.katalon.core.main.TestSuiteExecutor.accessTestSuiteMainPhase(TestSuiteExecutor.java:116)&#xD;
	at com.kms.katalon.core.main.TestSuiteExecutor.execute(TestSuiteExecutor.java:83)&#xD;
	at com.kms.katalon.core.main.TestCaseMain.startTestSuite(TestCaseMain.java:157)&#xD;
	at com.kms.katalon.core.main.TestCaseMain$startTestSuite$0.call(Unknown Source)&#xD;
	at TempTestSuite1564044813085.run(TempTestSuite1564044813085.groovy:35)&#xD;
Caused by: org.openqa.selenium.WebDriverException: java.net.ConnectException: Failed to connect to localhost/0:0:0:0:0:0:0:1:38282
Build info: version: '3.141.59', revision: 'e82be7d358', time: '2018-11-14T08:25:53'
System info: host: 'ANTONIO', ip: '169.254.42.39', os.name: 'Windows 10', os.arch: 'amd64', os.version: '10.0', java.version: '1.8.0_181'
Driver info: driver.version: CEdgeDriver&#xD;
	at org.openqa.selenium.remote.service.DriverCommandExecutor.execute(DriverCommandExecutor.java:92)&#xD;
	at org.openqa.selenium.remote.RemoteWebDriver.execute(RemoteWebDriver.java:552)&#xD;
	at com.kms.katalon.selenium.driver.CEdgeDriver.execute(CEdgeDriver.java:21)&#xD;
	at org.openqa.selenium.remote.RemoteWebDriver.startSession(RemoteWebDriver.java:213)&#xD;
	at org.openqa.selenium.remote.RemoteWebDriver.&lt;init&gt;(RemoteWebDriver.java:131)&#xD;
	at org.openqa.selenium.edge.EdgeDriver.&lt;init&gt;(EdgeDriver.java:154)&#xD;
	at com.kms.katalon.selenium.driver.CEdgeDriver.&lt;init&gt;(CEdgeDriver.java:14)&#xD;
	at com.kms.katalon.core.webui.driver.DriverFactory.createNewEdgeDriver(DriverFactory.java:435)&#xD;
	at com.kms.katalon.core.webui.driver.DriverFactory.startNewBrowser(DriverFactory.java:257)&#xD;
	at com.kms.katalon.core.webui.driver.DriverFactory.openWebDriver(DriverFactory.java:191)&#xD;
	at com.kms.katalon.core.webui.keyword.builtin.OpenBrowserKeyword$_openBrowser_closure1.doCall(OpenBrowserKeyword.groovy:74)&#xD;
	at com.kms.katalon.core.webui.keyword.builtin.OpenBrowserKeyword$_openBrowser_closure1.call(OpenBrowserKeyword.groovy)&#xD;
	at com.kms.katalon.core.webui.keyword.internal.WebUIKeywordMain.runKeyword(WebUIKeywordMain.groovy:20)&#xD;
	at com.kms.katalon.core.webui.keyword.builtin.OpenBrowserKeyword.openBrowser(OpenBrowserKeyword.groovy:81)&#xD;
	at com.kms.katalon.core.webui.keyword.builtin.OpenBrowserKeyword.execute(OpenBrowserKeyword.groovy:67)&#xD;
	at com.kms.katalon.core.keyword.internal.KeywordExecutor.executeKeywordForPlatform(KeywordExecutor.groovy:56)&#xD;
	at com.kms.katalon.core.webui.keyword.WebUiBuiltInKeywords.openBrowser(WebUiBuiltInKeywords.groovy:60)&#xD;
	at com.kms.katalon.core.webui.keyword.WebUiBuiltInKeywords$openBrowser.call(Unknown Source)&#xD;
	at Script1564043030464.run(Script1564043030464.groovy:17)&#xD;
	... 13 more&#xD;
Caused by: java.net.ConnectException: Failed to connect to localhost/0:0:0:0:0:0:0:1:38282&#xD;
	at okhttp3.internal.connection.RealConnection.connectSocket(RealConnection.java:247)&#xD;
	at okhttp3.internal.connection.RealConnection.connect(RealConnection.java:165)&#xD;
	at okhttp3.internal.connection.StreamAllocation.findConnection(StreamAllocation.java:257)&#xD;
	at okhttp3.internal.connection.StreamAllocation.findHealthyConnection(StreamAllocation.java:135)&#xD;
	at okhttp3.internal.connection.StreamAllocation.newStream(StreamAllocation.java:114)&#xD;
	at okhttp3.internal.connection.ConnectInterceptor.intercept(ConnectInterceptor.java:42)&#xD;
	at okhttp3.internal.http.RealInterceptorChain.proceed(RealInterceptorChain.java:147)&#xD;
	at okhttp3.internal.http.RealInterceptorChain.proceed(RealInterceptorChain.java:121)&#xD;
	at okhttp3.internal.cache.CacheInterceptor.intercept(CacheInterceptor.java:93)&#xD;
	at okhttp3.internal.http.RealInterceptorChain.proceed(RealInterceptorChain.java:147)&#xD;
	at okhttp3.internal.http.RealInterceptorChain.proceed(RealInterceptorChain.java:121)&#xD;
	at okhttp3.internal.http.BridgeInterceptor.intercept(BridgeInterceptor.java:93)&#xD;
	at okhttp3.internal.http.RealInterceptorChain.proceed(RealInterceptorChain.java:147)&#xD;
	at okhttp3.internal.http.RetryAndFollowUpInterceptor.intercept(RetryAndFollowUpInterceptor.java:126)&#xD;
	at okhttp3.internal.http.RealInterceptorChain.proceed(RealInterceptorChain.java:147)&#xD;
	at okhttp3.internal.http.RealInterceptorChain.proceed(RealInterceptorChain.java:121)&#xD;
	at okhttp3.RealCall.getResponseWithInterceptorChain(RealCall.java:200)&#xD;
	at okhttp3.RealCall.execute(RealCall.java:77)&#xD;
	at org.openqa.selenium.remote.internal.OkHttpClient.execute(OkHttpClient.java:103)&#xD;
	at org.openqa.selenium.remote.ProtocolHandshake.createSession(ProtocolHandshake.java:105)&#xD;
	at org.openqa.selenium.remote.ProtocolHandshake.createSession(ProtocolHandshake.java:74)&#xD;
	at org.openqa.selenium.remote.HttpCommandExecutor.execute(HttpCommandExecutor.java:136)&#xD;
	at org.openqa.selenium.remote.service.DriverCommandExecutor.execute(DriverCommandExecutor.java:83)&#xD;
	... 31 more&#xD;
Caused by: java.net.ConnectException: Connection refused: connect&#xD;
	at okhttp3.internal.platform.Platform.connectSocket(Platform.java:129)&#xD;
	at okhttp3.internal.connection.RealConnection.connectSocket(RealConnection.java:245)&#xD;
	at okhttp3.internal.connection.RealConnection.connect(RealConnection.java:165)&#xD;
	at okhttp3.internal.connection.StreamAllocation.findConnection(StreamAllocation.java:257)&#xD;
	at okhttp3.internal.connection.StreamAllocation.findHealthyConnection(StreamAllocation.java:135)&#xD;
	at okhttp3.internal.connection.StreamAllocation.newStream(StreamAllocation.java:114)&#xD;
	at okhttp3.internal.connection.ConnectInterceptor.intercept(ConnectInterceptor.java:42)&#xD;
	at okhttp3.internal.http.RealInterceptorChain.proceed(RealInterceptorChain.java:147)&#xD;
	at okhttp3.internal.http.RealInterceptorChain.proceed(RealInterceptorChain.java:121)&#xD;
	at okhttp3.internal.cache.CacheInterceptor.intercept(CacheInterceptor.java:93)&#xD;
	at okhttp3.internal.http.RealInterceptorChain.proceed(RealInterceptorChain.java:147)&#xD;
	at okhttp3.internal.http.RealInterceptorChain.proceed(RealInterceptorChain.java:121)&#xD;
	at okhttp3.internal.http.BridgeInterceptor.intercept(BridgeInterceptor.java:93)&#xD;
	at okhttp3.internal.http.RealInterceptorChain.proceed(RealInterceptorChain.java:147)&#xD;
	at okhttp3.internal.http.RetryAndFollowUpInterceptor.intercept(RetryAndFollowUpInterceptor.java:126)&#xD;
	at okhttp3.internal.http.RealInterceptorChain.proceed(RealInterceptorChain.java:147)&#xD;
	at okhttp3.internal.http.RealInterceptorChain.proceed(RealInterceptorChain.java:121)&#xD;
	at okhttp3.RealCall.getResponseWithInterceptorChain(RealCall.java:200)&#xD;
	at okhttp3.RealCall.execute(RealCall.java:77)&#xD;
	at org.openqa.selenium.remote.internal.OkHttpClient.execute(OkHttpClient.java:103)&#xD;
	at org.openqa.selenium.remote.ProtocolHandshake.createSession(ProtocolHandshake.java:105)&#xD;
	at org.openqa.selenium.remote.ProtocolHandshake.createSession(ProtocolHandshake.java:74)&#xD;
	at org.openqa.selenium.remote.HttpCommandExecutor.execute(HttpCommandExecutor.java:136)&#xD;
	at org.openqa.selenium.remote.service.DriverCommandExecutor.execute(DriverCommandExecutor.java:83)&#xD;
	at org.openqa.selenium.remote.RemoteWebDriver.execute(RemoteWebDriver.java:552)&#xD;
	at com.kms.katalon.selenium.driver.CEdgeDriver.execute(CEdgeDriver.java:21)&#xD;
	at org.openqa.selenium.remote.RemoteWebDriver.startSession(RemoteWebDriver.java:213)&#xD;
	at org.openqa.selenium.remote.RemoteWebDriver.&lt;init&gt;(RemoteWebDriver.java:131)&#xD;
	at org.openqa.selenium.edge.EdgeDriver.&lt;init&gt;(EdgeDriver.java:154)&#xD;
	at com.kms.katalon.selenium.driver.CEdgeDriver.&lt;init&gt;(CEdgeDriver.java:14)&#xD;
	at com.kms.katalon.core.webui.driver.DriverFactory.createNewEdgeDriver(DriverFactory.java:435)&#xD;
	at com.kms.katalon.core.webui.driver.DriverFactory.startNewBrowser(DriverFactory.java:257)&#xD;
	at com.kms.katalon.core.webui.driver.DriverFactory.openWebDriver(DriverFactory.java:191)&#xD;
	at com.kms.katalon.core.webui.keyword.builtin.OpenBrowserKeyword$_openBrowser_closure1.doCall(OpenBrowserKeyword.groovy:74)&#xD;
	at com.kms.katalon.core.webui.keyword.builtin.OpenBrowserKeyword$_openBrowser_closure1.call(OpenBrowserKeyword.groovy)&#xD;
	at com.kms.katalon.core.webui.keyword.internal.WebUIKeywordMain.runKeyword(WebUIKeywordMain.groovy:20)&#xD;
	at com.kms.katalon.core.webui.keyword.builtin.OpenBrowserKeyword.openBrowser(OpenBrowserKeyword.groovy:81)&#xD;
	at com.kms.katalon.core.webui.keyword.builtin.OpenBrowserKeyword.execute(OpenBrowserKeyword.groovy:67)&#xD;
	at com.kms.katalon.core.keyword.internal.KeywordExecutor.executeKeywordForPlatform(KeywordExecutor.groovy:56)&#xD;
	at com.kms.katalon.core.webui.keyword.WebUiBuiltInKeywords.openBrowser(WebUiBuiltInKeywords.groovy:60)&#xD;
	at com.kms.katalon.core.webui.keyword.WebUiBuiltInKeywords$openBrowser.call(Unknown Source)&#xD;
	at goomo.run(goomo:17)&#xD;
	... 13 more</system-err>
        </testcase>
        <testcase name="Test Cases/ibe" classname="Test Cases/ibe" status="FAILED">
            <failure type="FAILED" message="Test Cases/ibe FAILED.&#xA;Reason:&#xA;com.kms.katalon.core.exception.StepFailedException: Unable to open browser with url: ''&#xD;&#xA;&#x9;at com.kms.katalon.core.webui.keyword.internal.WebUIKeywordMain.stepFailed(WebUIKeywordMain.groovy:64)&#xD;&#xA;&#x9;at com.kms.katalon.core.webui.keyword.internal.WebUIKeywordMain.runKeyword(WebUIKeywordMain.groovy:26)&#xD;&#xA;&#x9;at com.kms.katalon.core.webui.keyword.builtin.OpenBrowserKeyword.openBrowser(OpenBrowserKeyword.groovy:81)&#xD;&#xA;&#x9;at com.kms.katalon.core.webui.keyword.builtin.OpenBrowserKeyword.execute(OpenBrowserKeyword.groovy:67)&#xD;&#xA;&#x9;at com.kms.katalon.core.keyword.internal.KeywordExecutor.executeKeywordForPlatform(KeywordExecutor.groovy:56)&#xD;&#xA;&#x9;at com.kms.katalon.core.webui.keyword.WebUiBuiltInKeywords.openBrowser(WebUiBuiltInKeywords.groovy:60)&#xD;&#xA;&#x9;at com.kms.katalon.core.webui.keyword.WebUiBuiltInKeywords$openBrowser.call(Unknown Source)&#xD;&#xA;&#x9;at ibe.run(ibe:17)&#xD;&#xA;&#x9;at com.kms.katalon.core.main.ScriptEngine.run(ScriptEngine.java:194)&#xD;&#xA;&#x9;at com.kms.katalon.core.main.ScriptEngine.runScriptAsRawText(ScriptEngine.java:119)&#xD;&#xA;&#x9;at com.kms.katalon.core.main.TestCaseExecutor.runScript(TestCaseExecutor.java:337)&#xD;&#xA;&#x9;at com.kms.katalon.core.main.TestCaseExecutor.doExecute(TestCaseExecutor.java:328)&#xD;&#xA;&#x9;at com.kms.katalon.core.main.TestCaseExecutor.processExecutionPhase(TestCaseExecutor.java:307)&#xD;&#xA;&#x9;at com.kms.katalon.core.main.TestCaseExecutor.accessMainPhase(TestCaseExecutor.java:299)&#xD;&#xA;&#x9;at com.kms.katalon.core.main.TestCaseExecutor.execute(TestCaseExecutor.java:233)&#xD;&#xA;&#x9;at com.kms.katalon.core.main.TestSuiteExecutor.accessTestCaseMainPhase(TestSuiteExecutor.java:133)&#xD;&#xA;&#x9;at com.kms.katalon.core.main.TestSuiteExecutor.accessTestSuiteMainPhase(TestSuiteExecutor.java:116)&#xD;&#xA;&#x9;at com.kms.katalon.core.main.TestSuiteExecutor.execute(TestSuiteExecutor.java:83)&#xD;&#xA;&#x9;at com.kms.katalon.core.main.TestCaseMain.startTestSuite(TestCaseMain.java:157)&#xD;&#xA;&#x9;at com.kms.katalon.core.main.TestCaseMain$startTestSuite$0.call(Unknown Source)&#xD;&#xA;&#x9;at TempTestSuite1564044813085.run(TempTestSuite1564044813085.groovy:35)&#xD;&#xA;Caused by: org.openqa.selenium.WebDriverException: java.net.ConnectException: Failed to connect to localhost/0:0:0:0:0:0:0:1:38282&#xA;Build info: version: '3.141.59', revision: 'e82be7d358', time: '2018-11-14T08:25:53'&#xA;System info: host: 'ANTONIO', ip: '169.254.42.39', os.name: 'Windows 10', os.arch: 'amd64', os.version: '10.0', java.version: '1.8.0_181'&#xA;Driver info: driver.version: CEdgeDriver&#xD;&#xA;&#x9;at org.openqa.selenium.remote.service.DriverCommandExecutor.execute(DriverCommandExecutor.java:92)&#xD;&#xA;&#x9;at org.openqa.selenium.remote.RemoteWebDriver.execute(RemoteWebDriver.java:552)&#xD;&#xA;&#x9;at com.kms.katalon.selenium.driver.CEdgeDriver.execute(CEdgeDriver.java:21)&#xD;&#xA;&#x9;at org.openqa.selenium.remote.RemoteWebDriver.startSession(RemoteWebDriver.java:213)&#xD;&#xA;&#x9;at org.openqa.selenium.remote.RemoteWebDriver.&lt;init&gt;(RemoteWebDriver.java:131)&#xD;&#xA;&#x9;at org.openqa.selenium.edge.EdgeDriver.&lt;init&gt;(EdgeDriver.java:154)&#xD;&#xA;&#x9;at com.kms.katalon.selenium.driver.CEdgeDriver.&lt;init&gt;(CEdgeDriver.java:14)&#xD;&#xA;&#x9;at com.kms.katalon.core.webui.driver.DriverFactory.createNewEdgeDriver(DriverFactory.java:435)&#xD;&#xA;&#x9;at com.kms.katalon.core.webui.driver.DriverFactory.startNewBrowser(DriverFactory.java:257)&#xD;&#xA;&#x9;at com.kms.katalon.core.webui.driver.DriverFactory.openWebDriver(DriverFactory.java:191)&#xD;&#xA;&#x9;at com.kms.katalon.core.webui.keyword.builtin.OpenBrowserKeyword$_openBrowser_closure1.doCall(OpenBrowserKeyword.groovy:74)&#xD;&#xA;&#x9;at com.kms.katalon.core.webui.keyword.builtin.OpenBrowserKeyword$_openBrowser_closure1.call(OpenBrowserKeyword.groovy)&#xD;&#xA;&#x9;at com.kms.katalon.core.webui.keyword.internal.WebUIKeywordMain.runKeyword(WebUIKeywordMain.groovy:20)&#xD;&#xA;&#x9;at com.kms.katalon.core.webui.keyword.builtin.OpenBrowserKeyword.openBrowser(OpenBrowserKeyword.groovy:81)&#xD;&#xA;&#x9;at com.kms.katalon.core.webui.keyword.builtin.OpenBrowserKeyword.execute(OpenBrowserKeyword.groovy:67)&#xD;&#xA;&#x9;at com.kms.katalon.core.keyword.internal.KeywordExecutor.executeKeywordForPlatform(KeywordExecutor.groovy:56)&#xD;&#xA;&#x9;at com.kms.katalon.core.webui.keyword.WebUiBuiltInKeywords.openBrowser(WebUiBuiltInKeywords.groovy:60)&#xD;&#xA;&#x9;at com.kms.katalon.core.webui.keyword.WebUiBuiltInKeywords$openBrowser.call(Unknown Source)&#xD;&#xA;&#x9;at Script1564043055849.run(Script1564043055849.groovy:17)&#xD;&#xA;&#x9;... 13 more&#xD;&#xA;Caused by: java.net.ConnectException: Failed to connect to localhost/0:0:0:0:0:0:0:1:38282&#xD;&#xA;&#x9;at okhttp3.internal.connection.RealConnection.connectSocket(RealConnection.java:247)&#xD;&#xA;&#x9;at okhttp3.internal.connection.RealConnection.connect(RealConnection.java:165)&#xD;&#xA;&#x9;at okhttp3.internal.connection.StreamAllocation.findConnection(StreamAllocation.java:257)&#xD;&#xA;&#x9;at okhttp3.internal.connection.StreamAllocation.findHealthyConnection(StreamAllocation.java:135)&#xD;&#xA;&#x9;at okhttp3.internal.connection.StreamAllocation.newStream(StreamAllocation.java:114)&#xD;&#xA;&#x9;at okhttp3.internal.connection.ConnectInterceptor.intercept(ConnectInterceptor.java:42)&#xD;&#xA;&#x9;at okhttp3.internal.http.RealInterceptorChain.proceed(RealInterceptorChain.java:147)&#xD;&#xA;&#x9;at okhttp3.internal.http.RealInterceptorChain.proceed(RealInterceptorChain.java:121)&#xD;&#xA;&#x9;at okhttp3.internal.cache.CacheInterceptor.intercept(CacheInterceptor.java:93)&#xD;&#xA;&#x9;at okhttp3.internal.http.RealInterceptorChain.proceed(RealInterceptorChain.java:147)&#xD;&#xA;&#x9;at okhttp3.internal.http.RealInterceptorChain.proceed(RealInterceptorChain.java:121)&#xD;&#xA;&#x9;at okhttp3.internal.http.BridgeInterceptor.intercept(BridgeInterceptor.java:93)&#xD;&#xA;&#x9;at okhttp3.internal.http.RealInterceptorChain.proceed(RealInterceptorChain.java:147)&#xD;&#xA;&#x9;at okhttp3.internal.http.RetryAndFollowUpInterceptor.intercept(RetryAndFollowUpInterceptor.java:126)&#xD;&#xA;&#x9;at okhttp3.internal.http.RealInterceptorChain.proceed(RealInterceptorChain.java:147)&#xD;&#xA;&#x9;at okhttp3.internal.http.RealInterceptorChain.proceed(RealInterceptorChain.java:121)&#xD;&#xA;&#x9;at okhttp3.RealCall.getResponseWithInterceptorChain(RealCall.java:200)&#xD;&#xA;&#x9;at okhttp3.RealCall.execute(RealCall.java:77)&#xD;&#xA;&#x9;at org.openqa.selenium.remote.internal.OkHttpClient.execute(OkHttpClient.java:103)&#xD;&#xA;&#x9;at org.openqa.selenium.remote.ProtocolHandshake.createSession(ProtocolHandshake.java:105)&#xD;&#xA;&#x9;at org.openqa.selenium.remote.ProtocolHandshake.createSession(ProtocolHandshake.java:74)&#xD;&#xA;&#x9;at org.openqa.selenium.remote.HttpCommandExecutor.execute(HttpCommandExecutor.java:136)&#xD;&#xA;&#x9;at org.openqa.selenium.remote.service.DriverCommandExecutor.execute(DriverCommandExecutor.java:83)&#xD;&#xA;&#x9;... 31 more&#xD;&#xA;Caused by: java.net.ConnectException: Connection refused: connect&#xD;&#xA;&#x9;at okhttp3.internal.platform.Platform.connectSocket(Platform.java:129)&#xD;&#xA;&#x9;at okhttp3.internal.connection.RealConnection.connectSocket(RealConnection.java:245)&#xD;&#xA;&#x9;at okhttp3.internal.connection.RealConnection.connect(RealConnection.java:165)&#xD;&#xA;&#x9;at okhttp3.internal.connection.StreamAllocation.findConnection(StreamAllocation.java:257)&#xD;&#xA;&#x9;at okhttp3.internal.connection.StreamAllocation.findHealthyConnection(StreamAllocation.java:135)&#xD;&#xA;&#x9;at okhttp3.internal.connection.StreamAllocation.newStream(StreamAllocation.java:114)&#xD;&#xA;&#x9;at okhttp3.internal.connection.ConnectInterceptor.intercept(ConnectInterceptor.java:42)&#xD;&#xA;&#x9;at okhttp3.internal.http.RealInterceptorChain.proceed(RealInterceptorChain.java:147)&#xD;&#xA;&#x9;at okhttp3.internal.http.RealInterceptorChain.proceed(RealInterceptorChain.java:121)&#xD;&#xA;&#x9;at okhttp3.internal.cache.CacheInterceptor.intercept(CacheInterceptor.java:93)&#xD;&#xA;&#x9;at okhttp3.internal.http.RealInterceptorChain.proceed(RealInterceptorChain.java:147)&#xD;&#xA;&#x9;at okhttp3.internal.http.RealInterceptorChain.proceed(RealInterceptorChain.java:121)&#xD;&#xA;&#x9;at okhttp3.internal.http.BridgeInterceptor.intercept(BridgeInterceptor.java:93)&#xD;&#xA;&#x9;at okhttp3.internal.http.RealInterceptorChain.proceed(RealInterceptorChain.java:147)&#xD;&#xA;&#x9;at okhttp3.internal.http.RetryAndFollowUpInterceptor.intercept(RetryAndFollowUpInterceptor.java:126)&#xD;&#xA;&#x9;at okhttp3.internal.http.RealInterceptorChain.proceed(RealInterceptorChain.java:147)&#xD;&#xA;&#x9;at okhttp3.internal.http.RealInterceptorChain.proceed(RealInterceptorChain.java:121)&#xD;&#xA;&#x9;at okhttp3.RealCall.getResponseWithInterceptorChain(RealCall.java:200)&#xD;&#xA;&#x9;at okhttp3.RealCall.execute(RealCall.java:77)&#xD;&#xA;&#x9;at org.openqa.selenium.remote.internal.OkHttpClient.execute(OkHttpClient.java:103)&#xD;&#xA;&#x9;at org.openqa.selenium.remote.ProtocolHandshake.createSession(ProtocolHandshake.java:105)&#xD;&#xA;&#x9;at org.openqa.selenium.remote.ProtocolHandshake.createSession(ProtocolHandshake.java:74)&#xD;&#xA;&#x9;at org.openqa.selenium.remote.HttpCommandExecutor.execute(HttpCommandExecutor.java:136)&#xD;&#xA;&#x9;at org.openqa.selenium.remote.service.DriverCommandExecutor.execute(DriverCommandExecutor.java:83)&#xD;&#xA;&#x9;at org.openqa.selenium.remote.RemoteWebDriver.execute(RemoteWebDriver.java:552)&#xD;&#xA;&#x9;at com.kms.katalon.selenium.driver.CEdgeDriver.execute(CEdgeDriver.java:21)&#xD;&#xA;&#x9;at org.openqa.selenium.remote.RemoteWebDriver.startSession(RemoteWebDriver.java:213)&#xD;&#xA;&#x9;at org.openqa.selenium.remote.RemoteWebDriver.&lt;init&gt;(RemoteWebDriver.java:131)&#xD;&#xA;&#x9;at org.openqa.selenium.edge.EdgeDriver.&lt;init&gt;(EdgeDriver.java:154)&#xD;&#xA;&#x9;at com.kms.katalon.selenium.driver.CEdgeDriver.&lt;init&gt;(CEdgeDriver.java:14)&#xD;&#xA;&#x9;at com.kms.katalon.core.webui.driver.DriverFactory.createNewEdgeDriver(DriverFactory.java:435)&#xD;&#xA;&#x9;at com.kms.katalon.core.webui.driver.DriverFactory.startNewBrowser(DriverFactory.java:257)&#xD;&#xA;&#x9;at com.kms.katalon.core.webui.driver.DriverFactory.openWebDriver(DriverFactory.java:191)&#xD;&#xA;&#x9;at com.kms.katalon.core.webui.keyword.builtin.OpenBrowserKeyword$_openBrowser_closure1.doCall(OpenBrowserKeyword.groovy:74)&#xD;&#xA;&#x9;at com.kms.katalon.core.webui.keyword.builtin.OpenBrowserKeyword$_openBrowser_closure1.call(OpenBrowserKeyword.groovy)&#xD;&#xA;&#x9;at com.kms.katalon.core.webui.keyword.internal.WebUIKeywordMain.runKeyword(WebUIKeywordMain.groovy:20)&#xD;&#xA;&#x9;at com.kms.katalon.core.webui.keyword.builtin.OpenBrowserKeyword.openBrowser(OpenBrowserKeyword.groovy:81)&#xD;&#xA;&#x9;at com.kms.katalon.core.webui.keyword.builtin.OpenBrowserKeyword.execute(OpenBrowserKeyword.groovy:67)&#xD;&#xA;&#x9;at com.kms.katalon.core.keyword.internal.KeywordExecutor.executeKeywordForPlatform(KeywordExecutor.groovy:56)&#xD;&#xA;&#x9;at com.kms.katalon.core.webui.keyword.WebUiBuiltInKeywords.openBrowser(WebUiBuiltInKeywords.groovy:60)&#xD;&#xA;&#x9;at com.kms.katalon.core.webui.keyword.WebUiBuiltInKeywords$openBrowser.call(Unknown Source)&#xD;&#xA;&#x9;at ibe.run(ibe:17)&#xD;&#xA;&#x9;... 13 more&#xD;&#xA;"/>
            <system-out>2019-07-25 11:09:58 - [TEST_CASE][FAILED] - Test Cases/ibe: Test Cases/ibe FAILED.
Reason:
com.kms.katalon.core.exception.StepFailedException: Unable to open browser with url: ''&#xD;
	at com.kms.katalon.core.webui.keyword.internal.WebUIKeywordMain.stepFailed(WebUIKeywordMain.groovy:64)&#xD;
	at com.kms.katalon.core.webui.keyword.internal.WebUIKeywordMain.runKeyword(WebUIKeywordMain.groovy:26)&#xD;
	at com.kms.katalon.core.webui.keyword.builtin.OpenBrowserKeyword.openBrowser(OpenBrowserKeyword.groovy:81)&#xD;
	at com.kms.katalon.core.webui.keyword.builtin.OpenBrowserKeyword.execute(OpenBrowserKeyword.groovy:67)&#xD;
	at com.kms.katalon.core.keyword.internal.KeywordExecutor.executeKeywordForPlatform(KeywordExecutor.groovy:56)&#xD;
	at com.kms.katalon.core.webui.keyword.WebUiBuiltInKeywords.openBrowser(WebUiBuiltInKeywords.groovy:60)&#xD;
	at com.kms.katalon.core.webui.keyword.WebUiBuiltInKeywords$openBrowser.call(Unknown Source)&#xD;
	at ibe.run(ibe:17)&#xD;
	at com.kms.katalon.core.main.ScriptEngine.run(ScriptEngine.java:194)&#xD;
	at com.kms.katalon.core.main.ScriptEngine.runScriptAsRawText(ScriptEngine.java:119)&#xD;
	at com.kms.katalon.core.main.TestCaseExecutor.runScript(TestCaseExecutor.java:337)&#xD;
	at com.kms.katalon.core.main.TestCaseExecutor.doExecute(TestCaseExecutor.java:328)&#xD;
	at com.kms.katalon.core.main.TestCaseExecutor.processExecutionPhase(TestCaseExecutor.java:307)&#xD;
	at com.kms.katalon.core.main.TestCaseExecutor.accessMainPhase(TestCaseExecutor.java:299)&#xD;
	at com.kms.katalon.core.main.TestCaseExecutor.execute(TestCaseExecutor.java:233)&#xD;
	at com.kms.katalon.core.main.TestSuiteExecutor.accessTestCaseMainPhase(TestSuiteExecutor.java:133)&#xD;
	at com.kms.katalon.core.main.TestSuiteExecutor.accessTestSuiteMainPhase(TestSuiteExecutor.java:116)&#xD;
	at com.kms.katalon.core.main.TestSuiteExecutor.execute(TestSuiteExecutor.java:83)&#xD;
	at com.kms.katalon.core.main.TestCaseMain.startTestSuite(TestCaseMain.java:157)&#xD;
	at com.kms.katalon.core.main.TestCaseMain$startTestSuite$0.call(Unknown Source)&#xD;
	at TempTestSuite1564044813085.run(TempTestSuite1564044813085.groovy:35)&#xD;
Caused by: org.openqa.selenium.WebDriverException: java.net.ConnectException: Failed to connect to localhost/0:0:0:0:0:0:0:1:38282
Build info: version: '3.141.59', revision: 'e82be7d358', time: '2018-11-14T08:25:53'
System info: host: 'ANTONIO', ip: '169.254.42.39', os.name: 'Windows 10', os.arch: 'amd64', os.version: '10.0', java.version: '1.8.0_181'
Driver info: driver.version: CEdgeDriver&#xD;
	at org.openqa.selenium.remote.service.DriverCommandExecutor.execute(DriverCommandExecutor.java:92)&#xD;
	at org.openqa.selenium.remote.RemoteWebDriver.execute(RemoteWebDriver.java:552)&#xD;
	at com.kms.katalon.selenium.driver.CEdgeDriver.execute(CEdgeDriver.java:21)&#xD;
	at org.openqa.selenium.remote.RemoteWebDriver.startSession(RemoteWebDriver.java:213)&#xD;
	at org.openqa.selenium.remote.RemoteWebDriver.&lt;init&gt;(RemoteWebDriver.java:131)&#xD;
	at org.openqa.selenium.edge.EdgeDriver.&lt;init&gt;(EdgeDriver.java:154)&#xD;
	at com.kms.katalon.selenium.driver.CEdgeDriver.&lt;init&gt;(CEdgeDriver.java:14)&#xD;
	at com.kms.katalon.core.webui.driver.DriverFactory.createNewEdgeDriver(DriverFactory.java:435)&#xD;
	at com.kms.katalon.core.webui.driver.DriverFactory.startNewBrowser(DriverFactory.java:257)&#xD;
	at com.kms.katalon.core.webui.driver.DriverFactory.openWebDriver(DriverFactory.java:191)&#xD;
	at com.kms.katalon.core.webui.keyword.builtin.OpenBrowserKeyword$_openBrowser_closure1.doCall(OpenBrowserKeyword.groovy:74)&#xD;
	at com.kms.katalon.core.webui.keyword.builtin.OpenBrowserKeyword$_openBrowser_closure1.call(OpenBrowserKeyword.groovy)&#xD;
	at com.kms.katalon.core.webui.keyword.internal.WebUIKeywordMain.runKeyword(WebUIKeywordMain.groovy:20)&#xD;
	at com.kms.katalon.core.webui.keyword.builtin.OpenBrowserKeyword.openBrowser(OpenBrowserKeyword.groovy:81)&#xD;
	at com.kms.katalon.core.webui.keyword.builtin.OpenBrowserKeyword.execute(OpenBrowserKeyword.groovy:67)&#xD;
	at com.kms.katalon.core.keyword.internal.KeywordExecutor.executeKeywordForPlatform(KeywordExecutor.groovy:56)&#xD;
	at com.kms.katalon.core.webui.keyword.WebUiBuiltInKeywords.openBrowser(WebUiBuiltInKeywords.groovy:60)&#xD;
	at com.kms.katalon.core.webui.keyword.WebUiBuiltInKeywords$openBrowser.call(Unknown Source)&#xD;
	at Script1564043055849.run(Script1564043055849.groovy:17)&#xD;
	... 13 more&#xD;
Caused by: java.net.ConnectException: Failed to connect to localhost/0:0:0:0:0:0:0:1:38282&#xD;
	at okhttp3.internal.connection.RealConnection.connectSocket(RealConnection.java:247)&#xD;
	at okhttp3.internal.connection.RealConnection.connect(RealConnection.java:165)&#xD;
	at okhttp3.internal.connection.StreamAllocation.findConnection(StreamAllocation.java:257)&#xD;
	at okhttp3.internal.connection.StreamAllocation.findHealthyConnection(StreamAllocation.java:135)&#xD;
	at okhttp3.internal.connection.StreamAllocation.newStream(StreamAllocation.java:114)&#xD;
	at okhttp3.internal.connection.ConnectInterceptor.intercept(ConnectInterceptor.java:42)&#xD;
	at okhttp3.internal.http.RealInterceptorChain.proceed(RealInterceptorChain.java:147)&#xD;
	at okhttp3.internal.http.RealInterceptorChain.proceed(RealInterceptorChain.java:121)&#xD;
	at okhttp3.internal.cache.CacheInterceptor.intercept(CacheInterceptor.java:93)&#xD;
	at okhttp3.internal.http.RealInterceptorChain.proceed(RealInterceptorChain.java:147)&#xD;
	at okhttp3.internal.http.RealInterceptorChain.proceed(RealInterceptorChain.java:121)&#xD;
	at okhttp3.internal.http.BridgeInterceptor.intercept(BridgeInterceptor.java:93)&#xD;
	at okhttp3.internal.http.RealInterceptorChain.proceed(RealInterceptorChain.java:147)&#xD;
	at okhttp3.internal.http.RetryAndFollowUpInterceptor.intercept(RetryAndFollowUpInterceptor.java:126)&#xD;
	at okhttp3.internal.http.RealInterceptorChain.proceed(RealInterceptorChain.java:147)&#xD;
	at okhttp3.internal.http.RealInterceptorChain.proceed(RealInterceptorChain.java:121)&#xD;
	at okhttp3.RealCall.getResponseWithInterceptorChain(RealCall.java:200)&#xD;
	at okhttp3.RealCall.execute(RealCall.java:77)&#xD;
	at org.openqa.selenium.remote.internal.OkHttpClient.execute(OkHttpClient.java:103)&#xD;
	at org.openqa.selenium.remote.ProtocolHandshake.createSession(ProtocolHandshake.java:105)&#xD;
	at org.openqa.selenium.remote.ProtocolHandshake.createSession(ProtocolHandshake.java:74)&#xD;
	at org.openqa.selenium.remote.HttpCommandExecutor.execute(HttpCommandExecutor.java:136)&#xD;
	at org.openqa.selenium.remote.service.DriverCommandExecutor.execute(DriverCommandExecutor.java:83)&#xD;
	... 31 more&#xD;
Caused by: java.net.ConnectException: Connection refused: connect&#xD;
	at okhttp3.internal.platform.Platform.connectSocket(Platform.java:129)&#xD;
	at okhttp3.internal.connection.RealConnection.connectSocket(RealConnection.java:245)&#xD;
	at okhttp3.internal.connection.RealConnection.connect(RealConnection.java:165)&#xD;
	at okhttp3.internal.connection.StreamAllocation.findConnection(StreamAllocation.java:257)&#xD;
	at okhttp3.internal.connection.StreamAllocation.findHealthyConnection(StreamAllocation.java:135)&#xD;
	at okhttp3.internal.connection.StreamAllocation.newStream(StreamAllocation.java:114)&#xD;
	at okhttp3.internal.connection.ConnectInterceptor.intercept(ConnectInterceptor.java:42)&#xD;
	at okhttp3.internal.http.RealInterceptorChain.proceed(RealInterceptorChain.java:147)&#xD;
	at okhttp3.internal.http.RealInterceptorChain.proceed(RealInterceptorChain.java:121)&#xD;
	at okhttp3.internal.cache.CacheInterceptor.intercept(CacheInterceptor.java:93)&#xD;
	at okhttp3.internal.http.RealInterceptorChain.proceed(RealInterceptorChain.java:147)&#xD;
	at okhttp3.internal.http.RealInterceptorChain.proceed(RealInterceptorChain.java:121)&#xD;
	at okhttp3.internal.http.BridgeInterceptor.intercept(BridgeInterceptor.java:93)&#xD;
	at okhttp3.internal.http.RealInterceptorChain.proceed(RealInterceptorChain.java:147)&#xD;
	at okhttp3.internal.http.RetryAndFollowUpInterceptor.intercept(RetryAndFollowUpInterceptor.java:126)&#xD;
	at okhttp3.internal.http.RealInterceptorChain.proceed(RealInterceptorChain.java:147)&#xD;
	at okhttp3.internal.http.RealInterceptorChain.proceed(RealInterceptorChain.java:121)&#xD;
	at okhttp3.RealCall.getResponseWithInterceptorChain(RealCall.java:200)&#xD;
	at okhttp3.RealCall.execute(RealCall.java:77)&#xD;
	at org.openqa.selenium.remote.internal.OkHttpClient.execute(OkHttpClient.java:103)&#xD;
	at org.openqa.selenium.remote.ProtocolHandshake.createSession(ProtocolHandshake.java:105)&#xD;
	at org.openqa.selenium.remote.ProtocolHandshake.createSession(ProtocolHandshake.java:74)&#xD;
	at org.openqa.selenium.remote.HttpCommandExecutor.execute(HttpCommandExecutor.java:136)&#xD;
	at org.openqa.selenium.remote.service.DriverCommandExecutor.execute(DriverCommandExecutor.java:83)&#xD;
	at org.openqa.selenium.remote.RemoteWebDriver.execute(RemoteWebDriver.java:552)&#xD;
	at com.kms.katalon.selenium.driver.CEdgeDriver.execute(CEdgeDriver.java:21)&#xD;
	at org.openqa.selenium.remote.RemoteWebDriver.startSession(RemoteWebDriver.java:213)&#xD;
	at org.openqa.selenium.remote.RemoteWebDriver.&lt;init&gt;(RemoteWebDriver.java:131)&#xD;
	at org.openqa.selenium.edge.EdgeDriver.&lt;init&gt;(EdgeDriver.java:154)&#xD;
	at com.kms.katalon.selenium.driver.CEdgeDriver.&lt;init&gt;(CEdgeDriver.java:14)&#xD;
	at com.kms.katalon.core.webui.driver.DriverFactory.createNewEdgeDriver(DriverFactory.java:435)&#xD;
	at com.kms.katalon.core.webui.driver.DriverFactory.startNewBrowser(DriverFactory.java:257)&#xD;
	at com.kms.katalon.core.webui.driver.DriverFactory.openWebDriver(DriverFactory.java:191)&#xD;
	at com.kms.katalon.core.webui.keyword.builtin.OpenBrowserKeyword$_openBrowser_closure1.doCall(OpenBrowserKeyword.groovy:74)&#xD;
	at com.kms.katalon.core.webui.keyword.builtin.OpenBrowserKeyword$_openBrowser_closure1.call(OpenBrowserKeyword.groovy)&#xD;
	at com.kms.katalon.core.webui.keyword.internal.WebUIKeywordMain.runKeyword(WebUIKeywordMain.groovy:20)&#xD;
	at com.kms.katalon.core.webui.keyword.builtin.OpenBrowserKeyword.openBrowser(OpenBrowserKeyword.groovy:81)&#xD;
	at com.kms.katalon.core.webui.keyword.builtin.OpenBrowserKeyword.execute(OpenBrowserKeyword.groovy:67)&#xD;
	at com.kms.katalon.core.keyword.internal.KeywordExecutor.executeKeywordForPlatform(KeywordExecutor.groovy:56)&#xD;
	at com.kms.katalon.core.webui.keyword.WebUiBuiltInKeywords.openBrowser(WebUiBuiltInKeywords.groovy:60)&#xD;
	at com.kms.katalon.core.webui.keyword.WebUiBuiltInKeywords$openBrowser.call(Unknown Source)&#xD;
	at ibe.run(ibe:17)&#xD;
	... 13 more&#xD;
&#xD;
&#xD;
2019-07-25 11:09:59 - [TEST_STEP][FAILED] - openBrowser(""): Unable to open browser with url: '' (Root cause: com.kms.katalon.core.exception.StepFailedException: Unable to open browser with url: ''&#xD;
	at com.kms.katalon.core.webui.keyword.internal.WebUIKeywordMain.stepFailed(WebUIKeywordMain.groovy:64)&#xD;
	at com.kms.katalon.core.webui.keyword.internal.WebUIKeywordMain.runKeyword(WebUIKeywordMain.groovy:26)&#xD;
	at com.kms.katalon.core.webui.keyword.builtin.OpenBrowserKeyword.openBrowser(OpenBrowserKeyword.groovy:81)&#xD;
	at com.kms.katalon.core.webui.keyword.builtin.OpenBrowserKeyword.execute(OpenBrowserKeyword.groovy:67)&#xD;
	at com.kms.katalon.core.keyword.internal.KeywordExecutor.executeKeywordForPlatform(KeywordExecutor.groovy:56)&#xD;
	at com.kms.katalon.core.webui.keyword.WebUiBuiltInKeywords.openBrowser(WebUiBuiltInKeywords.groovy:60)&#xD;
	at com.kms.katalon.core.webui.keyword.WebUiBuiltInKeywords$openBrowser.call(Unknown Source)&#xD;
	at ibe.run(ibe:17)&#xD;
	at com.kms.katalon.core.main.ScriptEngine.run(ScriptEngine.java:194)&#xD;
	at com.kms.katalon.core.main.ScriptEngine.runScriptAsRawText(ScriptEngine.java:119)&#xD;
	at com.kms.katalon.core.main.TestCaseExecutor.runScript(TestCaseExecutor.java:337)&#xD;
	at com.kms.katalon.core.main.TestCaseExecutor.doExecute(TestCaseExecutor.java:328)&#xD;
	at com.kms.katalon.core.main.TestCaseExecutor.processExecutionPhase(TestCaseExecutor.java:307)&#xD;
	at com.kms.katalon.core.main.TestCaseExecutor.accessMainPhase(TestCaseExecutor.java:299)&#xD;
	at com.kms.katalon.core.main.TestCaseExecutor.execute(TestCaseExecutor.java:233)&#xD;
	at com.kms.katalon.core.main.TestSuiteExecutor.accessTestCaseMainPhase(TestSuiteExecutor.java:133)&#xD;
	at com.kms.katalon.core.main.TestSuiteExecutor.accessTestSuiteMainPhase(TestSuiteExecutor.java:116)&#xD;
	at com.kms.katalon.core.main.TestSuiteExecutor.execute(TestSuiteExecutor.java:83)&#xD;
	at com.kms.katalon.core.main.TestCaseMain.startTestSuite(TestCaseMain.java:157)&#xD;
	at com.kms.katalon.core.main.TestCaseMain$startTestSuite$0.call(Unknown Source)&#xD;
	at TempTestSuite1564044813085.run(TempTestSuite1564044813085.groovy:35)&#xD;
Caused by: org.openqa.selenium.WebDriverException: java.net.ConnectException: Failed to connect to localhost/0:0:0:0:0:0:0:1:38282
Build info: version: '3.141.59', revision: 'e82be7d358', time: '2018-11-14T08:25:53'
System info: host: 'ANTONIO', ip: '169.254.42.39', os.name: 'Windows 10', os.arch: 'amd64', os.version: '10.0', java.version: '1.8.0_181'
Driver info: driver.version: CEdgeDriver&#xD;
	at org.openqa.selenium.remote.service.DriverCommandExecutor.execute(DriverCommandExecutor.java:92)&#xD;
	at org.openqa.selenium.remote.RemoteWebDriver.execute(RemoteWebDriver.java:552)&#xD;
	at com.kms.katalon.selenium.driver.CEdgeDriver.execute(CEdgeDriver.java:21)&#xD;
	at org.openqa.selenium.remote.RemoteWebDriver.startSession(RemoteWebDriver.java:213)&#xD;
	at org.openqa.selenium.remote.RemoteWebDriver.&lt;init&gt;(RemoteWebDriver.java:131)&#xD;
	at org.openqa.selenium.edge.EdgeDriver.&lt;init&gt;(EdgeDriver.java:154)&#xD;
	at com.kms.katalon.selenium.driver.CEdgeDriver.&lt;init&gt;(CEdgeDriver.java:14)&#xD;
	at com.kms.katalon.core.webui.driver.DriverFactory.createNewEdgeDriver(DriverFactory.java:435)&#xD;
	at com.kms.katalon.core.webui.driver.DriverFactory.startNewBrowser(DriverFactory.java:257)&#xD;
	at com.kms.katalon.core.webui.driver.DriverFactory.openWebDriver(DriverFactory.java:191)&#xD;
	at com.kms.katalon.core.webui.keyword.builtin.OpenBrowserKeyword$_openBrowser_closure1.doCall(OpenBrowserKeyword.groovy:74)&#xD;
	at com.kms.katalon.core.webui.keyword.builtin.OpenBrowserKeyword$_openBrowser_closure1.call(OpenBrowserKeyword.groovy)&#xD;
	at com.kms.katalon.core.webui.keyword.internal.WebUIKeywordMain.runKeyword(WebUIKeywordMain.groovy:20)&#xD;
	at com.kms.katalon.core.webui.keyword.builtin.OpenBrowserKeyword.openBrowser(OpenBrowserKeyword.groovy:81)&#xD;
	at com.kms.katalon.core.webui.keyword.builtin.OpenBrowserKeyword.execute(OpenBrowserKeyword.groovy:67)&#xD;
	at com.kms.katalon.core.keyword.internal.KeywordExecutor.executeKeywordForPlatform(KeywordExecutor.groovy:56)&#xD;
	at com.kms.katalon.core.webui.keyword.WebUiBuiltInKeywords.openBrowser(WebUiBuiltInKeywords.groovy:60)&#xD;
	at com.kms.katalon.core.webui.keyword.WebUiBuiltInKeywords$openBrowser.call(Unknown Source)&#xD;
	at Script1564043055849.run(Script1564043055849.groovy:17)&#xD;
	... 13 more&#xD;
Caused by: java.net.ConnectException: Failed to connect to localhost/0:0:0:0:0:0:0:1:38282&#xD;
	at okhttp3.internal.connection.RealConnection.connectSocket(RealConnection.java:247)&#xD;
	at okhttp3.internal.connection.RealConnection.connect(RealConnection.java:165)&#xD;
	at okhttp3.internal.connection.StreamAllocation.findConnection(StreamAllocation.java:257)&#xD;
	at okhttp3.internal.connection.StreamAllocation.findHealthyConnection(StreamAllocation.java:135)&#xD;
	at okhttp3.internal.connection.StreamAllocation.newStream(StreamAllocation.java:114)&#xD;
	at okhttp3.internal.connection.ConnectInterceptor.intercept(ConnectInterceptor.java:42)&#xD;
	at okhttp3.internal.http.RealInterceptorChain.proceed(RealInterceptorChain.java:147)&#xD;
	at okhttp3.internal.http.RealInterceptorChain.proceed(RealInterceptorChain.java:121)&#xD;
	at okhttp3.internal.cache.CacheInterceptor.intercept(CacheInterceptor.java:93)&#xD;
	at okhttp3.internal.http.RealInterceptorChain.proceed(RealInterceptorChain.java:147)&#xD;
	at okhttp3.internal.http.RealInterceptorChain.proceed(RealInterceptorChain.java:121)&#xD;
	at okhttp3.internal.http.BridgeInterceptor.intercept(BridgeInterceptor.java:93)&#xD;
	at okhttp3.internal.http.RealInterceptorChain.proceed(RealInterceptorChain.java:147)&#xD;
	at okhttp3.internal.http.RetryAndFollowUpInterceptor.intercept(RetryAndFollowUpInterceptor.java:126)&#xD;
	at okhttp3.internal.http.RealInterceptorChain.proceed(RealInterceptorChain.java:147)&#xD;
	at okhttp3.internal.http.RealInterceptorChain.proceed(RealInterceptorChain.java:121)&#xD;
	at okhttp3.RealCall.getResponseWithInterceptorChain(RealCall.java:200)&#xD;
	at okhttp3.RealCall.execute(RealCall.java:77)&#xD;
	at org.openqa.selenium.remote.internal.OkHttpClient.execute(OkHttpClient.java:103)&#xD;
	at org.openqa.selenium.remote.ProtocolHandshake.createSession(ProtocolHandshake.java:105)&#xD;
	at org.openqa.selenium.remote.ProtocolHandshake.createSession(ProtocolHandshake.java:74)&#xD;
	at org.openqa.selenium.remote.HttpCommandExecutor.execute(HttpCommandExecutor.java:136)&#xD;
	at org.openqa.selenium.remote.service.DriverCommandExecutor.execute(DriverCommandExecutor.java:83)&#xD;
	... 31 more&#xD;
Caused by: java.net.ConnectException: Connection refused: connect&#xD;
	at okhttp3.internal.platform.Platform.connectSocket(Platform.java:129)&#xD;
	at okhttp3.internal.connection.RealConnection.connectSocket(RealConnection.java:245)&#xD;
	... 53 more&#xD;
)&#xD;
&#xD;
2019-07-25 11:09:59 - [MESSAGE][INFO] - Starting 'Edge' driver&#xD;
&#xD;
2019-07-25 11:10:01 - [MESSAGE][FAILED] - Unable to open browser with url: '' (Root cause: com.kms.katalon.core.exception.StepFailedException: Unable to open browser with url: ''&#xD;
	at com.kms.katalon.core.webui.keyword.internal.WebUIKeywordMain.stepFailed(WebUIKeywordMain.groovy:64)&#xD;
	at com.kms.katalon.core.webui.keyword.internal.WebUIKeywordMain.runKeyword(WebUIKeywordMain.groovy:26)&#xD;
	at com.kms.katalon.core.webui.keyword.builtin.OpenBrowserKeyword.openBrowser(OpenBrowserKeyword.groovy:81)&#xD;
	at com.kms.katalon.core.webui.keyword.builtin.OpenBrowserKeyword.execute(OpenBrowserKeyword.groovy:67)&#xD;
	at com.kms.katalon.core.keyword.internal.KeywordExecutor.executeKeywordForPlatform(KeywordExecutor.groovy:56)&#xD;
	at com.kms.katalon.core.webui.keyword.WebUiBuiltInKeywords.openBrowser(WebUiBuiltInKeywords.groovy:60)&#xD;
	at com.kms.katalon.core.webui.keyword.WebUiBuiltInKeywords$openBrowser.call(Unknown Source)&#xD;
	at ibe.run(ibe:17)&#xD;
	at com.kms.katalon.core.main.ScriptEngine.run(ScriptEngine.java:194)&#xD;
	at com.kms.katalon.core.main.ScriptEngine.runScriptAsRawText(ScriptEngine.java:119)&#xD;
	at com.kms.katalon.core.main.TestCaseExecutor.runScript(TestCaseExecutor.java:337)&#xD;
	at com.kms.katalon.core.main.TestCaseExecutor.doExecute(TestCaseExecutor.java:328)&#xD;
	at com.kms.katalon.core.main.TestCaseExecutor.processExecutionPhase(TestCaseExecutor.java:307)&#xD;
	at com.kms.katalon.core.main.TestCaseExecutor.accessMainPhase(TestCaseExecutor.java:299)&#xD;
	at com.kms.katalon.core.main.TestCaseExecutor.execute(TestCaseExecutor.java:233)&#xD;
	at com.kms.katalon.core.main.TestSuiteExecutor.accessTestCaseMainPhase(TestSuiteExecutor.java:133)&#xD;
	at com.kms.katalon.core.main.TestSuiteExecutor.accessTestSuiteMainPhase(TestSuiteExecutor.java:116)&#xD;
	at com.kms.katalon.core.main.TestSuiteExecutor.execute(TestSuiteExecutor.java:83)&#xD;
	at com.kms.katalon.core.main.TestCaseMain.startTestSuite(TestCaseMain.java:157)&#xD;
	at com.kms.katalon.core.main.TestCaseMain$startTestSuite$0.call(Unknown Source)&#xD;
	at TempTestSuite1564044813085.run(TempTestSuite1564044813085.groovy:35)&#xD;
Caused by: org.openqa.selenium.WebDriverException: java.net.ConnectException: Failed to connect to localhost/0:0:0:0:0:0:0:1:38282
Build info: version: '3.141.59', revision: 'e82be7d358', time: '2018-11-14T08:25:53'
System info: host: 'ANTONIO', ip: '169.254.42.39', os.name: 'Windows 10', os.arch: 'amd64', os.version: '10.0', java.version: '1.8.0_181'
Driver info: driver.version: CEdgeDriver&#xD;
	at org.openqa.selenium.remote.service.DriverCommandExecutor.execute(DriverCommandExecutor.java:92)&#xD;
	at org.openqa.selenium.remote.RemoteWebDriver.execute(RemoteWebDriver.java:552)&#xD;
	at com.kms.katalon.selenium.driver.CEdgeDriver.execute(CEdgeDriver.java:21)&#xD;
	at org.openqa.selenium.remote.RemoteWebDriver.startSession(RemoteWebDriver.java:213)&#xD;
	at org.openqa.selenium.remote.RemoteWebDriver.&lt;init&gt;(RemoteWebDriver.java:131)&#xD;
	at org.openqa.selenium.edge.EdgeDriver.&lt;init&gt;(EdgeDriver.java:154)&#xD;
	at com.kms.katalon.selenium.driver.CEdgeDriver.&lt;init&gt;(CEdgeDriver.java:14)&#xD;
	at com.kms.katalon.core.webui.driver.DriverFactory.createNewEdgeDriver(DriverFactory.java:435)&#xD;
	at com.kms.katalon.core.webui.driver.DriverFactory.startNewBrowser(DriverFactory.java:257)&#xD;
	at com.kms.katalon.core.webui.driver.DriverFactory.openWebDriver(DriverFactory.java:191)&#xD;
	at com.kms.katalon.core.webui.keyword.builtin.OpenBrowserKeyword$_openBrowser_closure1.doCall(OpenBrowserKeyword.groovy:74)&#xD;
	at com.kms.katalon.core.webui.keyword.builtin.OpenBrowserKeyword$_openBrowser_closure1.call(OpenBrowserKeyword.groovy)&#xD;
	at com.kms.katalon.core.webui.keyword.internal.WebUIKeywordMain.runKeyword(WebUIKeywordMain.groovy:20)&#xD;
	at com.kms.katalon.core.webui.keyword.builtin.OpenBrowserKeyword.openBrowser(OpenBrowserKeyword.groovy:81)&#xD;
	at com.kms.katalon.core.webui.keyword.builtin.OpenBrowserKeyword.execute(OpenBrowserKeyword.groovy:67)&#xD;
	at com.kms.katalon.core.keyword.internal.KeywordExecutor.executeKeywordForPlatform(KeywordExecutor.groovy:56)&#xD;
	at com.kms.katalon.core.webui.keyword.WebUiBuiltInKeywords.openBrowser(WebUiBuiltInKeywords.groovy:60)&#xD;
	at com.kms.katalon.core.webui.keyword.WebUiBuiltInKeywords$openBrowser.call(Unknown Source)&#xD;
	at Script1564043055849.run(Script1564043055849.groovy:17)&#xD;
	... 13 more&#xD;
Caused by: java.net.ConnectException: Failed to connect to localhost/0:0:0:0:0:0:0:1:38282&#xD;
	at okhttp3.internal.connection.RealConnection.connectSocket(RealConnection.java:247)&#xD;
	at okhttp3.internal.connection.RealConnection.connect(RealConnection.java:165)&#xD;
	at okhttp3.internal.connection.StreamAllocation.findConnection(StreamAllocation.java:257)&#xD;
	at okhttp3.internal.connection.StreamAllocation.findHealthyConnection(StreamAllocation.java:135)&#xD;
	at okhttp3.internal.connection.StreamAllocation.newStream(StreamAllocation.java:114)&#xD;
	at okhttp3.internal.connection.ConnectInterceptor.intercept(ConnectInterceptor.java:42)&#xD;
	at okhttp3.internal.http.RealInterceptorChain.proceed(RealInterceptorChain.java:147)&#xD;
	at okhttp3.internal.http.RealInterceptorChain.proceed(RealInterceptorChain.java:121)&#xD;
	at okhttp3.internal.cache.CacheInterceptor.intercept(CacheInterceptor.java:93)&#xD;
	at okhttp3.internal.http.RealInterceptorChain.proceed(RealInterceptorChain.java:147)&#xD;
	at okhttp3.internal.http.RealInterceptorChain.proceed(RealInterceptorChain.java:121)&#xD;
	at okhttp3.internal.http.BridgeInterceptor.intercept(BridgeInterceptor.java:93)&#xD;
	at okhttp3.internal.http.RealInterceptorChain.proceed(RealInterceptorChain.java:147)&#xD;
	at okhttp3.internal.http.RetryAndFollowUpInterceptor.intercept(RetryAndFollowUpInterceptor.java:126)&#xD;
	at okhttp3.internal.http.RealInterceptorChain.proceed(RealInterceptorChain.java:147)&#xD;
	at okhttp3.internal.http.RealInterceptorChain.proceed(RealInterceptorChain.java:121)&#xD;
	at okhttp3.RealCall.getResponseWithInterceptorChain(RealCall.java:200)&#xD;
	at okhttp3.RealCall.execute(RealCall.java:77)&#xD;
	at org.openqa.selenium.remote.internal.OkHttpClient.execute(OkHttpClient.java:103)&#xD;
	at org.openqa.selenium.remote.ProtocolHandshake.createSession(ProtocolHandshake.java:105)&#xD;
	at org.openqa.selenium.remote.ProtocolHandshake.createSession(ProtocolHandshake.java:74)&#xD;
	at org.openqa.selenium.remote.HttpCommandExecutor.execute(HttpCommandExecutor.java:136)&#xD;
	at org.openqa.selenium.remote.service.DriverCommandExecutor.execute(DriverCommandExecutor.java:83)&#xD;
	... 31 more&#xD;
Caused by: java.net.ConnectException: Connection refused: connect&#xD;
	at okhttp3.internal.platform.Platform.connectSocket(Platform.java:129)&#xD;
	at okhttp3.internal.connection.RealConnection.connectSocket(RealConnection.java:245)&#xD;
	... 53 more&#xD;
)</system-out>
            <system-err>2019-07-25 11:09:58 - [TEST_CASE][FAILED] - Test Cases/ibe: Test Cases/ibe FAILED.
Reason:
com.kms.katalon.core.exception.StepFailedException: Unable to open browser with url: ''&#xD;
	at com.kms.katalon.core.webui.keyword.internal.WebUIKeywordMain.stepFailed(WebUIKeywordMain.groovy:64)&#xD;
	at com.kms.katalon.core.webui.keyword.internal.WebUIKeywordMain.runKeyword(WebUIKeywordMain.groovy:26)&#xD;
	at com.kms.katalon.core.webui.keyword.builtin.OpenBrowserKeyword.openBrowser(OpenBrowserKeyword.groovy:81)&#xD;
	at com.kms.katalon.core.webui.keyword.builtin.OpenBrowserKeyword.execute(OpenBrowserKeyword.groovy:67)&#xD;
	at com.kms.katalon.core.keyword.internal.KeywordExecutor.executeKeywordForPlatform(KeywordExecutor.groovy:56)&#xD;
	at com.kms.katalon.core.webui.keyword.WebUiBuiltInKeywords.openBrowser(WebUiBuiltInKeywords.groovy:60)&#xD;
	at com.kms.katalon.core.webui.keyword.WebUiBuiltInKeywords$openBrowser.call(Unknown Source)&#xD;
	at ibe.run(ibe:17)&#xD;
	at com.kms.katalon.core.main.ScriptEngine.run(ScriptEngine.java:194)&#xD;
	at com.kms.katalon.core.main.ScriptEngine.runScriptAsRawText(ScriptEngine.java:119)&#xD;
	at com.kms.katalon.core.main.TestCaseExecutor.runScript(TestCaseExecutor.java:337)&#xD;
	at com.kms.katalon.core.main.TestCaseExecutor.doExecute(TestCaseExecutor.java:328)&#xD;
	at com.kms.katalon.core.main.TestCaseExecutor.processExecutionPhase(TestCaseExecutor.java:307)&#xD;
	at com.kms.katalon.core.main.TestCaseExecutor.accessMainPhase(TestCaseExecutor.java:299)&#xD;
	at com.kms.katalon.core.main.TestCaseExecutor.execute(TestCaseExecutor.java:233)&#xD;
	at com.kms.katalon.core.main.TestSuiteExecutor.accessTestCaseMainPhase(TestSuiteExecutor.java:133)&#xD;
	at com.kms.katalon.core.main.TestSuiteExecutor.accessTestSuiteMainPhase(TestSuiteExecutor.java:116)&#xD;
	at com.kms.katalon.core.main.TestSuiteExecutor.execute(TestSuiteExecutor.java:83)&#xD;
	at com.kms.katalon.core.main.TestCaseMain.startTestSuite(TestCaseMain.java:157)&#xD;
	at com.kms.katalon.core.main.TestCaseMain$startTestSuite$0.call(Unknown Source)&#xD;
	at TempTestSuite1564044813085.run(TempTestSuite1564044813085.groovy:35)&#xD;
Caused by: org.openqa.selenium.WebDriverException: java.net.ConnectException: Failed to connect to localhost/0:0:0:0:0:0:0:1:38282
Build info: version: '3.141.59', revision: 'e82be7d358', time: '2018-11-14T08:25:53'
System info: host: 'ANTONIO', ip: '169.254.42.39', os.name: 'Windows 10', os.arch: 'amd64', os.version: '10.0', java.version: '1.8.0_181'
Driver info: driver.version: CEdgeDriver&#xD;
	at org.openqa.selenium.remote.service.DriverCommandExecutor.execute(DriverCommandExecutor.java:92)&#xD;
	at org.openqa.selenium.remote.RemoteWebDriver.execute(RemoteWebDriver.java:552)&#xD;
	at com.kms.katalon.selenium.driver.CEdgeDriver.execute(CEdgeDriver.java:21)&#xD;
	at org.openqa.selenium.remote.RemoteWebDriver.startSession(RemoteWebDriver.java:213)&#xD;
	at org.openqa.selenium.remote.RemoteWebDriver.&lt;init&gt;(RemoteWebDriver.java:131)&#xD;
	at org.openqa.selenium.edge.EdgeDriver.&lt;init&gt;(EdgeDriver.java:154)&#xD;
	at com.kms.katalon.selenium.driver.CEdgeDriver.&lt;init&gt;(CEdgeDriver.java:14)&#xD;
	at com.kms.katalon.core.webui.driver.DriverFactory.createNewEdgeDriver(DriverFactory.java:435)&#xD;
	at com.kms.katalon.core.webui.driver.DriverFactory.startNewBrowser(DriverFactory.java:257)&#xD;
	at com.kms.katalon.core.webui.driver.DriverFactory.openWebDriver(DriverFactory.java:191)&#xD;
	at com.kms.katalon.core.webui.keyword.builtin.OpenBrowserKeyword$_openBrowser_closure1.doCall(OpenBrowserKeyword.groovy:74)&#xD;
	at com.kms.katalon.core.webui.keyword.builtin.OpenBrowserKeyword$_openBrowser_closure1.call(OpenBrowserKeyword.groovy)&#xD;
	at com.kms.katalon.core.webui.keyword.internal.WebUIKeywordMain.runKeyword(WebUIKeywordMain.groovy:20)&#xD;
	at com.kms.katalon.core.webui.keyword.builtin.OpenBrowserKeyword.openBrowser(OpenBrowserKeyword.groovy:81)&#xD;
	at com.kms.katalon.core.webui.keyword.builtin.OpenBrowserKeyword.execute(OpenBrowserKeyword.groovy:67)&#xD;
	at com.kms.katalon.core.keyword.internal.KeywordExecutor.executeKeywordForPlatform(KeywordExecutor.groovy:56)&#xD;
	at com.kms.katalon.core.webui.keyword.WebUiBuiltInKeywords.openBrowser(WebUiBuiltInKeywords.groovy:60)&#xD;
	at com.kms.katalon.core.webui.keyword.WebUiBuiltInKeywords$openBrowser.call(Unknown Source)&#xD;
	at Script1564043055849.run(Script1564043055849.groovy:17)&#xD;
	... 13 more&#xD;
Caused by: java.net.ConnectException: Failed to connect to localhost/0:0:0:0:0:0:0:1:38282&#xD;
	at okhttp3.internal.connection.RealConnection.connectSocket(RealConnection.java:247)&#xD;
	at okhttp3.internal.connection.RealConnection.connect(RealConnection.java:165)&#xD;
	at okhttp3.internal.connection.StreamAllocation.findConnection(StreamAllocation.java:257)&#xD;
	at okhttp3.internal.connection.StreamAllocation.findHealthyConnection(StreamAllocation.java:135)&#xD;
	at okhttp3.internal.connection.StreamAllocation.newStream(StreamAllocation.java:114)&#xD;
	at okhttp3.internal.connection.ConnectInterceptor.intercept(ConnectInterceptor.java:42)&#xD;
	at okhttp3.internal.http.RealInterceptorChain.proceed(RealInterceptorChain.java:147)&#xD;
	at okhttp3.internal.http.RealInterceptorChain.proceed(RealInterceptorChain.java:121)&#xD;
	at okhttp3.internal.cache.CacheInterceptor.intercept(CacheInterceptor.java:93)&#xD;
	at okhttp3.internal.http.RealInterceptorChain.proceed(RealInterceptorChain.java:147)&#xD;
	at okhttp3.internal.http.RealInterceptorChain.proceed(RealInterceptorChain.java:121)&#xD;
	at okhttp3.internal.http.BridgeInterceptor.intercept(BridgeInterceptor.java:93)&#xD;
	at okhttp3.internal.http.RealInterceptorChain.proceed(RealInterceptorChain.java:147)&#xD;
	at okhttp3.internal.http.RetryAndFollowUpInterceptor.intercept(RetryAndFollowUpInterceptor.java:126)&#xD;
	at okhttp3.internal.http.RealInterceptorChain.proceed(RealInterceptorChain.java:147)&#xD;
	at okhttp3.internal.http.RealInterceptorChain.proceed(RealInterceptorChain.java:121)&#xD;
	at okhttp3.RealCall.getResponseWithInterceptorChain(RealCall.java:200)&#xD;
	at okhttp3.RealCall.execute(RealCall.java:77)&#xD;
	at org.openqa.selenium.remote.internal.OkHttpClient.execute(OkHttpClient.java:103)&#xD;
	at org.openqa.selenium.remote.ProtocolHandshake.createSession(ProtocolHandshake.java:105)&#xD;
	at org.openqa.selenium.remote.ProtocolHandshake.createSession(ProtocolHandshake.java:74)&#xD;
	at org.openqa.selenium.remote.HttpCommandExecutor.execute(HttpCommandExecutor.java:136)&#xD;
	at org.openqa.selenium.remote.service.DriverCommandExecutor.execute(DriverCommandExecutor.java:83)&#xD;
	... 31 more&#xD;
Caused by: java.net.ConnectException: Connection refused: connect&#xD;
	at okhttp3.internal.platform.Platform.connectSocket(Platform.java:129)&#xD;
	at okhttp3.internal.connection.RealConnection.connectSocket(RealConnection.java:245)&#xD;
	at okhttp3.internal.connection.RealConnection.connect(RealConnection.java:165)&#xD;
	at okhttp3.internal.connection.StreamAllocation.findConnection(StreamAllocation.java:257)&#xD;
	at okhttp3.internal.connection.StreamAllocation.findHealthyConnection(StreamAllocation.java:135)&#xD;
	at okhttp3.internal.connection.StreamAllocation.newStream(StreamAllocation.java:114)&#xD;
	at okhttp3.internal.connection.ConnectInterceptor.intercept(ConnectInterceptor.java:42)&#xD;
	at okhttp3.internal.http.RealInterceptorChain.proceed(RealInterceptorChain.java:147)&#xD;
	at okhttp3.internal.http.RealInterceptorChain.proceed(RealInterceptorChain.java:121)&#xD;
	at okhttp3.internal.cache.CacheInterceptor.intercept(CacheInterceptor.java:93)&#xD;
	at okhttp3.internal.http.RealInterceptorChain.proceed(RealInterceptorChain.java:147)&#xD;
	at okhttp3.internal.http.RealInterceptorChain.proceed(RealInterceptorChain.java:121)&#xD;
	at okhttp3.internal.http.BridgeInterceptor.intercept(BridgeInterceptor.java:93)&#xD;
	at okhttp3.internal.http.RealInterceptorChain.proceed(RealInterceptorChain.java:147)&#xD;
	at okhttp3.internal.http.RetryAndFollowUpInterceptor.intercept(RetryAndFollowUpInterceptor.java:126)&#xD;
	at okhttp3.internal.http.RealInterceptorChain.proceed(RealInterceptorChain.java:147)&#xD;
	at okhttp3.internal.http.RealInterceptorChain.proceed(RealInterceptorChain.java:121)&#xD;
	at okhttp3.RealCall.getResponseWithInterceptorChain(RealCall.java:200)&#xD;
	at okhttp3.RealCall.execute(RealCall.java:77)&#xD;
	at org.openqa.selenium.remote.internal.OkHttpClient.execute(OkHttpClient.java:103)&#xD;
	at org.openqa.selenium.remote.ProtocolHandshake.createSession(ProtocolHandshake.java:105)&#xD;
	at org.openqa.selenium.remote.ProtocolHandshake.createSession(ProtocolHandshake.java:74)&#xD;
	at org.openqa.selenium.remote.HttpCommandExecutor.execute(HttpCommandExecutor.java:136)&#xD;
	at org.openqa.selenium.remote.service.DriverCommandExecutor.execute(DriverCommandExecutor.java:83)&#xD;
	at org.openqa.selenium.remote.RemoteWebDriver.execute(RemoteWebDriver.java:552)&#xD;
	at com.kms.katalon.selenium.driver.CEdgeDriver.execute(CEdgeDriver.java:21)&#xD;
	at org.openqa.selenium.remote.RemoteWebDriver.startSession(RemoteWebDriver.java:213)&#xD;
	at org.openqa.selenium.remote.RemoteWebDriver.&lt;init&gt;(RemoteWebDriver.java:131)&#xD;
	at org.openqa.selenium.edge.EdgeDriver.&lt;init&gt;(EdgeDriver.java:154)&#xD;
	at com.kms.katalon.selenium.driver.CEdgeDriver.&lt;init&gt;(CEdgeDriver.java:14)&#xD;
	at com.kms.katalon.core.webui.driver.DriverFactory.createNewEdgeDriver(DriverFactory.java:435)&#xD;
	at com.kms.katalon.core.webui.driver.DriverFactory.startNewBrowser(DriverFactory.java:257)&#xD;
	at com.kms.katalon.core.webui.driver.DriverFactory.openWebDriver(DriverFactory.java:191)&#xD;
	at com.kms.katalon.core.webui.keyword.builtin.OpenBrowserKeyword$_openBrowser_closure1.doCall(OpenBrowserKeyword.groovy:74)&#xD;
	at com.kms.katalon.core.webui.keyword.builtin.OpenBrowserKeyword$_openBrowser_closure1.call(OpenBrowserKeyword.groovy)&#xD;
	at com.kms.katalon.core.webui.keyword.internal.WebUIKeywordMain.runKeyword(WebUIKeywordMain.groovy:20)&#xD;
	at com.kms.katalon.core.webui.keyword.builtin.OpenBrowserKeyword.openBrowser(OpenBrowserKeyword.groovy:81)&#xD;
	at com.kms.katalon.core.webui.keyword.builtin.OpenBrowserKeyword.execute(OpenBrowserKeyword.groovy:67)&#xD;
	at com.kms.katalon.core.keyword.internal.KeywordExecutor.executeKeywordForPlatform(KeywordExecutor.groovy:56)&#xD;
	at com.kms.katalon.core.webui.keyword.WebUiBuiltInKeywords.openBrowser(WebUiBuiltInKeywords.groovy:60)&#xD;
	at com.kms.katalon.core.webui.keyword.WebUiBuiltInKeywords$openBrowser.call(Unknown Source)&#xD;
	at ibe.run(ibe:17)&#xD;
	... 13 more</system-err>
        </testcase>
        <testcase name="Test Cases/microfuzzy" classname="Test Cases/microfuzzy" status="FAILED">
            <failure type="FAILED" message="Test Cases/microfuzzy FAILED.&#xA;Reason:&#xA;com.kms.katalon.core.exception.StepFailedException: Unable to open browser with url: ''&#xD;&#xA;&#x9;at com.kms.katalon.core.webui.keyword.internal.WebUIKeywordMain.stepFailed(WebUIKeywordMain.groovy:64)&#xD;&#xA;&#x9;at com.kms.katalon.core.webui.keyword.internal.WebUIKeywordMain.runKeyword(WebUIKeywordMain.groovy:26)&#xD;&#xA;&#x9;at com.kms.katalon.core.webui.keyword.builtin.OpenBrowserKeyword.openBrowser(OpenBrowserKeyword.groovy:81)&#xD;&#xA;&#x9;at com.kms.katalon.core.webui.keyword.builtin.OpenBrowserKeyword.execute(OpenBrowserKeyword.groovy:67)&#xD;&#xA;&#x9;at com.kms.katalon.core.keyword.internal.KeywordExecutor.executeKeywordForPlatform(KeywordExecutor.groovy:56)&#xD;&#xA;&#x9;at com.kms.katalon.core.webui.keyword.WebUiBuiltInKeywords.openBrowser(WebUiBuiltInKeywords.groovy:60)&#xD;&#xA;&#x9;at com.kms.katalon.core.webui.keyword.WebUiBuiltInKeywords$openBrowser.call(Unknown Source)&#xD;&#xA;&#x9;at microfuzzy.run(microfuzzy:17)&#xD;&#xA;&#x9;at com.kms.katalon.core.main.ScriptEngine.run(ScriptEngine.java:194)&#xD;&#xA;&#x9;at com.kms.katalon.core.main.ScriptEngine.runScriptAsRawText(ScriptEngine.java:119)&#xD;&#xA;&#x9;at com.kms.katalon.core.main.TestCaseExecutor.runScript(TestCaseExecutor.java:337)&#xD;&#xA;&#x9;at com.kms.katalon.core.main.TestCaseExecutor.doExecute(TestCaseExecutor.java:328)&#xD;&#xA;&#x9;at com.kms.katalon.core.main.TestCaseExecutor.processExecutionPhase(TestCaseExecutor.java:307)&#xD;&#xA;&#x9;at com.kms.katalon.core.main.TestCaseExecutor.accessMainPhase(TestCaseExecutor.java:299)&#xD;&#xA;&#x9;at com.kms.katalon.core.main.TestCaseExecutor.execute(TestCaseExecutor.java:233)&#xD;&#xA;&#x9;at com.kms.katalon.core.main.TestSuiteExecutor.accessTestCaseMainPhase(TestSuiteExecutor.java:133)&#xD;&#xA;&#x9;at com.kms.katalon.core.main.TestSuiteExecutor.accessTestSuiteMainPhase(TestSuiteExecutor.java:116)&#xD;&#xA;&#x9;at com.kms.katalon.core.main.TestSuiteExecutor.execute(TestSuiteExecutor.java:83)&#xD;&#xA;&#x9;at com.kms.katalon.core.main.TestCaseMain.startTestSuite(TestCaseMain.java:157)&#xD;&#xA;&#x9;at com.kms.katalon.core.main.TestCaseMain$startTestSuite$0.call(Unknown Source)&#xD;&#xA;&#x9;at TempTestSuite1564044813085.run(TempTestSuite1564044813085.groovy:35)&#xD;&#xA;Caused by: org.openqa.selenium.WebDriverException: java.net.ConnectException: Failed to connect to localhost/0:0:0:0:0:0:0:1:38282&#xA;Build info: version: '3.141.59', revision: 'e82be7d358', time: '2018-11-14T08:25:53'&#xA;System info: host: 'ANTONIO', ip: '169.254.42.39', os.name: 'Windows 10', os.arch: 'amd64', os.version: '10.0', java.version: '1.8.0_181'&#xA;Driver info: driver.version: CEdgeDriver&#xD;&#xA;&#x9;at org.openqa.selenium.remote.service.DriverCommandExecutor.execute(DriverCommandExecutor.java:92)&#xD;&#xA;&#x9;at org.openqa.selenium.remote.RemoteWebDriver.execute(RemoteWebDriver.java:552)&#xD;&#xA;&#x9;at com.kms.katalon.selenium.driver.CEdgeDriver.execute(CEdgeDriver.java:21)&#xD;&#xA;&#x9;at org.openqa.selenium.remote.RemoteWebDriver.startSession(RemoteWebDriver.java:213)&#xD;&#xA;&#x9;at org.openqa.selenium.remote.RemoteWebDriver.&lt;init&gt;(RemoteWebDriver.java:131)&#xD;&#xA;&#x9;at org.openqa.selenium.edge.EdgeDriver.&lt;init&gt;(EdgeDriver.java:154)&#xD;&#xA;&#x9;at com.kms.katalon.selenium.driver.CEdgeDriver.&lt;init&gt;(CEdgeDriver.java:14)&#xD;&#xA;&#x9;at com.kms.katalon.core.webui.driver.DriverFactory.createNewEdgeDriver(DriverFactory.java:435)&#xD;&#xA;&#x9;at com.kms.katalon.core.webui.driver.DriverFactory.startNewBrowser(DriverFactory.java:257)&#xD;&#xA;&#x9;at com.kms.katalon.core.webui.driver.DriverFactory.openWebDriver(DriverFactory.java:191)&#xD;&#xA;&#x9;at com.kms.katalon.core.webui.keyword.builtin.OpenBrowserKeyword$_openBrowser_closure1.doCall(OpenBrowserKeyword.groovy:74)&#xD;&#xA;&#x9;at com.kms.katalon.core.webui.keyword.builtin.OpenBrowserKeyword$_openBrowser_closure1.call(OpenBrowserKeyword.groovy)&#xD;&#xA;&#x9;at com.kms.katalon.core.webui.keyword.internal.WebUIKeywordMain.runKeyword(WebUIKeywordMain.groovy:20)&#xD;&#xA;&#x9;at com.kms.katalon.core.webui.keyword.builtin.OpenBrowserKeyword.openBrowser(OpenBrowserKeyword.groovy:81)&#xD;&#xA;&#x9;at com.kms.katalon.core.webui.keyword.builtin.OpenBrowserKeyword.execute(OpenBrowserKeyword.groovy:67)&#xD;&#xA;&#x9;at com.kms.katalon.core.keyword.internal.KeywordExecutor.executeKeywordForPlatform(KeywordExecutor.groovy:56)&#xD;&#xA;&#x9;at com.kms.katalon.core.webui.keyword.WebUiBuiltInKeywords.openBrowser(WebUiBuiltInKeywords.groovy:60)&#xD;&#xA;&#x9;at com.kms.katalon.core.webui.keyword.WebUiBuiltInKeywords$openBrowser.call(Unknown Source)&#xD;&#xA;&#x9;at Script1564043077799.run(Script1564043077799.groovy:17)&#xD;&#xA;&#x9;... 13 more&#xD;&#xA;Caused by: java.net.ConnectException: Failed to connect to localhost/0:0:0:0:0:0:0:1:38282&#xD;&#xA;&#x9;at okhttp3.internal.connection.RealConnection.connectSocket(RealConnection.java:247)&#xD;&#xA;&#x9;at okhttp3.internal.connection.RealConnection.connect(RealConnection.java:165)&#xD;&#xA;&#x9;at okhttp3.internal.connection.StreamAllocation.findConnection(StreamAllocation.java:257)&#xD;&#xA;&#x9;at okhttp3.internal.connection.StreamAllocation.findHealthyConnection(StreamAllocation.java:135)&#xD;&#xA;&#x9;at okhttp3.internal.connection.StreamAllocation.newStream(StreamAllocation.java:114)&#xD;&#xA;&#x9;at okhttp3.internal.connection.ConnectInterceptor.intercept(ConnectInterceptor.java:42)&#xD;&#xA;&#x9;at okhttp3.internal.http.RealInterceptorChain.proceed(RealInterceptorChain.java:147)&#xD;&#xA;&#x9;at okhttp3.internal.http.RealInterceptorChain.proceed(RealInterceptorChain.java:121)&#xD;&#xA;&#x9;at okhttp3.internal.cache.CacheInterceptor.intercept(CacheInterceptor.java:93)&#xD;&#xA;&#x9;at okhttp3.internal.http.RealInterceptorChain.proceed(RealInterceptorChain.java:147)&#xD;&#xA;&#x9;at okhttp3.internal.http.RealInterceptorChain.proceed(RealInterceptorChain.java:121)&#xD;&#xA;&#x9;at okhttp3.internal.http.BridgeInterceptor.intercept(BridgeInterceptor.java:93)&#xD;&#xA;&#x9;at okhttp3.internal.http.RealInterceptorChain.proceed(RealInterceptorChain.java:147)&#xD;&#xA;&#x9;at okhttp3.internal.http.RetryAndFollowUpInterceptor.intercept(RetryAndFollowUpInterceptor.java:126)&#xD;&#xA;&#x9;at okhttp3.internal.http.RealInterceptorChain.proceed(RealInterceptorChain.java:147)&#xD;&#xA;&#x9;at okhttp3.internal.http.RealInterceptorChain.proceed(RealInterceptorChain.java:121)&#xD;&#xA;&#x9;at okhttp3.RealCall.getResponseWithInterceptorChain(RealCall.java:200)&#xD;&#xA;&#x9;at okhttp3.RealCall.execute(RealCall.java:77)&#xD;&#xA;&#x9;at org.openqa.selenium.remote.internal.OkHttpClient.execute(OkHttpClient.java:103)&#xD;&#xA;&#x9;at org.openqa.selenium.remote.ProtocolHandshake.createSession(ProtocolHandshake.java:105)&#xD;&#xA;&#x9;at org.openqa.selenium.remote.ProtocolHandshake.createSession(ProtocolHandshake.java:74)&#xD;&#xA;&#x9;at org.openqa.selenium.remote.HttpCommandExecutor.execute(HttpCommandExecutor.java:136)&#xD;&#xA;&#x9;at org.openqa.selenium.remote.service.DriverCommandExecutor.execute(DriverCommandExecutor.java:83)&#xD;&#xA;&#x9;... 31 more&#xD;&#xA;Caused by: java.net.ConnectException: Connection refused: connect&#xD;&#xA;&#x9;at okhttp3.internal.platform.Platform.connectSocket(Platform.java:129)&#xD;&#xA;&#x9;at okhttp3.internal.connection.RealConnection.connectSocket(RealConnection.java:245)&#xD;&#xA;&#x9;at okhttp3.internal.connection.RealConnection.connect(RealConnection.java:165)&#xD;&#xA;&#x9;at okhttp3.internal.connection.StreamAllocation.findConnection(StreamAllocation.java:257)&#xD;&#xA;&#x9;at okhttp3.internal.connection.StreamAllocation.findHealthyConnection(StreamAllocation.java:135)&#xD;&#xA;&#x9;at okhttp3.internal.connection.StreamAllocation.newStream(StreamAllocation.java:114)&#xD;&#xA;&#x9;at okhttp3.internal.connection.ConnectInterceptor.intercept(ConnectInterceptor.java:42)&#xD;&#xA;&#x9;at okhttp3.internal.http.RealInterceptorChain.proceed(RealInterceptorChain.java:147)&#xD;&#xA;&#x9;at okhttp3.internal.http.RealInterceptorChain.proceed(RealInterceptorChain.java:121)&#xD;&#xA;&#x9;at okhttp3.internal.cache.CacheInterceptor.intercept(CacheInterceptor.java:93)&#xD;&#xA;&#x9;at okhttp3.internal.http.RealInterceptorChain.proceed(RealInterceptorChain.java:147)&#xD;&#xA;&#x9;at okhttp3.internal.http.RealInterceptorChain.proceed(RealInterceptorChain.java:121)&#xD;&#xA;&#x9;at okhttp3.internal.http.BridgeInterceptor.intercept(BridgeInterceptor.java:93)&#xD;&#xA;&#x9;at okhttp3.internal.http.RealInterceptorChain.proceed(RealInterceptorChain.java:147)&#xD;&#xA;&#x9;at okhttp3.internal.http.RetryAndFollowUpInterceptor.intercept(RetryAndFollowUpInterceptor.java:126)&#xD;&#xA;&#x9;at okhttp3.internal.http.RealInterceptorChain.proceed(RealInterceptorChain.java:147)&#xD;&#xA;&#x9;at okhttp3.internal.http.RealInterceptorChain.proceed(RealInterceptorChain.java:121)&#xD;&#xA;&#x9;at okhttp3.RealCall.getResponseWithInterceptorChain(RealCall.java:200)&#xD;&#xA;&#x9;at okhttp3.RealCall.execute(RealCall.java:77)&#xD;&#xA;&#x9;at org.openqa.selenium.remote.internal.OkHttpClient.execute(OkHttpClient.java:103)&#xD;&#xA;&#x9;at org.openqa.selenium.remote.ProtocolHandshake.createSession(ProtocolHandshake.java:105)&#xD;&#xA;&#x9;at org.openqa.selenium.remote.ProtocolHandshake.createSession(ProtocolHandshake.java:74)&#xD;&#xA;&#x9;at org.openqa.selenium.remote.HttpCommandExecutor.execute(HttpCommandExecutor.java:136)&#xD;&#xA;&#x9;at org.openqa.selenium.remote.service.DriverCommandExecutor.execute(DriverCommandExecutor.java:83)&#xD;&#xA;&#x9;at org.openqa.selenium.remote.RemoteWebDriver.execute(RemoteWebDriver.java:552)&#xD;&#xA;&#x9;at com.kms.katalon.selenium.driver.CEdgeDriver.execute(CEdgeDriver.java:21)&#xD;&#xA;&#x9;at org.openqa.selenium.remote.RemoteWebDriver.startSession(RemoteWebDriver.java:213)&#xD;&#xA;&#x9;at org.openqa.selenium.remote.RemoteWebDriver.&lt;init&gt;(RemoteWebDriver.java:131)&#xD;&#xA;&#x9;at org.openqa.selenium.edge.EdgeDriver.&lt;init&gt;(EdgeDriver.java:154)&#xD;&#xA;&#x9;at com.kms.katalon.selenium.driver.CEdgeDriver.&lt;init&gt;(CEdgeDriver.java:14)&#xD;&#xA;&#x9;at com.kms.katalon.core.webui.driver.DriverFactory.createNewEdgeDriver(DriverFactory.java:435)&#xD;&#xA;&#x9;at com.kms.katalon.core.webui.driver.DriverFactory.startNewBrowser(DriverFactory.java:257)&#xD;&#xA;&#x9;at com.kms.katalon.core.webui.driver.DriverFactory.openWebDriver(DriverFactory.java:191)&#xD;&#xA;&#x9;at com.kms.katalon.core.webui.keyword.builtin.OpenBrowserKeyword$_openBrowser_closure1.doCall(OpenBrowserKeyword.groovy:74)&#xD;&#xA;&#x9;at com.kms.katalon.core.webui.keyword.builtin.OpenBrowserKeyword$_openBrowser_closure1.call(OpenBrowserKeyword.groovy)&#xD;&#xA;&#x9;at com.kms.katalon.core.webui.keyword.internal.WebUIKeywordMain.runKeyword(WebUIKeywordMain.groovy:20)&#xD;&#xA;&#x9;at com.kms.katalon.core.webui.keyword.builtin.OpenBrowserKeyword.openBrowser(OpenBrowserKeyword.groovy:81)&#xD;&#xA;&#x9;at com.kms.katalon.core.webui.keyword.builtin.OpenBrowserKeyword.execute(OpenBrowserKeyword.groovy:67)&#xD;&#xA;&#x9;at com.kms.katalon.core.keyword.internal.KeywordExecutor.executeKeywordForPlatform(KeywordExecutor.groovy:56)&#xD;&#xA;&#x9;at com.kms.katalon.core.webui.keyword.WebUiBuiltInKeywords.openBrowser(WebUiBuiltInKeywords.groovy:60)&#xD;&#xA;&#x9;at com.kms.katalon.core.webui.keyword.WebUiBuiltInKeywords$openBrowser.call(Unknown Source)&#xD;&#xA;&#x9;at microfuzzy.run(microfuzzy:17)&#xD;&#xA;&#x9;... 13 more&#xD;&#xA;"/>
            <system-out>2019-07-25 11:10:01 - [TEST_CASE][FAILED] - Test Cases/microfuzzy: Test Cases/microfuzzy FAILED.
Reason:
com.kms.katalon.core.exception.StepFailedException: Unable to open browser with url: ''&#xD;
	at com.kms.katalon.core.webui.keyword.internal.WebUIKeywordMain.stepFailed(WebUIKeywordMain.groovy:64)&#xD;
	at com.kms.katalon.core.webui.keyword.internal.WebUIKeywordMain.runKeyword(WebUIKeywordMain.groovy:26)&#xD;
	at com.kms.katalon.core.webui.keyword.builtin.OpenBrowserKeyword.openBrowser(OpenBrowserKeyword.groovy:81)&#xD;
	at com.kms.katalon.core.webui.keyword.builtin.OpenBrowserKeyword.execute(OpenBrowserKeyword.groovy:67)&#xD;
	at com.kms.katalon.core.keyword.internal.KeywordExecutor.executeKeywordForPlatform(KeywordExecutor.groovy:56)&#xD;
	at com.kms.katalon.core.webui.keyword.WebUiBuiltInKeywords.openBrowser(WebUiBuiltInKeywords.groovy:60)&#xD;
	at com.kms.katalon.core.webui.keyword.WebUiBuiltInKeywords$openBrowser.call(Unknown Source)&#xD;
	at microfuzzy.run(microfuzzy:17)&#xD;
	at com.kms.katalon.core.main.ScriptEngine.run(ScriptEngine.java:194)&#xD;
	at com.kms.katalon.core.main.ScriptEngine.runScriptAsRawText(ScriptEngine.java:119)&#xD;
	at com.kms.katalon.core.main.TestCaseExecutor.runScript(TestCaseExecutor.java:337)&#xD;
	at com.kms.katalon.core.main.TestCaseExecutor.doExecute(TestCaseExecutor.java:328)&#xD;
	at com.kms.katalon.core.main.TestCaseExecutor.processExecutionPhase(TestCaseExecutor.java:307)&#xD;
	at com.kms.katalon.core.main.TestCaseExecutor.accessMainPhase(TestCaseExecutor.java:299)&#xD;
	at com.kms.katalon.core.main.TestCaseExecutor.execute(TestCaseExecutor.java:233)&#xD;
	at com.kms.katalon.core.main.TestSuiteExecutor.accessTestCaseMainPhase(TestSuiteExecutor.java:133)&#xD;
	at com.kms.katalon.core.main.TestSuiteExecutor.accessTestSuiteMainPhase(TestSuiteExecutor.java:116)&#xD;
	at com.kms.katalon.core.main.TestSuiteExecutor.execute(TestSuiteExecutor.java:83)&#xD;
	at com.kms.katalon.core.main.TestCaseMain.startTestSuite(TestCaseMain.java:157)&#xD;
	at com.kms.katalon.core.main.TestCaseMain$startTestSuite$0.call(Unknown Source)&#xD;
	at TempTestSuite1564044813085.run(TempTestSuite1564044813085.groovy:35)&#xD;
Caused by: org.openqa.selenium.WebDriverException: java.net.ConnectException: Failed to connect to localhost/0:0:0:0:0:0:0:1:38282
Build info: version: '3.141.59', revision: 'e82be7d358', time: '2018-11-14T08:25:53'
System info: host: 'ANTONIO', ip: '169.254.42.39', os.name: 'Windows 10', os.arch: 'amd64', os.version: '10.0', java.version: '1.8.0_181'
Driver info: driver.version: CEdgeDriver&#xD;
	at org.openqa.selenium.remote.service.DriverCommandExecutor.execute(DriverCommandExecutor.java:92)&#xD;
	at org.openqa.selenium.remote.RemoteWebDriver.execute(RemoteWebDriver.java:552)&#xD;
	at com.kms.katalon.selenium.driver.CEdgeDriver.execute(CEdgeDriver.java:21)&#xD;
	at org.openqa.selenium.remote.RemoteWebDriver.startSession(RemoteWebDriver.java:213)&#xD;
	at org.openqa.selenium.remote.RemoteWebDriver.&lt;init&gt;(RemoteWebDriver.java:131)&#xD;
	at org.openqa.selenium.edge.EdgeDriver.&lt;init&gt;(EdgeDriver.java:154)&#xD;
	at com.kms.katalon.selenium.driver.CEdgeDriver.&lt;init&gt;(CEdgeDriver.java:14)&#xD;
	at com.kms.katalon.core.webui.driver.DriverFactory.createNewEdgeDriver(DriverFactory.java:435)&#xD;
	at com.kms.katalon.core.webui.driver.DriverFactory.startNewBrowser(DriverFactory.java:257)&#xD;
	at com.kms.katalon.core.webui.driver.DriverFactory.openWebDriver(DriverFactory.java:191)&#xD;
	at com.kms.katalon.core.webui.keyword.builtin.OpenBrowserKeyword$_openBrowser_closure1.doCall(OpenBrowserKeyword.groovy:74)&#xD;
	at com.kms.katalon.core.webui.keyword.builtin.OpenBrowserKeyword$_openBrowser_closure1.call(OpenBrowserKeyword.groovy)&#xD;
	at com.kms.katalon.core.webui.keyword.internal.WebUIKeywordMain.runKeyword(WebUIKeywordMain.groovy:20)&#xD;
	at com.kms.katalon.core.webui.keyword.builtin.OpenBrowserKeyword.openBrowser(OpenBrowserKeyword.groovy:81)&#xD;
	at com.kms.katalon.core.webui.keyword.builtin.OpenBrowserKeyword.execute(OpenBrowserKeyword.groovy:67)&#xD;
	at com.kms.katalon.core.keyword.internal.KeywordExecutor.executeKeywordForPlatform(KeywordExecutor.groovy:56)&#xD;
	at com.kms.katalon.core.webui.keyword.WebUiBuiltInKeywords.openBrowser(WebUiBuiltInKeywords.groovy:60)&#xD;
	at com.kms.katalon.core.webui.keyword.WebUiBuiltInKeywords$openBrowser.call(Unknown Source)&#xD;
	at Script1564043077799.run(Script1564043077799.groovy:17)&#xD;
	... 13 more&#xD;
Caused by: java.net.ConnectException: Failed to connect to localhost/0:0:0:0:0:0:0:1:38282&#xD;
	at okhttp3.internal.connection.RealConnection.connectSocket(RealConnection.java:247)&#xD;
	at okhttp3.internal.connection.RealConnection.connect(RealConnection.java:165)&#xD;
	at okhttp3.internal.connection.StreamAllocation.findConnection(StreamAllocation.java:257)&#xD;
	at okhttp3.internal.connection.StreamAllocation.findHealthyConnection(StreamAllocation.java:135)&#xD;
	at okhttp3.internal.connection.StreamAllocation.newStream(StreamAllocation.java:114)&#xD;
	at okhttp3.internal.connection.ConnectInterceptor.intercept(ConnectInterceptor.java:42)&#xD;
	at okhttp3.internal.http.RealInterceptorChain.proceed(RealInterceptorChain.java:147)&#xD;
	at okhttp3.internal.http.RealInterceptorChain.proceed(RealInterceptorChain.java:121)&#xD;
	at okhttp3.internal.cache.CacheInterceptor.intercept(CacheInterceptor.java:93)&#xD;
	at okhttp3.internal.http.RealInterceptorChain.proceed(RealInterceptorChain.java:147)&#xD;
	at okhttp3.internal.http.RealInterceptorChain.proceed(RealInterceptorChain.java:121)&#xD;
	at okhttp3.internal.http.BridgeInterceptor.intercept(BridgeInterceptor.java:93)&#xD;
	at okhttp3.internal.http.RealInterceptorChain.proceed(RealInterceptorChain.java:147)&#xD;
	at okhttp3.internal.http.RetryAndFollowUpInterceptor.intercept(RetryAndFollowUpInterceptor.java:126)&#xD;
	at okhttp3.internal.http.RealInterceptorChain.proceed(RealInterceptorChain.java:147)&#xD;
	at okhttp3.internal.http.RealInterceptorChain.proceed(RealInterceptorChain.java:121)&#xD;
	at okhttp3.RealCall.getResponseWithInterceptorChain(RealCall.java:200)&#xD;
	at okhttp3.RealCall.execute(RealCall.java:77)&#xD;
	at org.openqa.selenium.remote.internal.OkHttpClient.execute(OkHttpClient.java:103)&#xD;
	at org.openqa.selenium.remote.ProtocolHandshake.createSession(ProtocolHandshake.java:105)&#xD;
	at org.openqa.selenium.remote.ProtocolHandshake.createSession(ProtocolHandshake.java:74)&#xD;
	at org.openqa.selenium.remote.HttpCommandExecutor.execute(HttpCommandExecutor.java:136)&#xD;
	at org.openqa.selenium.remote.service.DriverCommandExecutor.execute(DriverCommandExecutor.java:83)&#xD;
	... 31 more&#xD;
Caused by: java.net.ConnectException: Connection refused: connect&#xD;
	at okhttp3.internal.platform.Platform.connectSocket(Platform.java:129)&#xD;
	at okhttp3.internal.connection.RealConnection.connectSocket(RealConnection.java:245)&#xD;
	at okhttp3.internal.connection.RealConnection.connect(RealConnection.java:165)&#xD;
	at okhttp3.internal.connection.StreamAllocation.findConnection(StreamAllocation.java:257)&#xD;
	at okhttp3.internal.connection.StreamAllocation.findHealthyConnection(StreamAllocation.java:135)&#xD;
	at okhttp3.internal.connection.StreamAllocation.newStream(StreamAllocation.java:114)&#xD;
	at okhttp3.internal.connection.ConnectInterceptor.intercept(ConnectInterceptor.java:42)&#xD;
	at okhttp3.internal.http.RealInterceptorChain.proceed(RealInterceptorChain.java:147)&#xD;
	at okhttp3.internal.http.RealInterceptorChain.proceed(RealInterceptorChain.java:121)&#xD;
	at okhttp3.internal.cache.CacheInterceptor.intercept(CacheInterceptor.java:93)&#xD;
	at okhttp3.internal.http.RealInterceptorChain.proceed(RealInterceptorChain.java:147)&#xD;
	at okhttp3.internal.http.RealInterceptorChain.proceed(RealInterceptorChain.java:121)&#xD;
	at okhttp3.internal.http.BridgeInterceptor.intercept(BridgeInterceptor.java:93)&#xD;
	at okhttp3.internal.http.RealInterceptorChain.proceed(RealInterceptorChain.java:147)&#xD;
	at okhttp3.internal.http.RetryAndFollowUpInterceptor.intercept(RetryAndFollowUpInterceptor.java:126)&#xD;
	at okhttp3.internal.http.RealInterceptorChain.proceed(RealInterceptorChain.java:147)&#xD;
	at okhttp3.internal.http.RealInterceptorChain.proceed(RealInterceptorChain.java:121)&#xD;
	at okhttp3.RealCall.getResponseWithInterceptorChain(RealCall.java:200)&#xD;
	at okhttp3.RealCall.execute(RealCall.java:77)&#xD;
	at org.openqa.selenium.remote.internal.OkHttpClient.execute(OkHttpClient.java:103)&#xD;
	at org.openqa.selenium.remote.ProtocolHandshake.createSession(ProtocolHandshake.java:105)&#xD;
	at org.openqa.selenium.remote.ProtocolHandshake.createSession(ProtocolHandshake.java:74)&#xD;
	at org.openqa.selenium.remote.HttpCommandExecutor.execute(HttpCommandExecutor.java:136)&#xD;
	at org.openqa.selenium.remote.service.DriverCommandExecutor.execute(DriverCommandExecutor.java:83)&#xD;
	at org.openqa.selenium.remote.RemoteWebDriver.execute(RemoteWebDriver.java:552)&#xD;
	at com.kms.katalon.selenium.driver.CEdgeDriver.execute(CEdgeDriver.java:21)&#xD;
	at org.openqa.selenium.remote.RemoteWebDriver.startSession(RemoteWebDriver.java:213)&#xD;
	at org.openqa.selenium.remote.RemoteWebDriver.&lt;init&gt;(RemoteWebDriver.java:131)&#xD;
	at org.openqa.selenium.edge.EdgeDriver.&lt;init&gt;(EdgeDriver.java:154)&#xD;
	at com.kms.katalon.selenium.driver.CEdgeDriver.&lt;init&gt;(CEdgeDriver.java:14)&#xD;
	at com.kms.katalon.core.webui.driver.DriverFactory.createNewEdgeDriver(DriverFactory.java:435)&#xD;
	at com.kms.katalon.core.webui.driver.DriverFactory.startNewBrowser(DriverFactory.java:257)&#xD;
	at com.kms.katalon.core.webui.driver.DriverFactory.openWebDriver(DriverFactory.java:191)&#xD;
	at com.kms.katalon.core.webui.keyword.builtin.OpenBrowserKeyword$_openBrowser_closure1.doCall(OpenBrowserKeyword.groovy:74)&#xD;
	at com.kms.katalon.core.webui.keyword.builtin.OpenBrowserKeyword$_openBrowser_closure1.call(OpenBrowserKeyword.groovy)&#xD;
	at com.kms.katalon.core.webui.keyword.internal.WebUIKeywordMain.runKeyword(WebUIKeywordMain.groovy:20)&#xD;
	at com.kms.katalon.core.webui.keyword.builtin.OpenBrowserKeyword.openBrowser(OpenBrowserKeyword.groovy:81)&#xD;
	at com.kms.katalon.core.webui.keyword.builtin.OpenBrowserKeyword.execute(OpenBrowserKeyword.groovy:67)&#xD;
	at com.kms.katalon.core.keyword.internal.KeywordExecutor.executeKeywordForPlatform(KeywordExecutor.groovy:56)&#xD;
	at com.kms.katalon.core.webui.keyword.WebUiBuiltInKeywords.openBrowser(WebUiBuiltInKeywords.groovy:60)&#xD;
	at com.kms.katalon.core.webui.keyword.WebUiBuiltInKeywords$openBrowser.call(Unknown Source)&#xD;
	at microfuzzy.run(microfuzzy:17)&#xD;
	... 13 more&#xD;
&#xD;
&#xD;
2019-07-25 11:10:01 - [TEST_STEP][FAILED] - openBrowser(""): Unable to open browser with url: '' (Root cause: com.kms.katalon.core.exception.StepFailedException: Unable to open browser with url: ''&#xD;
	at com.kms.katalon.core.webui.keyword.internal.WebUIKeywordMain.stepFailed(WebUIKeywordMain.groovy:64)&#xD;
	at com.kms.katalon.core.webui.keyword.internal.WebUIKeywordMain.runKeyword(WebUIKeywordMain.groovy:26)&#xD;
	at com.kms.katalon.core.webui.keyword.builtin.OpenBrowserKeyword.openBrowser(OpenBrowserKeyword.groovy:81)&#xD;
	at com.kms.katalon.core.webui.keyword.builtin.OpenBrowserKeyword.execute(OpenBrowserKeyword.groovy:67)&#xD;
	at com.kms.katalon.core.keyword.internal.KeywordExecutor.executeKeywordForPlatform(KeywordExecutor.groovy:56)&#xD;
	at com.kms.katalon.core.webui.keyword.WebUiBuiltInKeywords.openBrowser(WebUiBuiltInKeywords.groovy:60)&#xD;
	at com.kms.katalon.core.webui.keyword.WebUiBuiltInKeywords$openBrowser.call(Unknown Source)&#xD;
	at microfuzzy.run(microfuzzy:17)&#xD;
	at com.kms.katalon.core.main.ScriptEngine.run(ScriptEngine.java:194)&#xD;
	at com.kms.katalon.core.main.ScriptEngine.runScriptAsRawText(ScriptEngine.java:119)&#xD;
	at com.kms.katalon.core.main.TestCaseExecutor.runScript(TestCaseExecutor.java:337)&#xD;
	at com.kms.katalon.core.main.TestCaseExecutor.doExecute(TestCaseExecutor.java:328)&#xD;
	at com.kms.katalon.core.main.TestCaseExecutor.processExecutionPhase(TestCaseExecutor.java:307)&#xD;
	at com.kms.katalon.core.main.TestCaseExecutor.accessMainPhase(TestCaseExecutor.java:299)&#xD;
	at com.kms.katalon.core.main.TestCaseExecutor.execute(TestCaseExecutor.java:233)&#xD;
	at com.kms.katalon.core.main.TestSuiteExecutor.accessTestCaseMainPhase(TestSuiteExecutor.java:133)&#xD;
	at com.kms.katalon.core.main.TestSuiteExecutor.accessTestSuiteMainPhase(TestSuiteExecutor.java:116)&#xD;
	at com.kms.katalon.core.main.TestSuiteExecutor.execute(TestSuiteExecutor.java:83)&#xD;
	at com.kms.katalon.core.main.TestCaseMain.startTestSuite(TestCaseMain.java:157)&#xD;
	at com.kms.katalon.core.main.TestCaseMain$startTestSuite$0.call(Unknown Source)&#xD;
	at TempTestSuite1564044813085.run(TempTestSuite1564044813085.groovy:35)&#xD;
Caused by: org.openqa.selenium.WebDriverException: java.net.ConnectException: Failed to connect to localhost/0:0:0:0:0:0:0:1:38282
Build info: version: '3.141.59', revision: 'e82be7d358', time: '2018-11-14T08:25:53'
System info: host: 'ANTONIO', ip: '169.254.42.39', os.name: 'Windows 10', os.arch: 'amd64', os.version: '10.0', java.version: '1.8.0_181'
Driver info: driver.version: CEdgeDriver&#xD;
	at org.openqa.selenium.remote.service.DriverCommandExecutor.execute(DriverCommandExecutor.java:92)&#xD;
	at org.openqa.selenium.remote.RemoteWebDriver.execute(RemoteWebDriver.java:552)&#xD;
	at com.kms.katalon.selenium.driver.CEdgeDriver.execute(CEdgeDriver.java:21)&#xD;
	at org.openqa.selenium.remote.RemoteWebDriver.startSession(RemoteWebDriver.java:213)&#xD;
	at org.openqa.selenium.remote.RemoteWebDriver.&lt;init&gt;(RemoteWebDriver.java:131)&#xD;
	at org.openqa.selenium.edge.EdgeDriver.&lt;init&gt;(EdgeDriver.java:154)&#xD;
	at com.kms.katalon.selenium.driver.CEdgeDriver.&lt;init&gt;(CEdgeDriver.java:14)&#xD;
	at com.kms.katalon.core.webui.driver.DriverFactory.createNewEdgeDriver(DriverFactory.java:435)&#xD;
	at com.kms.katalon.core.webui.driver.DriverFactory.startNewBrowser(DriverFactory.java:257)&#xD;
	at com.kms.katalon.core.webui.driver.DriverFactory.openWebDriver(DriverFactory.java:191)&#xD;
	at com.kms.katalon.core.webui.keyword.builtin.OpenBrowserKeyword$_openBrowser_closure1.doCall(OpenBrowserKeyword.groovy:74)&#xD;
	at com.kms.katalon.core.webui.keyword.builtin.OpenBrowserKeyword$_openBrowser_closure1.call(OpenBrowserKeyword.groovy)&#xD;
	at com.kms.katalon.core.webui.keyword.internal.WebUIKeywordMain.runKeyword(WebUIKeywordMain.groovy:20)&#xD;
	at com.kms.katalon.core.webui.keyword.builtin.OpenBrowserKeyword.openBrowser(OpenBrowserKeyword.groovy:81)&#xD;
	at com.kms.katalon.core.webui.keyword.builtin.OpenBrowserKeyword.execute(OpenBrowserKeyword.groovy:67)&#xD;
	at com.kms.katalon.core.keyword.internal.KeywordExecutor.executeKeywordForPlatform(KeywordExecutor.groovy:56)&#xD;
	at com.kms.katalon.core.webui.keyword.WebUiBuiltInKeywords.openBrowser(WebUiBuiltInKeywords.groovy:60)&#xD;
	at com.kms.katalon.core.webui.keyword.WebUiBuiltInKeywords$openBrowser.call(Unknown Source)&#xD;
	at Script1564043077799.run(Script1564043077799.groovy:17)&#xD;
	... 13 more&#xD;
Caused by: java.net.ConnectException: Failed to connect to localhost/0:0:0:0:0:0:0:1:38282&#xD;
	at okhttp3.internal.connection.RealConnection.connectSocket(RealConnection.java:247)&#xD;
	at okhttp3.internal.connection.RealConnection.connect(RealConnection.java:165)&#xD;
	at okhttp3.internal.connection.StreamAllocation.findConnection(StreamAllocation.java:257)&#xD;
	at okhttp3.internal.connection.StreamAllocation.findHealthyConnection(StreamAllocation.java:135)&#xD;
	at okhttp3.internal.connection.StreamAllocation.newStream(StreamAllocation.java:114)&#xD;
	at okhttp3.internal.connection.ConnectInterceptor.intercept(ConnectInterceptor.java:42)&#xD;
	at okhttp3.internal.http.RealInterceptorChain.proceed(RealInterceptorChain.java:147)&#xD;
	at okhttp3.internal.http.RealInterceptorChain.proceed(RealInterceptorChain.java:121)&#xD;
	at okhttp3.internal.cache.CacheInterceptor.intercept(CacheInterceptor.java:93)&#xD;
	at okhttp3.internal.http.RealInterceptorChain.proceed(RealInterceptorChain.java:147)&#xD;
	at okhttp3.internal.http.RealInterceptorChain.proceed(RealInterceptorChain.java:121)&#xD;
	at okhttp3.internal.http.BridgeInterceptor.intercept(BridgeInterceptor.java:93)&#xD;
	at okhttp3.internal.http.RealInterceptorChain.proceed(RealInterceptorChain.java:147)&#xD;
	at okhttp3.internal.http.RetryAndFollowUpInterceptor.intercept(RetryAndFollowUpInterceptor.java:126)&#xD;
	at okhttp3.internal.http.RealInterceptorChain.proceed(RealInterceptorChain.java:147)&#xD;
	at okhttp3.internal.http.RealInterceptorChain.proceed(RealInterceptorChain.java:121)&#xD;
	at okhttp3.RealCall.getResponseWithInterceptorChain(RealCall.java:200)&#xD;
	at okhttp3.RealCall.execute(RealCall.java:77)&#xD;
	at org.openqa.selenium.remote.internal.OkHttpClient.execute(OkHttpClient.java:103)&#xD;
	at org.openqa.selenium.remote.ProtocolHandshake.createSession(ProtocolHandshake.java:105)&#xD;
	at org.openqa.selenium.remote.ProtocolHandshake.createSession(ProtocolHandshake.java:74)&#xD;
	at org.openqa.selenium.remote.HttpCommandExecutor.execute(HttpCommandExecutor.java:136)&#xD;
	at org.openqa.selenium.remote.service.DriverCommandExecutor.execute(DriverCommandExecutor.java:83)&#xD;
	... 31 more&#xD;
Caused by: java.net.ConnectException: Connection refused: connect&#xD;
	at okhttp3.internal.platform.Platform.connectSocket(Platform.java:129)&#xD;
	at okhttp3.internal.connection.RealConnection.connectSocket(RealConnection.java:245)&#xD;
	... 53 more&#xD;
)&#xD;
&#xD;
2019-07-25 11:10:01 - [MESSAGE][INFO] - Starting 'Edge' driver&#xD;
&#xD;
2019-07-25 11:10:03 - [MESSAGE][FAILED] - Unable to open browser with url: '' (Root cause: com.kms.katalon.core.exception.StepFailedException: Unable to open browser with url: ''&#xD;
	at com.kms.katalon.core.webui.keyword.internal.WebUIKeywordMain.stepFailed(WebUIKeywordMain.groovy:64)&#xD;
	at com.kms.katalon.core.webui.keyword.internal.WebUIKeywordMain.runKeyword(WebUIKeywordMain.groovy:26)&#xD;
	at com.kms.katalon.core.webui.keyword.builtin.OpenBrowserKeyword.openBrowser(OpenBrowserKeyword.groovy:81)&#xD;
	at com.kms.katalon.core.webui.keyword.builtin.OpenBrowserKeyword.execute(OpenBrowserKeyword.groovy:67)&#xD;
	at com.kms.katalon.core.keyword.internal.KeywordExecutor.executeKeywordForPlatform(KeywordExecutor.groovy:56)&#xD;
	at com.kms.katalon.core.webui.keyword.WebUiBuiltInKeywords.openBrowser(WebUiBuiltInKeywords.groovy:60)&#xD;
	at com.kms.katalon.core.webui.keyword.WebUiBuiltInKeywords$openBrowser.call(Unknown Source)&#xD;
	at microfuzzy.run(microfuzzy:17)&#xD;
	at com.kms.katalon.core.main.ScriptEngine.run(ScriptEngine.java:194)&#xD;
	at com.kms.katalon.core.main.ScriptEngine.runScriptAsRawText(ScriptEngine.java:119)&#xD;
	at com.kms.katalon.core.main.TestCaseExecutor.runScript(TestCaseExecutor.java:337)&#xD;
	at com.kms.katalon.core.main.TestCaseExecutor.doExecute(TestCaseExecutor.java:328)&#xD;
	at com.kms.katalon.core.main.TestCaseExecutor.processExecutionPhase(TestCaseExecutor.java:307)&#xD;
	at com.kms.katalon.core.main.TestCaseExecutor.accessMainPhase(TestCaseExecutor.java:299)&#xD;
	at com.kms.katalon.core.main.TestCaseExecutor.execute(TestCaseExecutor.java:233)&#xD;
	at com.kms.katalon.core.main.TestSuiteExecutor.accessTestCaseMainPhase(TestSuiteExecutor.java:133)&#xD;
	at com.kms.katalon.core.main.TestSuiteExecutor.accessTestSuiteMainPhase(TestSuiteExecutor.java:116)&#xD;
	at com.kms.katalon.core.main.TestSuiteExecutor.execute(TestSuiteExecutor.java:83)&#xD;
	at com.kms.katalon.core.main.TestCaseMain.startTestSuite(TestCaseMain.java:157)&#xD;
	at com.kms.katalon.core.main.TestCaseMain$startTestSuite$0.call(Unknown Source)&#xD;
	at TempTestSuite1564044813085.run(TempTestSuite1564044813085.groovy:35)&#xD;
Caused by: org.openqa.selenium.WebDriverException: java.net.ConnectException: Failed to connect to localhost/0:0:0:0:0:0:0:1:38282
Build info: version: '3.141.59', revision: 'e82be7d358', time: '2018-11-14T08:25:53'
System info: host: 'ANTONIO', ip: '169.254.42.39', os.name: 'Windows 10', os.arch: 'amd64', os.version: '10.0', java.version: '1.8.0_181'
Driver info: driver.version: CEdgeDriver&#xD;
	at org.openqa.selenium.remote.service.DriverCommandExecutor.execute(DriverCommandExecutor.java:92)&#xD;
	at org.openqa.selenium.remote.RemoteWebDriver.execute(RemoteWebDriver.java:552)&#xD;
	at com.kms.katalon.selenium.driver.CEdgeDriver.execute(CEdgeDriver.java:21)&#xD;
	at org.openqa.selenium.remote.RemoteWebDriver.startSession(RemoteWebDriver.java:213)&#xD;
	at org.openqa.selenium.remote.RemoteWebDriver.&lt;init&gt;(RemoteWebDriver.java:131)&#xD;
	at org.openqa.selenium.edge.EdgeDriver.&lt;init&gt;(EdgeDriver.java:154)&#xD;
	at com.kms.katalon.selenium.driver.CEdgeDriver.&lt;init&gt;(CEdgeDriver.java:14)&#xD;
	at com.kms.katalon.core.webui.driver.DriverFactory.createNewEdgeDriver(DriverFactory.java:435)&#xD;
	at com.kms.katalon.core.webui.driver.DriverFactory.startNewBrowser(DriverFactory.java:257)&#xD;
	at com.kms.katalon.core.webui.driver.DriverFactory.openWebDriver(DriverFactory.java:191)&#xD;
	at com.kms.katalon.core.webui.keyword.builtin.OpenBrowserKeyword$_openBrowser_closure1.doCall(OpenBrowserKeyword.groovy:74)&#xD;
	at com.kms.katalon.core.webui.keyword.builtin.OpenBrowserKeyword$_openBrowser_closure1.call(OpenBrowserKeyword.groovy)&#xD;
	at com.kms.katalon.core.webui.keyword.internal.WebUIKeywordMain.runKeyword(WebUIKeywordMain.groovy:20)&#xD;
	at com.kms.katalon.core.webui.keyword.builtin.OpenBrowserKeyword.openBrowser(OpenBrowserKeyword.groovy:81)&#xD;
	at com.kms.katalon.core.webui.keyword.builtin.OpenBrowserKeyword.execute(OpenBrowserKeyword.groovy:67)&#xD;
	at com.kms.katalon.core.keyword.internal.KeywordExecutor.executeKeywordForPlatform(KeywordExecutor.groovy:56)&#xD;
	at com.kms.katalon.core.webui.keyword.WebUiBuiltInKeywords.openBrowser(WebUiBuiltInKeywords.groovy:60)&#xD;
	at com.kms.katalon.core.webui.keyword.WebUiBuiltInKeywords$openBrowser.call(Unknown Source)&#xD;
	at Script1564043077799.run(Script1564043077799.groovy:17)&#xD;
	... 13 more&#xD;
Caused by: java.net.ConnectException: Failed to connect to localhost/0:0:0:0:0:0:0:1:38282&#xD;
	at okhttp3.internal.connection.RealConnection.connectSocket(RealConnection.java:247)&#xD;
	at okhttp3.internal.connection.RealConnection.connect(RealConnection.java:165)&#xD;
	at okhttp3.internal.connection.StreamAllocation.findConnection(StreamAllocation.java:257)&#xD;
	at okhttp3.internal.connection.StreamAllocation.findHealthyConnection(StreamAllocation.java:135)&#xD;
	at okhttp3.internal.connection.StreamAllocation.newStream(StreamAllocation.java:114)&#xD;
	at okhttp3.internal.connection.ConnectInterceptor.intercept(ConnectInterceptor.java:42)&#xD;
	at okhttp3.internal.http.RealInterceptorChain.proceed(RealInterceptorChain.java:147)&#xD;
	at okhttp3.internal.http.RealInterceptorChain.proceed(RealInterceptorChain.java:121)&#xD;
	at okhttp3.internal.cache.CacheInterceptor.intercept(CacheInterceptor.java:93)&#xD;
	at okhttp3.internal.http.RealInterceptorChain.proceed(RealInterceptorChain.java:147)&#xD;
	at okhttp3.internal.http.RealInterceptorChain.proceed(RealInterceptorChain.java:121)&#xD;
	at okhttp3.internal.http.BridgeInterceptor.intercept(BridgeInterceptor.java:93)&#xD;
	at okhttp3.internal.http.RealInterceptorChain.proceed(RealInterceptorChain.java:147)&#xD;
	at okhttp3.internal.http.RetryAndFollowUpInterceptor.intercept(RetryAndFollowUpInterceptor.java:126)&#xD;
	at okhttp3.internal.http.RealInterceptorChain.proceed(RealInterceptorChain.java:147)&#xD;
	at okhttp3.internal.http.RealInterceptorChain.proceed(RealInterceptorChain.java:121)&#xD;
	at okhttp3.RealCall.getResponseWithInterceptorChain(RealCall.java:200)&#xD;
	at okhttp3.RealCall.execute(RealCall.java:77)&#xD;
	at org.openqa.selenium.remote.internal.OkHttpClient.execute(OkHttpClient.java:103)&#xD;
	at org.openqa.selenium.remote.ProtocolHandshake.createSession(ProtocolHandshake.java:105)&#xD;
	at org.openqa.selenium.remote.ProtocolHandshake.createSession(ProtocolHandshake.java:74)&#xD;
	at org.openqa.selenium.remote.HttpCommandExecutor.execute(HttpCommandExecutor.java:136)&#xD;
	at org.openqa.selenium.remote.service.DriverCommandExecutor.execute(DriverCommandExecutor.java:83)&#xD;
	... 31 more&#xD;
Caused by: java.net.ConnectException: Connection refused: connect&#xD;
	at okhttp3.internal.platform.Platform.connectSocket(Platform.java:129)&#xD;
	at okhttp3.internal.connection.RealConnection.connectSocket(RealConnection.java:245)&#xD;
	... 53 more&#xD;
)</system-out>
            <system-err>2019-07-25 11:10:01 - [TEST_CASE][FAILED] - Test Cases/microfuzzy: Test Cases/microfuzzy FAILED.
Reason:
com.kms.katalon.core.exception.StepFailedException: Unable to open browser with url: ''&#xD;
	at com.kms.katalon.core.webui.keyword.internal.WebUIKeywordMain.stepFailed(WebUIKeywordMain.groovy:64)&#xD;
	at com.kms.katalon.core.webui.keyword.internal.WebUIKeywordMain.runKeyword(WebUIKeywordMain.groovy:26)&#xD;
	at com.kms.katalon.core.webui.keyword.builtin.OpenBrowserKeyword.openBrowser(OpenBrowserKeyword.groovy:81)&#xD;
	at com.kms.katalon.core.webui.keyword.builtin.OpenBrowserKeyword.execute(OpenBrowserKeyword.groovy:67)&#xD;
	at com.kms.katalon.core.keyword.internal.KeywordExecutor.executeKeywordForPlatform(KeywordExecutor.groovy:56)&#xD;
	at com.kms.katalon.core.webui.keyword.WebUiBuiltInKeywords.openBrowser(WebUiBuiltInKeywords.groovy:60)&#xD;
	at com.kms.katalon.core.webui.keyword.WebUiBuiltInKeywords$openBrowser.call(Unknown Source)&#xD;
	at microfuzzy.run(microfuzzy:17)&#xD;
	at com.kms.katalon.core.main.ScriptEngine.run(ScriptEngine.java:194)&#xD;
	at com.kms.katalon.core.main.ScriptEngine.runScriptAsRawText(ScriptEngine.java:119)&#xD;
	at com.kms.katalon.core.main.TestCaseExecutor.runScript(TestCaseExecutor.java:337)&#xD;
	at com.kms.katalon.core.main.TestCaseExecutor.doExecute(TestCaseExecutor.java:328)&#xD;
	at com.kms.katalon.core.main.TestCaseExecutor.processExecutionPhase(TestCaseExecutor.java:307)&#xD;
	at com.kms.katalon.core.main.TestCaseExecutor.accessMainPhase(TestCaseExecutor.java:299)&#xD;
	at com.kms.katalon.core.main.TestCaseExecutor.execute(TestCaseExecutor.java:233)&#xD;
	at com.kms.katalon.core.main.TestSuiteExecutor.accessTestCaseMainPhase(TestSuiteExecutor.java:133)&#xD;
	at com.kms.katalon.core.main.TestSuiteExecutor.accessTestSuiteMainPhase(TestSuiteExecutor.java:116)&#xD;
	at com.kms.katalon.core.main.TestSuiteExecutor.execute(TestSuiteExecutor.java:83)&#xD;
	at com.kms.katalon.core.main.TestCaseMain.startTestSuite(TestCaseMain.java:157)&#xD;
	at com.kms.katalon.core.main.TestCaseMain$startTestSuite$0.call(Unknown Source)&#xD;
	at TempTestSuite1564044813085.run(TempTestSuite1564044813085.groovy:35)&#xD;
Caused by: org.openqa.selenium.WebDriverException: java.net.ConnectException: Failed to connect to localhost/0:0:0:0:0:0:0:1:38282
Build info: version: '3.141.59', revision: 'e82be7d358', time: '2018-11-14T08:25:53'
System info: host: 'ANTONIO', ip: '169.254.42.39', os.name: 'Windows 10', os.arch: 'amd64', os.version: '10.0', java.version: '1.8.0_181'
Driver info: driver.version: CEdgeDriver&#xD;
	at org.openqa.selenium.remote.service.DriverCommandExecutor.execute(DriverCommandExecutor.java:92)&#xD;
	at org.openqa.selenium.remote.RemoteWebDriver.execute(RemoteWebDriver.java:552)&#xD;
	at com.kms.katalon.selenium.driver.CEdgeDriver.execute(CEdgeDriver.java:21)&#xD;
	at org.openqa.selenium.remote.RemoteWebDriver.startSession(RemoteWebDriver.java:213)&#xD;
	at org.openqa.selenium.remote.RemoteWebDriver.&lt;init&gt;(RemoteWebDriver.java:131)&#xD;
	at org.openqa.selenium.edge.EdgeDriver.&lt;init&gt;(EdgeDriver.java:154)&#xD;
	at com.kms.katalon.selenium.driver.CEdgeDriver.&lt;init&gt;(CEdgeDriver.java:14)&#xD;
	at com.kms.katalon.core.webui.driver.DriverFactory.createNewEdgeDriver(DriverFactory.java:435)&#xD;
	at com.kms.katalon.core.webui.driver.DriverFactory.startNewBrowser(DriverFactory.java:257)&#xD;
	at com.kms.katalon.core.webui.driver.DriverFactory.openWebDriver(DriverFactory.java:191)&#xD;
	at com.kms.katalon.core.webui.keyword.builtin.OpenBrowserKeyword$_openBrowser_closure1.doCall(OpenBrowserKeyword.groovy:74)&#xD;
	at com.kms.katalon.core.webui.keyword.builtin.OpenBrowserKeyword$_openBrowser_closure1.call(OpenBrowserKeyword.groovy)&#xD;
	at com.kms.katalon.core.webui.keyword.internal.WebUIKeywordMain.runKeyword(WebUIKeywordMain.groovy:20)&#xD;
	at com.kms.katalon.core.webui.keyword.builtin.OpenBrowserKeyword.openBrowser(OpenBrowserKeyword.groovy:81)&#xD;
	at com.kms.katalon.core.webui.keyword.builtin.OpenBrowserKeyword.execute(OpenBrowserKeyword.groovy:67)&#xD;
	at com.kms.katalon.core.keyword.internal.KeywordExecutor.executeKeywordForPlatform(KeywordExecutor.groovy:56)&#xD;
	at com.kms.katalon.core.webui.keyword.WebUiBuiltInKeywords.openBrowser(WebUiBuiltInKeywords.groovy:60)&#xD;
	at com.kms.katalon.core.webui.keyword.WebUiBuiltInKeywords$openBrowser.call(Unknown Source)&#xD;
	at Script1564043077799.run(Script1564043077799.groovy:17)&#xD;
	... 13 more&#xD;
Caused by: java.net.ConnectException: Failed to connect to localhost/0:0:0:0:0:0:0:1:38282&#xD;
	at okhttp3.internal.connection.RealConnection.connectSocket(RealConnection.java:247)&#xD;
	at okhttp3.internal.connection.RealConnection.connect(RealConnection.java:165)&#xD;
	at okhttp3.internal.connection.StreamAllocation.findConnection(StreamAllocation.java:257)&#xD;
	at okhttp3.internal.connection.StreamAllocation.findHealthyConnection(StreamAllocation.java:135)&#xD;
	at okhttp3.internal.connection.StreamAllocation.newStream(StreamAllocation.java:114)&#xD;
	at okhttp3.internal.connection.ConnectInterceptor.intercept(ConnectInterceptor.java:42)&#xD;
	at okhttp3.internal.http.RealInterceptorChain.proceed(RealInterceptorChain.java:147)&#xD;
	at okhttp3.internal.http.RealInterceptorChain.proceed(RealInterceptorChain.java:121)&#xD;
	at okhttp3.internal.cache.CacheInterceptor.intercept(CacheInterceptor.java:93)&#xD;
	at okhttp3.internal.http.RealInterceptorChain.proceed(RealInterceptorChain.java:147)&#xD;
	at okhttp3.internal.http.RealInterceptorChain.proceed(RealInterceptorChain.java:121)&#xD;
	at okhttp3.internal.http.BridgeInterceptor.intercept(BridgeInterceptor.java:93)&#xD;
	at okhttp3.internal.http.RealInterceptorChain.proceed(RealInterceptorChain.java:147)&#xD;
	at okhttp3.internal.http.RetryAndFollowUpInterceptor.intercept(RetryAndFollowUpInterceptor.java:126)&#xD;
	at okhttp3.internal.http.RealInterceptorChain.proceed(RealInterceptorChain.java:147)&#xD;
	at okhttp3.internal.http.RealInterceptorChain.proceed(RealInterceptorChain.java:121)&#xD;
	at okhttp3.RealCall.getResponseWithInterceptorChain(RealCall.java:200)&#xD;
	at okhttp3.RealCall.execute(RealCall.java:77)&#xD;
	at org.openqa.selenium.remote.internal.OkHttpClient.execute(OkHttpClient.java:103)&#xD;
	at org.openqa.selenium.remote.ProtocolHandshake.createSession(ProtocolHandshake.java:105)&#xD;
	at org.openqa.selenium.remote.ProtocolHandshake.createSession(ProtocolHandshake.java:74)&#xD;
	at org.openqa.selenium.remote.HttpCommandExecutor.execute(HttpCommandExecutor.java:136)&#xD;
	at org.openqa.selenium.remote.service.DriverCommandExecutor.execute(DriverCommandExecutor.java:83)&#xD;
	... 31 more&#xD;
Caused by: java.net.ConnectException: Connection refused: connect&#xD;
	at okhttp3.internal.platform.Platform.connectSocket(Platform.java:129)&#xD;
	at okhttp3.internal.connection.RealConnection.connectSocket(RealConnection.java:245)&#xD;
	at okhttp3.internal.connection.RealConnection.connect(RealConnection.java:165)&#xD;
	at okhttp3.internal.connection.StreamAllocation.findConnection(StreamAllocation.java:257)&#xD;
	at okhttp3.internal.connection.StreamAllocation.findHealthyConnection(StreamAllocation.java:135)&#xD;
	at okhttp3.internal.connection.StreamAllocation.newStream(StreamAllocation.java:114)&#xD;
	at okhttp3.internal.connection.ConnectInterceptor.intercept(ConnectInterceptor.java:42)&#xD;
	at okhttp3.internal.http.RealInterceptorChain.proceed(RealInterceptorChain.java:147)&#xD;
	at okhttp3.internal.http.RealInterceptorChain.proceed(RealInterceptorChain.java:121)&#xD;
	at okhttp3.internal.cache.CacheInterceptor.intercept(CacheInterceptor.java:93)&#xD;
	at okhttp3.internal.http.RealInterceptorChain.proceed(RealInterceptorChain.java:147)&#xD;
	at okhttp3.internal.http.RealInterceptorChain.proceed(RealInterceptorChain.java:121)&#xD;
	at okhttp3.internal.http.BridgeInterceptor.intercept(BridgeInterceptor.java:93)&#xD;
	at okhttp3.internal.http.RealInterceptorChain.proceed(RealInterceptorChain.java:147)&#xD;
	at okhttp3.internal.http.RetryAndFollowUpInterceptor.intercept(RetryAndFollowUpInterceptor.java:126)&#xD;
	at okhttp3.internal.http.RealInterceptorChain.proceed(RealInterceptorChain.java:147)&#xD;
	at okhttp3.internal.http.RealInterceptorChain.proceed(RealInterceptorChain.java:121)&#xD;
	at okhttp3.RealCall.getResponseWithInterceptorChain(RealCall.java:200)&#xD;
	at okhttp3.RealCall.execute(RealCall.java:77)&#xD;
	at org.openqa.selenium.remote.internal.OkHttpClient.execute(OkHttpClient.java:103)&#xD;
	at org.openqa.selenium.remote.ProtocolHandshake.createSession(ProtocolHandshake.java:105)&#xD;
	at org.openqa.selenium.remote.ProtocolHandshake.createSession(ProtocolHandshake.java:74)&#xD;
	at org.openqa.selenium.remote.HttpCommandExecutor.execute(HttpCommandExecutor.java:136)&#xD;
	at org.openqa.selenium.remote.service.DriverCommandExecutor.execute(DriverCommandExecutor.java:83)&#xD;
	at org.openqa.selenium.remote.RemoteWebDriver.execute(RemoteWebDriver.java:552)&#xD;
	at com.kms.katalon.selenium.driver.CEdgeDriver.execute(CEdgeDriver.java:21)&#xD;
	at org.openqa.selenium.remote.RemoteWebDriver.startSession(RemoteWebDriver.java:213)&#xD;
	at org.openqa.selenium.remote.RemoteWebDriver.&lt;init&gt;(RemoteWebDriver.java:131)&#xD;
	at org.openqa.selenium.edge.EdgeDriver.&lt;init&gt;(EdgeDriver.java:154)&#xD;
	at com.kms.katalon.selenium.driver.CEdgeDriver.&lt;init&gt;(CEdgeDriver.java:14)&#xD;
	at com.kms.katalon.core.webui.driver.DriverFactory.createNewEdgeDriver(DriverFactory.java:435)&#xD;
	at com.kms.katalon.core.webui.driver.DriverFactory.startNewBrowser(DriverFactory.java:257)&#xD;
	at com.kms.katalon.core.webui.driver.DriverFactory.openWebDriver(DriverFactory.java:191)&#xD;
	at com.kms.katalon.core.webui.keyword.builtin.OpenBrowserKeyword$_openBrowser_closure1.doCall(OpenBrowserKeyword.groovy:74)&#xD;
	at com.kms.katalon.core.webui.keyword.builtin.OpenBrowserKeyword$_openBrowser_closure1.call(OpenBrowserKeyword.groovy)&#xD;
	at com.kms.katalon.core.webui.keyword.internal.WebUIKeywordMain.runKeyword(WebUIKeywordMain.groovy:20)&#xD;
	at com.kms.katalon.core.webui.keyword.builtin.OpenBrowserKeyword.openBrowser(OpenBrowserKeyword.groovy:81)&#xD;
	at com.kms.katalon.core.webui.keyword.builtin.OpenBrowserKeyword.execute(OpenBrowserKeyword.groovy:67)&#xD;
	at com.kms.katalon.core.keyword.internal.KeywordExecutor.executeKeywordForPlatform(KeywordExecutor.groovy:56)&#xD;
	at com.kms.katalon.core.webui.keyword.WebUiBuiltInKeywords.openBrowser(WebUiBuiltInKeywords.groovy:60)&#xD;
	at com.kms.katalon.core.webui.keyword.WebUiBuiltInKeywords$openBrowser.call(Unknown Source)&#xD;
	at microfuzzy.run(microfuzzy:17)&#xD;
	... 13 more</system-err>
        </testcase>
        <testcase name="Test Cases/roche" classname="Test Cases/roche" status="FAILED">
            <failure type="FAILED" message="Test Cases/roche FAILED.&#xA;Reason:&#xA;com.kms.katalon.core.exception.StepFailedException: Unable to open browser with url: ''&#xD;&#xA;&#x9;at com.kms.katalon.core.webui.keyword.internal.WebUIKeywordMain.stepFailed(WebUIKeywordMain.groovy:64)&#xD;&#xA;&#x9;at com.kms.katalon.core.webui.keyword.internal.WebUIKeywordMain.runKeyword(WebUIKeywordMain.groovy:26)&#xD;&#xA;&#x9;at com.kms.katalon.core.webui.keyword.builtin.OpenBrowserKeyword.openBrowser(OpenBrowserKeyword.groovy:81)&#xD;&#xA;&#x9;at com.kms.katalon.core.webui.keyword.builtin.OpenBrowserKeyword.execute(OpenBrowserKeyword.groovy:67)&#xD;&#xA;&#x9;at com.kms.katalon.core.keyword.internal.KeywordExecutor.executeKeywordForPlatform(KeywordExecutor.groovy:56)&#xD;&#xA;&#x9;at com.kms.katalon.core.webui.keyword.WebUiBuiltInKeywords.openBrowser(WebUiBuiltInKeywords.groovy:60)&#xD;&#xA;&#x9;at com.kms.katalon.core.webui.keyword.WebUiBuiltInKeywords$openBrowser.call(Unknown Source)&#xD;&#xA;&#x9;at roche.run(roche:17)&#xD;&#xA;&#x9;at com.kms.katalon.core.main.ScriptEngine.run(ScriptEngine.java:194)&#xD;&#xA;&#x9;at com.kms.katalon.core.main.ScriptEngine.runScriptAsRawText(ScriptEngine.java:119)&#xD;&#xA;&#x9;at com.kms.katalon.core.main.TestCaseExecutor.runScript(TestCaseExecutor.java:337)&#xD;&#xA;&#x9;at com.kms.katalon.core.main.TestCaseExecutor.doExecute(TestCaseExecutor.java:328)&#xD;&#xA;&#x9;at com.kms.katalon.core.main.TestCaseExecutor.processExecutionPhase(TestCaseExecutor.java:307)&#xD;&#xA;&#x9;at com.kms.katalon.core.main.TestCaseExecutor.accessMainPhase(TestCaseExecutor.java:299)&#xD;&#xA;&#x9;at com.kms.katalon.core.main.TestCaseExecutor.execute(TestCaseExecutor.java:233)&#xD;&#xA;&#x9;at com.kms.katalon.core.main.TestSuiteExecutor.accessTestCaseMainPhase(TestSuiteExecutor.java:133)&#xD;&#xA;&#x9;at com.kms.katalon.core.main.TestSuiteExecutor.accessTestSuiteMainPhase(TestSuiteExecutor.java:116)&#xD;&#xA;&#x9;at com.kms.katalon.core.main.TestSuiteExecutor.execute(TestSuiteExecutor.java:83)&#xD;&#xA;&#x9;at com.kms.katalon.core.main.TestCaseMain.startTestSuite(TestCaseMain.java:157)&#xD;&#xA;&#x9;at com.kms.katalon.core.main.TestCaseMain$startTestSuite$0.call(Unknown Source)&#xD;&#xA;&#x9;at TempTestSuite1564044813085.run(TempTestSuite1564044813085.groovy:35)&#xD;&#xA;Caused by: org.openqa.selenium.WebDriverException: java.net.ConnectException: Failed to connect to localhost/0:0:0:0:0:0:0:1:38282&#xA;Build info: version: '3.141.59', revision: 'e82be7d358', time: '2018-11-14T08:25:53'&#xA;System info: host: 'ANTONIO', ip: '169.254.42.39', os.name: 'Windows 10', os.arch: 'amd64', os.version: '10.0', java.version: '1.8.0_181'&#xA;Driver info: driver.version: CEdgeDriver&#xD;&#xA;&#x9;at org.openqa.selenium.remote.service.DriverCommandExecutor.execute(DriverCommandExecutor.java:92)&#xD;&#xA;&#x9;at org.openqa.selenium.remote.RemoteWebDriver.execute(RemoteWebDriver.java:552)&#xD;&#xA;&#x9;at com.kms.katalon.selenium.driver.CEdgeDriver.execute(CEdgeDriver.java:21)&#xD;&#xA;&#x9;at org.openqa.selenium.remote.RemoteWebDriver.startSession(RemoteWebDriver.java:213)&#xD;&#xA;&#x9;at org.openqa.selenium.remote.RemoteWebDriver.&lt;init&gt;(RemoteWebDriver.java:131)&#xD;&#xA;&#x9;at org.openqa.selenium.edge.EdgeDriver.&lt;init&gt;(EdgeDriver.java:154)&#xD;&#xA;&#x9;at com.kms.katalon.selenium.driver.CEdgeDriver.&lt;init&gt;(CEdgeDriver.java:14)&#xD;&#xA;&#x9;at com.kms.katalon.core.webui.driver.DriverFactory.createNewEdgeDriver(DriverFactory.java:435)&#xD;&#xA;&#x9;at com.kms.katalon.core.webui.driver.DriverFactory.startNewBrowser(DriverFactory.java:257)&#xD;&#xA;&#x9;at com.kms.katalon.core.webui.driver.DriverFactory.openWebDriver(DriverFactory.java:191)&#xD;&#xA;&#x9;at com.kms.katalon.core.webui.keyword.builtin.OpenBrowserKeyword$_openBrowser_closure1.doCall(OpenBrowserKeyword.groovy:74)&#xD;&#xA;&#x9;at com.kms.katalon.core.webui.keyword.builtin.OpenBrowserKeyword$_openBrowser_closure1.call(OpenBrowserKeyword.groovy)&#xD;&#xA;&#x9;at com.kms.katalon.core.webui.keyword.internal.WebUIKeywordMain.runKeyword(WebUIKeywordMain.groovy:20)&#xD;&#xA;&#x9;at com.kms.katalon.core.webui.keyword.builtin.OpenBrowserKeyword.openBrowser(OpenBrowserKeyword.groovy:81)&#xD;&#xA;&#x9;at com.kms.katalon.core.webui.keyword.builtin.OpenBrowserKeyword.execute(OpenBrowserKeyword.groovy:67)&#xD;&#xA;&#x9;at com.kms.katalon.core.keyword.internal.KeywordExecutor.executeKeywordForPlatform(KeywordExecutor.groovy:56)&#xD;&#xA;&#x9;at com.kms.katalon.core.webui.keyword.WebUiBuiltInKeywords.openBrowser(WebUiBuiltInKeywords.groovy:60)&#xD;&#xA;&#x9;at com.kms.katalon.core.webui.keyword.WebUiBuiltInKeywords$openBrowser.call(Unknown Source)&#xD;&#xA;&#x9;at Script1564043115044.run(Script1564043115044.groovy:17)&#xD;&#xA;&#x9;... 13 more&#xD;&#xA;Caused by: java.net.ConnectException: Failed to connect to localhost/0:0:0:0:0:0:0:1:38282&#xD;&#xA;&#x9;at okhttp3.internal.connection.RealConnection.connectSocket(RealConnection.java:247)&#xD;&#xA;&#x9;at okhttp3.internal.connection.RealConnection.connect(RealConnection.java:165)&#xD;&#xA;&#x9;at okhttp3.internal.connection.StreamAllocation.findConnection(StreamAllocation.java:257)&#xD;&#xA;&#x9;at okhttp3.internal.connection.StreamAllocation.findHealthyConnection(StreamAllocation.java:135)&#xD;&#xA;&#x9;at okhttp3.internal.connection.StreamAllocation.newStream(StreamAllocation.java:114)&#xD;&#xA;&#x9;at okhttp3.internal.connection.ConnectInterceptor.intercept(ConnectInterceptor.java:42)&#xD;&#xA;&#x9;at okhttp3.internal.http.RealInterceptorChain.proceed(RealInterceptorChain.java:147)&#xD;&#xA;&#x9;at okhttp3.internal.http.RealInterceptorChain.proceed(RealInterceptorChain.java:121)&#xD;&#xA;&#x9;at okhttp3.internal.cache.CacheInterceptor.intercept(CacheInterceptor.java:93)&#xD;&#xA;&#x9;at okhttp3.internal.http.RealInterceptorChain.proceed(RealInterceptorChain.java:147)&#xD;&#xA;&#x9;at okhttp3.internal.http.RealInterceptorChain.proceed(RealInterceptorChain.java:121)&#xD;&#xA;&#x9;at okhttp3.internal.http.BridgeInterceptor.intercept(BridgeInterceptor.java:93)&#xD;&#xA;&#x9;at okhttp3.internal.http.RealInterceptorChain.proceed(RealInterceptorChain.java:147)&#xD;&#xA;&#x9;at okhttp3.internal.http.RetryAndFollowUpInterceptor.intercept(RetryAndFollowUpInterceptor.java:126)&#xD;&#xA;&#x9;at okhttp3.internal.http.RealInterceptorChain.proceed(RealInterceptorChain.java:147)&#xD;&#xA;&#x9;at okhttp3.internal.http.RealInterceptorChain.proceed(RealInterceptorChain.java:121)&#xD;&#xA;&#x9;at okhttp3.RealCall.getResponseWithInterceptorChain(RealCall.java:200)&#xD;&#xA;&#x9;at okhttp3.RealCall.execute(RealCall.java:77)&#xD;&#xA;&#x9;at org.openqa.selenium.remote.internal.OkHttpClient.execute(OkHttpClient.java:103)&#xD;&#xA;&#x9;at org.openqa.selenium.remote.ProtocolHandshake.createSession(ProtocolHandshake.java:105)&#xD;&#xA;&#x9;at org.openqa.selenium.remote.ProtocolHandshake.createSession(ProtocolHandshake.java:74)&#xD;&#xA;&#x9;at org.openqa.selenium.remote.HttpCommandExecutor.execute(HttpCommandExecutor.java:136)&#xD;&#xA;&#x9;at org.openqa.selenium.remote.service.DriverCommandExecutor.execute(DriverCommandExecutor.java:83)&#xD;&#xA;&#x9;... 31 more&#xD;&#xA;Caused by: java.net.ConnectException: Connection refused: connect&#xD;&#xA;&#x9;at okhttp3.internal.platform.Platform.connectSocket(Platform.java:129)&#xD;&#xA;&#x9;at okhttp3.internal.connection.RealConnection.connectSocket(RealConnection.java:245)&#xD;&#xA;&#x9;at okhttp3.internal.connection.RealConnection.connect(RealConnection.java:165)&#xD;&#xA;&#x9;at okhttp3.internal.connection.StreamAllocation.findConnection(StreamAllocation.java:257)&#xD;&#xA;&#x9;at okhttp3.internal.connection.StreamAllocation.findHealthyConnection(StreamAllocation.java:135)&#xD;&#xA;&#x9;at okhttp3.internal.connection.StreamAllocation.newStream(StreamAllocation.java:114)&#xD;&#xA;&#x9;at okhttp3.internal.connection.ConnectInterceptor.intercept(ConnectInterceptor.java:42)&#xD;&#xA;&#x9;at okhttp3.internal.http.RealInterceptorChain.proceed(RealInterceptorChain.java:147)&#xD;&#xA;&#x9;at okhttp3.internal.http.RealInterceptorChain.proceed(RealInterceptorChain.java:121)&#xD;&#xA;&#x9;at okhttp3.internal.cache.CacheInterceptor.intercept(CacheInterceptor.java:93)&#xD;&#xA;&#x9;at okhttp3.internal.http.RealInterceptorChain.proceed(RealInterceptorChain.java:147)&#xD;&#xA;&#x9;at okhttp3.internal.http.RealInterceptorChain.proceed(RealInterceptorChain.java:121)&#xD;&#xA;&#x9;at okhttp3.internal.http.BridgeInterceptor.intercept(BridgeInterceptor.java:93)&#xD;&#xA;&#x9;at okhttp3.internal.http.RealInterceptorChain.proceed(RealInterceptorChain.java:147)&#xD;&#xA;&#x9;at okhttp3.internal.http.RetryAndFollowUpInterceptor.intercept(RetryAndFollowUpInterceptor.java:126)&#xD;&#xA;&#x9;at okhttp3.internal.http.RealInterceptorChain.proceed(RealInterceptorChain.java:147)&#xD;&#xA;&#x9;at okhttp3.internal.http.RealInterceptorChain.proceed(RealInterceptorChain.java:121)&#xD;&#xA;&#x9;at okhttp3.RealCall.getResponseWithInterceptorChain(RealCall.java:200)&#xD;&#xA;&#x9;at okhttp3.RealCall.execute(RealCall.java:77)&#xD;&#xA;&#x9;at org.openqa.selenium.remote.internal.OkHttpClient.execute(OkHttpClient.java:103)&#xD;&#xA;&#x9;at org.openqa.selenium.remote.ProtocolHandshake.createSession(ProtocolHandshake.java:105)&#xD;&#xA;&#x9;at org.openqa.selenium.remote.ProtocolHandshake.createSession(ProtocolHandshake.java:74)&#xD;&#xA;&#x9;at org.openqa.selenium.remote.HttpCommandExecutor.execute(HttpCommandExecutor.java:136)&#xD;&#xA;&#x9;at org.openqa.selenium.remote.service.DriverCommandExecutor.execute(DriverCommandExecutor.java:83)&#xD;&#xA;&#x9;at org.openqa.selenium.remote.RemoteWebDriver.execute(RemoteWebDriver.java:552)&#xD;&#xA;&#x9;at com.kms.katalon.selenium.driver.CEdgeDriver.execute(CEdgeDriver.java:21)&#xD;&#xA;&#x9;at org.openqa.selenium.remote.RemoteWebDriver.startSession(RemoteWebDriver.java:213)&#xD;&#xA;&#x9;at org.openqa.selenium.remote.RemoteWebDriver.&lt;init&gt;(RemoteWebDriver.java:131)&#xD;&#xA;&#x9;at org.openqa.selenium.edge.EdgeDriver.&lt;init&gt;(EdgeDriver.java:154)&#xD;&#xA;&#x9;at com.kms.katalon.selenium.driver.CEdgeDriver.&lt;init&gt;(CEdgeDriver.java:14)&#xD;&#xA;&#x9;at com.kms.katalon.core.webui.driver.DriverFactory.createNewEdgeDriver(DriverFactory.java:435)&#xD;&#xA;&#x9;at com.kms.katalon.core.webui.driver.DriverFactory.startNewBrowser(DriverFactory.java:257)&#xD;&#xA;&#x9;at com.kms.katalon.core.webui.driver.DriverFactory.openWebDriver(DriverFactory.java:191)&#xD;&#xA;&#x9;at com.kms.katalon.core.webui.keyword.builtin.OpenBrowserKeyword$_openBrowser_closure1.doCall(OpenBrowserKeyword.groovy:74)&#xD;&#xA;&#x9;at com.kms.katalon.core.webui.keyword.builtin.OpenBrowserKeyword$_openBrowser_closure1.call(OpenBrowserKeyword.groovy)&#xD;&#xA;&#x9;at com.kms.katalon.core.webui.keyword.internal.WebUIKeywordMain.runKeyword(WebUIKeywordMain.groovy:20)&#xD;&#xA;&#x9;at com.kms.katalon.core.webui.keyword.builtin.OpenBrowserKeyword.openBrowser(OpenBrowserKeyword.groovy:81)&#xD;&#xA;&#x9;at com.kms.katalon.core.webui.keyword.builtin.OpenBrowserKeyword.execute(OpenBrowserKeyword.groovy:67)&#xD;&#xA;&#x9;at com.kms.katalon.core.keyword.internal.KeywordExecutor.executeKeywordForPlatform(KeywordExecutor.groovy:56)&#xD;&#xA;&#x9;at com.kms.katalon.core.webui.keyword.WebUiBuiltInKeywords.openBrowser(WebUiBuiltInKeywords.groovy:60)&#xD;&#xA;&#x9;at com.kms.katalon.core.webui.keyword.WebUiBuiltInKeywords$openBrowser.call(Unknown Source)&#xD;&#xA;&#x9;at roche.run(roche:17)&#xD;&#xA;&#x9;... 13 more&#xD;&#xA;"/>
            <system-out>2019-07-25 11:10:03 - [TEST_CASE][FAILED] - Test Cases/roche: Test Cases/roche FAILED.
Reason:
com.kms.katalon.core.exception.StepFailedException: Unable to open browser with url: ''&#xD;
	at com.kms.katalon.core.webui.keyword.internal.WebUIKeywordMain.stepFailed(WebUIKeywordMain.groovy:64)&#xD;
	at com.kms.katalon.core.webui.keyword.internal.WebUIKeywordMain.runKeyword(WebUIKeywordMain.groovy:26)&#xD;
	at com.kms.katalon.core.webui.keyword.builtin.OpenBrowserKeyword.openBrowser(OpenBrowserKeyword.groovy:81)&#xD;
	at com.kms.katalon.core.webui.keyword.builtin.OpenBrowserKeyword.execute(OpenBrowserKeyword.groovy:67)&#xD;
	at com.kms.katalon.core.keyword.internal.KeywordExecutor.executeKeywordForPlatform(KeywordExecutor.groovy:56)&#xD;
	at com.kms.katalon.core.webui.keyword.WebUiBuiltInKeywords.openBrowser(WebUiBuiltInKeywords.groovy:60)&#xD;
	at com.kms.katalon.core.webui.keyword.WebUiBuiltInKeywords$openBrowser.call(Unknown Source)&#xD;
	at roche.run(roche:17)&#xD;
	at com.kms.katalon.core.main.ScriptEngine.run(ScriptEngine.java:194)&#xD;
	at com.kms.katalon.core.main.ScriptEngine.runScriptAsRawText(ScriptEngine.java:119)&#xD;
	at com.kms.katalon.core.main.TestCaseExecutor.runScript(TestCaseExecutor.java:337)&#xD;
	at com.kms.katalon.core.main.TestCaseExecutor.doExecute(TestCaseExecutor.java:328)&#xD;
	at com.kms.katalon.core.main.TestCaseExecutor.processExecutionPhase(TestCaseExecutor.java:307)&#xD;
	at com.kms.katalon.core.main.TestCaseExecutor.accessMainPhase(TestCaseExecutor.java:299)&#xD;
	at com.kms.katalon.core.main.TestCaseExecutor.execute(TestCaseExecutor.java:233)&#xD;
	at com.kms.katalon.core.main.TestSuiteExecutor.accessTestCaseMainPhase(TestSuiteExecutor.java:133)&#xD;
	at com.kms.katalon.core.main.TestSuiteExecutor.accessTestSuiteMainPhase(TestSuiteExecutor.java:116)&#xD;
	at com.kms.katalon.core.main.TestSuiteExecutor.execute(TestSuiteExecutor.java:83)&#xD;
	at com.kms.katalon.core.main.TestCaseMain.startTestSuite(TestCaseMain.java:157)&#xD;
	at com.kms.katalon.core.main.TestCaseMain$startTestSuite$0.call(Unknown Source)&#xD;
	at TempTestSuite1564044813085.run(TempTestSuite1564044813085.groovy:35)&#xD;
Caused by: org.openqa.selenium.WebDriverException: java.net.ConnectException: Failed to connect to localhost/0:0:0:0:0:0:0:1:38282
Build info: version: '3.141.59', revision: 'e82be7d358', time: '2018-11-14T08:25:53'
System info: host: 'ANTONIO', ip: '169.254.42.39', os.name: 'Windows 10', os.arch: 'amd64', os.version: '10.0', java.version: '1.8.0_181'
Driver info: driver.version: CEdgeDriver&#xD;
	at org.openqa.selenium.remote.service.DriverCommandExecutor.execute(DriverCommandExecutor.java:92)&#xD;
	at org.openqa.selenium.remote.RemoteWebDriver.execute(RemoteWebDriver.java:552)&#xD;
	at com.kms.katalon.selenium.driver.CEdgeDriver.execute(CEdgeDriver.java:21)&#xD;
	at org.openqa.selenium.remote.RemoteWebDriver.startSession(RemoteWebDriver.java:213)&#xD;
	at org.openqa.selenium.remote.RemoteWebDriver.&lt;init&gt;(RemoteWebDriver.java:131)&#xD;
	at org.openqa.selenium.edge.EdgeDriver.&lt;init&gt;(EdgeDriver.java:154)&#xD;
	at com.kms.katalon.selenium.driver.CEdgeDriver.&lt;init&gt;(CEdgeDriver.java:14)&#xD;
	at com.kms.katalon.core.webui.driver.DriverFactory.createNewEdgeDriver(DriverFactory.java:435)&#xD;
	at com.kms.katalon.core.webui.driver.DriverFactory.startNewBrowser(DriverFactory.java:257)&#xD;
	at com.kms.katalon.core.webui.driver.DriverFactory.openWebDriver(DriverFactory.java:191)&#xD;
	at com.kms.katalon.core.webui.keyword.builtin.OpenBrowserKeyword$_openBrowser_closure1.doCall(OpenBrowserKeyword.groovy:74)&#xD;
	at com.kms.katalon.core.webui.keyword.builtin.OpenBrowserKeyword$_openBrowser_closure1.call(OpenBrowserKeyword.groovy)&#xD;
	at com.kms.katalon.core.webui.keyword.internal.WebUIKeywordMain.runKeyword(WebUIKeywordMain.groovy:20)&#xD;
	at com.kms.katalon.core.webui.keyword.builtin.OpenBrowserKeyword.openBrowser(OpenBrowserKeyword.groovy:81)&#xD;
	at com.kms.katalon.core.webui.keyword.builtin.OpenBrowserKeyword.execute(OpenBrowserKeyword.groovy:67)&#xD;
	at com.kms.katalon.core.keyword.internal.KeywordExecutor.executeKeywordForPlatform(KeywordExecutor.groovy:56)&#xD;
	at com.kms.katalon.core.webui.keyword.WebUiBuiltInKeywords.openBrowser(WebUiBuiltInKeywords.groovy:60)&#xD;
	at com.kms.katalon.core.webui.keyword.WebUiBuiltInKeywords$openBrowser.call(Unknown Source)&#xD;
	at Script1564043115044.run(Script1564043115044.groovy:17)&#xD;
	... 13 more&#xD;
Caused by: java.net.ConnectException: Failed to connect to localhost/0:0:0:0:0:0:0:1:38282&#xD;
	at okhttp3.internal.connection.RealConnection.connectSocket(RealConnection.java:247)&#xD;
	at okhttp3.internal.connection.RealConnection.connect(RealConnection.java:165)&#xD;
	at okhttp3.internal.connection.StreamAllocation.findConnection(StreamAllocation.java:257)&#xD;
	at okhttp3.internal.connection.StreamAllocation.findHealthyConnection(StreamAllocation.java:135)&#xD;
	at okhttp3.internal.connection.StreamAllocation.newStream(StreamAllocation.java:114)&#xD;
	at okhttp3.internal.connection.ConnectInterceptor.intercept(ConnectInterceptor.java:42)&#xD;
	at okhttp3.internal.http.RealInterceptorChain.proceed(RealInterceptorChain.java:147)&#xD;
	at okhttp3.internal.http.RealInterceptorChain.proceed(RealInterceptorChain.java:121)&#xD;
	at okhttp3.internal.cache.CacheInterceptor.intercept(CacheInterceptor.java:93)&#xD;
	at okhttp3.internal.http.RealInterceptorChain.proceed(RealInterceptorChain.java:147)&#xD;
	at okhttp3.internal.http.RealInterceptorChain.proceed(RealInterceptorChain.java:121)&#xD;
	at okhttp3.internal.http.BridgeInterceptor.intercept(BridgeInterceptor.java:93)&#xD;
	at okhttp3.internal.http.RealInterceptorChain.proceed(RealInterceptorChain.java:147)&#xD;
	at okhttp3.internal.http.RetryAndFollowUpInterceptor.intercept(RetryAndFollowUpInterceptor.java:126)&#xD;
	at okhttp3.internal.http.RealInterceptorChain.proceed(RealInterceptorChain.java:147)&#xD;
	at okhttp3.internal.http.RealInterceptorChain.proceed(RealInterceptorChain.java:121)&#xD;
	at okhttp3.RealCall.getResponseWithInterceptorChain(RealCall.java:200)&#xD;
	at okhttp3.RealCall.execute(RealCall.java:77)&#xD;
	at org.openqa.selenium.remote.internal.OkHttpClient.execute(OkHttpClient.java:103)&#xD;
	at org.openqa.selenium.remote.ProtocolHandshake.createSession(ProtocolHandshake.java:105)&#xD;
	at org.openqa.selenium.remote.ProtocolHandshake.createSession(ProtocolHandshake.java:74)&#xD;
	at org.openqa.selenium.remote.HttpCommandExecutor.execute(HttpCommandExecutor.java:136)&#xD;
	at org.openqa.selenium.remote.service.DriverCommandExecutor.execute(DriverCommandExecutor.java:83)&#xD;
	... 31 more&#xD;
Caused by: java.net.ConnectException: Connection refused: connect&#xD;
	at okhttp3.internal.platform.Platform.connectSocket(Platform.java:129)&#xD;
	at okhttp3.internal.connection.RealConnection.connectSocket(RealConnection.java:245)&#xD;
	at okhttp3.internal.connection.RealConnection.connect(RealConnection.java:165)&#xD;
	at okhttp3.internal.connection.StreamAllocation.findConnection(StreamAllocation.java:257)&#xD;
	at okhttp3.internal.connection.StreamAllocation.findHealthyConnection(StreamAllocation.java:135)&#xD;
	at okhttp3.internal.connection.StreamAllocation.newStream(StreamAllocation.java:114)&#xD;
	at okhttp3.internal.connection.ConnectInterceptor.intercept(ConnectInterceptor.java:42)&#xD;
	at okhttp3.internal.http.RealInterceptorChain.proceed(RealInterceptorChain.java:147)&#xD;
	at okhttp3.internal.http.RealInterceptorChain.proceed(RealInterceptorChain.java:121)&#xD;
	at okhttp3.internal.cache.CacheInterceptor.intercept(CacheInterceptor.java:93)&#xD;
	at okhttp3.internal.http.RealInterceptorChain.proceed(RealInterceptorChain.java:147)&#xD;
	at okhttp3.internal.http.RealInterceptorChain.proceed(RealInterceptorChain.java:121)&#xD;
	at okhttp3.internal.http.BridgeInterceptor.intercept(BridgeInterceptor.java:93)&#xD;
	at okhttp3.internal.http.RealInterceptorChain.proceed(RealInterceptorChain.java:147)&#xD;
	at okhttp3.internal.http.RetryAndFollowUpInterceptor.intercept(RetryAndFollowUpInterceptor.java:126)&#xD;
	at okhttp3.internal.http.RealInterceptorChain.proceed(RealInterceptorChain.java:147)&#xD;
	at okhttp3.internal.http.RealInterceptorChain.proceed(RealInterceptorChain.java:121)&#xD;
	at okhttp3.RealCall.getResponseWithInterceptorChain(RealCall.java:200)&#xD;
	at okhttp3.RealCall.execute(RealCall.java:77)&#xD;
	at org.openqa.selenium.remote.internal.OkHttpClient.execute(OkHttpClient.java:103)&#xD;
	at org.openqa.selenium.remote.ProtocolHandshake.createSession(ProtocolHandshake.java:105)&#xD;
	at org.openqa.selenium.remote.ProtocolHandshake.createSession(ProtocolHandshake.java:74)&#xD;
	at org.openqa.selenium.remote.HttpCommandExecutor.execute(HttpCommandExecutor.java:136)&#xD;
	at org.openqa.selenium.remote.service.DriverCommandExecutor.execute(DriverCommandExecutor.java:83)&#xD;
	at org.openqa.selenium.remote.RemoteWebDriver.execute(RemoteWebDriver.java:552)&#xD;
	at com.kms.katalon.selenium.driver.CEdgeDriver.execute(CEdgeDriver.java:21)&#xD;
	at org.openqa.selenium.remote.RemoteWebDriver.startSession(RemoteWebDriver.java:213)&#xD;
	at org.openqa.selenium.remote.RemoteWebDriver.&lt;init&gt;(RemoteWebDriver.java:131)&#xD;
	at org.openqa.selenium.edge.EdgeDriver.&lt;init&gt;(EdgeDriver.java:154)&#xD;
	at com.kms.katalon.selenium.driver.CEdgeDriver.&lt;init&gt;(CEdgeDriver.java:14)&#xD;
	at com.kms.katalon.core.webui.driver.DriverFactory.createNewEdgeDriver(DriverFactory.java:435)&#xD;
	at com.kms.katalon.core.webui.driver.DriverFactory.startNewBrowser(DriverFactory.java:257)&#xD;
	at com.kms.katalon.core.webui.driver.DriverFactory.openWebDriver(DriverFactory.java:191)&#xD;
	at com.kms.katalon.core.webui.keyword.builtin.OpenBrowserKeyword$_openBrowser_closure1.doCall(OpenBrowserKeyword.groovy:74)&#xD;
	at com.kms.katalon.core.webui.keyword.builtin.OpenBrowserKeyword$_openBrowser_closure1.call(OpenBrowserKeyword.groovy)&#xD;
	at com.kms.katalon.core.webui.keyword.internal.WebUIKeywordMain.runKeyword(WebUIKeywordMain.groovy:20)&#xD;
	at com.kms.katalon.core.webui.keyword.builtin.OpenBrowserKeyword.openBrowser(OpenBrowserKeyword.groovy:81)&#xD;
	at com.kms.katalon.core.webui.keyword.builtin.OpenBrowserKeyword.execute(OpenBrowserKeyword.groovy:67)&#xD;
	at com.kms.katalon.core.keyword.internal.KeywordExecutor.executeKeywordForPlatform(KeywordExecutor.groovy:56)&#xD;
	at com.kms.katalon.core.webui.keyword.WebUiBuiltInKeywords.openBrowser(WebUiBuiltInKeywords.groovy:60)&#xD;
	at com.kms.katalon.core.webui.keyword.WebUiBuiltInKeywords$openBrowser.call(Unknown Source)&#xD;
	at roche.run(roche:17)&#xD;
	... 13 more&#xD;
&#xD;
&#xD;
2019-07-25 11:10:03 - [TEST_STEP][FAILED] - openBrowser(""): Unable to open browser with url: '' (Root cause: com.kms.katalon.core.exception.StepFailedException: Unable to open browser with url: ''&#xD;
	at com.kms.katalon.core.webui.keyword.internal.WebUIKeywordMain.stepFailed(WebUIKeywordMain.groovy:64)&#xD;
	at com.kms.katalon.core.webui.keyword.internal.WebUIKeywordMain.runKeyword(WebUIKeywordMain.groovy:26)&#xD;
	at com.kms.katalon.core.webui.keyword.builtin.OpenBrowserKeyword.openBrowser(OpenBrowserKeyword.groovy:81)&#xD;
	at com.kms.katalon.core.webui.keyword.builtin.OpenBrowserKeyword.execute(OpenBrowserKeyword.groovy:67)&#xD;
	at com.kms.katalon.core.keyword.internal.KeywordExecutor.executeKeywordForPlatform(KeywordExecutor.groovy:56)&#xD;
	at com.kms.katalon.core.webui.keyword.WebUiBuiltInKeywords.openBrowser(WebUiBuiltInKeywords.groovy:60)&#xD;
	at com.kms.katalon.core.webui.keyword.WebUiBuiltInKeywords$openBrowser.call(Unknown Source)&#xD;
	at roche.run(roche:17)&#xD;
	at com.kms.katalon.core.main.ScriptEngine.run(ScriptEngine.java:194)&#xD;
	at com.kms.katalon.core.main.ScriptEngine.runScriptAsRawText(ScriptEngine.java:119)&#xD;
	at com.kms.katalon.core.main.TestCaseExecutor.runScript(TestCaseExecutor.java:337)&#xD;
	at com.kms.katalon.core.main.TestCaseExecutor.doExecute(TestCaseExecutor.java:328)&#xD;
	at com.kms.katalon.core.main.TestCaseExecutor.processExecutionPhase(TestCaseExecutor.java:307)&#xD;
	at com.kms.katalon.core.main.TestCaseExecutor.accessMainPhase(TestCaseExecutor.java:299)&#xD;
	at com.kms.katalon.core.main.TestCaseExecutor.execute(TestCaseExecutor.java:233)&#xD;
	at com.kms.katalon.core.main.TestSuiteExecutor.accessTestCaseMainPhase(TestSuiteExecutor.java:133)&#xD;
	at com.kms.katalon.core.main.TestSuiteExecutor.accessTestSuiteMainPhase(TestSuiteExecutor.java:116)&#xD;
	at com.kms.katalon.core.main.TestSuiteExecutor.execute(TestSuiteExecutor.java:83)&#xD;
	at com.kms.katalon.core.main.TestCaseMain.startTestSuite(TestCaseMain.java:157)&#xD;
	at com.kms.katalon.core.main.TestCaseMain$startTestSuite$0.call(Unknown Source)&#xD;
	at TempTestSuite1564044813085.run(TempTestSuite1564044813085.groovy:35)&#xD;
Caused by: org.openqa.selenium.WebDriverException: java.net.ConnectException: Failed to connect to localhost/0:0:0:0:0:0:0:1:38282
Build info: version: '3.141.59', revision: 'e82be7d358', time: '2018-11-14T08:25:53'
System info: host: 'ANTONIO', ip: '169.254.42.39', os.name: 'Windows 10', os.arch: 'amd64', os.version: '10.0', java.version: '1.8.0_181'
Driver info: driver.version: CEdgeDriver&#xD;
	at org.openqa.selenium.remote.service.DriverCommandExecutor.execute(DriverCommandExecutor.java:92)&#xD;
	at org.openqa.selenium.remote.RemoteWebDriver.execute(RemoteWebDriver.java:552)&#xD;
	at com.kms.katalon.selenium.driver.CEdgeDriver.execute(CEdgeDriver.java:21)&#xD;
	at org.openqa.selenium.remote.RemoteWebDriver.startSession(RemoteWebDriver.java:213)&#xD;
	at org.openqa.selenium.remote.RemoteWebDriver.&lt;init&gt;(RemoteWebDriver.java:131)&#xD;
	at org.openqa.selenium.edge.EdgeDriver.&lt;init&gt;(EdgeDriver.java:154)&#xD;
	at com.kms.katalon.selenium.driver.CEdgeDriver.&lt;init&gt;(CEdgeDriver.java:14)&#xD;
	at com.kms.katalon.core.webui.driver.DriverFactory.createNewEdgeDriver(DriverFactory.java:435)&#xD;
	at com.kms.katalon.core.webui.driver.DriverFactory.startNewBrowser(DriverFactory.java:257)&#xD;
	at com.kms.katalon.core.webui.driver.DriverFactory.openWebDriver(DriverFactory.java:191)&#xD;
	at com.kms.katalon.core.webui.keyword.builtin.OpenBrowserKeyword$_openBrowser_closure1.doCall(OpenBrowserKeyword.groovy:74)&#xD;
	at com.kms.katalon.core.webui.keyword.builtin.OpenBrowserKeyword$_openBrowser_closure1.call(OpenBrowserKeyword.groovy)&#xD;
	at com.kms.katalon.core.webui.keyword.internal.WebUIKeywordMain.runKeyword(WebUIKeywordMain.groovy:20)&#xD;
	at com.kms.katalon.core.webui.keyword.builtin.OpenBrowserKeyword.openBrowser(OpenBrowserKeyword.groovy:81)&#xD;
	at com.kms.katalon.core.webui.keyword.builtin.OpenBrowserKeyword.execute(OpenBrowserKeyword.groovy:67)&#xD;
	at com.kms.katalon.core.keyword.internal.KeywordExecutor.executeKeywordForPlatform(KeywordExecutor.groovy:56)&#xD;
	at com.kms.katalon.core.webui.keyword.WebUiBuiltInKeywords.openBrowser(WebUiBuiltInKeywords.groovy:60)&#xD;
	at com.kms.katalon.core.webui.keyword.WebUiBuiltInKeywords$openBrowser.call(Unknown Source)&#xD;
	at Script1564043115044.run(Script1564043115044.groovy:17)&#xD;
	... 13 more&#xD;
Caused by: java.net.ConnectException: Failed to connect to localhost/0:0:0:0:0:0:0:1:38282&#xD;
	at okhttp3.internal.connection.RealConnection.connectSocket(RealConnection.java:247)&#xD;
	at okhttp3.internal.connection.RealConnection.connect(RealConnection.java:165)&#xD;
	at okhttp3.internal.connection.StreamAllocation.findConnection(StreamAllocation.java:257)&#xD;
	at okhttp3.internal.connection.StreamAllocation.findHealthyConnection(StreamAllocation.java:135)&#xD;
	at okhttp3.internal.connection.StreamAllocation.newStream(StreamAllocation.java:114)&#xD;
	at okhttp3.internal.connection.ConnectInterceptor.intercept(ConnectInterceptor.java:42)&#xD;
	at okhttp3.internal.http.RealInterceptorChain.proceed(RealInterceptorChain.java:147)&#xD;
	at okhttp3.internal.http.RealInterceptorChain.proceed(RealInterceptorChain.java:121)&#xD;
	at okhttp3.internal.cache.CacheInterceptor.intercept(CacheInterceptor.java:93)&#xD;
	at okhttp3.internal.http.RealInterceptorChain.proceed(RealInterceptorChain.java:147)&#xD;
	at okhttp3.internal.http.RealInterceptorChain.proceed(RealInterceptorChain.java:121)&#xD;
	at okhttp3.internal.http.BridgeInterceptor.intercept(BridgeInterceptor.java:93)&#xD;
	at okhttp3.internal.http.RealInterceptorChain.proceed(RealInterceptorChain.java:147)&#xD;
	at okhttp3.internal.http.RetryAndFollowUpInterceptor.intercept(RetryAndFollowUpInterceptor.java:126)&#xD;
	at okhttp3.internal.http.RealInterceptorChain.proceed(RealInterceptorChain.java:147)&#xD;
	at okhttp3.internal.http.RealInterceptorChain.proceed(RealInterceptorChain.java:121)&#xD;
	at okhttp3.RealCall.getResponseWithInterceptorChain(RealCall.java:200)&#xD;
	at okhttp3.RealCall.execute(RealCall.java:77)&#xD;
	at org.openqa.selenium.remote.internal.OkHttpClient.execute(OkHttpClient.java:103)&#xD;
	at org.openqa.selenium.remote.ProtocolHandshake.createSession(ProtocolHandshake.java:105)&#xD;
	at org.openqa.selenium.remote.ProtocolHandshake.createSession(ProtocolHandshake.java:74)&#xD;
	at org.openqa.selenium.remote.HttpCommandExecutor.execute(HttpCommandExecutor.java:136)&#xD;
	at org.openqa.selenium.remote.service.DriverCommandExecutor.execute(DriverCommandExecutor.java:83)&#xD;
	... 31 more&#xD;
Caused by: java.net.ConnectException: Connection refused: connect&#xD;
	at okhttp3.internal.platform.Platform.connectSocket(Platform.java:129)&#xD;
	at okhttp3.internal.connection.RealConnection.connectSocket(RealConnection.java:245)&#xD;
	... 53 more&#xD;
)&#xD;
&#xD;
2019-07-25 11:10:03 - [MESSAGE][INFO] - Starting 'Edge' driver&#xD;
&#xD;
2019-07-25 11:10:05 - [MESSAGE][FAILED] - Unable to open browser with url: '' (Root cause: com.kms.katalon.core.exception.StepFailedException: Unable to open browser with url: ''&#xD;
	at com.kms.katalon.core.webui.keyword.internal.WebUIKeywordMain.stepFailed(WebUIKeywordMain.groovy:64)&#xD;
	at com.kms.katalon.core.webui.keyword.internal.WebUIKeywordMain.runKeyword(WebUIKeywordMain.groovy:26)&#xD;
	at com.kms.katalon.core.webui.keyword.builtin.OpenBrowserKeyword.openBrowser(OpenBrowserKeyword.groovy:81)&#xD;
	at com.kms.katalon.core.webui.keyword.builtin.OpenBrowserKeyword.execute(OpenBrowserKeyword.groovy:67)&#xD;
	at com.kms.katalon.core.keyword.internal.KeywordExecutor.executeKeywordForPlatform(KeywordExecutor.groovy:56)&#xD;
	at com.kms.katalon.core.webui.keyword.WebUiBuiltInKeywords.openBrowser(WebUiBuiltInKeywords.groovy:60)&#xD;
	at com.kms.katalon.core.webui.keyword.WebUiBuiltInKeywords$openBrowser.call(Unknown Source)&#xD;
	at roche.run(roche:17)&#xD;
	at com.kms.katalon.core.main.ScriptEngine.run(ScriptEngine.java:194)&#xD;
	at com.kms.katalon.core.main.ScriptEngine.runScriptAsRawText(ScriptEngine.java:119)&#xD;
	at com.kms.katalon.core.main.TestCaseExecutor.runScript(TestCaseExecutor.java:337)&#xD;
	at com.kms.katalon.core.main.TestCaseExecutor.doExecute(TestCaseExecutor.java:328)&#xD;
	at com.kms.katalon.core.main.TestCaseExecutor.processExecutionPhase(TestCaseExecutor.java:307)&#xD;
	at com.kms.katalon.core.main.TestCaseExecutor.accessMainPhase(TestCaseExecutor.java:299)&#xD;
	at com.kms.katalon.core.main.TestCaseExecutor.execute(TestCaseExecutor.java:233)&#xD;
	at com.kms.katalon.core.main.TestSuiteExecutor.accessTestCaseMainPhase(TestSuiteExecutor.java:133)&#xD;
	at com.kms.katalon.core.main.TestSuiteExecutor.accessTestSuiteMainPhase(TestSuiteExecutor.java:116)&#xD;
	at com.kms.katalon.core.main.TestSuiteExecutor.execute(TestSuiteExecutor.java:83)&#xD;
	at com.kms.katalon.core.main.TestCaseMain.startTestSuite(TestCaseMain.java:157)&#xD;
	at com.kms.katalon.core.main.TestCaseMain$startTestSuite$0.call(Unknown Source)&#xD;
	at TempTestSuite1564044813085.run(TempTestSuite1564044813085.groovy:35)&#xD;
Caused by: org.openqa.selenium.WebDriverException: java.net.ConnectException: Failed to connect to localhost/0:0:0:0:0:0:0:1:38282
Build info: version: '3.141.59', revision: 'e82be7d358', time: '2018-11-14T08:25:53'
System info: host: 'ANTONIO', ip: '169.254.42.39', os.name: 'Windows 10', os.arch: 'amd64', os.version: '10.0', java.version: '1.8.0_181'
Driver info: driver.version: CEdgeDriver&#xD;
	at org.openqa.selenium.remote.service.DriverCommandExecutor.execute(DriverCommandExecutor.java:92)&#xD;
	at org.openqa.selenium.remote.RemoteWebDriver.execute(RemoteWebDriver.java:552)&#xD;
	at com.kms.katalon.selenium.driver.CEdgeDriver.execute(CEdgeDriver.java:21)&#xD;
	at org.openqa.selenium.remote.RemoteWebDriver.startSession(RemoteWebDriver.java:213)&#xD;
	at org.openqa.selenium.remote.RemoteWebDriver.&lt;init&gt;(RemoteWebDriver.java:131)&#xD;
	at org.openqa.selenium.edge.EdgeDriver.&lt;init&gt;(EdgeDriver.java:154)&#xD;
	at com.kms.katalon.selenium.driver.CEdgeDriver.&lt;init&gt;(CEdgeDriver.java:14)&#xD;
	at com.kms.katalon.core.webui.driver.DriverFactory.createNewEdgeDriver(DriverFactory.java:435)&#xD;
	at com.kms.katalon.core.webui.driver.DriverFactory.startNewBrowser(DriverFactory.java:257)&#xD;
	at com.kms.katalon.core.webui.driver.DriverFactory.openWebDriver(DriverFactory.java:191)&#xD;
	at com.kms.katalon.core.webui.keyword.builtin.OpenBrowserKeyword$_openBrowser_closure1.doCall(OpenBrowserKeyword.groovy:74)&#xD;
	at com.kms.katalon.core.webui.keyword.builtin.OpenBrowserKeyword$_openBrowser_closure1.call(OpenBrowserKeyword.groovy)&#xD;
	at com.kms.katalon.core.webui.keyword.internal.WebUIKeywordMain.runKeyword(WebUIKeywordMain.groovy:20)&#xD;
	at com.kms.katalon.core.webui.keyword.builtin.OpenBrowserKeyword.openBrowser(OpenBrowserKeyword.groovy:81)&#xD;
	at com.kms.katalon.core.webui.keyword.builtin.OpenBrowserKeyword.execute(OpenBrowserKeyword.groovy:67)&#xD;
	at com.kms.katalon.core.keyword.internal.KeywordExecutor.executeKeywordForPlatform(KeywordExecutor.groovy:56)&#xD;
	at com.kms.katalon.core.webui.keyword.WebUiBuiltInKeywords.openBrowser(WebUiBuiltInKeywords.groovy:60)&#xD;
	at com.kms.katalon.core.webui.keyword.WebUiBuiltInKeywords$openBrowser.call(Unknown Source)&#xD;
	at Script1564043115044.run(Script1564043115044.groovy:17)&#xD;
	... 13 more&#xD;
Caused by: java.net.ConnectException: Failed to connect to localhost/0:0:0:0:0:0:0:1:38282&#xD;
	at okhttp3.internal.connection.RealConnection.connectSocket(RealConnection.java:247)&#xD;
	at okhttp3.internal.connection.RealConnection.connect(RealConnection.java:165)&#xD;
	at okhttp3.internal.connection.StreamAllocation.findConnection(StreamAllocation.java:257)&#xD;
	at okhttp3.internal.connection.StreamAllocation.findHealthyConnection(StreamAllocation.java:135)&#xD;
	at okhttp3.internal.connection.StreamAllocation.newStream(StreamAllocation.java:114)&#xD;
	at okhttp3.internal.connection.ConnectInterceptor.intercept(ConnectInterceptor.java:42)&#xD;
	at okhttp3.internal.http.RealInterceptorChain.proceed(RealInterceptorChain.java:147)&#xD;
	at okhttp3.internal.http.RealInterceptorChain.proceed(RealInterceptorChain.java:121)&#xD;
	at okhttp3.internal.cache.CacheInterceptor.intercept(CacheInterceptor.java:93)&#xD;
	at okhttp3.internal.http.RealInterceptorChain.proceed(RealInterceptorChain.java:147)&#xD;
	at okhttp3.internal.http.RealInterceptorChain.proceed(RealInterceptorChain.java:121)&#xD;
	at okhttp3.internal.http.BridgeInterceptor.intercept(BridgeInterceptor.java:93)&#xD;
	at okhttp3.internal.http.RealInterceptorChain.proceed(RealInterceptorChain.java:147)&#xD;
	at okhttp3.internal.http.RetryAndFollowUpInterceptor.intercept(RetryAndFollowUpInterceptor.java:126)&#xD;
	at okhttp3.internal.http.RealInterceptorChain.proceed(RealInterceptorChain.java:147)&#xD;
	at okhttp3.internal.http.RealInterceptorChain.proceed(RealInterceptorChain.java:121)&#xD;
	at okhttp3.RealCall.getResponseWithInterceptorChain(RealCall.java:200)&#xD;
	at okhttp3.RealCall.execute(RealCall.java:77)&#xD;
	at org.openqa.selenium.remote.internal.OkHttpClient.execute(OkHttpClient.java:103)&#xD;
	at org.openqa.selenium.remote.ProtocolHandshake.createSession(ProtocolHandshake.java:105)&#xD;
	at org.openqa.selenium.remote.ProtocolHandshake.createSession(ProtocolHandshake.java:74)&#xD;
	at org.openqa.selenium.remote.HttpCommandExecutor.execute(HttpCommandExecutor.java:136)&#xD;
	at org.openqa.selenium.remote.service.DriverCommandExecutor.execute(DriverCommandExecutor.java:83)&#xD;
	... 31 more&#xD;
Caused by: java.net.ConnectException: Connection refused: connect&#xD;
	at okhttp3.internal.platform.Platform.connectSocket(Platform.java:129)&#xD;
	at okhttp3.internal.connection.RealConnection.connectSocket(RealConnection.java:245)&#xD;
	... 53 more&#xD;
)</system-out>
            <system-err>2019-07-25 11:10:03 - [TEST_CASE][FAILED] - Test Cases/roche: Test Cases/roche FAILED.
Reason:
com.kms.katalon.core.exception.StepFailedException: Unable to open browser with url: ''&#xD;
	at com.kms.katalon.core.webui.keyword.internal.WebUIKeywordMain.stepFailed(WebUIKeywordMain.groovy:64)&#xD;
	at com.kms.katalon.core.webui.keyword.internal.WebUIKeywordMain.runKeyword(WebUIKeywordMain.groovy:26)&#xD;
	at com.kms.katalon.core.webui.keyword.builtin.OpenBrowserKeyword.openBrowser(OpenBrowserKeyword.groovy:81)&#xD;
	at com.kms.katalon.core.webui.keyword.builtin.OpenBrowserKeyword.execute(OpenBrowserKeyword.groovy:67)&#xD;
	at com.kms.katalon.core.keyword.internal.KeywordExecutor.executeKeywordForPlatform(KeywordExecutor.groovy:56)&#xD;
	at com.kms.katalon.core.webui.keyword.WebUiBuiltInKeywords.openBrowser(WebUiBuiltInKeywords.groovy:60)&#xD;
	at com.kms.katalon.core.webui.keyword.WebUiBuiltInKeywords$openBrowser.call(Unknown Source)&#xD;
	at roche.run(roche:17)&#xD;
	at com.kms.katalon.core.main.ScriptEngine.run(ScriptEngine.java:194)&#xD;
	at com.kms.katalon.core.main.ScriptEngine.runScriptAsRawText(ScriptEngine.java:119)&#xD;
	at com.kms.katalon.core.main.TestCaseExecutor.runScript(TestCaseExecutor.java:337)&#xD;
	at com.kms.katalon.core.main.TestCaseExecutor.doExecute(TestCaseExecutor.java:328)&#xD;
	at com.kms.katalon.core.main.TestCaseExecutor.processExecutionPhase(TestCaseExecutor.java:307)&#xD;
	at com.kms.katalon.core.main.TestCaseExecutor.accessMainPhase(TestCaseExecutor.java:299)&#xD;
	at com.kms.katalon.core.main.TestCaseExecutor.execute(TestCaseExecutor.java:233)&#xD;
	at com.kms.katalon.core.main.TestSuiteExecutor.accessTestCaseMainPhase(TestSuiteExecutor.java:133)&#xD;
	at com.kms.katalon.core.main.TestSuiteExecutor.accessTestSuiteMainPhase(TestSuiteExecutor.java:116)&#xD;
	at com.kms.katalon.core.main.TestSuiteExecutor.execute(TestSuiteExecutor.java:83)&#xD;
	at com.kms.katalon.core.main.TestCaseMain.startTestSuite(TestCaseMain.java:157)&#xD;
	at com.kms.katalon.core.main.TestCaseMain$startTestSuite$0.call(Unknown Source)&#xD;
	at TempTestSuite1564044813085.run(TempTestSuite1564044813085.groovy:35)&#xD;
Caused by: org.openqa.selenium.WebDriverException: java.net.ConnectException: Failed to connect to localhost/0:0:0:0:0:0:0:1:38282
Build info: version: '3.141.59', revision: 'e82be7d358', time: '2018-11-14T08:25:53'
System info: host: 'ANTONIO', ip: '169.254.42.39', os.name: 'Windows 10', os.arch: 'amd64', os.version: '10.0', java.version: '1.8.0_181'
Driver info: driver.version: CEdgeDriver&#xD;
	at org.openqa.selenium.remote.service.DriverCommandExecutor.execute(DriverCommandExecutor.java:92)&#xD;
	at org.openqa.selenium.remote.RemoteWebDriver.execute(RemoteWebDriver.java:552)&#xD;
	at com.kms.katalon.selenium.driver.CEdgeDriver.execute(CEdgeDriver.java:21)&#xD;
	at org.openqa.selenium.remote.RemoteWebDriver.startSession(RemoteWebDriver.java:213)&#xD;
	at org.openqa.selenium.remote.RemoteWebDriver.&lt;init&gt;(RemoteWebDriver.java:131)&#xD;
	at org.openqa.selenium.edge.EdgeDriver.&lt;init&gt;(EdgeDriver.java:154)&#xD;
	at com.kms.katalon.selenium.driver.CEdgeDriver.&lt;init&gt;(CEdgeDriver.java:14)&#xD;
	at com.kms.katalon.core.webui.driver.DriverFactory.createNewEdgeDriver(DriverFactory.java:435)&#xD;
	at com.kms.katalon.core.webui.driver.DriverFactory.startNewBrowser(DriverFactory.java:257)&#xD;
	at com.kms.katalon.core.webui.driver.DriverFactory.openWebDriver(DriverFactory.java:191)&#xD;
	at com.kms.katalon.core.webui.keyword.builtin.OpenBrowserKeyword$_openBrowser_closure1.doCall(OpenBrowserKeyword.groovy:74)&#xD;
	at com.kms.katalon.core.webui.keyword.builtin.OpenBrowserKeyword$_openBrowser_closure1.call(OpenBrowserKeyword.groovy)&#xD;
	at com.kms.katalon.core.webui.keyword.internal.WebUIKeywordMain.runKeyword(WebUIKeywordMain.groovy:20)&#xD;
	at com.kms.katalon.core.webui.keyword.builtin.OpenBrowserKeyword.openBrowser(OpenBrowserKeyword.groovy:81)&#xD;
	at com.kms.katalon.core.webui.keyword.builtin.OpenBrowserKeyword.execute(OpenBrowserKeyword.groovy:67)&#xD;
	at com.kms.katalon.core.keyword.internal.KeywordExecutor.executeKeywordForPlatform(KeywordExecutor.groovy:56)&#xD;
	at com.kms.katalon.core.webui.keyword.WebUiBuiltInKeywords.openBrowser(WebUiBuiltInKeywords.groovy:60)&#xD;
	at com.kms.katalon.core.webui.keyword.WebUiBuiltInKeywords$openBrowser.call(Unknown Source)&#xD;
	at Script1564043115044.run(Script1564043115044.groovy:17)&#xD;
	... 13 more&#xD;
Caused by: java.net.ConnectException: Failed to connect to localhost/0:0:0:0:0:0:0:1:38282&#xD;
	at okhttp3.internal.connection.RealConnection.connectSocket(RealConnection.java:247)&#xD;
	at okhttp3.internal.connection.RealConnection.connect(RealConnection.java:165)&#xD;
	at okhttp3.internal.connection.StreamAllocation.findConnection(StreamAllocation.java:257)&#xD;
	at okhttp3.internal.connection.StreamAllocation.findHealthyConnection(StreamAllocation.java:135)&#xD;
	at okhttp3.internal.connection.StreamAllocation.newStream(StreamAllocation.java:114)&#xD;
	at okhttp3.internal.connection.ConnectInterceptor.intercept(ConnectInterceptor.java:42)&#xD;
	at okhttp3.internal.http.RealInterceptorChain.proceed(RealInterceptorChain.java:147)&#xD;
	at okhttp3.internal.http.RealInterceptorChain.proceed(RealInterceptorChain.java:121)&#xD;
	at okhttp3.internal.cache.CacheInterceptor.intercept(CacheInterceptor.java:93)&#xD;
	at okhttp3.internal.http.RealInterceptorChain.proceed(RealInterceptorChain.java:147)&#xD;
	at okhttp3.internal.http.RealInterceptorChain.proceed(RealInterceptorChain.java:121)&#xD;
	at okhttp3.internal.http.BridgeInterceptor.intercept(BridgeInterceptor.java:93)&#xD;
	at okhttp3.internal.http.RealInterceptorChain.proceed(RealInterceptorChain.java:147)&#xD;
	at okhttp3.internal.http.RetryAndFollowUpInterceptor.intercept(RetryAndFollowUpInterceptor.java:126)&#xD;
	at okhttp3.internal.http.RealInterceptorChain.proceed(RealInterceptorChain.java:147)&#xD;
	at okhttp3.internal.http.RealInterceptorChain.proceed(RealInterceptorChain.java:121)&#xD;
	at okhttp3.RealCall.getResponseWithInterceptorChain(RealCall.java:200)&#xD;
	at okhttp3.RealCall.execute(RealCall.java:77)&#xD;
	at org.openqa.selenium.remote.internal.OkHttpClient.execute(OkHttpClient.java:103)&#xD;
	at org.openqa.selenium.remote.ProtocolHandshake.createSession(ProtocolHandshake.java:105)&#xD;
	at org.openqa.selenium.remote.ProtocolHandshake.createSession(ProtocolHandshake.java:74)&#xD;
	at org.openqa.selenium.remote.HttpCommandExecutor.execute(HttpCommandExecutor.java:136)&#xD;
	at org.openqa.selenium.remote.service.DriverCommandExecutor.execute(DriverCommandExecutor.java:83)&#xD;
	... 31 more&#xD;
Caused by: java.net.ConnectException: Connection refused: connect&#xD;
	at okhttp3.internal.platform.Platform.connectSocket(Platform.java:129)&#xD;
	at okhttp3.internal.connection.RealConnection.connectSocket(RealConnection.java:245)&#xD;
	at okhttp3.internal.connection.RealConnection.connect(RealConnection.java:165)&#xD;
	at okhttp3.internal.connection.StreamAllocation.findConnection(StreamAllocation.java:257)&#xD;
	at okhttp3.internal.connection.StreamAllocation.findHealthyConnection(StreamAllocation.java:135)&#xD;
	at okhttp3.internal.connection.StreamAllocation.newStream(StreamAllocation.java:114)&#xD;
	at okhttp3.internal.connection.ConnectInterceptor.intercept(ConnectInterceptor.java:42)&#xD;
	at okhttp3.internal.http.RealInterceptorChain.proceed(RealInterceptorChain.java:147)&#xD;
	at okhttp3.internal.http.RealInterceptorChain.proceed(RealInterceptorChain.java:121)&#xD;
	at okhttp3.internal.cache.CacheInterceptor.intercept(CacheInterceptor.java:93)&#xD;
	at okhttp3.internal.http.RealInterceptorChain.proceed(RealInterceptorChain.java:147)&#xD;
	at okhttp3.internal.http.RealInterceptorChain.proceed(RealInterceptorChain.java:121)&#xD;
	at okhttp3.internal.http.BridgeInterceptor.intercept(BridgeInterceptor.java:93)&#xD;
	at okhttp3.internal.http.RealInterceptorChain.proceed(RealInterceptorChain.java:147)&#xD;
	at okhttp3.internal.http.RetryAndFollowUpInterceptor.intercept(RetryAndFollowUpInterceptor.java:126)&#xD;
	at okhttp3.internal.http.RealInterceptorChain.proceed(RealInterceptorChain.java:147)&#xD;
	at okhttp3.internal.http.RealInterceptorChain.proceed(RealInterceptorChain.java:121)&#xD;
	at okhttp3.RealCall.getResponseWithInterceptorChain(RealCall.java:200)&#xD;
	at okhttp3.RealCall.execute(RealCall.java:77)&#xD;
	at org.openqa.selenium.remote.internal.OkHttpClient.execute(OkHttpClient.java:103)&#xD;
	at org.openqa.selenium.remote.ProtocolHandshake.createSession(ProtocolHandshake.java:105)&#xD;
	at org.openqa.selenium.remote.ProtocolHandshake.createSession(ProtocolHandshake.java:74)&#xD;
	at org.openqa.selenium.remote.HttpCommandExecutor.execute(HttpCommandExecutor.java:136)&#xD;
	at org.openqa.selenium.remote.service.DriverCommandExecutor.execute(DriverCommandExecutor.java:83)&#xD;
	at org.openqa.selenium.remote.RemoteWebDriver.execute(RemoteWebDriver.java:552)&#xD;
	at com.kms.katalon.selenium.driver.CEdgeDriver.execute(CEdgeDriver.java:21)&#xD;
	at org.openqa.selenium.remote.RemoteWebDriver.startSession(RemoteWebDriver.java:213)&#xD;
	at org.openqa.selenium.remote.RemoteWebDriver.&lt;init&gt;(RemoteWebDriver.java:131)&#xD;
	at org.openqa.selenium.edge.EdgeDriver.&lt;init&gt;(EdgeDriver.java:154)&#xD;
	at com.kms.katalon.selenium.driver.CEdgeDriver.&lt;init&gt;(CEdgeDriver.java:14)&#xD;
	at com.kms.katalon.core.webui.driver.DriverFactory.createNewEdgeDriver(DriverFactory.java:435)&#xD;
	at com.kms.katalon.core.webui.driver.DriverFactory.startNewBrowser(DriverFactory.java:257)&#xD;
	at com.kms.katalon.core.webui.driver.DriverFactory.openWebDriver(DriverFactory.java:191)&#xD;
	at com.kms.katalon.core.webui.keyword.builtin.OpenBrowserKeyword$_openBrowser_closure1.doCall(OpenBrowserKeyword.groovy:74)&#xD;
	at com.kms.katalon.core.webui.keyword.builtin.OpenBrowserKeyword$_openBrowser_closure1.call(OpenBrowserKeyword.groovy)&#xD;
	at com.kms.katalon.core.webui.keyword.internal.WebUIKeywordMain.runKeyword(WebUIKeywordMain.groovy:20)&#xD;
	at com.kms.katalon.core.webui.keyword.builtin.OpenBrowserKeyword.openBrowser(OpenBrowserKeyword.groovy:81)&#xD;
	at com.kms.katalon.core.webui.keyword.builtin.OpenBrowserKeyword.execute(OpenBrowserKeyword.groovy:67)&#xD;
	at com.kms.katalon.core.keyword.internal.KeywordExecutor.executeKeywordForPlatform(KeywordExecutor.groovy:56)&#xD;
	at com.kms.katalon.core.webui.keyword.WebUiBuiltInKeywords.openBrowser(WebUiBuiltInKeywords.groovy:60)&#xD;
	at com.kms.katalon.core.webui.keyword.WebUiBuiltInKeywords$openBrowser.call(Unknown Source)&#xD;
	at roche.run(roche:17)&#xD;
	... 13 more</system-err>
        </testcase>
        <testcase name="Test Cases/roomit" classname="Test Cases/roomit" status="FAILED">
            <failure type="FAILED" message="Test Cases/roomit FAILED.&#xA;Reason:&#xA;com.kms.katalon.core.exception.StepFailedException: Unable to open browser with url: ''&#xD;&#xA;&#x9;at com.kms.katalon.core.webui.keyword.internal.WebUIKeywordMain.stepFailed(WebUIKeywordMain.groovy:64)&#xD;&#xA;&#x9;at com.kms.katalon.core.webui.keyword.internal.WebUIKeywordMain.runKeyword(WebUIKeywordMain.groovy:26)&#xD;&#xA;&#x9;at com.kms.katalon.core.webui.keyword.builtin.OpenBrowserKeyword.openBrowser(OpenBrowserKeyword.groovy:81)&#xD;&#xA;&#x9;at com.kms.katalon.core.webui.keyword.builtin.OpenBrowserKeyword.execute(OpenBrowserKeyword.groovy:67)&#xD;&#xA;&#x9;at com.kms.katalon.core.keyword.internal.KeywordExecutor.executeKeywordForPlatform(KeywordExecutor.groovy:56)&#xD;&#xA;&#x9;at com.kms.katalon.core.webui.keyword.WebUiBuiltInKeywords.openBrowser(WebUiBuiltInKeywords.groovy:60)&#xD;&#xA;&#x9;at com.kms.katalon.core.webui.keyword.WebUiBuiltInKeywords$openBrowser.call(Unknown Source)&#xD;&#xA;&#x9;at roomit.run(roomit:17)&#xD;&#xA;&#x9;at com.kms.katalon.core.main.ScriptEngine.run(ScriptEngine.java:194)&#xD;&#xA;&#x9;at com.kms.katalon.core.main.ScriptEngine.runScriptAsRawText(ScriptEngine.java:119)&#xD;&#xA;&#x9;at com.kms.katalon.core.main.TestCaseExecutor.runScript(TestCaseExecutor.java:337)&#xD;&#xA;&#x9;at com.kms.katalon.core.main.TestCaseExecutor.doExecute(TestCaseExecutor.java:328)&#xD;&#xA;&#x9;at com.kms.katalon.core.main.TestCaseExecutor.processExecutionPhase(TestCaseExecutor.java:307)&#xD;&#xA;&#x9;at com.kms.katalon.core.main.TestCaseExecutor.accessMainPhase(TestCaseExecutor.java:299)&#xD;&#xA;&#x9;at com.kms.katalon.core.main.TestCaseExecutor.execute(TestCaseExecutor.java:233)&#xD;&#xA;&#x9;at com.kms.katalon.core.main.TestSuiteExecutor.accessTestCaseMainPhase(TestSuiteExecutor.java:133)&#xD;&#xA;&#x9;at com.kms.katalon.core.main.TestSuiteExecutor.accessTestSuiteMainPhase(TestSuiteExecutor.java:116)&#xD;&#xA;&#x9;at com.kms.katalon.core.main.TestSuiteExecutor.execute(TestSuiteExecutor.java:83)&#xD;&#xA;&#x9;at com.kms.katalon.core.main.TestCaseMain.startTestSuite(TestCaseMain.java:157)&#xD;&#xA;&#x9;at com.kms.katalon.core.main.TestCaseMain$startTestSuite$0.call(Unknown Source)&#xD;&#xA;&#x9;at TempTestSuite1564044813085.run(TempTestSuite1564044813085.groovy:35)&#xD;&#xA;Caused by: org.openqa.selenium.WebDriverException: java.net.ConnectException: Failed to connect to localhost/0:0:0:0:0:0:0:1:38282&#xA;Build info: version: '3.141.59', revision: 'e82be7d358', time: '2018-11-14T08:25:53'&#xA;System info: host: 'ANTONIO', ip: '169.254.42.39', os.name: 'Windows 10', os.arch: 'amd64', os.version: '10.0', java.version: '1.8.0_181'&#xA;Driver info: driver.version: CEdgeDriver&#xD;&#xA;&#x9;at org.openqa.selenium.remote.service.DriverCommandExecutor.execute(DriverCommandExecutor.java:92)&#xD;&#xA;&#x9;at org.openqa.selenium.remote.RemoteWebDriver.execute(RemoteWebDriver.java:552)&#xD;&#xA;&#x9;at com.kms.katalon.selenium.driver.CEdgeDriver.execute(CEdgeDriver.java:21)&#xD;&#xA;&#x9;at org.openqa.selenium.remote.RemoteWebDriver.startSession(RemoteWebDriver.java:213)&#xD;&#xA;&#x9;at org.openqa.selenium.remote.RemoteWebDriver.&lt;init&gt;(RemoteWebDriver.java:131)&#xD;&#xA;&#x9;at org.openqa.selenium.edge.EdgeDriver.&lt;init&gt;(EdgeDriver.java:154)&#xD;&#xA;&#x9;at com.kms.katalon.selenium.driver.CEdgeDriver.&lt;init&gt;(CEdgeDriver.java:14)&#xD;&#xA;&#x9;at com.kms.katalon.core.webui.driver.DriverFactory.createNewEdgeDriver(DriverFactory.java:435)&#xD;&#xA;&#x9;at com.kms.katalon.core.webui.driver.DriverFactory.startNewBrowser(DriverFactory.java:257)&#xD;&#xA;&#x9;at com.kms.katalon.core.webui.driver.DriverFactory.openWebDriver(DriverFactory.java:191)&#xD;&#xA;&#x9;at com.kms.katalon.core.webui.keyword.builtin.OpenBrowserKeyword$_openBrowser_closure1.doCall(OpenBrowserKeyword.groovy:74)&#xD;&#xA;&#x9;at com.kms.katalon.core.webui.keyword.builtin.OpenBrowserKeyword$_openBrowser_closure1.call(OpenBrowserKeyword.groovy)&#xD;&#xA;&#x9;at com.kms.katalon.core.webui.keyword.internal.WebUIKeywordMain.runKeyword(WebUIKeywordMain.groovy:20)&#xD;&#xA;&#x9;at com.kms.katalon.core.webui.keyword.builtin.OpenBrowserKeyword.openBrowser(OpenBrowserKeyword.groovy:81)&#xD;&#xA;&#x9;at com.kms.katalon.core.webui.keyword.builtin.OpenBrowserKeyword.execute(OpenBrowserKeyword.groovy:67)&#xD;&#xA;&#x9;at com.kms.katalon.core.keyword.internal.KeywordExecutor.executeKeywordForPlatform(KeywordExecutor.groovy:56)&#xD;&#xA;&#x9;at com.kms.katalon.core.webui.keyword.WebUiBuiltInKeywords.openBrowser(WebUiBuiltInKeywords.groovy:60)&#xD;&#xA;&#x9;at com.kms.katalon.core.webui.keyword.WebUiBuiltInKeywords$openBrowser.call(Unknown Source)&#xD;&#xA;&#x9;at Script1564043137330.run(Script1564043137330.groovy:17)&#xD;&#xA;&#x9;... 13 more&#xD;&#xA;Caused by: java.net.ConnectException: Failed to connect to localhost/0:0:0:0:0:0:0:1:38282&#xD;&#xA;&#x9;at okhttp3.internal.connection.RealConnection.connectSocket(RealConnection.java:247)&#xD;&#xA;&#x9;at okhttp3.internal.connection.RealConnection.connect(RealConnection.java:165)&#xD;&#xA;&#x9;at okhttp3.internal.connection.StreamAllocation.findConnection(StreamAllocation.java:257)&#xD;&#xA;&#x9;at okhttp3.internal.connection.StreamAllocation.findHealthyConnection(StreamAllocation.java:135)&#xD;&#xA;&#x9;at okhttp3.internal.connection.StreamAllocation.newStream(StreamAllocation.java:114)&#xD;&#xA;&#x9;at okhttp3.internal.connection.ConnectInterceptor.intercept(ConnectInterceptor.java:42)&#xD;&#xA;&#x9;at okhttp3.internal.http.RealInterceptorChain.proceed(RealInterceptorChain.java:147)&#xD;&#xA;&#x9;at okhttp3.internal.http.RealInterceptorChain.proceed(RealInterceptorChain.java:121)&#xD;&#xA;&#x9;at okhttp3.internal.cache.CacheInterceptor.intercept(CacheInterceptor.java:93)&#xD;&#xA;&#x9;at okhttp3.internal.http.RealInterceptorChain.proceed(RealInterceptorChain.java:147)&#xD;&#xA;&#x9;at okhttp3.internal.http.RealInterceptorChain.proceed(RealInterceptorChain.java:121)&#xD;&#xA;&#x9;at okhttp3.internal.http.BridgeInterceptor.intercept(BridgeInterceptor.java:93)&#xD;&#xA;&#x9;at okhttp3.internal.http.RealInterceptorChain.proceed(RealInterceptorChain.java:147)&#xD;&#xA;&#x9;at okhttp3.internal.http.RetryAndFollowUpInterceptor.intercept(RetryAndFollowUpInterceptor.java:126)&#xD;&#xA;&#x9;at okhttp3.internal.http.RealInterceptorChain.proceed(RealInterceptorChain.java:147)&#xD;&#xA;&#x9;at okhttp3.internal.http.RealInterceptorChain.proceed(RealInterceptorChain.java:121)&#xD;&#xA;&#x9;at okhttp3.RealCall.getResponseWithInterceptorChain(RealCall.java:200)&#xD;&#xA;&#x9;at okhttp3.RealCall.execute(RealCall.java:77)&#xD;&#xA;&#x9;at org.openqa.selenium.remote.internal.OkHttpClient.execute(OkHttpClient.java:103)&#xD;&#xA;&#x9;at org.openqa.selenium.remote.ProtocolHandshake.createSession(ProtocolHandshake.java:105)&#xD;&#xA;&#x9;at org.openqa.selenium.remote.ProtocolHandshake.createSession(ProtocolHandshake.java:74)&#xD;&#xA;&#x9;at org.openqa.selenium.remote.HttpCommandExecutor.execute(HttpCommandExecutor.java:136)&#xD;&#xA;&#x9;at org.openqa.selenium.remote.service.DriverCommandExecutor.execute(DriverCommandExecutor.java:83)&#xD;&#xA;&#x9;... 31 more&#xD;&#xA;Caused by: java.net.ConnectException: Connection refused: connect&#xD;&#xA;&#x9;at okhttp3.internal.platform.Platform.connectSocket(Platform.java:129)&#xD;&#xA;&#x9;at okhttp3.internal.connection.RealConnection.connectSocket(RealConnection.java:245)&#xD;&#xA;&#x9;at okhttp3.internal.connection.RealConnection.connect(RealConnection.java:165)&#xD;&#xA;&#x9;at okhttp3.internal.connection.StreamAllocation.findConnection(StreamAllocation.java:257)&#xD;&#xA;&#x9;at okhttp3.internal.connection.StreamAllocation.findHealthyConnection(StreamAllocation.java:135)&#xD;&#xA;&#x9;at okhttp3.internal.connection.StreamAllocation.newStream(StreamAllocation.java:114)&#xD;&#xA;&#x9;at okhttp3.internal.connection.ConnectInterceptor.intercept(ConnectInterceptor.java:42)&#xD;&#xA;&#x9;at okhttp3.internal.http.RealInterceptorChain.proceed(RealInterceptorChain.java:147)&#xD;&#xA;&#x9;at okhttp3.internal.http.RealInterceptorChain.proceed(RealInterceptorChain.java:121)&#xD;&#xA;&#x9;at okhttp3.internal.cache.CacheInterceptor.intercept(CacheInterceptor.java:93)&#xD;&#xA;&#x9;at okhttp3.internal.http.RealInterceptorChain.proceed(RealInterceptorChain.java:147)&#xD;&#xA;&#x9;at okhttp3.internal.http.RealInterceptorChain.proceed(RealInterceptorChain.java:121)&#xD;&#xA;&#x9;at okhttp3.internal.http.BridgeInterceptor.intercept(BridgeInterceptor.java:93)&#xD;&#xA;&#x9;at okhttp3.internal.http.RealInterceptorChain.proceed(RealInterceptorChain.java:147)&#xD;&#xA;&#x9;at okhttp3.internal.http.RetryAndFollowUpInterceptor.intercept(RetryAndFollowUpInterceptor.java:126)&#xD;&#xA;&#x9;at okhttp3.internal.http.RealInterceptorChain.proceed(RealInterceptorChain.java:147)&#xD;&#xA;&#x9;at okhttp3.internal.http.RealInterceptorChain.proceed(RealInterceptorChain.java:121)&#xD;&#xA;&#x9;at okhttp3.RealCall.getResponseWithInterceptorChain(RealCall.java:200)&#xD;&#xA;&#x9;at okhttp3.RealCall.execute(RealCall.java:77)&#xD;&#xA;&#x9;at org.openqa.selenium.remote.internal.OkHttpClient.execute(OkHttpClient.java:103)&#xD;&#xA;&#x9;at org.openqa.selenium.remote.ProtocolHandshake.createSession(ProtocolHandshake.java:105)&#xD;&#xA;&#x9;at org.openqa.selenium.remote.ProtocolHandshake.createSession(ProtocolHandshake.java:74)&#xD;&#xA;&#x9;at org.openqa.selenium.remote.HttpCommandExecutor.execute(HttpCommandExecutor.java:136)&#xD;&#xA;&#x9;at org.openqa.selenium.remote.service.DriverCommandExecutor.execute(DriverCommandExecutor.java:83)&#xD;&#xA;&#x9;at org.openqa.selenium.remote.RemoteWebDriver.execute(RemoteWebDriver.java:552)&#xD;&#xA;&#x9;at com.kms.katalon.selenium.driver.CEdgeDriver.execute(CEdgeDriver.java:21)&#xD;&#xA;&#x9;at org.openqa.selenium.remote.RemoteWebDriver.startSession(RemoteWebDriver.java:213)&#xD;&#xA;&#x9;at org.openqa.selenium.remote.RemoteWebDriver.&lt;init&gt;(RemoteWebDriver.java:131)&#xD;&#xA;&#x9;at org.openqa.selenium.edge.EdgeDriver.&lt;init&gt;(EdgeDriver.java:154)&#xD;&#xA;&#x9;at com.kms.katalon.selenium.driver.CEdgeDriver.&lt;init&gt;(CEdgeDriver.java:14)&#xD;&#xA;&#x9;at com.kms.katalon.core.webui.driver.DriverFactory.createNewEdgeDriver(DriverFactory.java:435)&#xD;&#xA;&#x9;at com.kms.katalon.core.webui.driver.DriverFactory.startNewBrowser(DriverFactory.java:257)&#xD;&#xA;&#x9;at com.kms.katalon.core.webui.driver.DriverFactory.openWebDriver(DriverFactory.java:191)&#xD;&#xA;&#x9;at com.kms.katalon.core.webui.keyword.builtin.OpenBrowserKeyword$_openBrowser_closure1.doCall(OpenBrowserKeyword.groovy:74)&#xD;&#xA;&#x9;at com.kms.katalon.core.webui.keyword.builtin.OpenBrowserKeyword$_openBrowser_closure1.call(OpenBrowserKeyword.groovy)&#xD;&#xA;&#x9;at com.kms.katalon.core.webui.keyword.internal.WebUIKeywordMain.runKeyword(WebUIKeywordMain.groovy:20)&#xD;&#xA;&#x9;at com.kms.katalon.core.webui.keyword.builtin.OpenBrowserKeyword.openBrowser(OpenBrowserKeyword.groovy:81)&#xD;&#xA;&#x9;at com.kms.katalon.core.webui.keyword.builtin.OpenBrowserKeyword.execute(OpenBrowserKeyword.groovy:67)&#xD;&#xA;&#x9;at com.kms.katalon.core.keyword.internal.KeywordExecutor.executeKeywordForPlatform(KeywordExecutor.groovy:56)&#xD;&#xA;&#x9;at com.kms.katalon.core.webui.keyword.WebUiBuiltInKeywords.openBrowser(WebUiBuiltInKeywords.groovy:60)&#xD;&#xA;&#x9;at com.kms.katalon.core.webui.keyword.WebUiBuiltInKeywords$openBrowser.call(Unknown Source)&#xD;&#xA;&#x9;at roomit.run(roomit:17)&#xD;&#xA;&#x9;... 13 more&#xD;&#xA;"/>
            <system-out>2019-07-25 11:10:05 - [TEST_CASE][FAILED] - Test Cases/roomit: Test Cases/roomit FAILED.
Reason:
com.kms.katalon.core.exception.StepFailedException: Unable to open browser with url: ''&#xD;
	at com.kms.katalon.core.webui.keyword.internal.WebUIKeywordMain.stepFailed(WebUIKeywordMain.groovy:64)&#xD;
	at com.kms.katalon.core.webui.keyword.internal.WebUIKeywordMain.runKeyword(WebUIKeywordMain.groovy:26)&#xD;
	at com.kms.katalon.core.webui.keyword.builtin.OpenBrowserKeyword.openBrowser(OpenBrowserKeyword.groovy:81)&#xD;
	at com.kms.katalon.core.webui.keyword.builtin.OpenBrowserKeyword.execute(OpenBrowserKeyword.groovy:67)&#xD;
	at com.kms.katalon.core.keyword.internal.KeywordExecutor.executeKeywordForPlatform(KeywordExecutor.groovy:56)&#xD;
	at com.kms.katalon.core.webui.keyword.WebUiBuiltInKeywords.openBrowser(WebUiBuiltInKeywords.groovy:60)&#xD;
	at com.kms.katalon.core.webui.keyword.WebUiBuiltInKeywords$openBrowser.call(Unknown Source)&#xD;
	at roomit.run(roomit:17)&#xD;
	at com.kms.katalon.core.main.ScriptEngine.run(ScriptEngine.java:194)&#xD;
	at com.kms.katalon.core.main.ScriptEngine.runScriptAsRawText(ScriptEngine.java:119)&#xD;
	at com.kms.katalon.core.main.TestCaseExecutor.runScript(TestCaseExecutor.java:337)&#xD;
	at com.kms.katalon.core.main.TestCaseExecutor.doExecute(TestCaseExecutor.java:328)&#xD;
	at com.kms.katalon.core.main.TestCaseExecutor.processExecutionPhase(TestCaseExecutor.java:307)&#xD;
	at com.kms.katalon.core.main.TestCaseExecutor.accessMainPhase(TestCaseExecutor.java:299)&#xD;
	at com.kms.katalon.core.main.TestCaseExecutor.execute(TestCaseExecutor.java:233)&#xD;
	at com.kms.katalon.core.main.TestSuiteExecutor.accessTestCaseMainPhase(TestSuiteExecutor.java:133)&#xD;
	at com.kms.katalon.core.main.TestSuiteExecutor.accessTestSuiteMainPhase(TestSuiteExecutor.java:116)&#xD;
	at com.kms.katalon.core.main.TestSuiteExecutor.execute(TestSuiteExecutor.java:83)&#xD;
	at com.kms.katalon.core.main.TestCaseMain.startTestSuite(TestCaseMain.java:157)&#xD;
	at com.kms.katalon.core.main.TestCaseMain$startTestSuite$0.call(Unknown Source)&#xD;
	at TempTestSuite1564044813085.run(TempTestSuite1564044813085.groovy:35)&#xD;
Caused by: org.openqa.selenium.WebDriverException: java.net.ConnectException: Failed to connect to localhost/0:0:0:0:0:0:0:1:38282
Build info: version: '3.141.59', revision: 'e82be7d358', time: '2018-11-14T08:25:53'
System info: host: 'ANTONIO', ip: '169.254.42.39', os.name: 'Windows 10', os.arch: 'amd64', os.version: '10.0', java.version: '1.8.0_181'
Driver info: driver.version: CEdgeDriver&#xD;
	at org.openqa.selenium.remote.service.DriverCommandExecutor.execute(DriverCommandExecutor.java:92)&#xD;
	at org.openqa.selenium.remote.RemoteWebDriver.execute(RemoteWebDriver.java:552)&#xD;
	at com.kms.katalon.selenium.driver.CEdgeDriver.execute(CEdgeDriver.java:21)&#xD;
	at org.openqa.selenium.remote.RemoteWebDriver.startSession(RemoteWebDriver.java:213)&#xD;
	at org.openqa.selenium.remote.RemoteWebDriver.&lt;init&gt;(RemoteWebDriver.java:131)&#xD;
	at org.openqa.selenium.edge.EdgeDriver.&lt;init&gt;(EdgeDriver.java:154)&#xD;
	at com.kms.katalon.selenium.driver.CEdgeDriver.&lt;init&gt;(CEdgeDriver.java:14)&#xD;
	at com.kms.katalon.core.webui.driver.DriverFactory.createNewEdgeDriver(DriverFactory.java:435)&#xD;
	at com.kms.katalon.core.webui.driver.DriverFactory.startNewBrowser(DriverFactory.java:257)&#xD;
	at com.kms.katalon.core.webui.driver.DriverFactory.openWebDriver(DriverFactory.java:191)&#xD;
	at com.kms.katalon.core.webui.keyword.builtin.OpenBrowserKeyword$_openBrowser_closure1.doCall(OpenBrowserKeyword.groovy:74)&#xD;
	at com.kms.katalon.core.webui.keyword.builtin.OpenBrowserKeyword$_openBrowser_closure1.call(OpenBrowserKeyword.groovy)&#xD;
	at com.kms.katalon.core.webui.keyword.internal.WebUIKeywordMain.runKeyword(WebUIKeywordMain.groovy:20)&#xD;
	at com.kms.katalon.core.webui.keyword.builtin.OpenBrowserKeyword.openBrowser(OpenBrowserKeyword.groovy:81)&#xD;
	at com.kms.katalon.core.webui.keyword.builtin.OpenBrowserKeyword.execute(OpenBrowserKeyword.groovy:67)&#xD;
	at com.kms.katalon.core.keyword.internal.KeywordExecutor.executeKeywordForPlatform(KeywordExecutor.groovy:56)&#xD;
	at com.kms.katalon.core.webui.keyword.WebUiBuiltInKeywords.openBrowser(WebUiBuiltInKeywords.groovy:60)&#xD;
	at com.kms.katalon.core.webui.keyword.WebUiBuiltInKeywords$openBrowser.call(Unknown Source)&#xD;
	at Script1564043137330.run(Script1564043137330.groovy:17)&#xD;
	... 13 more&#xD;
Caused by: java.net.ConnectException: Failed to connect to localhost/0:0:0:0:0:0:0:1:38282&#xD;
	at okhttp3.internal.connection.RealConnection.connectSocket(RealConnection.java:247)&#xD;
	at okhttp3.internal.connection.RealConnection.connect(RealConnection.java:165)&#xD;
	at okhttp3.internal.connection.StreamAllocation.findConnection(StreamAllocation.java:257)&#xD;
	at okhttp3.internal.connection.StreamAllocation.findHealthyConnection(StreamAllocation.java:135)&#xD;
	at okhttp3.internal.connection.StreamAllocation.newStream(StreamAllocation.java:114)&#xD;
	at okhttp3.internal.connection.ConnectInterceptor.intercept(ConnectInterceptor.java:42)&#xD;
	at okhttp3.internal.http.RealInterceptorChain.proceed(RealInterceptorChain.java:147)&#xD;
	at okhttp3.internal.http.RealInterceptorChain.proceed(RealInterceptorChain.java:121)&#xD;
	at okhttp3.internal.cache.CacheInterceptor.intercept(CacheInterceptor.java:93)&#xD;
	at okhttp3.internal.http.RealInterceptorChain.proceed(RealInterceptorChain.java:147)&#xD;
	at okhttp3.internal.http.RealInterceptorChain.proceed(RealInterceptorChain.java:121)&#xD;
	at okhttp3.internal.http.BridgeInterceptor.intercept(BridgeInterceptor.java:93)&#xD;
	at okhttp3.internal.http.RealInterceptorChain.proceed(RealInterceptorChain.java:147)&#xD;
	at okhttp3.internal.http.RetryAndFollowUpInterceptor.intercept(RetryAndFollowUpInterceptor.java:126)&#xD;
	at okhttp3.internal.http.RealInterceptorChain.proceed(RealInterceptorChain.java:147)&#xD;
	at okhttp3.internal.http.RealInterceptorChain.proceed(RealInterceptorChain.java:121)&#xD;
	at okhttp3.RealCall.getResponseWithInterceptorChain(RealCall.java:200)&#xD;
	at okhttp3.RealCall.execute(RealCall.java:77)&#xD;
	at org.openqa.selenium.remote.internal.OkHttpClient.execute(OkHttpClient.java:103)&#xD;
	at org.openqa.selenium.remote.ProtocolHandshake.createSession(ProtocolHandshake.java:105)&#xD;
	at org.openqa.selenium.remote.ProtocolHandshake.createSession(ProtocolHandshake.java:74)&#xD;
	at org.openqa.selenium.remote.HttpCommandExecutor.execute(HttpCommandExecutor.java:136)&#xD;
	at org.openqa.selenium.remote.service.DriverCommandExecutor.execute(DriverCommandExecutor.java:83)&#xD;
	... 31 more&#xD;
Caused by: java.net.ConnectException: Connection refused: connect&#xD;
	at okhttp3.internal.platform.Platform.connectSocket(Platform.java:129)&#xD;
	at okhttp3.internal.connection.RealConnection.connectSocket(RealConnection.java:245)&#xD;
	at okhttp3.internal.connection.RealConnection.connect(RealConnection.java:165)&#xD;
	at okhttp3.internal.connection.StreamAllocation.findConnection(StreamAllocation.java:257)&#xD;
	at okhttp3.internal.connection.StreamAllocation.findHealthyConnection(StreamAllocation.java:135)&#xD;
	at okhttp3.internal.connection.StreamAllocation.newStream(StreamAllocation.java:114)&#xD;
	at okhttp3.internal.connection.ConnectInterceptor.intercept(ConnectInterceptor.java:42)&#xD;
	at okhttp3.internal.http.RealInterceptorChain.proceed(RealInterceptorChain.java:147)&#xD;
	at okhttp3.internal.http.RealInterceptorChain.proceed(RealInterceptorChain.java:121)&#xD;
	at okhttp3.internal.cache.CacheInterceptor.intercept(CacheInterceptor.java:93)&#xD;
	at okhttp3.internal.http.RealInterceptorChain.proceed(RealInterceptorChain.java:147)&#xD;
	at okhttp3.internal.http.RealInterceptorChain.proceed(RealInterceptorChain.java:121)&#xD;
	at okhttp3.internal.http.BridgeInterceptor.intercept(BridgeInterceptor.java:93)&#xD;
	at okhttp3.internal.http.RealInterceptorChain.proceed(RealInterceptorChain.java:147)&#xD;
	at okhttp3.internal.http.RetryAndFollowUpInterceptor.intercept(RetryAndFollowUpInterceptor.java:126)&#xD;
	at okhttp3.internal.http.RealInterceptorChain.proceed(RealInterceptorChain.java:147)&#xD;
	at okhttp3.internal.http.RealInterceptorChain.proceed(RealInterceptorChain.java:121)&#xD;
	at okhttp3.RealCall.getResponseWithInterceptorChain(RealCall.java:200)&#xD;
	at okhttp3.RealCall.execute(RealCall.java:77)&#xD;
	at org.openqa.selenium.remote.internal.OkHttpClient.execute(OkHttpClient.java:103)&#xD;
	at org.openqa.selenium.remote.ProtocolHandshake.createSession(ProtocolHandshake.java:105)&#xD;
	at org.openqa.selenium.remote.ProtocolHandshake.createSession(ProtocolHandshake.java:74)&#xD;
	at org.openqa.selenium.remote.HttpCommandExecutor.execute(HttpCommandExecutor.java:136)&#xD;
	at org.openqa.selenium.remote.service.DriverCommandExecutor.execute(DriverCommandExecutor.java:83)&#xD;
	at org.openqa.selenium.remote.RemoteWebDriver.execute(RemoteWebDriver.java:552)&#xD;
	at com.kms.katalon.selenium.driver.CEdgeDriver.execute(CEdgeDriver.java:21)&#xD;
	at org.openqa.selenium.remote.RemoteWebDriver.startSession(RemoteWebDriver.java:213)&#xD;
	at org.openqa.selenium.remote.RemoteWebDriver.&lt;init&gt;(RemoteWebDriver.java:131)&#xD;
	at org.openqa.selenium.edge.EdgeDriver.&lt;init&gt;(EdgeDriver.java:154)&#xD;
	at com.kms.katalon.selenium.driver.CEdgeDriver.&lt;init&gt;(CEdgeDriver.java:14)&#xD;
	at com.kms.katalon.core.webui.driver.DriverFactory.createNewEdgeDriver(DriverFactory.java:435)&#xD;
	at com.kms.katalon.core.webui.driver.DriverFactory.startNewBrowser(DriverFactory.java:257)&#xD;
	at com.kms.katalon.core.webui.driver.DriverFactory.openWebDriver(DriverFactory.java:191)&#xD;
	at com.kms.katalon.core.webui.keyword.builtin.OpenBrowserKeyword$_openBrowser_closure1.doCall(OpenBrowserKeyword.groovy:74)&#xD;
	at com.kms.katalon.core.webui.keyword.builtin.OpenBrowserKeyword$_openBrowser_closure1.call(OpenBrowserKeyword.groovy)&#xD;
	at com.kms.katalon.core.webui.keyword.internal.WebUIKeywordMain.runKeyword(WebUIKeywordMain.groovy:20)&#xD;
	at com.kms.katalon.core.webui.keyword.builtin.OpenBrowserKeyword.openBrowser(OpenBrowserKeyword.groovy:81)&#xD;
	at com.kms.katalon.core.webui.keyword.builtin.OpenBrowserKeyword.execute(OpenBrowserKeyword.groovy:67)&#xD;
	at com.kms.katalon.core.keyword.internal.KeywordExecutor.executeKeywordForPlatform(KeywordExecutor.groovy:56)&#xD;
	at com.kms.katalon.core.webui.keyword.WebUiBuiltInKeywords.openBrowser(WebUiBuiltInKeywords.groovy:60)&#xD;
	at com.kms.katalon.core.webui.keyword.WebUiBuiltInKeywords$openBrowser.call(Unknown Source)&#xD;
	at roomit.run(roomit:17)&#xD;
	... 13 more&#xD;
&#xD;
&#xD;
2019-07-25 11:10:06 - [TEST_STEP][FAILED] - openBrowser(""): Unable to open browser with url: '' (Root cause: com.kms.katalon.core.exception.StepFailedException: Unable to open browser with url: ''&#xD;
	at com.kms.katalon.core.webui.keyword.internal.WebUIKeywordMain.stepFailed(WebUIKeywordMain.groovy:64)&#xD;
	at com.kms.katalon.core.webui.keyword.internal.WebUIKeywordMain.runKeyword(WebUIKeywordMain.groovy:26)&#xD;
	at com.kms.katalon.core.webui.keyword.builtin.OpenBrowserKeyword.openBrowser(OpenBrowserKeyword.groovy:81)&#xD;
	at com.kms.katalon.core.webui.keyword.builtin.OpenBrowserKeyword.execute(OpenBrowserKeyword.groovy:67)&#xD;
	at com.kms.katalon.core.keyword.internal.KeywordExecutor.executeKeywordForPlatform(KeywordExecutor.groovy:56)&#xD;
	at com.kms.katalon.core.webui.keyword.WebUiBuiltInKeywords.openBrowser(WebUiBuiltInKeywords.groovy:60)&#xD;
	at com.kms.katalon.core.webui.keyword.WebUiBuiltInKeywords$openBrowser.call(Unknown Source)&#xD;
	at roomit.run(roomit:17)&#xD;
	at com.kms.katalon.core.main.ScriptEngine.run(ScriptEngine.java:194)&#xD;
	at com.kms.katalon.core.main.ScriptEngine.runScriptAsRawText(ScriptEngine.java:119)&#xD;
	at com.kms.katalon.core.main.TestCaseExecutor.runScript(TestCaseExecutor.java:337)&#xD;
	at com.kms.katalon.core.main.TestCaseExecutor.doExecute(TestCaseExecutor.java:328)&#xD;
	at com.kms.katalon.core.main.TestCaseExecutor.processExecutionPhase(TestCaseExecutor.java:307)&#xD;
	at com.kms.katalon.core.main.TestCaseExecutor.accessMainPhase(TestCaseExecutor.java:299)&#xD;
	at com.kms.katalon.core.main.TestCaseExecutor.execute(TestCaseExecutor.java:233)&#xD;
	at com.kms.katalon.core.main.TestSuiteExecutor.accessTestCaseMainPhase(TestSuiteExecutor.java:133)&#xD;
	at com.kms.katalon.core.main.TestSuiteExecutor.accessTestSuiteMainPhase(TestSuiteExecutor.java:116)&#xD;
	at com.kms.katalon.core.main.TestSuiteExecutor.execute(TestSuiteExecutor.java:83)&#xD;
	at com.kms.katalon.core.main.TestCaseMain.startTestSuite(TestCaseMain.java:157)&#xD;
	at com.kms.katalon.core.main.TestCaseMain$startTestSuite$0.call(Unknown Source)&#xD;
	at TempTestSuite1564044813085.run(TempTestSuite1564044813085.groovy:35)&#xD;
Caused by: org.openqa.selenium.WebDriverException: java.net.ConnectException: Failed to connect to localhost/0:0:0:0:0:0:0:1:38282
Build info: version: '3.141.59', revision: 'e82be7d358', time: '2018-11-14T08:25:53'
System info: host: 'ANTONIO', ip: '169.254.42.39', os.name: 'Windows 10', os.arch: 'amd64', os.version: '10.0', java.version: '1.8.0_181'
Driver info: driver.version: CEdgeDriver&#xD;
	at org.openqa.selenium.remote.service.DriverCommandExecutor.execute(DriverCommandExecutor.java:92)&#xD;
	at org.openqa.selenium.remote.RemoteWebDriver.execute(RemoteWebDriver.java:552)&#xD;
	at com.kms.katalon.selenium.driver.CEdgeDriver.execute(CEdgeDriver.java:21)&#xD;
	at org.openqa.selenium.remote.RemoteWebDriver.startSession(RemoteWebDriver.java:213)&#xD;
	at org.openqa.selenium.remote.RemoteWebDriver.&lt;init&gt;(RemoteWebDriver.java:131)&#xD;
	at org.openqa.selenium.edge.EdgeDriver.&lt;init&gt;(EdgeDriver.java:154)&#xD;
	at com.kms.katalon.selenium.driver.CEdgeDriver.&lt;init&gt;(CEdgeDriver.java:14)&#xD;
	at com.kms.katalon.core.webui.driver.DriverFactory.createNewEdgeDriver(DriverFactory.java:435)&#xD;
	at com.kms.katalon.core.webui.driver.DriverFactory.startNewBrowser(DriverFactory.java:257)&#xD;
	at com.kms.katalon.core.webui.driver.DriverFactory.openWebDriver(DriverFactory.java:191)&#xD;
	at com.kms.katalon.core.webui.keyword.builtin.OpenBrowserKeyword$_openBrowser_closure1.doCall(OpenBrowserKeyword.groovy:74)&#xD;
	at com.kms.katalon.core.webui.keyword.builtin.OpenBrowserKeyword$_openBrowser_closure1.call(OpenBrowserKeyword.groovy)&#xD;
	at com.kms.katalon.core.webui.keyword.internal.WebUIKeywordMain.runKeyword(WebUIKeywordMain.groovy:20)&#xD;
	at com.kms.katalon.core.webui.keyword.builtin.OpenBrowserKeyword.openBrowser(OpenBrowserKeyword.groovy:81)&#xD;
	at com.kms.katalon.core.webui.keyword.builtin.OpenBrowserKeyword.execute(OpenBrowserKeyword.groovy:67)&#xD;
	at com.kms.katalon.core.keyword.internal.KeywordExecutor.executeKeywordForPlatform(KeywordExecutor.groovy:56)&#xD;
	at com.kms.katalon.core.webui.keyword.WebUiBuiltInKeywords.openBrowser(WebUiBuiltInKeywords.groovy:60)&#xD;
	at com.kms.katalon.core.webui.keyword.WebUiBuiltInKeywords$openBrowser.call(Unknown Source)&#xD;
	at Script1564043137330.run(Script1564043137330.groovy:17)&#xD;
	... 13 more&#xD;
Caused by: java.net.ConnectException: Failed to connect to localhost/0:0:0:0:0:0:0:1:38282&#xD;
	at okhttp3.internal.connection.RealConnection.connectSocket(RealConnection.java:247)&#xD;
	at okhttp3.internal.connection.RealConnection.connect(RealConnection.java:165)&#xD;
	at okhttp3.internal.connection.StreamAllocation.findConnection(StreamAllocation.java:257)&#xD;
	at okhttp3.internal.connection.StreamAllocation.findHealthyConnection(StreamAllocation.java:135)&#xD;
	at okhttp3.internal.connection.StreamAllocation.newStream(StreamAllocation.java:114)&#xD;
	at okhttp3.internal.connection.ConnectInterceptor.intercept(ConnectInterceptor.java:42)&#xD;
	at okhttp3.internal.http.RealInterceptorChain.proceed(RealInterceptorChain.java:147)&#xD;
	at okhttp3.internal.http.RealInterceptorChain.proceed(RealInterceptorChain.java:121)&#xD;
	at okhttp3.internal.cache.CacheInterceptor.intercept(CacheInterceptor.java:93)&#xD;
	at okhttp3.internal.http.RealInterceptorChain.proceed(RealInterceptorChain.java:147)&#xD;
	at okhttp3.internal.http.RealInterceptorChain.proceed(RealInterceptorChain.java:121)&#xD;
	at okhttp3.internal.http.BridgeInterceptor.intercept(BridgeInterceptor.java:93)&#xD;
	at okhttp3.internal.http.RealInterceptorChain.proceed(RealInterceptorChain.java:147)&#xD;
	at okhttp3.internal.http.RetryAndFollowUpInterceptor.intercept(RetryAndFollowUpInterceptor.java:126)&#xD;
	at okhttp3.internal.http.RealInterceptorChain.proceed(RealInterceptorChain.java:147)&#xD;
	at okhttp3.internal.http.RealInterceptorChain.proceed(RealInterceptorChain.java:121)&#xD;
	at okhttp3.RealCall.getResponseWithInterceptorChain(RealCall.java:200)&#xD;
	at okhttp3.RealCall.execute(RealCall.java:77)&#xD;
	at org.openqa.selenium.remote.internal.OkHttpClient.execute(OkHttpClient.java:103)&#xD;
	at org.openqa.selenium.remote.ProtocolHandshake.createSession(ProtocolHandshake.java:105)&#xD;
	at org.openqa.selenium.remote.ProtocolHandshake.createSession(ProtocolHandshake.java:74)&#xD;
	at org.openqa.selenium.remote.HttpCommandExecutor.execute(HttpCommandExecutor.java:136)&#xD;
	at org.openqa.selenium.remote.service.DriverCommandExecutor.execute(DriverCommandExecutor.java:83)&#xD;
	... 31 more&#xD;
Caused by: java.net.ConnectException: Connection refused: connect&#xD;
	at okhttp3.internal.platform.Platform.connectSocket(Platform.java:129)&#xD;
	at okhttp3.internal.connection.RealConnection.connectSocket(RealConnection.java:245)&#xD;
	... 53 more&#xD;
)&#xD;
&#xD;
2019-07-25 11:10:06 - [MESSAGE][INFO] - Starting 'Edge' driver&#xD;
&#xD;
2019-07-25 11:10:08 - [MESSAGE][FAILED] - Unable to open browser with url: '' (Root cause: com.kms.katalon.core.exception.StepFailedException: Unable to open browser with url: ''&#xD;
	at com.kms.katalon.core.webui.keyword.internal.WebUIKeywordMain.stepFailed(WebUIKeywordMain.groovy:64)&#xD;
	at com.kms.katalon.core.webui.keyword.internal.WebUIKeywordMain.runKeyword(WebUIKeywordMain.groovy:26)&#xD;
	at com.kms.katalon.core.webui.keyword.builtin.OpenBrowserKeyword.openBrowser(OpenBrowserKeyword.groovy:81)&#xD;
	at com.kms.katalon.core.webui.keyword.builtin.OpenBrowserKeyword.execute(OpenBrowserKeyword.groovy:67)&#xD;
	at com.kms.katalon.core.keyword.internal.KeywordExecutor.executeKeywordForPlatform(KeywordExecutor.groovy:56)&#xD;
	at com.kms.katalon.core.webui.keyword.WebUiBuiltInKeywords.openBrowser(WebUiBuiltInKeywords.groovy:60)&#xD;
	at com.kms.katalon.core.webui.keyword.WebUiBuiltInKeywords$openBrowser.call(Unknown Source)&#xD;
	at roomit.run(roomit:17)&#xD;
	at com.kms.katalon.core.main.ScriptEngine.run(ScriptEngine.java:194)&#xD;
	at com.kms.katalon.core.main.ScriptEngine.runScriptAsRawText(ScriptEngine.java:119)&#xD;
	at com.kms.katalon.core.main.TestCaseExecutor.runScript(TestCaseExecutor.java:337)&#xD;
	at com.kms.katalon.core.main.TestCaseExecutor.doExecute(TestCaseExecutor.java:328)&#xD;
	at com.kms.katalon.core.main.TestCaseExecutor.processExecutionPhase(TestCaseExecutor.java:307)&#xD;
	at com.kms.katalon.core.main.TestCaseExecutor.accessMainPhase(TestCaseExecutor.java:299)&#xD;
	at com.kms.katalon.core.main.TestCaseExecutor.execute(TestCaseExecutor.java:233)&#xD;
	at com.kms.katalon.core.main.TestSuiteExecutor.accessTestCaseMainPhase(TestSuiteExecutor.java:133)&#xD;
	at com.kms.katalon.core.main.TestSuiteExecutor.accessTestSuiteMainPhase(TestSuiteExecutor.java:116)&#xD;
	at com.kms.katalon.core.main.TestSuiteExecutor.execute(TestSuiteExecutor.java:83)&#xD;
	at com.kms.katalon.core.main.TestCaseMain.startTestSuite(TestCaseMain.java:157)&#xD;
	at com.kms.katalon.core.main.TestCaseMain$startTestSuite$0.call(Unknown Source)&#xD;
	at TempTestSuite1564044813085.run(TempTestSuite1564044813085.groovy:35)&#xD;
Caused by: org.openqa.selenium.WebDriverException: java.net.ConnectException: Failed to connect to localhost/0:0:0:0:0:0:0:1:38282
Build info: version: '3.141.59', revision: 'e82be7d358', time: '2018-11-14T08:25:53'
System info: host: 'ANTONIO', ip: '169.254.42.39', os.name: 'Windows 10', os.arch: 'amd64', os.version: '10.0', java.version: '1.8.0_181'
Driver info: driver.version: CEdgeDriver&#xD;
	at org.openqa.selenium.remote.service.DriverCommandExecutor.execute(DriverCommandExecutor.java:92)&#xD;
	at org.openqa.selenium.remote.RemoteWebDriver.execute(RemoteWebDriver.java:552)&#xD;
	at com.kms.katalon.selenium.driver.CEdgeDriver.execute(CEdgeDriver.java:21)&#xD;
	at org.openqa.selenium.remote.RemoteWebDriver.startSession(RemoteWebDriver.java:213)&#xD;
	at org.openqa.selenium.remote.RemoteWebDriver.&lt;init&gt;(RemoteWebDriver.java:131)&#xD;
	at org.openqa.selenium.edge.EdgeDriver.&lt;init&gt;(EdgeDriver.java:154)&#xD;
	at com.kms.katalon.selenium.driver.CEdgeDriver.&lt;init&gt;(CEdgeDriver.java:14)&#xD;
	at com.kms.katalon.core.webui.driver.DriverFactory.createNewEdgeDriver(DriverFactory.java:435)&#xD;
	at com.kms.katalon.core.webui.driver.DriverFactory.startNewBrowser(DriverFactory.java:257)&#xD;
	at com.kms.katalon.core.webui.driver.DriverFactory.openWebDriver(DriverFactory.java:191)&#xD;
	at com.kms.katalon.core.webui.keyword.builtin.OpenBrowserKeyword$_openBrowser_closure1.doCall(OpenBrowserKeyword.groovy:74)&#xD;
	at com.kms.katalon.core.webui.keyword.builtin.OpenBrowserKeyword$_openBrowser_closure1.call(OpenBrowserKeyword.groovy)&#xD;
	at com.kms.katalon.core.webui.keyword.internal.WebUIKeywordMain.runKeyword(WebUIKeywordMain.groovy:20)&#xD;
	at com.kms.katalon.core.webui.keyword.builtin.OpenBrowserKeyword.openBrowser(OpenBrowserKeyword.groovy:81)&#xD;
	at com.kms.katalon.core.webui.keyword.builtin.OpenBrowserKeyword.execute(OpenBrowserKeyword.groovy:67)&#xD;
	at com.kms.katalon.core.keyword.internal.KeywordExecutor.executeKeywordForPlatform(KeywordExecutor.groovy:56)&#xD;
	at com.kms.katalon.core.webui.keyword.WebUiBuiltInKeywords.openBrowser(WebUiBuiltInKeywords.groovy:60)&#xD;
	at com.kms.katalon.core.webui.keyword.WebUiBuiltInKeywords$openBrowser.call(Unknown Source)&#xD;
	at Script1564043137330.run(Script1564043137330.groovy:17)&#xD;
	... 13 more&#xD;
Caused by: java.net.ConnectException: Failed to connect to localhost/0:0:0:0:0:0:0:1:38282&#xD;
	at okhttp3.internal.connection.RealConnection.connectSocket(RealConnection.java:247)&#xD;
	at okhttp3.internal.connection.RealConnection.connect(RealConnection.java:165)&#xD;
	at okhttp3.internal.connection.StreamAllocation.findConnection(StreamAllocation.java:257)&#xD;
	at okhttp3.internal.connection.StreamAllocation.findHealthyConnection(StreamAllocation.java:135)&#xD;
	at okhttp3.internal.connection.StreamAllocation.newStream(StreamAllocation.java:114)&#xD;
	at okhttp3.internal.connection.ConnectInterceptor.intercept(ConnectInterceptor.java:42)&#xD;
	at okhttp3.internal.http.RealInterceptorChain.proceed(RealInterceptorChain.java:147)&#xD;
	at okhttp3.internal.http.RealInterceptorChain.proceed(RealInterceptorChain.java:121)&#xD;
	at okhttp3.internal.cache.CacheInterceptor.intercept(CacheInterceptor.java:93)&#xD;
	at okhttp3.internal.http.RealInterceptorChain.proceed(RealInterceptorChain.java:147)&#xD;
	at okhttp3.internal.http.RealInterceptorChain.proceed(RealInterceptorChain.java:121)&#xD;
	at okhttp3.internal.http.BridgeInterceptor.intercept(BridgeInterceptor.java:93)&#xD;
	at okhttp3.internal.http.RealInterceptorChain.proceed(RealInterceptorChain.java:147)&#xD;
	at okhttp3.internal.http.RetryAndFollowUpInterceptor.intercept(RetryAndFollowUpInterceptor.java:126)&#xD;
	at okhttp3.internal.http.RealInterceptorChain.proceed(RealInterceptorChain.java:147)&#xD;
	at okhttp3.internal.http.RealInterceptorChain.proceed(RealInterceptorChain.java:121)&#xD;
	at okhttp3.RealCall.getResponseWithInterceptorChain(RealCall.java:200)&#xD;
	at okhttp3.RealCall.execute(RealCall.java:77)&#xD;
	at org.openqa.selenium.remote.internal.OkHttpClient.execute(OkHttpClient.java:103)&#xD;
	at org.openqa.selenium.remote.ProtocolHandshake.createSession(ProtocolHandshake.java:105)&#xD;
	at org.openqa.selenium.remote.ProtocolHandshake.createSession(ProtocolHandshake.java:74)&#xD;
	at org.openqa.selenium.remote.HttpCommandExecutor.execute(HttpCommandExecutor.java:136)&#xD;
	at org.openqa.selenium.remote.service.DriverCommandExecutor.execute(DriverCommandExecutor.java:83)&#xD;
	... 31 more&#xD;
Caused by: java.net.ConnectException: Connection refused: connect&#xD;
	at okhttp3.internal.platform.Platform.connectSocket(Platform.java:129)&#xD;
	at okhttp3.internal.connection.RealConnection.connectSocket(RealConnection.java:245)&#xD;
	... 53 more&#xD;
)</system-out>
            <system-err>2019-07-25 11:10:05 - [TEST_CASE][FAILED] - Test Cases/roomit: Test Cases/roomit FAILED.
Reason:
com.kms.katalon.core.exception.StepFailedException: Unable to open browser with url: ''&#xD;
	at com.kms.katalon.core.webui.keyword.internal.WebUIKeywordMain.stepFailed(WebUIKeywordMain.groovy:64)&#xD;
	at com.kms.katalon.core.webui.keyword.internal.WebUIKeywordMain.runKeyword(WebUIKeywordMain.groovy:26)&#xD;
	at com.kms.katalon.core.webui.keyword.builtin.OpenBrowserKeyword.openBrowser(OpenBrowserKeyword.groovy:81)&#xD;
	at com.kms.katalon.core.webui.keyword.builtin.OpenBrowserKeyword.execute(OpenBrowserKeyword.groovy:67)&#xD;
	at com.kms.katalon.core.keyword.internal.KeywordExecutor.executeKeywordForPlatform(KeywordExecutor.groovy:56)&#xD;
	at com.kms.katalon.core.webui.keyword.WebUiBuiltInKeywords.openBrowser(WebUiBuiltInKeywords.groovy:60)&#xD;
	at com.kms.katalon.core.webui.keyword.WebUiBuiltInKeywords$openBrowser.call(Unknown Source)&#xD;
	at roomit.run(roomit:17)&#xD;
	at com.kms.katalon.core.main.ScriptEngine.run(ScriptEngine.java:194)&#xD;
	at com.kms.katalon.core.main.ScriptEngine.runScriptAsRawText(ScriptEngine.java:119)&#xD;
	at com.kms.katalon.core.main.TestCaseExecutor.runScript(TestCaseExecutor.java:337)&#xD;
	at com.kms.katalon.core.main.TestCaseExecutor.doExecute(TestCaseExecutor.java:328)&#xD;
	at com.kms.katalon.core.main.TestCaseExecutor.processExecutionPhase(TestCaseExecutor.java:307)&#xD;
	at com.kms.katalon.core.main.TestCaseExecutor.accessMainPhase(TestCaseExecutor.java:299)&#xD;
	at com.kms.katalon.core.main.TestCaseExecutor.execute(TestCaseExecutor.java:233)&#xD;
	at com.kms.katalon.core.main.TestSuiteExecutor.accessTestCaseMainPhase(TestSuiteExecutor.java:133)&#xD;
	at com.kms.katalon.core.main.TestSuiteExecutor.accessTestSuiteMainPhase(TestSuiteExecutor.java:116)&#xD;
	at com.kms.katalon.core.main.TestSuiteExecutor.execute(TestSuiteExecutor.java:83)&#xD;
	at com.kms.katalon.core.main.TestCaseMain.startTestSuite(TestCaseMain.java:157)&#xD;
	at com.kms.katalon.core.main.TestCaseMain$startTestSuite$0.call(Unknown Source)&#xD;
	at TempTestSuite1564044813085.run(TempTestSuite1564044813085.groovy:35)&#xD;
Caused by: org.openqa.selenium.WebDriverException: java.net.ConnectException: Failed to connect to localhost/0:0:0:0:0:0:0:1:38282
Build info: version: '3.141.59', revision: 'e82be7d358', time: '2018-11-14T08:25:53'
System info: host: 'ANTONIO', ip: '169.254.42.39', os.name: 'Windows 10', os.arch: 'amd64', os.version: '10.0', java.version: '1.8.0_181'
Driver info: driver.version: CEdgeDriver&#xD;
	at org.openqa.selenium.remote.service.DriverCommandExecutor.execute(DriverCommandExecutor.java:92)&#xD;
	at org.openqa.selenium.remote.RemoteWebDriver.execute(RemoteWebDriver.java:552)&#xD;
	at com.kms.katalon.selenium.driver.CEdgeDriver.execute(CEdgeDriver.java:21)&#xD;
	at org.openqa.selenium.remote.RemoteWebDriver.startSession(RemoteWebDriver.java:213)&#xD;
	at org.openqa.selenium.remote.RemoteWebDriver.&lt;init&gt;(RemoteWebDriver.java:131)&#xD;
	at org.openqa.selenium.edge.EdgeDriver.&lt;init&gt;(EdgeDriver.java:154)&#xD;
	at com.kms.katalon.selenium.driver.CEdgeDriver.&lt;init&gt;(CEdgeDriver.java:14)&#xD;
	at com.kms.katalon.core.webui.driver.DriverFactory.createNewEdgeDriver(DriverFactory.java:435)&#xD;
	at com.kms.katalon.core.webui.driver.DriverFactory.startNewBrowser(DriverFactory.java:257)&#xD;
	at com.kms.katalon.core.webui.driver.DriverFactory.openWebDriver(DriverFactory.java:191)&#xD;
	at com.kms.katalon.core.webui.keyword.builtin.OpenBrowserKeyword$_openBrowser_closure1.doCall(OpenBrowserKeyword.groovy:74)&#xD;
	at com.kms.katalon.core.webui.keyword.builtin.OpenBrowserKeyword$_openBrowser_closure1.call(OpenBrowserKeyword.groovy)&#xD;
	at com.kms.katalon.core.webui.keyword.internal.WebUIKeywordMain.runKeyword(WebUIKeywordMain.groovy:20)&#xD;
	at com.kms.katalon.core.webui.keyword.builtin.OpenBrowserKeyword.openBrowser(OpenBrowserKeyword.groovy:81)&#xD;
	at com.kms.katalon.core.webui.keyword.builtin.OpenBrowserKeyword.execute(OpenBrowserKeyword.groovy:67)&#xD;
	at com.kms.katalon.core.keyword.internal.KeywordExecutor.executeKeywordForPlatform(KeywordExecutor.groovy:56)&#xD;
	at com.kms.katalon.core.webui.keyword.WebUiBuiltInKeywords.openBrowser(WebUiBuiltInKeywords.groovy:60)&#xD;
	at com.kms.katalon.core.webui.keyword.WebUiBuiltInKeywords$openBrowser.call(Unknown Source)&#xD;
	at Script1564043137330.run(Script1564043137330.groovy:17)&#xD;
	... 13 more&#xD;
Caused by: java.net.ConnectException: Failed to connect to localhost/0:0:0:0:0:0:0:1:38282&#xD;
	at okhttp3.internal.connection.RealConnection.connectSocket(RealConnection.java:247)&#xD;
	at okhttp3.internal.connection.RealConnection.connect(RealConnection.java:165)&#xD;
	at okhttp3.internal.connection.StreamAllocation.findConnection(StreamAllocation.java:257)&#xD;
	at okhttp3.internal.connection.StreamAllocation.findHealthyConnection(StreamAllocation.java:135)&#xD;
	at okhttp3.internal.connection.StreamAllocation.newStream(StreamAllocation.java:114)&#xD;
	at okhttp3.internal.connection.ConnectInterceptor.intercept(ConnectInterceptor.java:42)&#xD;
	at okhttp3.internal.http.RealInterceptorChain.proceed(RealInterceptorChain.java:147)&#xD;
	at okhttp3.internal.http.RealInterceptorChain.proceed(RealInterceptorChain.java:121)&#xD;
	at okhttp3.internal.cache.CacheInterceptor.intercept(CacheInterceptor.java:93)&#xD;
	at okhttp3.internal.http.RealInterceptorChain.proceed(RealInterceptorChain.java:147)&#xD;
	at okhttp3.internal.http.RealInterceptorChain.proceed(RealInterceptorChain.java:121)&#xD;
	at okhttp3.internal.http.BridgeInterceptor.intercept(BridgeInterceptor.java:93)&#xD;
	at okhttp3.internal.http.RealInterceptorChain.proceed(RealInterceptorChain.java:147)&#xD;
	at okhttp3.internal.http.RetryAndFollowUpInterceptor.intercept(RetryAndFollowUpInterceptor.java:126)&#xD;
	at okhttp3.internal.http.RealInterceptorChain.proceed(RealInterceptorChain.java:147)&#xD;
	at okhttp3.internal.http.RealInterceptorChain.proceed(RealInterceptorChain.java:121)&#xD;
	at okhttp3.RealCall.getResponseWithInterceptorChain(RealCall.java:200)&#xD;
	at okhttp3.RealCall.execute(RealCall.java:77)&#xD;
	at org.openqa.selenium.remote.internal.OkHttpClient.execute(OkHttpClient.java:103)&#xD;
	at org.openqa.selenium.remote.ProtocolHandshake.createSession(ProtocolHandshake.java:105)&#xD;
	at org.openqa.selenium.remote.ProtocolHandshake.createSession(ProtocolHandshake.java:74)&#xD;
	at org.openqa.selenium.remote.HttpCommandExecutor.execute(HttpCommandExecutor.java:136)&#xD;
	at org.openqa.selenium.remote.service.DriverCommandExecutor.execute(DriverCommandExecutor.java:83)&#xD;
	... 31 more&#xD;
Caused by: java.net.ConnectException: Connection refused: connect&#xD;
	at okhttp3.internal.platform.Platform.connectSocket(Platform.java:129)&#xD;
	at okhttp3.internal.connection.RealConnection.connectSocket(RealConnection.java:245)&#xD;
	at okhttp3.internal.connection.RealConnection.connect(RealConnection.java:165)&#xD;
	at okhttp3.internal.connection.StreamAllocation.findConnection(StreamAllocation.java:257)&#xD;
	at okhttp3.internal.connection.StreamAllocation.findHealthyConnection(StreamAllocation.java:135)&#xD;
	at okhttp3.internal.connection.StreamAllocation.newStream(StreamAllocation.java:114)&#xD;
	at okhttp3.internal.connection.ConnectInterceptor.intercept(ConnectInterceptor.java:42)&#xD;
	at okhttp3.internal.http.RealInterceptorChain.proceed(RealInterceptorChain.java:147)&#xD;
	at okhttp3.internal.http.RealInterceptorChain.proceed(RealInterceptorChain.java:121)&#xD;
	at okhttp3.internal.cache.CacheInterceptor.intercept(CacheInterceptor.java:93)&#xD;
	at okhttp3.internal.http.RealInterceptorChain.proceed(RealInterceptorChain.java:147)&#xD;
	at okhttp3.internal.http.RealInterceptorChain.proceed(RealInterceptorChain.java:121)&#xD;
	at okhttp3.internal.http.BridgeInterceptor.intercept(BridgeInterceptor.java:93)&#xD;
	at okhttp3.internal.http.RealInterceptorChain.proceed(RealInterceptorChain.java:147)&#xD;
	at okhttp3.internal.http.RetryAndFollowUpInterceptor.intercept(RetryAndFollowUpInterceptor.java:126)&#xD;
	at okhttp3.internal.http.RealInterceptorChain.proceed(RealInterceptorChain.java:147)&#xD;
	at okhttp3.internal.http.RealInterceptorChain.proceed(RealInterceptorChain.java:121)&#xD;
	at okhttp3.RealCall.getResponseWithInterceptorChain(RealCall.java:200)&#xD;
	at okhttp3.RealCall.execute(RealCall.java:77)&#xD;
	at org.openqa.selenium.remote.internal.OkHttpClient.execute(OkHttpClient.java:103)&#xD;
	at org.openqa.selenium.remote.ProtocolHandshake.createSession(ProtocolHandshake.java:105)&#xD;
	at org.openqa.selenium.remote.ProtocolHandshake.createSession(ProtocolHandshake.java:74)&#xD;
	at org.openqa.selenium.remote.HttpCommandExecutor.execute(HttpCommandExecutor.java:136)&#xD;
	at org.openqa.selenium.remote.service.DriverCommandExecutor.execute(DriverCommandExecutor.java:83)&#xD;
	at org.openqa.selenium.remote.RemoteWebDriver.execute(RemoteWebDriver.java:552)&#xD;
	at com.kms.katalon.selenium.driver.CEdgeDriver.execute(CEdgeDriver.java:21)&#xD;
	at org.openqa.selenium.remote.RemoteWebDriver.startSession(RemoteWebDriver.java:213)&#xD;
	at org.openqa.selenium.remote.RemoteWebDriver.&lt;init&gt;(RemoteWebDriver.java:131)&#xD;
	at org.openqa.selenium.edge.EdgeDriver.&lt;init&gt;(EdgeDriver.java:154)&#xD;
	at com.kms.katalon.selenium.driver.CEdgeDriver.&lt;init&gt;(CEdgeDriver.java:14)&#xD;
	at com.kms.katalon.core.webui.driver.DriverFactory.createNewEdgeDriver(DriverFactory.java:435)&#xD;
	at com.kms.katalon.core.webui.driver.DriverFactory.startNewBrowser(DriverFactory.java:257)&#xD;
	at com.kms.katalon.core.webui.driver.DriverFactory.openWebDriver(DriverFactory.java:191)&#xD;
	at com.kms.katalon.core.webui.keyword.builtin.OpenBrowserKeyword$_openBrowser_closure1.doCall(OpenBrowserKeyword.groovy:74)&#xD;
	at com.kms.katalon.core.webui.keyword.builtin.OpenBrowserKeyword$_openBrowser_closure1.call(OpenBrowserKeyword.groovy)&#xD;
	at com.kms.katalon.core.webui.keyword.internal.WebUIKeywordMain.runKeyword(WebUIKeywordMain.groovy:20)&#xD;
	at com.kms.katalon.core.webui.keyword.builtin.OpenBrowserKeyword.openBrowser(OpenBrowserKeyword.groovy:81)&#xD;
	at com.kms.katalon.core.webui.keyword.builtin.OpenBrowserKeyword.execute(OpenBrowserKeyword.groovy:67)&#xD;
	at com.kms.katalon.core.keyword.internal.KeywordExecutor.executeKeywordForPlatform(KeywordExecutor.groovy:56)&#xD;
	at com.kms.katalon.core.webui.keyword.WebUiBuiltInKeywords.openBrowser(WebUiBuiltInKeywords.groovy:60)&#xD;
	at com.kms.katalon.core.webui.keyword.WebUiBuiltInKeywords$openBrowser.call(Unknown Source)&#xD;
	at roomit.run(roomit:17)&#xD;
	... 13 more</system-err>
        </testcase>
        <testcase name="Test Cases/tmdfirction" classname="Test Cases/tmdfirction" status="FAILED">
            <failure type="FAILED" message="Test Cases/tmdfirction FAILED.&#xA;Reason:&#xA;com.kms.katalon.core.exception.StepFailedException: Unable to open browser with url: ''&#xD;&#xA;&#x9;at com.kms.katalon.core.webui.keyword.internal.WebUIKeywordMain.stepFailed(WebUIKeywordMain.groovy:64)&#xD;&#xA;&#x9;at com.kms.katalon.core.webui.keyword.internal.WebUIKeywordMain.runKeyword(WebUIKeywordMain.groovy:26)&#xD;&#xA;&#x9;at com.kms.katalon.core.webui.keyword.builtin.OpenBrowserKeyword.openBrowser(OpenBrowserKeyword.groovy:81)&#xD;&#xA;&#x9;at com.kms.katalon.core.webui.keyword.builtin.OpenBrowserKeyword.execute(OpenBrowserKeyword.groovy:67)&#xD;&#xA;&#x9;at com.kms.katalon.core.keyword.internal.KeywordExecutor.executeKeywordForPlatform(KeywordExecutor.groovy:56)&#xD;&#xA;&#x9;at com.kms.katalon.core.webui.keyword.WebUiBuiltInKeywords.openBrowser(WebUiBuiltInKeywords.groovy:60)&#xD;&#xA;&#x9;at com.kms.katalon.core.webui.keyword.WebUiBuiltInKeywords$openBrowser.call(Unknown Source)&#xD;&#xA;&#x9;at tmdfirction.run(tmdfirction:17)&#xD;&#xA;&#x9;at com.kms.katalon.core.main.ScriptEngine.run(ScriptEngine.java:194)&#xD;&#xA;&#x9;at com.kms.katalon.core.main.ScriptEngine.runScriptAsRawText(ScriptEngine.java:119)&#xD;&#xA;&#x9;at com.kms.katalon.core.main.TestCaseExecutor.runScript(TestCaseExecutor.java:337)&#xD;&#xA;&#x9;at com.kms.katalon.core.main.TestCaseExecutor.doExecute(TestCaseExecutor.java:328)&#xD;&#xA;&#x9;at com.kms.katalon.core.main.TestCaseExecutor.processExecutionPhase(TestCaseExecutor.java:307)&#xD;&#xA;&#x9;at com.kms.katalon.core.main.TestCaseExecutor.accessMainPhase(TestCaseExecutor.java:299)&#xD;&#xA;&#x9;at com.kms.katalon.core.main.TestCaseExecutor.execute(TestCaseExecutor.java:233)&#xD;&#xA;&#x9;at com.kms.katalon.core.main.TestSuiteExecutor.accessTestCaseMainPhase(TestSuiteExecutor.java:133)&#xD;&#xA;&#x9;at com.kms.katalon.core.main.TestSuiteExecutor.accessTestSuiteMainPhase(TestSuiteExecutor.java:116)&#xD;&#xA;&#x9;at com.kms.katalon.core.main.TestSuiteExecutor.execute(TestSuiteExecutor.java:83)&#xD;&#xA;&#x9;at com.kms.katalon.core.main.TestCaseMain.startTestSuite(TestCaseMain.java:157)&#xD;&#xA;&#x9;at com.kms.katalon.core.main.TestCaseMain$startTestSuite$0.call(Unknown Source)&#xD;&#xA;&#x9;at TempTestSuite1564044813085.run(TempTestSuite1564044813085.groovy:35)&#xD;&#xA;Caused by: org.openqa.selenium.WebDriverException: java.net.ConnectException: Failed to connect to localhost/0:0:0:0:0:0:0:1:38282&#xA;Build info: version: '3.141.59', revision: 'e82be7d358', time: '2018-11-14T08:25:53'&#xA;System info: host: 'ANTONIO', ip: '169.254.42.39', os.name: 'Windows 10', os.arch: 'amd64', os.version: '10.0', java.version: '1.8.0_181'&#xA;Driver info: driver.version: CEdgeDriver&#xD;&#xA;&#x9;at org.openqa.selenium.remote.service.DriverCommandExecutor.execute(DriverCommandExecutor.java:92)&#xD;&#xA;&#x9;at org.openqa.selenium.remote.RemoteWebDriver.execute(RemoteWebDriver.java:552)&#xD;&#xA;&#x9;at com.kms.katalon.selenium.driver.CEdgeDriver.execute(CEdgeDriver.java:21)&#xD;&#xA;&#x9;at org.openqa.selenium.remote.RemoteWebDriver.startSession(RemoteWebDriver.java:213)&#xD;&#xA;&#x9;at org.openqa.selenium.remote.RemoteWebDriver.&lt;init&gt;(RemoteWebDriver.java:131)&#xD;&#xA;&#x9;at org.openqa.selenium.edge.EdgeDriver.&lt;init&gt;(EdgeDriver.java:154)&#xD;&#xA;&#x9;at com.kms.katalon.selenium.driver.CEdgeDriver.&lt;init&gt;(CEdgeDriver.java:14)&#xD;&#xA;&#x9;at com.kms.katalon.core.webui.driver.DriverFactory.createNewEdgeDriver(DriverFactory.java:435)&#xD;&#xA;&#x9;at com.kms.katalon.core.webui.driver.DriverFactory.startNewBrowser(DriverFactory.java:257)&#xD;&#xA;&#x9;at com.kms.katalon.core.webui.driver.DriverFactory.openWebDriver(DriverFactory.java:191)&#xD;&#xA;&#x9;at com.kms.katalon.core.webui.keyword.builtin.OpenBrowserKeyword$_openBrowser_closure1.doCall(OpenBrowserKeyword.groovy:74)&#xD;&#xA;&#x9;at com.kms.katalon.core.webui.keyword.builtin.OpenBrowserKeyword$_openBrowser_closure1.call(OpenBrowserKeyword.groovy)&#xD;&#xA;&#x9;at com.kms.katalon.core.webui.keyword.internal.WebUIKeywordMain.runKeyword(WebUIKeywordMain.groovy:20)&#xD;&#xA;&#x9;at com.kms.katalon.core.webui.keyword.builtin.OpenBrowserKeyword.openBrowser(OpenBrowserKeyword.groovy:81)&#xD;&#xA;&#x9;at com.kms.katalon.core.webui.keyword.builtin.OpenBrowserKeyword.execute(OpenBrowserKeyword.groovy:67)&#xD;&#xA;&#x9;at com.kms.katalon.core.keyword.internal.KeywordExecutor.executeKeywordForPlatform(KeywordExecutor.groovy:56)&#xD;&#xA;&#x9;at com.kms.katalon.core.webui.keyword.WebUiBuiltInKeywords.openBrowser(WebUiBuiltInKeywords.groovy:60)&#xD;&#xA;&#x9;at com.kms.katalon.core.webui.keyword.WebUiBuiltInKeywords$openBrowser.call(Unknown Source)&#xD;&#xA;&#x9;at Script1564043187630.run(Script1564043187630.groovy:17)&#xD;&#xA;&#x9;... 13 more&#xD;&#xA;Caused by: java.net.ConnectException: Failed to connect to localhost/0:0:0:0:0:0:0:1:38282&#xD;&#xA;&#x9;at okhttp3.internal.connection.RealConnection.connectSocket(RealConnection.java:247)&#xD;&#xA;&#x9;at okhttp3.internal.connection.RealConnection.connect(RealConnection.java:165)&#xD;&#xA;&#x9;at okhttp3.internal.connection.StreamAllocation.findConnection(StreamAllocation.java:257)&#xD;&#xA;&#x9;at okhttp3.internal.connection.StreamAllocation.findHealthyConnection(StreamAllocation.java:135)&#xD;&#xA;&#x9;at okhttp3.internal.connection.StreamAllocation.newStream(StreamAllocation.java:114)&#xD;&#xA;&#x9;at okhttp3.internal.connection.ConnectInterceptor.intercept(ConnectInterceptor.java:42)&#xD;&#xA;&#x9;at okhttp3.internal.http.RealInterceptorChain.proceed(RealInterceptorChain.java:147)&#xD;&#xA;&#x9;at okhttp3.internal.http.RealInterceptorChain.proceed(RealInterceptorChain.java:121)&#xD;&#xA;&#x9;at okhttp3.internal.cache.CacheInterceptor.intercept(CacheInterceptor.java:93)&#xD;&#xA;&#x9;at okhttp3.internal.http.RealInterceptorChain.proceed(RealInterceptorChain.java:147)&#xD;&#xA;&#x9;at okhttp3.internal.http.RealInterceptorChain.proceed(RealInterceptorChain.java:121)&#xD;&#xA;&#x9;at okhttp3.internal.http.BridgeInterceptor.intercept(BridgeInterceptor.java:93)&#xD;&#xA;&#x9;at okhttp3.internal.http.RealInterceptorChain.proceed(RealInterceptorChain.java:147)&#xD;&#xA;&#x9;at okhttp3.internal.http.RetryAndFollowUpInterceptor.intercept(RetryAndFollowUpInterceptor.java:126)&#xD;&#xA;&#x9;at okhttp3.internal.http.RealInterceptorChain.proceed(RealInterceptorChain.java:147)&#xD;&#xA;&#x9;at okhttp3.internal.http.RealInterceptorChain.proceed(RealInterceptorChain.java:121)&#xD;&#xA;&#x9;at okhttp3.RealCall.getResponseWithInterceptorChain(RealCall.java:200)&#xD;&#xA;&#x9;at okhttp3.RealCall.execute(RealCall.java:77)&#xD;&#xA;&#x9;at org.openqa.selenium.remote.internal.OkHttpClient.execute(OkHttpClient.java:103)&#xD;&#xA;&#x9;at org.openqa.selenium.remote.ProtocolHandshake.createSession(ProtocolHandshake.java:105)&#xD;&#xA;&#x9;at org.openqa.selenium.remote.ProtocolHandshake.createSession(ProtocolHandshake.java:74)&#xD;&#xA;&#x9;at org.openqa.selenium.remote.HttpCommandExecutor.execute(HttpCommandExecutor.java:136)&#xD;&#xA;&#x9;at org.openqa.selenium.remote.service.DriverCommandExecutor.execute(DriverCommandExecutor.java:83)&#xD;&#xA;&#x9;... 31 more&#xD;&#xA;Caused by: java.net.ConnectException: Connection refused: connect&#xD;&#xA;&#x9;at okhttp3.internal.platform.Platform.connectSocket(Platform.java:129)&#xD;&#xA;&#x9;at okhttp3.internal.connection.RealConnection.connectSocket(RealConnection.java:245)&#xD;&#xA;&#x9;at okhttp3.internal.connection.RealConnection.connect(RealConnection.java:165)&#xD;&#xA;&#x9;at okhttp3.internal.connection.StreamAllocation.findConnection(StreamAllocation.java:257)&#xD;&#xA;&#x9;at okhttp3.internal.connection.StreamAllocation.findHealthyConnection(StreamAllocation.java:135)&#xD;&#xA;&#x9;at okhttp3.internal.connection.StreamAllocation.newStream(StreamAllocation.java:114)&#xD;&#xA;&#x9;at okhttp3.internal.connection.ConnectInterceptor.intercept(ConnectInterceptor.java:42)&#xD;&#xA;&#x9;at okhttp3.internal.http.RealInterceptorChain.proceed(RealInterceptorChain.java:147)&#xD;&#xA;&#x9;at okhttp3.internal.http.RealInterceptorChain.proceed(RealInterceptorChain.java:121)&#xD;&#xA;&#x9;at okhttp3.internal.cache.CacheInterceptor.intercept(CacheInterceptor.java:93)&#xD;&#xA;&#x9;at okhttp3.internal.http.RealInterceptorChain.proceed(RealInterceptorChain.java:147)&#xD;&#xA;&#x9;at okhttp3.internal.http.RealInterceptorChain.proceed(RealInterceptorChain.java:121)&#xD;&#xA;&#x9;at okhttp3.internal.http.BridgeInterceptor.intercept(BridgeInterceptor.java:93)&#xD;&#xA;&#x9;at okhttp3.internal.http.RealInterceptorChain.proceed(RealInterceptorChain.java:147)&#xD;&#xA;&#x9;at okhttp3.internal.http.RetryAndFollowUpInterceptor.intercept(RetryAndFollowUpInterceptor.java:126)&#xD;&#xA;&#x9;at okhttp3.internal.http.RealInterceptorChain.proceed(RealInterceptorChain.java:147)&#xD;&#xA;&#x9;at okhttp3.internal.http.RealInterceptorChain.proceed(RealInterceptorChain.java:121)&#xD;&#xA;&#x9;at okhttp3.RealCall.getResponseWithInterceptorChain(RealCall.java:200)&#xD;&#xA;&#x9;at okhttp3.RealCall.execute(RealCall.java:77)&#xD;&#xA;&#x9;at org.openqa.selenium.remote.internal.OkHttpClient.execute(OkHttpClient.java:103)&#xD;&#xA;&#x9;at org.openqa.selenium.remote.ProtocolHandshake.createSession(ProtocolHandshake.java:105)&#xD;&#xA;&#x9;at org.openqa.selenium.remote.ProtocolHandshake.createSession(ProtocolHandshake.java:74)&#xD;&#xA;&#x9;at org.openqa.selenium.remote.HttpCommandExecutor.execute(HttpCommandExecutor.java:136)&#xD;&#xA;&#x9;at org.openqa.selenium.remote.service.DriverCommandExecutor.execute(DriverCommandExecutor.java:83)&#xD;&#xA;&#x9;at org.openqa.selenium.remote.RemoteWebDriver.execute(RemoteWebDriver.java:552)&#xD;&#xA;&#x9;at com.kms.katalon.selenium.driver.CEdgeDriver.execute(CEdgeDriver.java:21)&#xD;&#xA;&#x9;at org.openqa.selenium.remote.RemoteWebDriver.startSession(RemoteWebDriver.java:213)&#xD;&#xA;&#x9;at org.openqa.selenium.remote.RemoteWebDriver.&lt;init&gt;(RemoteWebDriver.java:131)&#xD;&#xA;&#x9;at org.openqa.selenium.edge.EdgeDriver.&lt;init&gt;(EdgeDriver.java:154)&#xD;&#xA;&#x9;at com.kms.katalon.selenium.driver.CEdgeDriver.&lt;init&gt;(CEdgeDriver.java:14)&#xD;&#xA;&#x9;at com.kms.katalon.core.webui.driver.DriverFactory.createNewEdgeDriver(DriverFactory.java:435)&#xD;&#xA;&#x9;at com.kms.katalon.core.webui.driver.DriverFactory.startNewBrowser(DriverFactory.java:257)&#xD;&#xA;&#x9;at com.kms.katalon.core.webui.driver.DriverFactory.openWebDriver(DriverFactory.java:191)&#xD;&#xA;&#x9;at com.kms.katalon.core.webui.keyword.builtin.OpenBrowserKeyword$_openBrowser_closure1.doCall(OpenBrowserKeyword.groovy:74)&#xD;&#xA;&#x9;at com.kms.katalon.core.webui.keyword.builtin.OpenBrowserKeyword$_openBrowser_closure1.call(OpenBrowserKeyword.groovy)&#xD;&#xA;&#x9;at com.kms.katalon.core.webui.keyword.internal.WebUIKeywordMain.runKeyword(WebUIKeywordMain.groovy:20)&#xD;&#xA;&#x9;at com.kms.katalon.core.webui.keyword.builtin.OpenBrowserKeyword.openBrowser(OpenBrowserKeyword.groovy:81)&#xD;&#xA;&#x9;at com.kms.katalon.core.webui.keyword.builtin.OpenBrowserKeyword.execute(OpenBrowserKeyword.groovy:67)&#xD;&#xA;&#x9;at com.kms.katalon.core.keyword.internal.KeywordExecutor.executeKeywordForPlatform(KeywordExecutor.groovy:56)&#xD;&#xA;&#x9;at com.kms.katalon.core.webui.keyword.WebUiBuiltInKeywords.openBrowser(WebUiBuiltInKeywords.groovy:60)&#xD;&#xA;&#x9;at com.kms.katalon.core.webui.keyword.WebUiBuiltInKeywords$openBrowser.call(Unknown Source)&#xD;&#xA;&#x9;at tmdfirction.run(tmdfirction:17)&#xD;&#xA;&#x9;... 13 more&#xD;&#xA;"/>
            <system-out>2019-07-25 11:10:08 - [TEST_CASE][FAILED] - Test Cases/tmdfirction: Test Cases/tmdfirction FAILED.
Reason:
com.kms.katalon.core.exception.StepFailedException: Unable to open browser with url: ''&#xD;
	at com.kms.katalon.core.webui.keyword.internal.WebUIKeywordMain.stepFailed(WebUIKeywordMain.groovy:64)&#xD;
	at com.kms.katalon.core.webui.keyword.internal.WebUIKeywordMain.runKeyword(WebUIKeywordMain.groovy:26)&#xD;
	at com.kms.katalon.core.webui.keyword.builtin.OpenBrowserKeyword.openBrowser(OpenBrowserKeyword.groovy:81)&#xD;
	at com.kms.katalon.core.webui.keyword.builtin.OpenBrowserKeyword.execute(OpenBrowserKeyword.groovy:67)&#xD;
	at com.kms.katalon.core.keyword.internal.KeywordExecutor.executeKeywordForPlatform(KeywordExecutor.groovy:56)&#xD;
	at com.kms.katalon.core.webui.keyword.WebUiBuiltInKeywords.openBrowser(WebUiBuiltInKeywords.groovy:60)&#xD;
	at com.kms.katalon.core.webui.keyword.WebUiBuiltInKeywords$openBrowser.call(Unknown Source)&#xD;
	at tmdfirction.run(tmdfirction:17)&#xD;
	at com.kms.katalon.core.main.ScriptEngine.run(ScriptEngine.java:194)&#xD;
	at com.kms.katalon.core.main.ScriptEngine.runScriptAsRawText(ScriptEngine.java:119)&#xD;
	at com.kms.katalon.core.main.TestCaseExecutor.runScript(TestCaseExecutor.java:337)&#xD;
	at com.kms.katalon.core.main.TestCaseExecutor.doExecute(TestCaseExecutor.java:328)&#xD;
	at com.kms.katalon.core.main.TestCaseExecutor.processExecutionPhase(TestCaseExecutor.java:307)&#xD;
	at com.kms.katalon.core.main.TestCaseExecutor.accessMainPhase(TestCaseExecutor.java:299)&#xD;
	at com.kms.katalon.core.main.TestCaseExecutor.execute(TestCaseExecutor.java:233)&#xD;
	at com.kms.katalon.core.main.TestSuiteExecutor.accessTestCaseMainPhase(TestSuiteExecutor.java:133)&#xD;
	at com.kms.katalon.core.main.TestSuiteExecutor.accessTestSuiteMainPhase(TestSuiteExecutor.java:116)&#xD;
	at com.kms.katalon.core.main.TestSuiteExecutor.execute(TestSuiteExecutor.java:83)&#xD;
	at com.kms.katalon.core.main.TestCaseMain.startTestSuite(TestCaseMain.java:157)&#xD;
	at com.kms.katalon.core.main.TestCaseMain$startTestSuite$0.call(Unknown Source)&#xD;
	at TempTestSuite1564044813085.run(TempTestSuite1564044813085.groovy:35)&#xD;
Caused by: org.openqa.selenium.WebDriverException: java.net.ConnectException: Failed to connect to localhost/0:0:0:0:0:0:0:1:38282
Build info: version: '3.141.59', revision: 'e82be7d358', time: '2018-11-14T08:25:53'
System info: host: 'ANTONIO', ip: '169.254.42.39', os.name: 'Windows 10', os.arch: 'amd64', os.version: '10.0', java.version: '1.8.0_181'
Driver info: driver.version: CEdgeDriver&#xD;
	at org.openqa.selenium.remote.service.DriverCommandExecutor.execute(DriverCommandExecutor.java:92)&#xD;
	at org.openqa.selenium.remote.RemoteWebDriver.execute(RemoteWebDriver.java:552)&#xD;
	at com.kms.katalon.selenium.driver.CEdgeDriver.execute(CEdgeDriver.java:21)&#xD;
	at org.openqa.selenium.remote.RemoteWebDriver.startSession(RemoteWebDriver.java:213)&#xD;
	at org.openqa.selenium.remote.RemoteWebDriver.&lt;init&gt;(RemoteWebDriver.java:131)&#xD;
	at org.openqa.selenium.edge.EdgeDriver.&lt;init&gt;(EdgeDriver.java:154)&#xD;
	at com.kms.katalon.selenium.driver.CEdgeDriver.&lt;init&gt;(CEdgeDriver.java:14)&#xD;
	at com.kms.katalon.core.webui.driver.DriverFactory.createNewEdgeDriver(DriverFactory.java:435)&#xD;
	at com.kms.katalon.core.webui.driver.DriverFactory.startNewBrowser(DriverFactory.java:257)&#xD;
	at com.kms.katalon.core.webui.driver.DriverFactory.openWebDriver(DriverFactory.java:191)&#xD;
	at com.kms.katalon.core.webui.keyword.builtin.OpenBrowserKeyword$_openBrowser_closure1.doCall(OpenBrowserKeyword.groovy:74)&#xD;
	at com.kms.katalon.core.webui.keyword.builtin.OpenBrowserKeyword$_openBrowser_closure1.call(OpenBrowserKeyword.groovy)&#xD;
	at com.kms.katalon.core.webui.keyword.internal.WebUIKeywordMain.runKeyword(WebUIKeywordMain.groovy:20)&#xD;
	at com.kms.katalon.core.webui.keyword.builtin.OpenBrowserKeyword.openBrowser(OpenBrowserKeyword.groovy:81)&#xD;
	at com.kms.katalon.core.webui.keyword.builtin.OpenBrowserKeyword.execute(OpenBrowserKeyword.groovy:67)&#xD;
	at com.kms.katalon.core.keyword.internal.KeywordExecutor.executeKeywordForPlatform(KeywordExecutor.groovy:56)&#xD;
	at com.kms.katalon.core.webui.keyword.WebUiBuiltInKeywords.openBrowser(WebUiBuiltInKeywords.groovy:60)&#xD;
	at com.kms.katalon.core.webui.keyword.WebUiBuiltInKeywords$openBrowser.call(Unknown Source)&#xD;
	at Script1564043187630.run(Script1564043187630.groovy:17)&#xD;
	... 13 more&#xD;
Caused by: java.net.ConnectException: Failed to connect to localhost/0:0:0:0:0:0:0:1:38282&#xD;
	at okhttp3.internal.connection.RealConnection.connectSocket(RealConnection.java:247)&#xD;
	at okhttp3.internal.connection.RealConnection.connect(RealConnection.java:165)&#xD;
	at okhttp3.internal.connection.StreamAllocation.findConnection(StreamAllocation.java:257)&#xD;
	at okhttp3.internal.connection.StreamAllocation.findHealthyConnection(StreamAllocation.java:135)&#xD;
	at okhttp3.internal.connection.StreamAllocation.newStream(StreamAllocation.java:114)&#xD;
	at okhttp3.internal.connection.ConnectInterceptor.intercept(ConnectInterceptor.java:42)&#xD;
	at okhttp3.internal.http.RealInterceptorChain.proceed(RealInterceptorChain.java:147)&#xD;
	at okhttp3.internal.http.RealInterceptorChain.proceed(RealInterceptorChain.java:121)&#xD;
	at okhttp3.internal.cache.CacheInterceptor.intercept(CacheInterceptor.java:93)&#xD;
	at okhttp3.internal.http.RealInterceptorChain.proceed(RealInterceptorChain.java:147)&#xD;
	at okhttp3.internal.http.RealInterceptorChain.proceed(RealInterceptorChain.java:121)&#xD;
	at okhttp3.internal.http.BridgeInterceptor.intercept(BridgeInterceptor.java:93)&#xD;
	at okhttp3.internal.http.RealInterceptorChain.proceed(RealInterceptorChain.java:147)&#xD;
	at okhttp3.internal.http.RetryAndFollowUpInterceptor.intercept(RetryAndFollowUpInterceptor.java:126)&#xD;
	at okhttp3.internal.http.RealInterceptorChain.proceed(RealInterceptorChain.java:147)&#xD;
	at okhttp3.internal.http.RealInterceptorChain.proceed(RealInterceptorChain.java:121)&#xD;
	at okhttp3.RealCall.getResponseWithInterceptorChain(RealCall.java:200)&#xD;
	at okhttp3.RealCall.execute(RealCall.java:77)&#xD;
	at org.openqa.selenium.remote.internal.OkHttpClient.execute(OkHttpClient.java:103)&#xD;
	at org.openqa.selenium.remote.ProtocolHandshake.createSession(ProtocolHandshake.java:105)&#xD;
	at org.openqa.selenium.remote.ProtocolHandshake.createSession(ProtocolHandshake.java:74)&#xD;
	at org.openqa.selenium.remote.HttpCommandExecutor.execute(HttpCommandExecutor.java:136)&#xD;
	at org.openqa.selenium.remote.service.DriverCommandExecutor.execute(DriverCommandExecutor.java:83)&#xD;
	... 31 more&#xD;
Caused by: java.net.ConnectException: Connection refused: connect&#xD;
	at okhttp3.internal.platform.Platform.connectSocket(Platform.java:129)&#xD;
	at okhttp3.internal.connection.RealConnection.connectSocket(RealConnection.java:245)&#xD;
	at okhttp3.internal.connection.RealConnection.connect(RealConnection.java:165)&#xD;
	at okhttp3.internal.connection.StreamAllocation.findConnection(StreamAllocation.java:257)&#xD;
	at okhttp3.internal.connection.StreamAllocation.findHealthyConnection(StreamAllocation.java:135)&#xD;
	at okhttp3.internal.connection.StreamAllocation.newStream(StreamAllocation.java:114)&#xD;
	at okhttp3.internal.connection.ConnectInterceptor.intercept(ConnectInterceptor.java:42)&#xD;
	at okhttp3.internal.http.RealInterceptorChain.proceed(RealInterceptorChain.java:147)&#xD;
	at okhttp3.internal.http.RealInterceptorChain.proceed(RealInterceptorChain.java:121)&#xD;
	at okhttp3.internal.cache.CacheInterceptor.intercept(CacheInterceptor.java:93)&#xD;
	at okhttp3.internal.http.RealInterceptorChain.proceed(RealInterceptorChain.java:147)&#xD;
	at okhttp3.internal.http.RealInterceptorChain.proceed(RealInterceptorChain.java:121)&#xD;
	at okhttp3.internal.http.BridgeInterceptor.intercept(BridgeInterceptor.java:93)&#xD;
	at okhttp3.internal.http.RealInterceptorChain.proceed(RealInterceptorChain.java:147)&#xD;
	at okhttp3.internal.http.RetryAndFollowUpInterceptor.intercept(RetryAndFollowUpInterceptor.java:126)&#xD;
	at okhttp3.internal.http.RealInterceptorChain.proceed(RealInterceptorChain.java:147)&#xD;
	at okhttp3.internal.http.RealInterceptorChain.proceed(RealInterceptorChain.java:121)&#xD;
	at okhttp3.RealCall.getResponseWithInterceptorChain(RealCall.java:200)&#xD;
	at okhttp3.RealCall.execute(RealCall.java:77)&#xD;
	at org.openqa.selenium.remote.internal.OkHttpClient.execute(OkHttpClient.java:103)&#xD;
	at org.openqa.selenium.remote.ProtocolHandshake.createSession(ProtocolHandshake.java:105)&#xD;
	at org.openqa.selenium.remote.ProtocolHandshake.createSession(ProtocolHandshake.java:74)&#xD;
	at org.openqa.selenium.remote.HttpCommandExecutor.execute(HttpCommandExecutor.java:136)&#xD;
	at org.openqa.selenium.remote.service.DriverCommandExecutor.execute(DriverCommandExecutor.java:83)&#xD;
	at org.openqa.selenium.remote.RemoteWebDriver.execute(RemoteWebDriver.java:552)&#xD;
	at com.kms.katalon.selenium.driver.CEdgeDriver.execute(CEdgeDriver.java:21)&#xD;
	at org.openqa.selenium.remote.RemoteWebDriver.startSession(RemoteWebDriver.java:213)&#xD;
	at org.openqa.selenium.remote.RemoteWebDriver.&lt;init&gt;(RemoteWebDriver.java:131)&#xD;
	at org.openqa.selenium.edge.EdgeDriver.&lt;init&gt;(EdgeDriver.java:154)&#xD;
	at com.kms.katalon.selenium.driver.CEdgeDriver.&lt;init&gt;(CEdgeDriver.java:14)&#xD;
	at com.kms.katalon.core.webui.driver.DriverFactory.createNewEdgeDriver(DriverFactory.java:435)&#xD;
	at com.kms.katalon.core.webui.driver.DriverFactory.startNewBrowser(DriverFactory.java:257)&#xD;
	at com.kms.katalon.core.webui.driver.DriverFactory.openWebDriver(DriverFactory.java:191)&#xD;
	at com.kms.katalon.core.webui.keyword.builtin.OpenBrowserKeyword$_openBrowser_closure1.doCall(OpenBrowserKeyword.groovy:74)&#xD;
	at com.kms.katalon.core.webui.keyword.builtin.OpenBrowserKeyword$_openBrowser_closure1.call(OpenBrowserKeyword.groovy)&#xD;
	at com.kms.katalon.core.webui.keyword.internal.WebUIKeywordMain.runKeyword(WebUIKeywordMain.groovy:20)&#xD;
	at com.kms.katalon.core.webui.keyword.builtin.OpenBrowserKeyword.openBrowser(OpenBrowserKeyword.groovy:81)&#xD;
	at com.kms.katalon.core.webui.keyword.builtin.OpenBrowserKeyword.execute(OpenBrowserKeyword.groovy:67)&#xD;
	at com.kms.katalon.core.keyword.internal.KeywordExecutor.executeKeywordForPlatform(KeywordExecutor.groovy:56)&#xD;
	at com.kms.katalon.core.webui.keyword.WebUiBuiltInKeywords.openBrowser(WebUiBuiltInKeywords.groovy:60)&#xD;
	at com.kms.katalon.core.webui.keyword.WebUiBuiltInKeywords$openBrowser.call(Unknown Source)&#xD;
	at tmdfirction.run(tmdfirction:17)&#xD;
	... 13 more&#xD;
&#xD;
&#xD;
2019-07-25 11:10:08 - [TEST_STEP][FAILED] - openBrowser(""): Unable to open browser with url: '' (Root cause: com.kms.katalon.core.exception.StepFailedException: Unable to open browser with url: ''&#xD;
	at com.kms.katalon.core.webui.keyword.internal.WebUIKeywordMain.stepFailed(WebUIKeywordMain.groovy:64)&#xD;
	at com.kms.katalon.core.webui.keyword.internal.WebUIKeywordMain.runKeyword(WebUIKeywordMain.groovy:26)&#xD;
	at com.kms.katalon.core.webui.keyword.builtin.OpenBrowserKeyword.openBrowser(OpenBrowserKeyword.groovy:81)&#xD;
	at com.kms.katalon.core.webui.keyword.builtin.OpenBrowserKeyword.execute(OpenBrowserKeyword.groovy:67)&#xD;
	at com.kms.katalon.core.keyword.internal.KeywordExecutor.executeKeywordForPlatform(KeywordExecutor.groovy:56)&#xD;
	at com.kms.katalon.core.webui.keyword.WebUiBuiltInKeywords.openBrowser(WebUiBuiltInKeywords.groovy:60)&#xD;
	at com.kms.katalon.core.webui.keyword.WebUiBuiltInKeywords$openBrowser.call(Unknown Source)&#xD;
	at tmdfirction.run(tmdfirction:17)&#xD;
	at com.kms.katalon.core.main.ScriptEngine.run(ScriptEngine.java:194)&#xD;
	at com.kms.katalon.core.main.ScriptEngine.runScriptAsRawText(ScriptEngine.java:119)&#xD;
	at com.kms.katalon.core.main.TestCaseExecutor.runScript(TestCaseExecutor.java:337)&#xD;
	at com.kms.katalon.core.main.TestCaseExecutor.doExecute(TestCaseExecutor.java:328)&#xD;
	at com.kms.katalon.core.main.TestCaseExecutor.processExecutionPhase(TestCaseExecutor.java:307)&#xD;
	at com.kms.katalon.core.main.TestCaseExecutor.accessMainPhase(TestCaseExecutor.java:299)&#xD;
	at com.kms.katalon.core.main.TestCaseExecutor.execute(TestCaseExecutor.java:233)&#xD;
	at com.kms.katalon.core.main.TestSuiteExecutor.accessTestCaseMainPhase(TestSuiteExecutor.java:133)&#xD;
	at com.kms.katalon.core.main.TestSuiteExecutor.accessTestSuiteMainPhase(TestSuiteExecutor.java:116)&#xD;
	at com.kms.katalon.core.main.TestSuiteExecutor.execute(TestSuiteExecutor.java:83)&#xD;
	at com.kms.katalon.core.main.TestCaseMain.startTestSuite(TestCaseMain.java:157)&#xD;
	at com.kms.katalon.core.main.TestCaseMain$startTestSuite$0.call(Unknown Source)&#xD;
	at TempTestSuite1564044813085.run(TempTestSuite1564044813085.groovy:35)&#xD;
Caused by: org.openqa.selenium.WebDriverException: java.net.ConnectException: Failed to connect to localhost/0:0:0:0:0:0:0:1:38282
Build info: version: '3.141.59', revision: 'e82be7d358', time: '2018-11-14T08:25:53'
System info: host: 'ANTONIO', ip: '169.254.42.39', os.name: 'Windows 10', os.arch: 'amd64', os.version: '10.0', java.version: '1.8.0_181'
Driver info: driver.version: CEdgeDriver&#xD;
	at org.openqa.selenium.remote.service.DriverCommandExecutor.execute(DriverCommandExecutor.java:92)&#xD;
	at org.openqa.selenium.remote.RemoteWebDriver.execute(RemoteWebDriver.java:552)&#xD;
	at com.kms.katalon.selenium.driver.CEdgeDriver.execute(CEdgeDriver.java:21)&#xD;
	at org.openqa.selenium.remote.RemoteWebDriver.startSession(RemoteWebDriver.java:213)&#xD;
	at org.openqa.selenium.remote.RemoteWebDriver.&lt;init&gt;(RemoteWebDriver.java:131)&#xD;
	at org.openqa.selenium.edge.EdgeDriver.&lt;init&gt;(EdgeDriver.java:154)&#xD;
	at com.kms.katalon.selenium.driver.CEdgeDriver.&lt;init&gt;(CEdgeDriver.java:14)&#xD;
	at com.kms.katalon.core.webui.driver.DriverFactory.createNewEdgeDriver(DriverFactory.java:435)&#xD;
	at com.kms.katalon.core.webui.driver.DriverFactory.startNewBrowser(DriverFactory.java:257)&#xD;
	at com.kms.katalon.core.webui.driver.DriverFactory.openWebDriver(DriverFactory.java:191)&#xD;
	at com.kms.katalon.core.webui.keyword.builtin.OpenBrowserKeyword$_openBrowser_closure1.doCall(OpenBrowserKeyword.groovy:74)&#xD;
	at com.kms.katalon.core.webui.keyword.builtin.OpenBrowserKeyword$_openBrowser_closure1.call(OpenBrowserKeyword.groovy)&#xD;
	at com.kms.katalon.core.webui.keyword.internal.WebUIKeywordMain.runKeyword(WebUIKeywordMain.groovy:20)&#xD;
	at com.kms.katalon.core.webui.keyword.builtin.OpenBrowserKeyword.openBrowser(OpenBrowserKeyword.groovy:81)&#xD;
	at com.kms.katalon.core.webui.keyword.builtin.OpenBrowserKeyword.execute(OpenBrowserKeyword.groovy:67)&#xD;
	at com.kms.katalon.core.keyword.internal.KeywordExecutor.executeKeywordForPlatform(KeywordExecutor.groovy:56)&#xD;
	at com.kms.katalon.core.webui.keyword.WebUiBuiltInKeywords.openBrowser(WebUiBuiltInKeywords.groovy:60)&#xD;
	at com.kms.katalon.core.webui.keyword.WebUiBuiltInKeywords$openBrowser.call(Unknown Source)&#xD;
	at Script1564043187630.run(Script1564043187630.groovy:17)&#xD;
	... 13 more&#xD;
Caused by: java.net.ConnectException: Failed to connect to localhost/0:0:0:0:0:0:0:1:38282&#xD;
	at okhttp3.internal.connection.RealConnection.connectSocket(RealConnection.java:247)&#xD;
	at okhttp3.internal.connection.RealConnection.connect(RealConnection.java:165)&#xD;
	at okhttp3.internal.connection.StreamAllocation.findConnection(StreamAllocation.java:257)&#xD;
	at okhttp3.internal.connection.StreamAllocation.findHealthyConnection(StreamAllocation.java:135)&#xD;
	at okhttp3.internal.connection.StreamAllocation.newStream(StreamAllocation.java:114)&#xD;
	at okhttp3.internal.connection.ConnectInterceptor.intercept(ConnectInterceptor.java:42)&#xD;
	at okhttp3.internal.http.RealInterceptorChain.proceed(RealInterceptorChain.java:147)&#xD;
	at okhttp3.internal.http.RealInterceptorChain.proceed(RealInterceptorChain.java:121)&#xD;
	at okhttp3.internal.cache.CacheInterceptor.intercept(CacheInterceptor.java:93)&#xD;
	at okhttp3.internal.http.RealInterceptorChain.proceed(RealInterceptorChain.java:147)&#xD;
	at okhttp3.internal.http.RealInterceptorChain.proceed(RealInterceptorChain.java:121)&#xD;
	at okhttp3.internal.http.BridgeInterceptor.intercept(BridgeInterceptor.java:93)&#xD;
	at okhttp3.internal.http.RealInterceptorChain.proceed(RealInterceptorChain.java:147)&#xD;
	at okhttp3.internal.http.RetryAndFollowUpInterceptor.intercept(RetryAndFollowUpInterceptor.java:126)&#xD;
	at okhttp3.internal.http.RealInterceptorChain.proceed(RealInterceptorChain.java:147)&#xD;
	at okhttp3.internal.http.RealInterceptorChain.proceed(RealInterceptorChain.java:121)&#xD;
	at okhttp3.RealCall.getResponseWithInterceptorChain(RealCall.java:200)&#xD;
	at okhttp3.RealCall.execute(RealCall.java:77)&#xD;
	at org.openqa.selenium.remote.internal.OkHttpClient.execute(OkHttpClient.java:103)&#xD;
	at org.openqa.selenium.remote.ProtocolHandshake.createSession(ProtocolHandshake.java:105)&#xD;
	at org.openqa.selenium.remote.ProtocolHandshake.createSession(ProtocolHandshake.java:74)&#xD;
	at org.openqa.selenium.remote.HttpCommandExecutor.execute(HttpCommandExecutor.java:136)&#xD;
	at org.openqa.selenium.remote.service.DriverCommandExecutor.execute(DriverCommandExecutor.java:83)&#xD;
	... 31 more&#xD;
Caused by: java.net.ConnectException: Connection refused: connect&#xD;
	at okhttp3.internal.platform.Platform.connectSocket(Platform.java:129)&#xD;
	at okhttp3.internal.connection.RealConnection.connectSocket(RealConnection.java:245)&#xD;
	... 53 more&#xD;
)&#xD;
&#xD;
2019-07-25 11:10:08 - [MESSAGE][INFO] - Starting 'Edge' driver&#xD;
&#xD;
2019-07-25 11:10:10 - [MESSAGE][FAILED] - Unable to open browser with url: '' (Root cause: com.kms.katalon.core.exception.StepFailedException: Unable to open browser with url: ''&#xD;
	at com.kms.katalon.core.webui.keyword.internal.WebUIKeywordMain.stepFailed(WebUIKeywordMain.groovy:64)&#xD;
	at com.kms.katalon.core.webui.keyword.internal.WebUIKeywordMain.runKeyword(WebUIKeywordMain.groovy:26)&#xD;
	at com.kms.katalon.core.webui.keyword.builtin.OpenBrowserKeyword.openBrowser(OpenBrowserKeyword.groovy:81)&#xD;
	at com.kms.katalon.core.webui.keyword.builtin.OpenBrowserKeyword.execute(OpenBrowserKeyword.groovy:67)&#xD;
	at com.kms.katalon.core.keyword.internal.KeywordExecutor.executeKeywordForPlatform(KeywordExecutor.groovy:56)&#xD;
	at com.kms.katalon.core.webui.keyword.WebUiBuiltInKeywords.openBrowser(WebUiBuiltInKeywords.groovy:60)&#xD;
	at com.kms.katalon.core.webui.keyword.WebUiBuiltInKeywords$openBrowser.call(Unknown Source)&#xD;
	at tmdfirction.run(tmdfirction:17)&#xD;
	at com.kms.katalon.core.main.ScriptEngine.run(ScriptEngine.java:194)&#xD;
	at com.kms.katalon.core.main.ScriptEngine.runScriptAsRawText(ScriptEngine.java:119)&#xD;
	at com.kms.katalon.core.main.TestCaseExecutor.runScript(TestCaseExecutor.java:337)&#xD;
	at com.kms.katalon.core.main.TestCaseExecutor.doExecute(TestCaseExecutor.java:328)&#xD;
	at com.kms.katalon.core.main.TestCaseExecutor.processExecutionPhase(TestCaseExecutor.java:307)&#xD;
	at com.kms.katalon.core.main.TestCaseExecutor.accessMainPhase(TestCaseExecutor.java:299)&#xD;
	at com.kms.katalon.core.main.TestCaseExecutor.execute(TestCaseExecutor.java:233)&#xD;
	at com.kms.katalon.core.main.TestSuiteExecutor.accessTestCaseMainPhase(TestSuiteExecutor.java:133)&#xD;
	at com.kms.katalon.core.main.TestSuiteExecutor.accessTestSuiteMainPhase(TestSuiteExecutor.java:116)&#xD;
	at com.kms.katalon.core.main.TestSuiteExecutor.execute(TestSuiteExecutor.java:83)&#xD;
	at com.kms.katalon.core.main.TestCaseMain.startTestSuite(TestCaseMain.java:157)&#xD;
	at com.kms.katalon.core.main.TestCaseMain$startTestSuite$0.call(Unknown Source)&#xD;
	at TempTestSuite1564044813085.run(TempTestSuite1564044813085.groovy:35)&#xD;
Caused by: org.openqa.selenium.WebDriverException: java.net.ConnectException: Failed to connect to localhost/0:0:0:0:0:0:0:1:38282
Build info: version: '3.141.59', revision: 'e82be7d358', time: '2018-11-14T08:25:53'
System info: host: 'ANTONIO', ip: '169.254.42.39', os.name: 'Windows 10', os.arch: 'amd64', os.version: '10.0', java.version: '1.8.0_181'
Driver info: driver.version: CEdgeDriver&#xD;
	at org.openqa.selenium.remote.service.DriverCommandExecutor.execute(DriverCommandExecutor.java:92)&#xD;
	at org.openqa.selenium.remote.RemoteWebDriver.execute(RemoteWebDriver.java:552)&#xD;
	at com.kms.katalon.selenium.driver.CEdgeDriver.execute(CEdgeDriver.java:21)&#xD;
	at org.openqa.selenium.remote.RemoteWebDriver.startSession(RemoteWebDriver.java:213)&#xD;
	at org.openqa.selenium.remote.RemoteWebDriver.&lt;init&gt;(RemoteWebDriver.java:131)&#xD;
	at org.openqa.selenium.edge.EdgeDriver.&lt;init&gt;(EdgeDriver.java:154)&#xD;
	at com.kms.katalon.selenium.driver.CEdgeDriver.&lt;init&gt;(CEdgeDriver.java:14)&#xD;
	at com.kms.katalon.core.webui.driver.DriverFactory.createNewEdgeDriver(DriverFactory.java:435)&#xD;
	at com.kms.katalon.core.webui.driver.DriverFactory.startNewBrowser(DriverFactory.java:257)&#xD;
	at com.kms.katalon.core.webui.driver.DriverFactory.openWebDriver(DriverFactory.java:191)&#xD;
	at com.kms.katalon.core.webui.keyword.builtin.OpenBrowserKeyword$_openBrowser_closure1.doCall(OpenBrowserKeyword.groovy:74)&#xD;
	at com.kms.katalon.core.webui.keyword.builtin.OpenBrowserKeyword$_openBrowser_closure1.call(OpenBrowserKeyword.groovy)&#xD;
	at com.kms.katalon.core.webui.keyword.internal.WebUIKeywordMain.runKeyword(WebUIKeywordMain.groovy:20)&#xD;
	at com.kms.katalon.core.webui.keyword.builtin.OpenBrowserKeyword.openBrowser(OpenBrowserKeyword.groovy:81)&#xD;
	at com.kms.katalon.core.webui.keyword.builtin.OpenBrowserKeyword.execute(OpenBrowserKeyword.groovy:67)&#xD;
	at com.kms.katalon.core.keyword.internal.KeywordExecutor.executeKeywordForPlatform(KeywordExecutor.groovy:56)&#xD;
	at com.kms.katalon.core.webui.keyword.WebUiBuiltInKeywords.openBrowser(WebUiBuiltInKeywords.groovy:60)&#xD;
	at com.kms.katalon.core.webui.keyword.WebUiBuiltInKeywords$openBrowser.call(Unknown Source)&#xD;
	at Script1564043187630.run(Script1564043187630.groovy:17)&#xD;
	... 13 more&#xD;
Caused by: java.net.ConnectException: Failed to connect to localhost/0:0:0:0:0:0:0:1:38282&#xD;
	at okhttp3.internal.connection.RealConnection.connectSocket(RealConnection.java:247)&#xD;
	at okhttp3.internal.connection.RealConnection.connect(RealConnection.java:165)&#xD;
	at okhttp3.internal.connection.StreamAllocation.findConnection(StreamAllocation.java:257)&#xD;
	at okhttp3.internal.connection.StreamAllocation.findHealthyConnection(StreamAllocation.java:135)&#xD;
	at okhttp3.internal.connection.StreamAllocation.newStream(StreamAllocation.java:114)&#xD;
	at okhttp3.internal.connection.ConnectInterceptor.intercept(ConnectInterceptor.java:42)&#xD;
	at okhttp3.internal.http.RealInterceptorChain.proceed(RealInterceptorChain.java:147)&#xD;
	at okhttp3.internal.http.RealInterceptorChain.proceed(RealInterceptorChain.java:121)&#xD;
	at okhttp3.internal.cache.CacheInterceptor.intercept(CacheInterceptor.java:93)&#xD;
	at okhttp3.internal.http.RealInterceptorChain.proceed(RealInterceptorChain.java:147)&#xD;
	at okhttp3.internal.http.RealInterceptorChain.proceed(RealInterceptorChain.java:121)&#xD;
	at okhttp3.internal.http.BridgeInterceptor.intercept(BridgeInterceptor.java:93)&#xD;
	at okhttp3.internal.http.RealInterceptorChain.proceed(RealInterceptorChain.java:147)&#xD;
	at okhttp3.internal.http.RetryAndFollowUpInterceptor.intercept(RetryAndFollowUpInterceptor.java:126)&#xD;
	at okhttp3.internal.http.RealInterceptorChain.proceed(RealInterceptorChain.java:147)&#xD;
	at okhttp3.internal.http.RealInterceptorChain.proceed(RealInterceptorChain.java:121)&#xD;
	at okhttp3.RealCall.getResponseWithInterceptorChain(RealCall.java:200)&#xD;
	at okhttp3.RealCall.execute(RealCall.java:77)&#xD;
	at org.openqa.selenium.remote.internal.OkHttpClient.execute(OkHttpClient.java:103)&#xD;
	at org.openqa.selenium.remote.ProtocolHandshake.createSession(ProtocolHandshake.java:105)&#xD;
	at org.openqa.selenium.remote.ProtocolHandshake.createSession(ProtocolHandshake.java:74)&#xD;
	at org.openqa.selenium.remote.HttpCommandExecutor.execute(HttpCommandExecutor.java:136)&#xD;
	at org.openqa.selenium.remote.service.DriverCommandExecutor.execute(DriverCommandExecutor.java:83)&#xD;
	... 31 more&#xD;
Caused by: java.net.ConnectException: Connection refused: connect&#xD;
	at okhttp3.internal.platform.Platform.connectSocket(Platform.java:129)&#xD;
	at okhttp3.internal.connection.RealConnection.connectSocket(RealConnection.java:245)&#xD;
	... 53 more&#xD;
)</system-out>
            <system-err>2019-07-25 11:10:08 - [TEST_CASE][FAILED] - Test Cases/tmdfirction: Test Cases/tmdfirction FAILED.
Reason:
com.kms.katalon.core.exception.StepFailedException: Unable to open browser with url: ''&#xD;
	at com.kms.katalon.core.webui.keyword.internal.WebUIKeywordMain.stepFailed(WebUIKeywordMain.groovy:64)&#xD;
	at com.kms.katalon.core.webui.keyword.internal.WebUIKeywordMain.runKeyword(WebUIKeywordMain.groovy:26)&#xD;
	at com.kms.katalon.core.webui.keyword.builtin.OpenBrowserKeyword.openBrowser(OpenBrowserKeyword.groovy:81)&#xD;
	at com.kms.katalon.core.webui.keyword.builtin.OpenBrowserKeyword.execute(OpenBrowserKeyword.groovy:67)&#xD;
	at com.kms.katalon.core.keyword.internal.KeywordExecutor.executeKeywordForPlatform(KeywordExecutor.groovy:56)&#xD;
	at com.kms.katalon.core.webui.keyword.WebUiBuiltInKeywords.openBrowser(WebUiBuiltInKeywords.groovy:60)&#xD;
	at com.kms.katalon.core.webui.keyword.WebUiBuiltInKeywords$openBrowser.call(Unknown Source)&#xD;
	at tmdfirction.run(tmdfirction:17)&#xD;
	at com.kms.katalon.core.main.ScriptEngine.run(ScriptEngine.java:194)&#xD;
	at com.kms.katalon.core.main.ScriptEngine.runScriptAsRawText(ScriptEngine.java:119)&#xD;
	at com.kms.katalon.core.main.TestCaseExecutor.runScript(TestCaseExecutor.java:337)&#xD;
	at com.kms.katalon.core.main.TestCaseExecutor.doExecute(TestCaseExecutor.java:328)&#xD;
	at com.kms.katalon.core.main.TestCaseExecutor.processExecutionPhase(TestCaseExecutor.java:307)&#xD;
	at com.kms.katalon.core.main.TestCaseExecutor.accessMainPhase(TestCaseExecutor.java:299)&#xD;
	at com.kms.katalon.core.main.TestCaseExecutor.execute(TestCaseExecutor.java:233)&#xD;
	at com.kms.katalon.core.main.TestSuiteExecutor.accessTestCaseMainPhase(TestSuiteExecutor.java:133)&#xD;
	at com.kms.katalon.core.main.TestSuiteExecutor.accessTestSuiteMainPhase(TestSuiteExecutor.java:116)&#xD;
	at com.kms.katalon.core.main.TestSuiteExecutor.execute(TestSuiteExecutor.java:83)&#xD;
	at com.kms.katalon.core.main.TestCaseMain.startTestSuite(TestCaseMain.java:157)&#xD;
	at com.kms.katalon.core.main.TestCaseMain$startTestSuite$0.call(Unknown Source)&#xD;
	at TempTestSuite1564044813085.run(TempTestSuite1564044813085.groovy:35)&#xD;
Caused by: org.openqa.selenium.WebDriverException: java.net.ConnectException: Failed to connect to localhost/0:0:0:0:0:0:0:1:38282
Build info: version: '3.141.59', revision: 'e82be7d358', time: '2018-11-14T08:25:53'
System info: host: 'ANTONIO', ip: '169.254.42.39', os.name: 'Windows 10', os.arch: 'amd64', os.version: '10.0', java.version: '1.8.0_181'
Driver info: driver.version: CEdgeDriver&#xD;
	at org.openqa.selenium.remote.service.DriverCommandExecutor.execute(DriverCommandExecutor.java:92)&#xD;
	at org.openqa.selenium.remote.RemoteWebDriver.execute(RemoteWebDriver.java:552)&#xD;
	at com.kms.katalon.selenium.driver.CEdgeDriver.execute(CEdgeDriver.java:21)&#xD;
	at org.openqa.selenium.remote.RemoteWebDriver.startSession(RemoteWebDriver.java:213)&#xD;
	at org.openqa.selenium.remote.RemoteWebDriver.&lt;init&gt;(RemoteWebDriver.java:131)&#xD;
	at org.openqa.selenium.edge.EdgeDriver.&lt;init&gt;(EdgeDriver.java:154)&#xD;
	at com.kms.katalon.selenium.driver.CEdgeDriver.&lt;init&gt;(CEdgeDriver.java:14)&#xD;
	at com.kms.katalon.core.webui.driver.DriverFactory.createNewEdgeDriver(DriverFactory.java:435)&#xD;
	at com.kms.katalon.core.webui.driver.DriverFactory.startNewBrowser(DriverFactory.java:257)&#xD;
	at com.kms.katalon.core.webui.driver.DriverFactory.openWebDriver(DriverFactory.java:191)&#xD;
	at com.kms.katalon.core.webui.keyword.builtin.OpenBrowserKeyword$_openBrowser_closure1.doCall(OpenBrowserKeyword.groovy:74)&#xD;
	at com.kms.katalon.core.webui.keyword.builtin.OpenBrowserKeyword$_openBrowser_closure1.call(OpenBrowserKeyword.groovy)&#xD;
	at com.kms.katalon.core.webui.keyword.internal.WebUIKeywordMain.runKeyword(WebUIKeywordMain.groovy:20)&#xD;
	at com.kms.katalon.core.webui.keyword.builtin.OpenBrowserKeyword.openBrowser(OpenBrowserKeyword.groovy:81)&#xD;
	at com.kms.katalon.core.webui.keyword.builtin.OpenBrowserKeyword.execute(OpenBrowserKeyword.groovy:67)&#xD;
	at com.kms.katalon.core.keyword.internal.KeywordExecutor.executeKeywordForPlatform(KeywordExecutor.groovy:56)&#xD;
	at com.kms.katalon.core.webui.keyword.WebUiBuiltInKeywords.openBrowser(WebUiBuiltInKeywords.groovy:60)&#xD;
	at com.kms.katalon.core.webui.keyword.WebUiBuiltInKeywords$openBrowser.call(Unknown Source)&#xD;
	at Script1564043187630.run(Script1564043187630.groovy:17)&#xD;
	... 13 more&#xD;
Caused by: java.net.ConnectException: Failed to connect to localhost/0:0:0:0:0:0:0:1:38282&#xD;
	at okhttp3.internal.connection.RealConnection.connectSocket(RealConnection.java:247)&#xD;
	at okhttp3.internal.connection.RealConnection.connect(RealConnection.java:165)&#xD;
	at okhttp3.internal.connection.StreamAllocation.findConnection(StreamAllocation.java:257)&#xD;
	at okhttp3.internal.connection.StreamAllocation.findHealthyConnection(StreamAllocation.java:135)&#xD;
	at okhttp3.internal.connection.StreamAllocation.newStream(StreamAllocation.java:114)&#xD;
	at okhttp3.internal.connection.ConnectInterceptor.intercept(ConnectInterceptor.java:42)&#xD;
	at okhttp3.internal.http.RealInterceptorChain.proceed(RealInterceptorChain.java:147)&#xD;
	at okhttp3.internal.http.RealInterceptorChain.proceed(RealInterceptorChain.java:121)&#xD;
	at okhttp3.internal.cache.CacheInterceptor.intercept(CacheInterceptor.java:93)&#xD;
	at okhttp3.internal.http.RealInterceptorChain.proceed(RealInterceptorChain.java:147)&#xD;
	at okhttp3.internal.http.RealInterceptorChain.proceed(RealInterceptorChain.java:121)&#xD;
	at okhttp3.internal.http.BridgeInterceptor.intercept(BridgeInterceptor.java:93)&#xD;
	at okhttp3.internal.http.RealInterceptorChain.proceed(RealInterceptorChain.java:147)&#xD;
	at okhttp3.internal.http.RetryAndFollowUpInterceptor.intercept(RetryAndFollowUpInterceptor.java:126)&#xD;
	at okhttp3.internal.http.RealInterceptorChain.proceed(RealInterceptorChain.java:147)&#xD;
	at okhttp3.internal.http.RealInterceptorChain.proceed(RealInterceptorChain.java:121)&#xD;
	at okhttp3.RealCall.getResponseWithInterceptorChain(RealCall.java:200)&#xD;
	at okhttp3.RealCall.execute(RealCall.java:77)&#xD;
	at org.openqa.selenium.remote.internal.OkHttpClient.execute(OkHttpClient.java:103)&#xD;
	at org.openqa.selenium.remote.ProtocolHandshake.createSession(ProtocolHandshake.java:105)&#xD;
	at org.openqa.selenium.remote.ProtocolHandshake.createSession(ProtocolHandshake.java:74)&#xD;
	at org.openqa.selenium.remote.HttpCommandExecutor.execute(HttpCommandExecutor.java:136)&#xD;
	at org.openqa.selenium.remote.service.DriverCommandExecutor.execute(DriverCommandExecutor.java:83)&#xD;
	... 31 more&#xD;
Caused by: java.net.ConnectException: Connection refused: connect&#xD;
	at okhttp3.internal.platform.Platform.connectSocket(Platform.java:129)&#xD;
	at okhttp3.internal.connection.RealConnection.connectSocket(RealConnection.java:245)&#xD;
	at okhttp3.internal.connection.RealConnection.connect(RealConnection.java:165)&#xD;
	at okhttp3.internal.connection.StreamAllocation.findConnection(StreamAllocation.java:257)&#xD;
	at okhttp3.internal.connection.StreamAllocation.findHealthyConnection(StreamAllocation.java:135)&#xD;
	at okhttp3.internal.connection.StreamAllocation.newStream(StreamAllocation.java:114)&#xD;
	at okhttp3.internal.connection.ConnectInterceptor.intercept(ConnectInterceptor.java:42)&#xD;
	at okhttp3.internal.http.RealInterceptorChain.proceed(RealInterceptorChain.java:147)&#xD;
	at okhttp3.internal.http.RealInterceptorChain.proceed(RealInterceptorChain.java:121)&#xD;
	at okhttp3.internal.cache.CacheInterceptor.intercept(CacheInterceptor.java:93)&#xD;
	at okhttp3.internal.http.RealInterceptorChain.proceed(RealInterceptorChain.java:147)&#xD;
	at okhttp3.internal.http.RealInterceptorChain.proceed(RealInterceptorChain.java:121)&#xD;
	at okhttp3.internal.http.BridgeInterceptor.intercept(BridgeInterceptor.java:93)&#xD;
	at okhttp3.internal.http.RealInterceptorChain.proceed(RealInterceptorChain.java:147)&#xD;
	at okhttp3.internal.http.RetryAndFollowUpInterceptor.intercept(RetryAndFollowUpInterceptor.java:126)&#xD;
	at okhttp3.internal.http.RealInterceptorChain.proceed(RealInterceptorChain.java:147)&#xD;
	at okhttp3.internal.http.RealInterceptorChain.proceed(RealInterceptorChain.java:121)&#xD;
	at okhttp3.RealCall.getResponseWithInterceptorChain(RealCall.java:200)&#xD;
	at okhttp3.RealCall.execute(RealCall.java:77)&#xD;
	at org.openqa.selenium.remote.internal.OkHttpClient.execute(OkHttpClient.java:103)&#xD;
	at org.openqa.selenium.remote.ProtocolHandshake.createSession(ProtocolHandshake.java:105)&#xD;
	at org.openqa.selenium.remote.ProtocolHandshake.createSession(ProtocolHandshake.java:74)&#xD;
	at org.openqa.selenium.remote.HttpCommandExecutor.execute(HttpCommandExecutor.java:136)&#xD;
	at org.openqa.selenium.remote.service.DriverCommandExecutor.execute(DriverCommandExecutor.java:83)&#xD;
	at org.openqa.selenium.remote.RemoteWebDriver.execute(RemoteWebDriver.java:552)&#xD;
	at com.kms.katalon.selenium.driver.CEdgeDriver.execute(CEdgeDriver.java:21)&#xD;
	at org.openqa.selenium.remote.RemoteWebDriver.startSession(RemoteWebDriver.java:213)&#xD;
	at org.openqa.selenium.remote.RemoteWebDriver.&lt;init&gt;(RemoteWebDriver.java:131)&#xD;
	at org.openqa.selenium.edge.EdgeDriver.&lt;init&gt;(EdgeDriver.java:154)&#xD;
	at com.kms.katalon.selenium.driver.CEdgeDriver.&lt;init&gt;(CEdgeDriver.java:14)&#xD;
	at com.kms.katalon.core.webui.driver.DriverFactory.createNewEdgeDriver(DriverFactory.java:435)&#xD;
	at com.kms.katalon.core.webui.driver.DriverFactory.startNewBrowser(DriverFactory.java:257)&#xD;
	at com.kms.katalon.core.webui.driver.DriverFactory.openWebDriver(DriverFactory.java:191)&#xD;
	at com.kms.katalon.core.webui.keyword.builtin.OpenBrowserKeyword$_openBrowser_closure1.doCall(OpenBrowserKeyword.groovy:74)&#xD;
	at com.kms.katalon.core.webui.keyword.builtin.OpenBrowserKeyword$_openBrowser_closure1.call(OpenBrowserKeyword.groovy)&#xD;
	at com.kms.katalon.core.webui.keyword.internal.WebUIKeywordMain.runKeyword(WebUIKeywordMain.groovy:20)&#xD;
	at com.kms.katalon.core.webui.keyword.builtin.OpenBrowserKeyword.openBrowser(OpenBrowserKeyword.groovy:81)&#xD;
	at com.kms.katalon.core.webui.keyword.builtin.OpenBrowserKeyword.execute(OpenBrowserKeyword.groovy:67)&#xD;
	at com.kms.katalon.core.keyword.internal.KeywordExecutor.executeKeywordForPlatform(KeywordExecutor.groovy:56)&#xD;
	at com.kms.katalon.core.webui.keyword.WebUiBuiltInKeywords.openBrowser(WebUiBuiltInKeywords.groovy:60)&#xD;
	at com.kms.katalon.core.webui.keyword.WebUiBuiltInKeywords$openBrowser.call(Unknown Source)&#xD;
	at tmdfirction.run(tmdfirction:17)&#xD;
	... 13 more</system-err>
        </testcase>
        <testcase name="Test Cases/zeb" classname="Test Cases/zeb" status="FAILED">
            <failure type="FAILED" message="Test Cases/zeb FAILED.&#xA;Reason:&#xA;com.kms.katalon.core.exception.StepFailedException: Unable to open browser with url: ''&#xD;&#xA;&#x9;at com.kms.katalon.core.webui.keyword.internal.WebUIKeywordMain.stepFailed(WebUIKeywordMain.groovy:64)&#xD;&#xA;&#x9;at com.kms.katalon.core.webui.keyword.internal.WebUIKeywordMain.runKeyword(WebUIKeywordMain.groovy:26)&#xD;&#xA;&#x9;at com.kms.katalon.core.webui.keyword.builtin.OpenBrowserKeyword.openBrowser(OpenBrowserKeyword.groovy:81)&#xD;&#xA;&#x9;at com.kms.katalon.core.webui.keyword.builtin.OpenBrowserKeyword.execute(OpenBrowserKeyword.groovy:67)&#xD;&#xA;&#x9;at com.kms.katalon.core.keyword.internal.KeywordExecutor.executeKeywordForPlatform(KeywordExecutor.groovy:56)&#xD;&#xA;&#x9;at com.kms.katalon.core.webui.keyword.WebUiBuiltInKeywords.openBrowser(WebUiBuiltInKeywords.groovy:60)&#xD;&#xA;&#x9;at com.kms.katalon.core.webui.keyword.WebUiBuiltInKeywords$openBrowser.call(Unknown Source)&#xD;&#xA;&#x9;at zeb.run(zeb:17)&#xD;&#xA;&#x9;at com.kms.katalon.core.main.ScriptEngine.run(ScriptEngine.java:194)&#xD;&#xA;&#x9;at com.kms.katalon.core.main.ScriptEngine.runScriptAsRawText(ScriptEngine.java:119)&#xD;&#xA;&#x9;at com.kms.katalon.core.main.TestCaseExecutor.runScript(TestCaseExecutor.java:337)&#xD;&#xA;&#x9;at com.kms.katalon.core.main.TestCaseExecutor.doExecute(TestCaseExecutor.java:328)&#xD;&#xA;&#x9;at com.kms.katalon.core.main.TestCaseExecutor.processExecutionPhase(TestCaseExecutor.java:307)&#xD;&#xA;&#x9;at com.kms.katalon.core.main.TestCaseExecutor.accessMainPhase(TestCaseExecutor.java:299)&#xD;&#xA;&#x9;at com.kms.katalon.core.main.TestCaseExecutor.execute(TestCaseExecutor.java:233)&#xD;&#xA;&#x9;at com.kms.katalon.core.main.TestSuiteExecutor.accessTestCaseMainPhase(TestSuiteExecutor.java:133)&#xD;&#xA;&#x9;at com.kms.katalon.core.main.TestSuiteExecutor.accessTestSuiteMainPhase(TestSuiteExecutor.java:116)&#xD;&#xA;&#x9;at com.kms.katalon.core.main.TestSuiteExecutor.execute(TestSuiteExecutor.java:83)&#xD;&#xA;&#x9;at com.kms.katalon.core.main.TestCaseMain.startTestSuite(TestCaseMain.java:157)&#xD;&#xA;&#x9;at com.kms.katalon.core.main.TestCaseMain$startTestSuite$0.call(Unknown Source)&#xD;&#xA;&#x9;at TempTestSuite1564044813085.run(TempTestSuite1564044813085.groovy:35)&#xD;&#xA;Caused by: org.openqa.selenium.WebDriverException: java.net.ConnectException: Failed to connect to localhost/0:0:0:0:0:0:0:1:38282&#xA;Build info: version: '3.141.59', revision: 'e82be7d358', time: '2018-11-14T08:25:53'&#xA;System info: host: 'ANTONIO', ip: '169.254.42.39', os.name: 'Windows 10', os.arch: 'amd64', os.version: '10.0', java.version: '1.8.0_181'&#xA;Driver info: driver.version: CEdgeDriver&#xD;&#xA;&#x9;at org.openqa.selenium.remote.service.DriverCommandExecutor.execute(DriverCommandExecutor.java:92)&#xD;&#xA;&#x9;at org.openqa.selenium.remote.RemoteWebDriver.execute(RemoteWebDriver.java:552)&#xD;&#xA;&#x9;at com.kms.katalon.selenium.driver.CEdgeDriver.execute(CEdgeDriver.java:21)&#xD;&#xA;&#x9;at org.openqa.selenium.remote.RemoteWebDriver.startSession(RemoteWebDriver.java:213)&#xD;&#xA;&#x9;at org.openqa.selenium.remote.RemoteWebDriver.&lt;init&gt;(RemoteWebDriver.java:131)&#xD;&#xA;&#x9;at org.openqa.selenium.edge.EdgeDriver.&lt;init&gt;(EdgeDriver.java:154)&#xD;&#xA;&#x9;at com.kms.katalon.selenium.driver.CEdgeDriver.&lt;init&gt;(CEdgeDriver.java:14)&#xD;&#xA;&#x9;at com.kms.katalon.core.webui.driver.DriverFactory.createNewEdgeDriver(DriverFactory.java:435)&#xD;&#xA;&#x9;at com.kms.katalon.core.webui.driver.DriverFactory.startNewBrowser(DriverFactory.java:257)&#xD;&#xA;&#x9;at com.kms.katalon.core.webui.driver.DriverFactory.openWebDriver(DriverFactory.java:191)&#xD;&#xA;&#x9;at com.kms.katalon.core.webui.keyword.builtin.OpenBrowserKeyword$_openBrowser_closure1.doCall(OpenBrowserKeyword.groovy:74)&#xD;&#xA;&#x9;at com.kms.katalon.core.webui.keyword.builtin.OpenBrowserKeyword$_openBrowser_closure1.call(OpenBrowserKeyword.groovy)&#xD;&#xA;&#x9;at com.kms.katalon.core.webui.keyword.internal.WebUIKeywordMain.runKeyword(WebUIKeywordMain.groovy:20)&#xD;&#xA;&#x9;at com.kms.katalon.core.webui.keyword.builtin.OpenBrowserKeyword.openBrowser(OpenBrowserKeyword.groovy:81)&#xD;&#xA;&#x9;at com.kms.katalon.core.webui.keyword.builtin.OpenBrowserKeyword.execute(OpenBrowserKeyword.groovy:67)&#xD;&#xA;&#x9;at com.kms.katalon.core.keyword.internal.KeywordExecutor.executeKeywordForPlatform(KeywordExecutor.groovy:56)&#xD;&#xA;&#x9;at com.kms.katalon.core.webui.keyword.WebUiBuiltInKeywords.openBrowser(WebUiBuiltInKeywords.groovy:60)&#xD;&#xA;&#x9;at com.kms.katalon.core.webui.keyword.WebUiBuiltInKeywords$openBrowser.call(Unknown Source)&#xD;&#xA;&#x9;at Script1564043157832.run(Script1564043157832.groovy:17)&#xD;&#xA;&#x9;... 13 more&#xD;&#xA;Caused by: java.net.ConnectException: Failed to connect to localhost/0:0:0:0:0:0:0:1:38282&#xD;&#xA;&#x9;at okhttp3.internal.connection.RealConnection.connectSocket(RealConnection.java:247)&#xD;&#xA;&#x9;at okhttp3.internal.connection.RealConnection.connect(RealConnection.java:165)&#xD;&#xA;&#x9;at okhttp3.internal.connection.StreamAllocation.findConnection(StreamAllocation.java:257)&#xD;&#xA;&#x9;at okhttp3.internal.connection.StreamAllocation.findHealthyConnection(StreamAllocation.java:135)&#xD;&#xA;&#x9;at okhttp3.internal.connection.StreamAllocation.newStream(StreamAllocation.java:114)&#xD;&#xA;&#x9;at okhttp3.internal.connection.ConnectInterceptor.intercept(ConnectInterceptor.java:42)&#xD;&#xA;&#x9;at okhttp3.internal.http.RealInterceptorChain.proceed(RealInterceptorChain.java:147)&#xD;&#xA;&#x9;at okhttp3.internal.http.RealInterceptorChain.proceed(RealInterceptorChain.java:121)&#xD;&#xA;&#x9;at okhttp3.internal.cache.CacheInterceptor.intercept(CacheInterceptor.java:93)&#xD;&#xA;&#x9;at okhttp3.internal.http.RealInterceptorChain.proceed(RealInterceptorChain.java:147)&#xD;&#xA;&#x9;at okhttp3.internal.http.RealInterceptorChain.proceed(RealInterceptorChain.java:121)&#xD;&#xA;&#x9;at okhttp3.internal.http.BridgeInterceptor.intercept(BridgeInterceptor.java:93)&#xD;&#xA;&#x9;at okhttp3.internal.http.RealInterceptorChain.proceed(RealInterceptorChain.java:147)&#xD;&#xA;&#x9;at okhttp3.internal.http.RetryAndFollowUpInterceptor.intercept(RetryAndFollowUpInterceptor.java:126)&#xD;&#xA;&#x9;at okhttp3.internal.http.RealInterceptorChain.proceed(RealInterceptorChain.java:147)&#xD;&#xA;&#x9;at okhttp3.internal.http.RealInterceptorChain.proceed(RealInterceptorChain.java:121)&#xD;&#xA;&#x9;at okhttp3.RealCall.getResponseWithInterceptorChain(RealCall.java:200)&#xD;&#xA;&#x9;at okhttp3.RealCall.execute(RealCall.java:77)&#xD;&#xA;&#x9;at org.openqa.selenium.remote.internal.OkHttpClient.execute(OkHttpClient.java:103)&#xD;&#xA;&#x9;at org.openqa.selenium.remote.ProtocolHandshake.createSession(ProtocolHandshake.java:105)&#xD;&#xA;&#x9;at org.openqa.selenium.remote.ProtocolHandshake.createSession(ProtocolHandshake.java:74)&#xD;&#xA;&#x9;at org.openqa.selenium.remote.HttpCommandExecutor.execute(HttpCommandExecutor.java:136)&#xD;&#xA;&#x9;at org.openqa.selenium.remote.service.DriverCommandExecutor.execute(DriverCommandExecutor.java:83)&#xD;&#xA;&#x9;... 31 more&#xD;&#xA;Caused by: java.net.ConnectException: Connection refused: connect&#xD;&#xA;&#x9;at okhttp3.internal.platform.Platform.connectSocket(Platform.java:129)&#xD;&#xA;&#x9;at okhttp3.internal.connection.RealConnection.connectSocket(RealConnection.java:245)&#xD;&#xA;&#x9;at okhttp3.internal.connection.RealConnection.connect(RealConnection.java:165)&#xD;&#xA;&#x9;at okhttp3.internal.connection.StreamAllocation.findConnection(StreamAllocation.java:257)&#xD;&#xA;&#x9;at okhttp3.internal.connection.StreamAllocation.findHealthyConnection(StreamAllocation.java:135)&#xD;&#xA;&#x9;at okhttp3.internal.connection.StreamAllocation.newStream(StreamAllocation.java:114)&#xD;&#xA;&#x9;at okhttp3.internal.connection.ConnectInterceptor.intercept(ConnectInterceptor.java:42)&#xD;&#xA;&#x9;at okhttp3.internal.http.RealInterceptorChain.proceed(RealInterceptorChain.java:147)&#xD;&#xA;&#x9;at okhttp3.internal.http.RealInterceptorChain.proceed(RealInterceptorChain.java:121)&#xD;&#xA;&#x9;at okhttp3.internal.cache.CacheInterceptor.intercept(CacheInterceptor.java:93)&#xD;&#xA;&#x9;at okhttp3.internal.http.RealInterceptorChain.proceed(RealInterceptorChain.java:147)&#xD;&#xA;&#x9;at okhttp3.internal.http.RealInterceptorChain.proceed(RealInterceptorChain.java:121)&#xD;&#xA;&#x9;at okhttp3.internal.http.BridgeInterceptor.intercept(BridgeInterceptor.java:93)&#xD;&#xA;&#x9;at okhttp3.internal.http.RealInterceptorChain.proceed(RealInterceptorChain.java:147)&#xD;&#xA;&#x9;at okhttp3.internal.http.RetryAndFollowUpInterceptor.intercept(RetryAndFollowUpInterceptor.java:126)&#xD;&#xA;&#x9;at okhttp3.internal.http.RealInterceptorChain.proceed(RealInterceptorChain.java:147)&#xD;&#xA;&#x9;at okhttp3.internal.http.RealInterceptorChain.proceed(RealInterceptorChain.java:121)&#xD;&#xA;&#x9;at okhttp3.RealCall.getResponseWithInterceptorChain(RealCall.java:200)&#xD;&#xA;&#x9;at okhttp3.RealCall.execute(RealCall.java:77)&#xD;&#xA;&#x9;at org.openqa.selenium.remote.internal.OkHttpClient.execute(OkHttpClient.java:103)&#xD;&#xA;&#x9;at org.openqa.selenium.remote.ProtocolHandshake.createSession(ProtocolHandshake.java:105)&#xD;&#xA;&#x9;at org.openqa.selenium.remote.ProtocolHandshake.createSession(ProtocolHandshake.java:74)&#xD;&#xA;&#x9;at org.openqa.selenium.remote.HttpCommandExecutor.execute(HttpCommandExecutor.java:136)&#xD;&#xA;&#x9;at org.openqa.selenium.remote.service.DriverCommandExecutor.execute(DriverCommandExecutor.java:83)&#xD;&#xA;&#x9;at org.openqa.selenium.remote.RemoteWebDriver.execute(RemoteWebDriver.java:552)&#xD;&#xA;&#x9;at com.kms.katalon.selenium.driver.CEdgeDriver.execute(CEdgeDriver.java:21)&#xD;&#xA;&#x9;at org.openqa.selenium.remote.RemoteWebDriver.startSession(RemoteWebDriver.java:213)&#xD;&#xA;&#x9;at org.openqa.selenium.remote.RemoteWebDriver.&lt;init&gt;(RemoteWebDriver.java:131)&#xD;&#xA;&#x9;at org.openqa.selenium.edge.EdgeDriver.&lt;init&gt;(EdgeDriver.java:154)&#xD;&#xA;&#x9;at com.kms.katalon.selenium.driver.CEdgeDriver.&lt;init&gt;(CEdgeDriver.java:14)&#xD;&#xA;&#x9;at com.kms.katalon.core.webui.driver.DriverFactory.createNewEdgeDriver(DriverFactory.java:435)&#xD;&#xA;&#x9;at com.kms.katalon.core.webui.driver.DriverFactory.startNewBrowser(DriverFactory.java:257)&#xD;&#xA;&#x9;at com.kms.katalon.core.webui.driver.DriverFactory.openWebDriver(DriverFactory.java:191)&#xD;&#xA;&#x9;at com.kms.katalon.core.webui.keyword.builtin.OpenBrowserKeyword$_openBrowser_closure1.doCall(OpenBrowserKeyword.groovy:74)&#xD;&#xA;&#x9;at com.kms.katalon.core.webui.keyword.builtin.OpenBrowserKeyword$_openBrowser_closure1.call(OpenBrowserKeyword.groovy)&#xD;&#xA;&#x9;at com.kms.katalon.core.webui.keyword.internal.WebUIKeywordMain.runKeyword(WebUIKeywordMain.groovy:20)&#xD;&#xA;&#x9;at com.kms.katalon.core.webui.keyword.builtin.OpenBrowserKeyword.openBrowser(OpenBrowserKeyword.groovy:81)&#xD;&#xA;&#x9;at com.kms.katalon.core.webui.keyword.builtin.OpenBrowserKeyword.execute(OpenBrowserKeyword.groovy:67)&#xD;&#xA;&#x9;at com.kms.katalon.core.keyword.internal.KeywordExecutor.executeKeywordForPlatform(KeywordExecutor.groovy:56)&#xD;&#xA;&#x9;at com.kms.katalon.core.webui.keyword.WebUiBuiltInKeywords.openBrowser(WebUiBuiltInKeywords.groovy:60)&#xD;&#xA;&#x9;at com.kms.katalon.core.webui.keyword.WebUiBuiltInKeywords$openBrowser.call(Unknown Source)&#xD;&#xA;&#x9;at zeb.run(zeb:17)&#xD;&#xA;&#x9;... 13 more&#xD;&#xA;"/>
            <system-out>2019-07-25 11:10:10 - [TEST_CASE][FAILED] - Test Cases/zeb: Test Cases/zeb FAILED.
Reason:
com.kms.katalon.core.exception.StepFailedException: Unable to open browser with url: ''&#xD;
	at com.kms.katalon.core.webui.keyword.internal.WebUIKeywordMain.stepFailed(WebUIKeywordMain.groovy:64)&#xD;
	at com.kms.katalon.core.webui.keyword.internal.WebUIKeywordMain.runKeyword(WebUIKeywordMain.groovy:26)&#xD;
	at com.kms.katalon.core.webui.keyword.builtin.OpenBrowserKeyword.openBrowser(OpenBrowserKeyword.groovy:81)&#xD;
	at com.kms.katalon.core.webui.keyword.builtin.OpenBrowserKeyword.execute(OpenBrowserKeyword.groovy:67)&#xD;
	at com.kms.katalon.core.keyword.internal.KeywordExecutor.executeKeywordForPlatform(KeywordExecutor.groovy:56)&#xD;
	at com.kms.katalon.core.webui.keyword.WebUiBuiltInKeywords.openBrowser(WebUiBuiltInKeywords.groovy:60)&#xD;
	at com.kms.katalon.core.webui.keyword.WebUiBuiltInKeywords$openBrowser.call(Unknown Source)&#xD;
	at zeb.run(zeb:17)&#xD;
	at com.kms.katalon.core.main.ScriptEngine.run(ScriptEngine.java:194)&#xD;
	at com.kms.katalon.core.main.ScriptEngine.runScriptAsRawText(ScriptEngine.java:119)&#xD;
	at com.kms.katalon.core.main.TestCaseExecutor.runScript(TestCaseExecutor.java:337)&#xD;
	at com.kms.katalon.core.main.TestCaseExecutor.doExecute(TestCaseExecutor.java:328)&#xD;
	at com.kms.katalon.core.main.TestCaseExecutor.processExecutionPhase(TestCaseExecutor.java:307)&#xD;
	at com.kms.katalon.core.main.TestCaseExecutor.accessMainPhase(TestCaseExecutor.java:299)&#xD;
	at com.kms.katalon.core.main.TestCaseExecutor.execute(TestCaseExecutor.java:233)&#xD;
	at com.kms.katalon.core.main.TestSuiteExecutor.accessTestCaseMainPhase(TestSuiteExecutor.java:133)&#xD;
	at com.kms.katalon.core.main.TestSuiteExecutor.accessTestSuiteMainPhase(TestSuiteExecutor.java:116)&#xD;
	at com.kms.katalon.core.main.TestSuiteExecutor.execute(TestSuiteExecutor.java:83)&#xD;
	at com.kms.katalon.core.main.TestCaseMain.startTestSuite(TestCaseMain.java:157)&#xD;
	at com.kms.katalon.core.main.TestCaseMain$startTestSuite$0.call(Unknown Source)&#xD;
	at TempTestSuite1564044813085.run(TempTestSuite1564044813085.groovy:35)&#xD;
Caused by: org.openqa.selenium.WebDriverException: java.net.ConnectException: Failed to connect to localhost/0:0:0:0:0:0:0:1:38282
Build info: version: '3.141.59', revision: 'e82be7d358', time: '2018-11-14T08:25:53'
System info: host: 'ANTONIO', ip: '169.254.42.39', os.name: 'Windows 10', os.arch: 'amd64', os.version: '10.0', java.version: '1.8.0_181'
Driver info: driver.version: CEdgeDriver&#xD;
	at org.openqa.selenium.remote.service.DriverCommandExecutor.execute(DriverCommandExecutor.java:92)&#xD;
	at org.openqa.selenium.remote.RemoteWebDriver.execute(RemoteWebDriver.java:552)&#xD;
	at com.kms.katalon.selenium.driver.CEdgeDriver.execute(CEdgeDriver.java:21)&#xD;
	at org.openqa.selenium.remote.RemoteWebDriver.startSession(RemoteWebDriver.java:213)&#xD;
	at org.openqa.selenium.remote.RemoteWebDriver.&lt;init&gt;(RemoteWebDriver.java:131)&#xD;
	at org.openqa.selenium.edge.EdgeDriver.&lt;init&gt;(EdgeDriver.java:154)&#xD;
	at com.kms.katalon.selenium.driver.CEdgeDriver.&lt;init&gt;(CEdgeDriver.java:14)&#xD;
	at com.kms.katalon.core.webui.driver.DriverFactory.createNewEdgeDriver(DriverFactory.java:435)&#xD;
	at com.kms.katalon.core.webui.driver.DriverFactory.startNewBrowser(DriverFactory.java:257)&#xD;
	at com.kms.katalon.core.webui.driver.DriverFactory.openWebDriver(DriverFactory.java:191)&#xD;
	at com.kms.katalon.core.webui.keyword.builtin.OpenBrowserKeyword$_openBrowser_closure1.doCall(OpenBrowserKeyword.groovy:74)&#xD;
	at com.kms.katalon.core.webui.keyword.builtin.OpenBrowserKeyword$_openBrowser_closure1.call(OpenBrowserKeyword.groovy)&#xD;
	at com.kms.katalon.core.webui.keyword.internal.WebUIKeywordMain.runKeyword(WebUIKeywordMain.groovy:20)&#xD;
	at com.kms.katalon.core.webui.keyword.builtin.OpenBrowserKeyword.openBrowser(OpenBrowserKeyword.groovy:81)&#xD;
	at com.kms.katalon.core.webui.keyword.builtin.OpenBrowserKeyword.execute(OpenBrowserKeyword.groovy:67)&#xD;
	at com.kms.katalon.core.keyword.internal.KeywordExecutor.executeKeywordForPlatform(KeywordExecutor.groovy:56)&#xD;
	at com.kms.katalon.core.webui.keyword.WebUiBuiltInKeywords.openBrowser(WebUiBuiltInKeywords.groovy:60)&#xD;
	at com.kms.katalon.core.webui.keyword.WebUiBuiltInKeywords$openBrowser.call(Unknown Source)&#xD;
	at Script1564043157832.run(Script1564043157832.groovy:17)&#xD;
	... 13 more&#xD;
Caused by: java.net.ConnectException: Failed to connect to localhost/0:0:0:0:0:0:0:1:38282&#xD;
	at okhttp3.internal.connection.RealConnection.connectSocket(RealConnection.java:247)&#xD;
	at okhttp3.internal.connection.RealConnection.connect(RealConnection.java:165)&#xD;
	at okhttp3.internal.connection.StreamAllocation.findConnection(StreamAllocation.java:257)&#xD;
	at okhttp3.internal.connection.StreamAllocation.findHealthyConnection(StreamAllocation.java:135)&#xD;
	at okhttp3.internal.connection.StreamAllocation.newStream(StreamAllocation.java:114)&#xD;
	at okhttp3.internal.connection.ConnectInterceptor.intercept(ConnectInterceptor.java:42)&#xD;
	at okhttp3.internal.http.RealInterceptorChain.proceed(RealInterceptorChain.java:147)&#xD;
	at okhttp3.internal.http.RealInterceptorChain.proceed(RealInterceptorChain.java:121)&#xD;
	at okhttp3.internal.cache.CacheInterceptor.intercept(CacheInterceptor.java:93)&#xD;
	at okhttp3.internal.http.RealInterceptorChain.proceed(RealInterceptorChain.java:147)&#xD;
	at okhttp3.internal.http.RealInterceptorChain.proceed(RealInterceptorChain.java:121)&#xD;
	at okhttp3.internal.http.BridgeInterceptor.intercept(BridgeInterceptor.java:93)&#xD;
	at okhttp3.internal.http.RealInterceptorChain.proceed(RealInterceptorChain.java:147)&#xD;
	at okhttp3.internal.http.RetryAndFollowUpInterceptor.intercept(RetryAndFollowUpInterceptor.java:126)&#xD;
	at okhttp3.internal.http.RealInterceptorChain.proceed(RealInterceptorChain.java:147)&#xD;
	at okhttp3.internal.http.RealInterceptorChain.proceed(RealInterceptorChain.java:121)&#xD;
	at okhttp3.RealCall.getResponseWithInterceptorChain(RealCall.java:200)&#xD;
	at okhttp3.RealCall.execute(RealCall.java:77)&#xD;
	at org.openqa.selenium.remote.internal.OkHttpClient.execute(OkHttpClient.java:103)&#xD;
	at org.openqa.selenium.remote.ProtocolHandshake.createSession(ProtocolHandshake.java:105)&#xD;
	at org.openqa.selenium.remote.ProtocolHandshake.createSession(ProtocolHandshake.java:74)&#xD;
	at org.openqa.selenium.remote.HttpCommandExecutor.execute(HttpCommandExecutor.java:136)&#xD;
	at org.openqa.selenium.remote.service.DriverCommandExecutor.execute(DriverCommandExecutor.java:83)&#xD;
	... 31 more&#xD;
Caused by: java.net.ConnectException: Connection refused: connect&#xD;
	at okhttp3.internal.platform.Platform.connectSocket(Platform.java:129)&#xD;
	at okhttp3.internal.connection.RealConnection.connectSocket(RealConnection.java:245)&#xD;
	at okhttp3.internal.connection.RealConnection.connect(RealConnection.java:165)&#xD;
	at okhttp3.internal.connection.StreamAllocation.findConnection(StreamAllocation.java:257)&#xD;
	at okhttp3.internal.connection.StreamAllocation.findHealthyConnection(StreamAllocation.java:135)&#xD;
	at okhttp3.internal.connection.StreamAllocation.newStream(StreamAllocation.java:114)&#xD;
	at okhttp3.internal.connection.ConnectInterceptor.intercept(ConnectInterceptor.java:42)&#xD;
	at okhttp3.internal.http.RealInterceptorChain.proceed(RealInterceptorChain.java:147)&#xD;
	at okhttp3.internal.http.RealInterceptorChain.proceed(RealInterceptorChain.java:121)&#xD;
	at okhttp3.internal.cache.CacheInterceptor.intercept(CacheInterceptor.java:93)&#xD;
	at okhttp3.internal.http.RealInterceptorChain.proceed(RealInterceptorChain.java:147)&#xD;
	at okhttp3.internal.http.RealInterceptorChain.proceed(RealInterceptorChain.java:121)&#xD;
	at okhttp3.internal.http.BridgeInterceptor.intercept(BridgeInterceptor.java:93)&#xD;
	at okhttp3.internal.http.RealInterceptorChain.proceed(RealInterceptorChain.java:147)&#xD;
	at okhttp3.internal.http.RetryAndFollowUpInterceptor.intercept(RetryAndFollowUpInterceptor.java:126)&#xD;
	at okhttp3.internal.http.RealInterceptorChain.proceed(RealInterceptorChain.java:147)&#xD;
	at okhttp3.internal.http.RealInterceptorChain.proceed(RealInterceptorChain.java:121)&#xD;
	at okhttp3.RealCall.getResponseWithInterceptorChain(RealCall.java:200)&#xD;
	at okhttp3.RealCall.execute(RealCall.java:77)&#xD;
	at org.openqa.selenium.remote.internal.OkHttpClient.execute(OkHttpClient.java:103)&#xD;
	at org.openqa.selenium.remote.ProtocolHandshake.createSession(ProtocolHandshake.java:105)&#xD;
	at org.openqa.selenium.remote.ProtocolHandshake.createSession(ProtocolHandshake.java:74)&#xD;
	at org.openqa.selenium.remote.HttpCommandExecutor.execute(HttpCommandExecutor.java:136)&#xD;
	at org.openqa.selenium.remote.service.DriverCommandExecutor.execute(DriverCommandExecutor.java:83)&#xD;
	at org.openqa.selenium.remote.RemoteWebDriver.execute(RemoteWebDriver.java:552)&#xD;
	at com.kms.katalon.selenium.driver.CEdgeDriver.execute(CEdgeDriver.java:21)&#xD;
	at org.openqa.selenium.remote.RemoteWebDriver.startSession(RemoteWebDriver.java:213)&#xD;
	at org.openqa.selenium.remote.RemoteWebDriver.&lt;init&gt;(RemoteWebDriver.java:131)&#xD;
	at org.openqa.selenium.edge.EdgeDriver.&lt;init&gt;(EdgeDriver.java:154)&#xD;
	at com.kms.katalon.selenium.driver.CEdgeDriver.&lt;init&gt;(CEdgeDriver.java:14)&#xD;
	at com.kms.katalon.core.webui.driver.DriverFactory.createNewEdgeDriver(DriverFactory.java:435)&#xD;
	at com.kms.katalon.core.webui.driver.DriverFactory.startNewBrowser(DriverFactory.java:257)&#xD;
	at com.kms.katalon.core.webui.driver.DriverFactory.openWebDriver(DriverFactory.java:191)&#xD;
	at com.kms.katalon.core.webui.keyword.builtin.OpenBrowserKeyword$_openBrowser_closure1.doCall(OpenBrowserKeyword.groovy:74)&#xD;
	at com.kms.katalon.core.webui.keyword.builtin.OpenBrowserKeyword$_openBrowser_closure1.call(OpenBrowserKeyword.groovy)&#xD;
	at com.kms.katalon.core.webui.keyword.internal.WebUIKeywordMain.runKeyword(WebUIKeywordMain.groovy:20)&#xD;
	at com.kms.katalon.core.webui.keyword.builtin.OpenBrowserKeyword.openBrowser(OpenBrowserKeyword.groovy:81)&#xD;
	at com.kms.katalon.core.webui.keyword.builtin.OpenBrowserKeyword.execute(OpenBrowserKeyword.groovy:67)&#xD;
	at com.kms.katalon.core.keyword.internal.KeywordExecutor.executeKeywordForPlatform(KeywordExecutor.groovy:56)&#xD;
	at com.kms.katalon.core.webui.keyword.WebUiBuiltInKeywords.openBrowser(WebUiBuiltInKeywords.groovy:60)&#xD;
	at com.kms.katalon.core.webui.keyword.WebUiBuiltInKeywords$openBrowser.call(Unknown Source)&#xD;
	at zeb.run(zeb:17)&#xD;
	... 13 more&#xD;
&#xD;
&#xD;
2019-07-25 11:10:10 - [TEST_STEP][FAILED] - openBrowser(""): Unable to open browser with url: '' (Root cause: com.kms.katalon.core.exception.StepFailedException: Unable to open browser with url: ''&#xD;
	at com.kms.katalon.core.webui.keyword.internal.WebUIKeywordMain.stepFailed(WebUIKeywordMain.groovy:64)&#xD;
	at com.kms.katalon.core.webui.keyword.internal.WebUIKeywordMain.runKeyword(WebUIKeywordMain.groovy:26)&#xD;
	at com.kms.katalon.core.webui.keyword.builtin.OpenBrowserKeyword.openBrowser(OpenBrowserKeyword.groovy:81)&#xD;
	at com.kms.katalon.core.webui.keyword.builtin.OpenBrowserKeyword.execute(OpenBrowserKeyword.groovy:67)&#xD;
	at com.kms.katalon.core.keyword.internal.KeywordExecutor.executeKeywordForPlatform(KeywordExecutor.groovy:56)&#xD;
	at com.kms.katalon.core.webui.keyword.WebUiBuiltInKeywords.openBrowser(WebUiBuiltInKeywords.groovy:60)&#xD;
	at com.kms.katalon.core.webui.keyword.WebUiBuiltInKeywords$openBrowser.call(Unknown Source)&#xD;
	at zeb.run(zeb:17)&#xD;
	at com.kms.katalon.core.main.ScriptEngine.run(ScriptEngine.java:194)&#xD;
	at com.kms.katalon.core.main.ScriptEngine.runScriptAsRawText(ScriptEngine.java:119)&#xD;
	at com.kms.katalon.core.main.TestCaseExecutor.runScript(TestCaseExecutor.java:337)&#xD;
	at com.kms.katalon.core.main.TestCaseExecutor.doExecute(TestCaseExecutor.java:328)&#xD;
	at com.kms.katalon.core.main.TestCaseExecutor.processExecutionPhase(TestCaseExecutor.java:307)&#xD;
	at com.kms.katalon.core.main.TestCaseExecutor.accessMainPhase(TestCaseExecutor.java:299)&#xD;
	at com.kms.katalon.core.main.TestCaseExecutor.execute(TestCaseExecutor.java:233)&#xD;
	at com.kms.katalon.core.main.TestSuiteExecutor.accessTestCaseMainPhase(TestSuiteExecutor.java:133)&#xD;
	at com.kms.katalon.core.main.TestSuiteExecutor.accessTestSuiteMainPhase(TestSuiteExecutor.java:116)&#xD;
	at com.kms.katalon.core.main.TestSuiteExecutor.execute(TestSuiteExecutor.java:83)&#xD;
	at com.kms.katalon.core.main.TestCaseMain.startTestSuite(TestCaseMain.java:157)&#xD;
	at com.kms.katalon.core.main.TestCaseMain$startTestSuite$0.call(Unknown Source)&#xD;
	at TempTestSuite1564044813085.run(TempTestSuite1564044813085.groovy:35)&#xD;
Caused by: org.openqa.selenium.WebDriverException: java.net.ConnectException: Failed to connect to localhost/0:0:0:0:0:0:0:1:38282
Build info: version: '3.141.59', revision: 'e82be7d358', time: '2018-11-14T08:25:53'
System info: host: 'ANTONIO', ip: '169.254.42.39', os.name: 'Windows 10', os.arch: 'amd64', os.version: '10.0', java.version: '1.8.0_181'
Driver info: driver.version: CEdgeDriver&#xD;
	at org.openqa.selenium.remote.service.DriverCommandExecutor.execute(DriverCommandExecutor.java:92)&#xD;
	at org.openqa.selenium.remote.RemoteWebDriver.execute(RemoteWebDriver.java:552)&#xD;
	at com.kms.katalon.selenium.driver.CEdgeDriver.execute(CEdgeDriver.java:21)&#xD;
	at org.openqa.selenium.remote.RemoteWebDriver.startSession(RemoteWebDriver.java:213)&#xD;
	at org.openqa.selenium.remote.RemoteWebDriver.&lt;init&gt;(RemoteWebDriver.java:131)&#xD;
	at org.openqa.selenium.edge.EdgeDriver.&lt;init&gt;(EdgeDriver.java:154)&#xD;
	at com.kms.katalon.selenium.driver.CEdgeDriver.&lt;init&gt;(CEdgeDriver.java:14)&#xD;
	at com.kms.katalon.core.webui.driver.DriverFactory.createNewEdgeDriver(DriverFactory.java:435)&#xD;
	at com.kms.katalon.core.webui.driver.DriverFactory.startNewBrowser(DriverFactory.java:257)&#xD;
	at com.kms.katalon.core.webui.driver.DriverFactory.openWebDriver(DriverFactory.java:191)&#xD;
	at com.kms.katalon.core.webui.keyword.builtin.OpenBrowserKeyword$_openBrowser_closure1.doCall(OpenBrowserKeyword.groovy:74)&#xD;
	at com.kms.katalon.core.webui.keyword.builtin.OpenBrowserKeyword$_openBrowser_closure1.call(OpenBrowserKeyword.groovy)&#xD;
	at com.kms.katalon.core.webui.keyword.internal.WebUIKeywordMain.runKeyword(WebUIKeywordMain.groovy:20)&#xD;
	at com.kms.katalon.core.webui.keyword.builtin.OpenBrowserKeyword.openBrowser(OpenBrowserKeyword.groovy:81)&#xD;
	at com.kms.katalon.core.webui.keyword.builtin.OpenBrowserKeyword.execute(OpenBrowserKeyword.groovy:67)&#xD;
	at com.kms.katalon.core.keyword.internal.KeywordExecutor.executeKeywordForPlatform(KeywordExecutor.groovy:56)&#xD;
	at com.kms.katalon.core.webui.keyword.WebUiBuiltInKeywords.openBrowser(WebUiBuiltInKeywords.groovy:60)&#xD;
	at com.kms.katalon.core.webui.keyword.WebUiBuiltInKeywords$openBrowser.call(Unknown Source)&#xD;
	at Script1564043157832.run(Script1564043157832.groovy:17)&#xD;
	... 13 more&#xD;
Caused by: java.net.ConnectException: Failed to connect to localhost/0:0:0:0:0:0:0:1:38282&#xD;
	at okhttp3.internal.connection.RealConnection.connectSocket(RealConnection.java:247)&#xD;
	at okhttp3.internal.connection.RealConnection.connect(RealConnection.java:165)&#xD;
	at okhttp3.internal.connection.StreamAllocation.findConnection(StreamAllocation.java:257)&#xD;
	at okhttp3.internal.connection.StreamAllocation.findHealthyConnection(StreamAllocation.java:135)&#xD;
	at okhttp3.internal.connection.StreamAllocation.newStream(StreamAllocation.java:114)&#xD;
	at okhttp3.internal.connection.ConnectInterceptor.intercept(ConnectInterceptor.java:42)&#xD;
	at okhttp3.internal.http.RealInterceptorChain.proceed(RealInterceptorChain.java:147)&#xD;
	at okhttp3.internal.http.RealInterceptorChain.proceed(RealInterceptorChain.java:121)&#xD;
	at okhttp3.internal.cache.CacheInterceptor.intercept(CacheInterceptor.java:93)&#xD;
	at okhttp3.internal.http.RealInterceptorChain.proceed(RealInterceptorChain.java:147)&#xD;
	at okhttp3.internal.http.RealInterceptorChain.proceed(RealInterceptorChain.java:121)&#xD;
	at okhttp3.internal.http.BridgeInterceptor.intercept(BridgeInterceptor.java:93)&#xD;
	at okhttp3.internal.http.RealInterceptorChain.proceed(RealInterceptorChain.java:147)&#xD;
	at okhttp3.internal.http.RetryAndFollowUpInterceptor.intercept(RetryAndFollowUpInterceptor.java:126)&#xD;
	at okhttp3.internal.http.RealInterceptorChain.proceed(RealInterceptorChain.java:147)&#xD;
	at okhttp3.internal.http.RealInterceptorChain.proceed(RealInterceptorChain.java:121)&#xD;
	at okhttp3.RealCall.getResponseWithInterceptorChain(RealCall.java:200)&#xD;
	at okhttp3.RealCall.execute(RealCall.java:77)&#xD;
	at org.openqa.selenium.remote.internal.OkHttpClient.execute(OkHttpClient.java:103)&#xD;
	at org.openqa.selenium.remote.ProtocolHandshake.createSession(ProtocolHandshake.java:105)&#xD;
	at org.openqa.selenium.remote.ProtocolHandshake.createSession(ProtocolHandshake.java:74)&#xD;
	at org.openqa.selenium.remote.HttpCommandExecutor.execute(HttpCommandExecutor.java:136)&#xD;
	at org.openqa.selenium.remote.service.DriverCommandExecutor.execute(DriverCommandExecutor.java:83)&#xD;
	... 31 more&#xD;
Caused by: java.net.ConnectException: Connection refused: connect&#xD;
	at okhttp3.internal.platform.Platform.connectSocket(Platform.java:129)&#xD;
	at okhttp3.internal.connection.RealConnection.connectSocket(RealConnection.java:245)&#xD;
	... 53 more&#xD;
)&#xD;
&#xD;
2019-07-25 11:10:10 - [MESSAGE][INFO] - Starting 'Edge' driver&#xD;
&#xD;
2019-07-25 11:10:12 - [MESSAGE][FAILED] - Unable to open browser with url: '' (Root cause: com.kms.katalon.core.exception.StepFailedException: Unable to open browser with url: ''&#xD;
	at com.kms.katalon.core.webui.keyword.internal.WebUIKeywordMain.stepFailed(WebUIKeywordMain.groovy:64)&#xD;
	at com.kms.katalon.core.webui.keyword.internal.WebUIKeywordMain.runKeyword(WebUIKeywordMain.groovy:26)&#xD;
	at com.kms.katalon.core.webui.keyword.builtin.OpenBrowserKeyword.openBrowser(OpenBrowserKeyword.groovy:81)&#xD;
	at com.kms.katalon.core.webui.keyword.builtin.OpenBrowserKeyword.execute(OpenBrowserKeyword.groovy:67)&#xD;
	at com.kms.katalon.core.keyword.internal.KeywordExecutor.executeKeywordForPlatform(KeywordExecutor.groovy:56)&#xD;
	at com.kms.katalon.core.webui.keyword.WebUiBuiltInKeywords.openBrowser(WebUiBuiltInKeywords.groovy:60)&#xD;
	at com.kms.katalon.core.webui.keyword.WebUiBuiltInKeywords$openBrowser.call(Unknown Source)&#xD;
	at zeb.run(zeb:17)&#xD;
	at com.kms.katalon.core.main.ScriptEngine.run(ScriptEngine.java:194)&#xD;
	at com.kms.katalon.core.main.ScriptEngine.runScriptAsRawText(ScriptEngine.java:119)&#xD;
	at com.kms.katalon.core.main.TestCaseExecutor.runScript(TestCaseExecutor.java:337)&#xD;
	at com.kms.katalon.core.main.TestCaseExecutor.doExecute(TestCaseExecutor.java:328)&#xD;
	at com.kms.katalon.core.main.TestCaseExecutor.processExecutionPhase(TestCaseExecutor.java:307)&#xD;
	at com.kms.katalon.core.main.TestCaseExecutor.accessMainPhase(TestCaseExecutor.java:299)&#xD;
	at com.kms.katalon.core.main.TestCaseExecutor.execute(TestCaseExecutor.java:233)&#xD;
	at com.kms.katalon.core.main.TestSuiteExecutor.accessTestCaseMainPhase(TestSuiteExecutor.java:133)&#xD;
	at com.kms.katalon.core.main.TestSuiteExecutor.accessTestSuiteMainPhase(TestSuiteExecutor.java:116)&#xD;
	at com.kms.katalon.core.main.TestSuiteExecutor.execute(TestSuiteExecutor.java:83)&#xD;
	at com.kms.katalon.core.main.TestCaseMain.startTestSuite(TestCaseMain.java:157)&#xD;
	at com.kms.katalon.core.main.TestCaseMain$startTestSuite$0.call(Unknown Source)&#xD;
	at TempTestSuite1564044813085.run(TempTestSuite1564044813085.groovy:35)&#xD;
Caused by: org.openqa.selenium.WebDriverException: java.net.ConnectException: Failed to connect to localhost/0:0:0:0:0:0:0:1:38282
Build info: version: '3.141.59', revision: 'e82be7d358', time: '2018-11-14T08:25:53'
System info: host: 'ANTONIO', ip: '169.254.42.39', os.name: 'Windows 10', os.arch: 'amd64', os.version: '10.0', java.version: '1.8.0_181'
Driver info: driver.version: CEdgeDriver&#xD;
	at org.openqa.selenium.remote.service.DriverCommandExecutor.execute(DriverCommandExecutor.java:92)&#xD;
	at org.openqa.selenium.remote.RemoteWebDriver.execute(RemoteWebDriver.java:552)&#xD;
	at com.kms.katalon.selenium.driver.CEdgeDriver.execute(CEdgeDriver.java:21)&#xD;
	at org.openqa.selenium.remote.RemoteWebDriver.startSession(RemoteWebDriver.java:213)&#xD;
	at org.openqa.selenium.remote.RemoteWebDriver.&lt;init&gt;(RemoteWebDriver.java:131)&#xD;
	at org.openqa.selenium.edge.EdgeDriver.&lt;init&gt;(EdgeDriver.java:154)&#xD;
	at com.kms.katalon.selenium.driver.CEdgeDriver.&lt;init&gt;(CEdgeDriver.java:14)&#xD;
	at com.kms.katalon.core.webui.driver.DriverFactory.createNewEdgeDriver(DriverFactory.java:435)&#xD;
	at com.kms.katalon.core.webui.driver.DriverFactory.startNewBrowser(DriverFactory.java:257)&#xD;
	at com.kms.katalon.core.webui.driver.DriverFactory.openWebDriver(DriverFactory.java:191)&#xD;
	at com.kms.katalon.core.webui.keyword.builtin.OpenBrowserKeyword$_openBrowser_closure1.doCall(OpenBrowserKeyword.groovy:74)&#xD;
	at com.kms.katalon.core.webui.keyword.builtin.OpenBrowserKeyword$_openBrowser_closure1.call(OpenBrowserKeyword.groovy)&#xD;
	at com.kms.katalon.core.webui.keyword.internal.WebUIKeywordMain.runKeyword(WebUIKeywordMain.groovy:20)&#xD;
	at com.kms.katalon.core.webui.keyword.builtin.OpenBrowserKeyword.openBrowser(OpenBrowserKeyword.groovy:81)&#xD;
	at com.kms.katalon.core.webui.keyword.builtin.OpenBrowserKeyword.execute(OpenBrowserKeyword.groovy:67)&#xD;
	at com.kms.katalon.core.keyword.internal.KeywordExecutor.executeKeywordForPlatform(KeywordExecutor.groovy:56)&#xD;
	at com.kms.katalon.core.webui.keyword.WebUiBuiltInKeywords.openBrowser(WebUiBuiltInKeywords.groovy:60)&#xD;
	at com.kms.katalon.core.webui.keyword.WebUiBuiltInKeywords$openBrowser.call(Unknown Source)&#xD;
	at Script1564043157832.run(Script1564043157832.groovy:17)&#xD;
	... 13 more&#xD;
Caused by: java.net.ConnectException: Failed to connect to localhost/0:0:0:0:0:0:0:1:38282&#xD;
	at okhttp3.internal.connection.RealConnection.connectSocket(RealConnection.java:247)&#xD;
	at okhttp3.internal.connection.RealConnection.connect(RealConnection.java:165)&#xD;
	at okhttp3.internal.connection.StreamAllocation.findConnection(StreamAllocation.java:257)&#xD;
	at okhttp3.internal.connection.StreamAllocation.findHealthyConnection(StreamAllocation.java:135)&#xD;
	at okhttp3.internal.connection.StreamAllocation.newStream(StreamAllocation.java:114)&#xD;
	at okhttp3.internal.connection.ConnectInterceptor.intercept(ConnectInterceptor.java:42)&#xD;
	at okhttp3.internal.http.RealInterceptorChain.proceed(RealInterceptorChain.java:147)&#xD;
	at okhttp3.internal.http.RealInterceptorChain.proceed(RealInterceptorChain.java:121)&#xD;
	at okhttp3.internal.cache.CacheInterceptor.intercept(CacheInterceptor.java:93)&#xD;
	at okhttp3.internal.http.RealInterceptorChain.proceed(RealInterceptorChain.java:147)&#xD;
	at okhttp3.internal.http.RealInterceptorChain.proceed(RealInterceptorChain.java:121)&#xD;
	at okhttp3.internal.http.BridgeInterceptor.intercept(BridgeInterceptor.java:93)&#xD;
	at okhttp3.internal.http.RealInterceptorChain.proceed(RealInterceptorChain.java:147)&#xD;
	at okhttp3.internal.http.RetryAndFollowUpInterceptor.intercept(RetryAndFollowUpInterceptor.java:126)&#xD;
	at okhttp3.internal.http.RealInterceptorChain.proceed(RealInterceptorChain.java:147)&#xD;
	at okhttp3.internal.http.RealInterceptorChain.proceed(RealInterceptorChain.java:121)&#xD;
	at okhttp3.RealCall.getResponseWithInterceptorChain(RealCall.java:200)&#xD;
	at okhttp3.RealCall.execute(RealCall.java:77)&#xD;
	at org.openqa.selenium.remote.internal.OkHttpClient.execute(OkHttpClient.java:103)&#xD;
	at org.openqa.selenium.remote.ProtocolHandshake.createSession(ProtocolHandshake.java:105)&#xD;
	at org.openqa.selenium.remote.ProtocolHandshake.createSession(ProtocolHandshake.java:74)&#xD;
	at org.openqa.selenium.remote.HttpCommandExecutor.execute(HttpCommandExecutor.java:136)&#xD;
	at org.openqa.selenium.remote.service.DriverCommandExecutor.execute(DriverCommandExecutor.java:83)&#xD;
	... 31 more&#xD;
Caused by: java.net.ConnectException: Connection refused: connect&#xD;
	at okhttp3.internal.platform.Platform.connectSocket(Platform.java:129)&#xD;
	at okhttp3.internal.connection.RealConnection.connectSocket(RealConnection.java:245)&#xD;
	... 53 more&#xD;
)</system-out>
            <system-err>2019-07-25 11:10:10 - [TEST_CASE][FAILED] - Test Cases/zeb: Test Cases/zeb FAILED.
Reason:
com.kms.katalon.core.exception.StepFailedException: Unable to open browser with url: ''&#xD;
	at com.kms.katalon.core.webui.keyword.internal.WebUIKeywordMain.stepFailed(WebUIKeywordMain.groovy:64)&#xD;
	at com.kms.katalon.core.webui.keyword.internal.WebUIKeywordMain.runKeyword(WebUIKeywordMain.groovy:26)&#xD;
	at com.kms.katalon.core.webui.keyword.builtin.OpenBrowserKeyword.openBrowser(OpenBrowserKeyword.groovy:81)&#xD;
	at com.kms.katalon.core.webui.keyword.builtin.OpenBrowserKeyword.execute(OpenBrowserKeyword.groovy:67)&#xD;
	at com.kms.katalon.core.keyword.internal.KeywordExecutor.executeKeywordForPlatform(KeywordExecutor.groovy:56)&#xD;
	at com.kms.katalon.core.webui.keyword.WebUiBuiltInKeywords.openBrowser(WebUiBuiltInKeywords.groovy:60)&#xD;
	at com.kms.katalon.core.webui.keyword.WebUiBuiltInKeywords$openBrowser.call(Unknown Source)&#xD;
	at zeb.run(zeb:17)&#xD;
	at com.kms.katalon.core.main.ScriptEngine.run(ScriptEngine.java:194)&#xD;
	at com.kms.katalon.core.main.ScriptEngine.runScriptAsRawText(ScriptEngine.java:119)&#xD;
	at com.kms.katalon.core.main.TestCaseExecutor.runScript(TestCaseExecutor.java:337)&#xD;
	at com.kms.katalon.core.main.TestCaseExecutor.doExecute(TestCaseExecutor.java:328)&#xD;
	at com.kms.katalon.core.main.TestCaseExecutor.processExecutionPhase(TestCaseExecutor.java:307)&#xD;
	at com.kms.katalon.core.main.TestCaseExecutor.accessMainPhase(TestCaseExecutor.java:299)&#xD;
	at com.kms.katalon.core.main.TestCaseExecutor.execute(TestCaseExecutor.java:233)&#xD;
	at com.kms.katalon.core.main.TestSuiteExecutor.accessTestCaseMainPhase(TestSuiteExecutor.java:133)&#xD;
	at com.kms.katalon.core.main.TestSuiteExecutor.accessTestSuiteMainPhase(TestSuiteExecutor.java:116)&#xD;
	at com.kms.katalon.core.main.TestSuiteExecutor.execute(TestSuiteExecutor.java:83)&#xD;
	at com.kms.katalon.core.main.TestCaseMain.startTestSuite(TestCaseMain.java:157)&#xD;
	at com.kms.katalon.core.main.TestCaseMain$startTestSuite$0.call(Unknown Source)&#xD;
	at TempTestSuite1564044813085.run(TempTestSuite1564044813085.groovy:35)&#xD;
Caused by: org.openqa.selenium.WebDriverException: java.net.ConnectException: Failed to connect to localhost/0:0:0:0:0:0:0:1:38282
Build info: version: '3.141.59', revision: 'e82be7d358', time: '2018-11-14T08:25:53'
System info: host: 'ANTONIO', ip: '169.254.42.39', os.name: 'Windows 10', os.arch: 'amd64', os.version: '10.0', java.version: '1.8.0_181'
Driver info: driver.version: CEdgeDriver&#xD;
	at org.openqa.selenium.remote.service.DriverCommandExecutor.execute(DriverCommandExecutor.java:92)&#xD;
	at org.openqa.selenium.remote.RemoteWebDriver.execute(RemoteWebDriver.java:552)&#xD;
	at com.kms.katalon.selenium.driver.CEdgeDriver.execute(CEdgeDriver.java:21)&#xD;
	at org.openqa.selenium.remote.RemoteWebDriver.startSession(RemoteWebDriver.java:213)&#xD;
	at org.openqa.selenium.remote.RemoteWebDriver.&lt;init&gt;(RemoteWebDriver.java:131)&#xD;
	at org.openqa.selenium.edge.EdgeDriver.&lt;init&gt;(EdgeDriver.java:154)&#xD;
	at com.kms.katalon.selenium.driver.CEdgeDriver.&lt;init&gt;(CEdgeDriver.java:14)&#xD;
	at com.kms.katalon.core.webui.driver.DriverFactory.createNewEdgeDriver(DriverFactory.java:435)&#xD;
	at com.kms.katalon.core.webui.driver.DriverFactory.startNewBrowser(DriverFactory.java:257)&#xD;
	at com.kms.katalon.core.webui.driver.DriverFactory.openWebDriver(DriverFactory.java:191)&#xD;
	at com.kms.katalon.core.webui.keyword.builtin.OpenBrowserKeyword$_openBrowser_closure1.doCall(OpenBrowserKeyword.groovy:74)&#xD;
	at com.kms.katalon.core.webui.keyword.builtin.OpenBrowserKeyword$_openBrowser_closure1.call(OpenBrowserKeyword.groovy)&#xD;
	at com.kms.katalon.core.webui.keyword.internal.WebUIKeywordMain.runKeyword(WebUIKeywordMain.groovy:20)&#xD;
	at com.kms.katalon.core.webui.keyword.builtin.OpenBrowserKeyword.openBrowser(OpenBrowserKeyword.groovy:81)&#xD;
	at com.kms.katalon.core.webui.keyword.builtin.OpenBrowserKeyword.execute(OpenBrowserKeyword.groovy:67)&#xD;
	at com.kms.katalon.core.keyword.internal.KeywordExecutor.executeKeywordForPlatform(KeywordExecutor.groovy:56)&#xD;
	at com.kms.katalon.core.webui.keyword.WebUiBuiltInKeywords.openBrowser(WebUiBuiltInKeywords.groovy:60)&#xD;
	at com.kms.katalon.core.webui.keyword.WebUiBuiltInKeywords$openBrowser.call(Unknown Source)&#xD;
	at Script1564043157832.run(Script1564043157832.groovy:17)&#xD;
	... 13 more&#xD;
Caused by: java.net.ConnectException: Failed to connect to localhost/0:0:0:0:0:0:0:1:38282&#xD;
	at okhttp3.internal.connection.RealConnection.connectSocket(RealConnection.java:247)&#xD;
	at okhttp3.internal.connection.RealConnection.connect(RealConnection.java:165)&#xD;
	at okhttp3.internal.connection.StreamAllocation.findConnection(StreamAllocation.java:257)&#xD;
	at okhttp3.internal.connection.StreamAllocation.findHealthyConnection(StreamAllocation.java:135)&#xD;
	at okhttp3.internal.connection.StreamAllocation.newStream(StreamAllocation.java:114)&#xD;
	at okhttp3.internal.connection.ConnectInterceptor.intercept(ConnectInterceptor.java:42)&#xD;
	at okhttp3.internal.http.RealInterceptorChain.proceed(RealInterceptorChain.java:147)&#xD;
	at okhttp3.internal.http.RealInterceptorChain.proceed(RealInterceptorChain.java:121)&#xD;
	at okhttp3.internal.cache.CacheInterceptor.intercept(CacheInterceptor.java:93)&#xD;
	at okhttp3.internal.http.RealInterceptorChain.proceed(RealInterceptorChain.java:147)&#xD;
	at okhttp3.internal.http.RealInterceptorChain.proceed(RealInterceptorChain.java:121)&#xD;
	at okhttp3.internal.http.BridgeInterceptor.intercept(BridgeInterceptor.java:93)&#xD;
	at okhttp3.internal.http.RealInterceptorChain.proceed(RealInterceptorChain.java:147)&#xD;
	at okhttp3.internal.http.RetryAndFollowUpInterceptor.intercept(RetryAndFollowUpInterceptor.java:126)&#xD;
	at okhttp3.internal.http.RealInterceptorChain.proceed(RealInterceptorChain.java:147)&#xD;
	at okhttp3.internal.http.RealInterceptorChain.proceed(RealInterceptorChain.java:121)&#xD;
	at okhttp3.RealCall.getResponseWithInterceptorChain(RealCall.java:200)&#xD;
	at okhttp3.RealCall.execute(RealCall.java:77)&#xD;
	at org.openqa.selenium.remote.internal.OkHttpClient.execute(OkHttpClient.java:103)&#xD;
	at org.openqa.selenium.remote.ProtocolHandshake.createSession(ProtocolHandshake.java:105)&#xD;
	at org.openqa.selenium.remote.ProtocolHandshake.createSession(ProtocolHandshake.java:74)&#xD;
	at org.openqa.selenium.remote.HttpCommandExecutor.execute(HttpCommandExecutor.java:136)&#xD;
	at org.openqa.selenium.remote.service.DriverCommandExecutor.execute(DriverCommandExecutor.java:83)&#xD;
	... 31 more&#xD;
Caused by: java.net.ConnectException: Connection refused: connect&#xD;
	at okhttp3.internal.platform.Platform.connectSocket(Platform.java:129)&#xD;
	at okhttp3.internal.connection.RealConnection.connectSocket(RealConnection.java:245)&#xD;
	at okhttp3.internal.connection.RealConnection.connect(RealConnection.java:165)&#xD;
	at okhttp3.internal.connection.StreamAllocation.findConnection(StreamAllocation.java:257)&#xD;
	at okhttp3.internal.connection.StreamAllocation.findHealthyConnection(StreamAllocation.java:135)&#xD;
	at okhttp3.internal.connection.StreamAllocation.newStream(StreamAllocation.java:114)&#xD;
	at okhttp3.internal.connection.ConnectInterceptor.intercept(ConnectInterceptor.java:42)&#xD;
	at okhttp3.internal.http.RealInterceptorChain.proceed(RealInterceptorChain.java:147)&#xD;
	at okhttp3.internal.http.RealInterceptorChain.proceed(RealInterceptorChain.java:121)&#xD;
	at okhttp3.internal.cache.CacheInterceptor.intercept(CacheInterceptor.java:93)&#xD;
	at okhttp3.internal.http.RealInterceptorChain.proceed(RealInterceptorChain.java:147)&#xD;
	at okhttp3.internal.http.RealInterceptorChain.proceed(RealInterceptorChain.java:121)&#xD;
	at okhttp3.internal.http.BridgeInterceptor.intercept(BridgeInterceptor.java:93)&#xD;
	at okhttp3.internal.http.RealInterceptorChain.proceed(RealInterceptorChain.java:147)&#xD;
	at okhttp3.internal.http.RetryAndFollowUpInterceptor.intercept(RetryAndFollowUpInterceptor.java:126)&#xD;
	at okhttp3.internal.http.RealInterceptorChain.proceed(RealInterceptorChain.java:147)&#xD;
	at okhttp3.internal.http.RealInterceptorChain.proceed(RealInterceptorChain.java:121)&#xD;
	at okhttp3.RealCall.getResponseWithInterceptorChain(RealCall.java:200)&#xD;
	at okhttp3.RealCall.execute(RealCall.java:77)&#xD;
	at org.openqa.selenium.remote.internal.OkHttpClient.execute(OkHttpClient.java:103)&#xD;
	at org.openqa.selenium.remote.ProtocolHandshake.createSession(ProtocolHandshake.java:105)&#xD;
	at org.openqa.selenium.remote.ProtocolHandshake.createSession(ProtocolHandshake.java:74)&#xD;
	at org.openqa.selenium.remote.HttpCommandExecutor.execute(HttpCommandExecutor.java:136)&#xD;
	at org.openqa.selenium.remote.service.DriverCommandExecutor.execute(DriverCommandExecutor.java:83)&#xD;
	at org.openqa.selenium.remote.RemoteWebDriver.execute(RemoteWebDriver.java:552)&#xD;
	at com.kms.katalon.selenium.driver.CEdgeDriver.execute(CEdgeDriver.java:21)&#xD;
	at org.openqa.selenium.remote.RemoteWebDriver.startSession(RemoteWebDriver.java:213)&#xD;
	at org.openqa.selenium.remote.RemoteWebDriver.&lt;init&gt;(RemoteWebDriver.java:131)&#xD;
	at org.openqa.selenium.edge.EdgeDriver.&lt;init&gt;(EdgeDriver.java:154)&#xD;
	at com.kms.katalon.selenium.driver.CEdgeDriver.&lt;init&gt;(CEdgeDriver.java:14)&#xD;
	at com.kms.katalon.core.webui.driver.DriverFactory.createNewEdgeDriver(DriverFactory.java:435)&#xD;
	at com.kms.katalon.core.webui.driver.DriverFactory.startNewBrowser(DriverFactory.java:257)&#xD;
	at com.kms.katalon.core.webui.driver.DriverFactory.openWebDriver(DriverFactory.java:191)&#xD;
	at com.kms.katalon.core.webui.keyword.builtin.OpenBrowserKeyword$_openBrowser_closure1.doCall(OpenBrowserKeyword.groovy:74)&#xD;
	at com.kms.katalon.core.webui.keyword.builtin.OpenBrowserKeyword$_openBrowser_closure1.call(OpenBrowserKeyword.groovy)&#xD;
	at com.kms.katalon.core.webui.keyword.internal.WebUIKeywordMain.runKeyword(WebUIKeywordMain.groovy:20)&#xD;
	at com.kms.katalon.core.webui.keyword.builtin.OpenBrowserKeyword.openBrowser(OpenBrowserKeyword.groovy:81)&#xD;
	at com.kms.katalon.core.webui.keyword.builtin.OpenBrowserKeyword.execute(OpenBrowserKeyword.groovy:67)&#xD;
	at com.kms.katalon.core.keyword.internal.KeywordExecutor.executeKeywordForPlatform(KeywordExecutor.groovy:56)&#xD;
	at com.kms.katalon.core.webui.keyword.WebUiBuiltInKeywords.openBrowser(WebUiBuiltInKeywords.groovy:60)&#xD;
	at com.kms.katalon.core.webui.keyword.WebUiBuiltInKeywords$openBrowser.call(Unknown Source)&#xD;
	at zeb.run(zeb:17)&#xD;
	... 13 more</system-err>
        </testcase>
        <system-out>2019-07-25 11:09:24 - [TEST_SUITE][INCOMPLETE] - TestEveryIBE: null</system-out>
        <system-err>2019-07-25 11:09:24 - [TEST_SUITE][INCOMPLETE] - TestEveryIBE: null</system-err>
    </testsuite>
</testsuites>
