<?xml version="1.0" encoding="UTF-8" standalone="yes"?>
<testsuites name="TestEveryIBE" time="495" tests="13" failures="0" errors="0">
    <testsuite name="TestEveryIBE" tests="13" failures="0" errors="0" time="495" timestamp="2020-01-12 13:20:45" hostname="root - 6b81f39a3f43" id="Test Suites/TestEveryIBE">
        <properties>
            <property name="deviceName" value=""/>
            <property name="devicePlatform" value=""/>
            <property name="logFolder" value="/tmp/katalon_execute/project/Reports/20200112_132043/TestEveryIBE/20200112_132043"/>
            <property name="logFiles" value="/tmp/katalon_execute/project/Reports/20200112_132043/TestEveryIBE/20200112_132043/execution0.log"/>
            <property name="attachments" value=""/>
            <property name="hostName" value="root - 6b81f39a3f43"/>
            <property name="os" value="Linux 64bit"/>
            <property name="katalonVersion" value="6.3.3.11"/>
            <property name="browser" value="Firefox 69.0"/>
            <property name="hostAddress" value="172.17.0.2"/>
            <property name="sessionId" value="4f003084-6e12-4b5f-a757-687ab87092a4"/>
            <property name="seleniumVersion" value="3.141.59"/>
            <property name="proxyInformation" value="ProxyInformation{proxyOption=NO_PROXY, proxyServerType=HTTP, password=, proxyServerAddress=, proxyServerPort=0}"/>
            <property name="platform" value="Linux"/>
        </properties>
        <testcase name="Test Cases/audi" classname="Test Cases/audi" status="PASSED">
            <system-out>2020-01-12 13:20:45 - [TEST_CASE][PASSED] - Test Cases/audi: Test Cases/audi

2020-01-12 13:20:46 - [TEST_STEP][PASSED] - openBrowser(""): Browser is opened with url: ''

2020-01-12 13:20:46 - [MESSAGE][INFO] - Starting 'Firefox' driver

2020-01-12 13:20:46 - [MESSAGE][INFO] - Action delay is set to 0 seconds

2020-01-12 13:20:49 - [MESSAGE][PASSED] - Browser is opened with url: ''

2020-01-12 13:20:49 - [TEST_STEP][PASSED] - navigateToUrl("https://audi.acomodeo.com/en/"): Navigate to 'https://audi.acomodeo.com/en/' successfully

2020-01-12 13:20:52 - [MESSAGE][PASSED] - Navigate to 'https://audi.acomodeo.com/en/' successfully

2020-01-12 13:20:52 - [TEST_STEP][PASSED] - delay(10): Delayed 10 second(s)

2020-01-12 13:21:02 - [MESSAGE][PASSED] - Delayed 10 second(s)

2020-01-12 13:21:02 - [TEST_STEP][PASSED] - click(findTestObject("Object Repository/katalonIBE/Page_Home  Audi Long Stay/button_Log in")): Object: 'Object Repository/katalonIBE/Page_Home  Audi Long Stay/button_Log in' is clicked on

2020-01-12 13:21:03 - [MESSAGE][PASSED] - Object: 'Object Repository/katalonIBE/Page_Home  Audi Long Stay/button_Log in' is clicked on

2020-01-12 13:21:03 - [TEST_STEP][PASSED] - delay(3): Delayed 3 second(s)

2020-01-12 13:21:06 - [MESSAGE][PASSED] - Delayed 3 second(s)

2020-01-12 13:21:06 - [TEST_STEP][PASSED] - setText(findTestObject("Object Repository/katalonIBE/Page_Home  Audi Long Stay/input_Register_email"), username): Text 'katalon@acomodeo.com' is set on object 'Object Repository/katalonIBE/Page_Home  Audi Long Stay/input_Register_email'

2020-01-12 13:21:06 - [MESSAGE][PASSED] - Text 'katalon@acomodeo.com' is set on object 'Object Repository/katalonIBE/Page_Home  Audi Long Stay/input_Register_email'

2020-01-12 13:21:06 - [TEST_STEP][PASSED] - setEncryptedText(findTestObject("Object Repository/katalonIBE/Page_Home  Audi Long Stay/input_Register_password"), password): Text ****** has been set on object 'Object Repository/katalonIBE/Page_Home  Audi Long Stay/input_Register_password'

2020-01-12 13:21:07 - [MESSAGE][PASSED] - Text ****** has been set on object 'Object Repository/katalonIBE/Page_Home  Audi Long Stay/input_Register_password'

2020-01-12 13:21:07 - [TEST_STEP][PASSED] - delay(3): Delayed 3 second(s)

2020-01-12 13:21:10 - [MESSAGE][PASSED] - Delayed 3 second(s)

2020-01-12 13:21:10 - [TEST_STEP][PASSED] - click(findTestObject("Object Repository/katalonIBE/Page_Home  Audi Long Stay/span_Log in")): Object: 'Object Repository/katalonIBE/Page_Home  Audi Long Stay/span_Log in' is clicked on

2020-01-12 13:21:10 - [MESSAGE][PASSED] - Object: 'Object Repository/katalonIBE/Page_Home  Audi Long Stay/span_Log in' is clicked on

2020-01-12 13:21:10 - [TEST_STEP][PASSED] - delay(8): Delayed 8 second(s)

2020-01-12 13:21:18 - [MESSAGE][PASSED] - Delayed 8 second(s)

2020-01-12 13:21:18 - [TEST_STEP][PASSED] - click(findTestObject("Object Repository/katalonIBE/Page_Home  Audi Long Stay/button_Profile")): Object: 'Object Repository/katalonIBE/Page_Home  Audi Long Stay/button_Profile' is clicked on

2020-01-12 13:21:19 - [MESSAGE][PASSED] - Object: 'Object Repository/katalonIBE/Page_Home  Audi Long Stay/button_Profile' is clicked on

2020-01-12 13:21:19 - [TEST_STEP][PASSED] - delay(3): Delayed 3 second(s)

2020-01-12 13:21:22 - [MESSAGE][PASSED] - Delayed 3 second(s)

2020-01-12 13:21:22 - [TEST_STEP][PASSED] - click(findTestObject("Object Repository/katalonIBE/Page_Home  Audi Long Stay/h4_Hello Katalon Acomodeo")): Object: 'Object Repository/katalonIBE/Page_Home  Audi Long Stay/h4_Hello Katalon Acomodeo' is clicked on

2020-01-12 13:21:22 - [MESSAGE][PASSED] - Object: 'Object Repository/katalonIBE/Page_Home  Audi Long Stay/h4_Hello Katalon Acomodeo' is clicked on

2020-01-12 13:21:22 - [TEST_STEP][PASSED] - hello = getText(findTestObject("Object Repository/katalonIBE/Page_Home  Audi Long Stay/h4_Hello Katalon Acomodeo")): Text of object 'Object Repository/katalonIBE/Page_Home  Audi Long Stay/h4_Hello Katalon Acomodeo' is: 'Hello, Katalon Acomodeo'

2020-01-12 13:21:22 - [MESSAGE][PASSED] - Text of object 'Object Repository/katalonIBE/Page_Home  Audi Long Stay/h4_Hello Katalon Acomodeo' is: 'Hello, Katalon Acomodeo'

2020-01-12 13:21:22 - [TEST_STEP][PASSED] - verifyEqual("Hello, Katalon Acomodeo", hello): Actual object 'Hello, Katalon Acomodeo' and expected object 'Hello, Katalon Acomodeo' are equal

2020-01-12 13:21:22 - [MESSAGE][PASSED] - Actual object 'Hello, Katalon Acomodeo' and expected object 'Hello, Katalon Acomodeo' are equal

2020-01-12 13:21:22 - [TEST_STEP][PASSED] - closeBrowser(): Browser is closed

2020-01-12 13:21:26 - [MESSAGE][PASSED] - Browser is closed</system-out>
            <system-err></system-err>
        </testcase>
        <testcase name="Test Cases/baldaja" classname="Test Cases/baldaja" status="PASSED">
            <system-out>2020-01-12 13:21:26 - [TEST_CASE][PASSED] - Test Cases/baldaja: Test Cases/baldaja

2020-01-12 13:21:26 - [TEST_STEP][PASSED] - openBrowser(""): Browser is opened with url: ''

2020-01-12 13:21:26 - [MESSAGE][INFO] - Starting 'Firefox' driver

2020-01-12 13:21:29 - [MESSAGE][PASSED] - Browser is opened with url: ''

2020-01-12 13:21:29 - [TEST_STEP][PASSED] - navigateToUrl("https://baldaja.acomodeo.com/en/"): Navigate to 'https://baldaja.acomodeo.com/en/' successfully

2020-01-12 13:21:36 - [MESSAGE][PASSED] - Navigate to 'https://baldaja.acomodeo.com/en/' successfully

2020-01-12 13:21:36 - [TEST_STEP][PASSED] - delay(10): Delayed 10 second(s)

2020-01-12 13:21:46 - [MESSAGE][PASSED] - Delayed 10 second(s)

2020-01-12 13:21:46 - [TEST_STEP][PASSED] - click(findTestObject("Object Repository/katalonIBE/Page_Home  Audi Long Stay/button_Log in")): Object: 'Object Repository/katalonIBE/Page_Home  Audi Long Stay/button_Log in' is clicked on

2020-01-12 13:21:47 - [MESSAGE][PASSED] - Object: 'Object Repository/katalonIBE/Page_Home  Audi Long Stay/button_Log in' is clicked on

2020-01-12 13:21:47 - [TEST_STEP][PASSED] - delay(3): Delayed 3 second(s)

2020-01-12 13:21:50 - [MESSAGE][PASSED] - Delayed 3 second(s)

2020-01-12 13:21:50 - [TEST_STEP][PASSED] - setText(findTestObject("Object Repository/katalonIBE/Page_Home  Audi Long Stay/input_Register_email"), username): Text 'katalon@acomodeo.com' is set on object 'Object Repository/katalonIBE/Page_Home  Audi Long Stay/input_Register_email'

2020-01-12 13:21:50 - [MESSAGE][PASSED] - Text 'katalon@acomodeo.com' is set on object 'Object Repository/katalonIBE/Page_Home  Audi Long Stay/input_Register_email'

2020-01-12 13:21:50 - [TEST_STEP][PASSED] - setEncryptedText(findTestObject("Object Repository/katalonIBE/Page_Home  Audi Long Stay/input_Register_password"), password): Text ****** has been set on object 'Object Repository/katalonIBE/Page_Home  Audi Long Stay/input_Register_password'

2020-01-12 13:21:51 - [MESSAGE][PASSED] - Text ****** has been set on object 'Object Repository/katalonIBE/Page_Home  Audi Long Stay/input_Register_password'

2020-01-12 13:21:51 - [TEST_STEP][PASSED] - delay(3): Delayed 3 second(s)

2020-01-12 13:21:54 - [MESSAGE][PASSED] - Delayed 3 second(s)

2020-01-12 13:21:54 - [TEST_STEP][PASSED] - click(findTestObject("Object Repository/katalonIBE/Page_Home  Audi Long Stay/span_Log in")): Object: 'Object Repository/katalonIBE/Page_Home  Audi Long Stay/span_Log in' is clicked on

2020-01-12 13:21:54 - [MESSAGE][PASSED] - Object: 'Object Repository/katalonIBE/Page_Home  Audi Long Stay/span_Log in' is clicked on

2020-01-12 13:21:54 - [TEST_STEP][PASSED] - delay(8): Delayed 8 second(s)

2020-01-12 13:22:02 - [MESSAGE][PASSED] - Delayed 8 second(s)

2020-01-12 13:22:02 - [TEST_STEP][PASSED] - click(findTestObject("Object Repository/katalonIBE/Page_Home  Audi Long Stay/button_Profile")): Object: 'Object Repository/katalonIBE/Page_Home  Audi Long Stay/button_Profile' is clicked on

2020-01-12 13:22:02 - [MESSAGE][PASSED] - Object: 'Object Repository/katalonIBE/Page_Home  Audi Long Stay/button_Profile' is clicked on

2020-01-12 13:22:02 - [TEST_STEP][PASSED] - delay(3): Delayed 3 second(s)

2020-01-12 13:22:05 - [MESSAGE][PASSED] - Delayed 3 second(s)

2020-01-12 13:22:05 - [TEST_STEP][PASSED] - click(findTestObject("Object Repository/katalonIBE/Page_Home  Audi Long Stay/h4_Hello Katalon Acomodeo")): Object: 'Object Repository/katalonIBE/Page_Home  Audi Long Stay/h4_Hello Katalon Acomodeo' is clicked on

2020-01-12 13:22:06 - [MESSAGE][PASSED] - Object: 'Object Repository/katalonIBE/Page_Home  Audi Long Stay/h4_Hello Katalon Acomodeo' is clicked on

2020-01-12 13:22:06 - [TEST_STEP][PASSED] - hello = getText(findTestObject("Object Repository/katalonIBE/Page_Home  Audi Long Stay/h4_Hello Katalon Acomodeo")): Text of object 'Object Repository/katalonIBE/Page_Home  Audi Long Stay/h4_Hello Katalon Acomodeo' is: 'Hello, Katalon Acomodeo'

2020-01-12 13:22:06 - [MESSAGE][PASSED] - Text of object 'Object Repository/katalonIBE/Page_Home  Audi Long Stay/h4_Hello Katalon Acomodeo' is: 'Hello, Katalon Acomodeo'

2020-01-12 13:22:06 - [TEST_STEP][PASSED] - verifyEqual("Hello, Katalon Acomodeo", hello): Actual object 'Hello, Katalon Acomodeo' and expected object 'Hello, Katalon Acomodeo' are equal

2020-01-12 13:22:06 - [MESSAGE][PASSED] - Actual object 'Hello, Katalon Acomodeo' and expected object 'Hello, Katalon Acomodeo' are equal

2020-01-12 13:22:06 - [TEST_STEP][PASSED] - closeBrowser(): Browser is closed

2020-01-12 13:22:09 - [MESSAGE][PASSED] - Browser is closed</system-out>
            <system-err></system-err>
        </testcase>
        <testcase name="Test Cases/barmer" classname="Test Cases/barmer" status="PASSED">
            <system-out>2020-01-12 13:22:09 - [TEST_CASE][PASSED] - Test Cases/barmer: Test Cases/barmer

2020-01-12 13:22:09 - [TEST_STEP][PASSED] - openBrowser(""): Browser is opened with url: ''

2020-01-12 13:22:09 - [MESSAGE][INFO] - Starting 'Firefox' driver

2020-01-12 13:22:12 - [MESSAGE][PASSED] - Browser is opened with url: ''

2020-01-12 13:22:12 - [TEST_STEP][PASSED] - navigateToUrl("https://barmer.acomodeo.com/en/"): Navigate to 'https://barmer.acomodeo.com/en/' successfully

2020-01-12 13:22:14 - [MESSAGE][PASSED] - Navigate to 'https://barmer.acomodeo.com/en/' successfully

2020-01-12 13:22:14 - [TEST_STEP][PASSED] - delay(10): Delayed 10 second(s)

2020-01-12 13:22:24 - [MESSAGE][PASSED] - Delayed 10 second(s)

2020-01-12 13:22:24 - [TEST_STEP][PASSED] - click(findTestObject("Object Repository/katalonIBE/Page_Home  Audi Long Stay/button_Log in")): Object: 'Object Repository/katalonIBE/Page_Home  Audi Long Stay/button_Log in' is clicked on

2020-01-12 13:22:24 - [MESSAGE][PASSED] - Object: 'Object Repository/katalonIBE/Page_Home  Audi Long Stay/button_Log in' is clicked on

2020-01-12 13:22:24 - [TEST_STEP][PASSED] - delay(3): Delayed 3 second(s)

2020-01-12 13:22:27 - [MESSAGE][PASSED] - Delayed 3 second(s)

2020-01-12 13:22:27 - [TEST_STEP][PASSED] - setText(findTestObject("Object Repository/katalonIBE/Page_Home  Audi Long Stay/input_Register_email"), username): Text 'katalon@acomodeo.com' is set on object 'Object Repository/katalonIBE/Page_Home  Audi Long Stay/input_Register_email'

2020-01-12 13:22:28 - [MESSAGE][PASSED] - Text 'katalon@acomodeo.com' is set on object 'Object Repository/katalonIBE/Page_Home  Audi Long Stay/input_Register_email'

2020-01-12 13:22:28 - [TEST_STEP][PASSED] - setEncryptedText(findTestObject("Object Repository/katalonIBE/Page_Home  Audi Long Stay/input_Register_password"), password): Text ****** has been set on object 'Object Repository/katalonIBE/Page_Home  Audi Long Stay/input_Register_password'

2020-01-12 13:22:29 - [MESSAGE][PASSED] - Text ****** has been set on object 'Object Repository/katalonIBE/Page_Home  Audi Long Stay/input_Register_password'

2020-01-12 13:22:29 - [TEST_STEP][PASSED] - delay(3): Delayed 3 second(s)

2020-01-12 13:22:32 - [MESSAGE][PASSED] - Delayed 3 second(s)

2020-01-12 13:22:32 - [TEST_STEP][PASSED] - click(findTestObject("Object Repository/katalonIBE/Page_Home  Audi Long Stay/span_Log in")): Object: 'Object Repository/katalonIBE/Page_Home  Audi Long Stay/span_Log in' is clicked on

2020-01-12 13:22:32 - [MESSAGE][PASSED] - Object: 'Object Repository/katalonIBE/Page_Home  Audi Long Stay/span_Log in' is clicked on

2020-01-12 13:22:32 - [TEST_STEP][PASSED] - delay(8): Delayed 8 second(s)

2020-01-12 13:22:40 - [MESSAGE][PASSED] - Delayed 8 second(s)

2020-01-12 13:22:40 - [TEST_STEP][PASSED] - click(findTestObject("Object Repository/katalonIBE/Page_Home  Audi Long Stay/button_Profile")): Object: 'Object Repository/katalonIBE/Page_Home  Audi Long Stay/button_Profile' is clicked on

2020-01-12 13:22:40 - [MESSAGE][PASSED] - Object: 'Object Repository/katalonIBE/Page_Home  Audi Long Stay/button_Profile' is clicked on

2020-01-12 13:22:40 - [TEST_STEP][PASSED] - delay(3): Delayed 3 second(s)

2020-01-12 13:22:43 - [MESSAGE][PASSED] - Delayed 3 second(s)

2020-01-12 13:22:43 - [TEST_STEP][PASSED] - click(findTestObject("Object Repository/katalonIBE/Page_Home  Audi Long Stay/h4_Hello Katalon Acomodeo")): Object: 'Object Repository/katalonIBE/Page_Home  Audi Long Stay/h4_Hello Katalon Acomodeo' is clicked on

2020-01-12 13:22:44 - [MESSAGE][PASSED] - Object: 'Object Repository/katalonIBE/Page_Home  Audi Long Stay/h4_Hello Katalon Acomodeo' is clicked on

2020-01-12 13:22:44 - [TEST_STEP][PASSED] - hello = getText(findTestObject("Object Repository/katalonIBE/Page_Home  Audi Long Stay/h4_Hello Katalon Acomodeo")): Text of object 'Object Repository/katalonIBE/Page_Home  Audi Long Stay/h4_Hello Katalon Acomodeo' is: 'Hello, Katalon Acomodeo'

2020-01-12 13:22:44 - [MESSAGE][PASSED] - Text of object 'Object Repository/katalonIBE/Page_Home  Audi Long Stay/h4_Hello Katalon Acomodeo' is: 'Hello, Katalon Acomodeo'

2020-01-12 13:22:44 - [TEST_STEP][PASSED] - verifyEqual("Hello, Katalon Acomodeo", hello): Actual object 'Hello, Katalon Acomodeo' and expected object 'Hello, Katalon Acomodeo' are equal

2020-01-12 13:22:44 - [MESSAGE][PASSED] - Actual object 'Hello, Katalon Acomodeo' and expected object 'Hello, Katalon Acomodeo' are equal

2020-01-12 13:22:44 - [TEST_STEP][PASSED] - closeBrowser(): Browser is closed

2020-01-12 13:22:47 - [MESSAGE][PASSED] - Browser is closed</system-out>
            <system-err></system-err>
        </testcase>
        <testcase name="Test Cases/bearingpoint" classname="Test Cases/bearingpoint" status="PASSED">
            <system-out>2020-01-12 13:22:47 - [TEST_CASE][PASSED] - Test Cases/bearingpoint: Test Cases/bearingpoint

2020-01-12 13:22:47 - [TEST_STEP][PASSED] - openBrowser(""): Browser is opened with url: ''

2020-01-12 13:22:47 - [MESSAGE][INFO] - Starting 'Firefox' driver

2020-01-12 13:22:49 - [MESSAGE][PASSED] - Browser is opened with url: ''

2020-01-12 13:22:49 - [TEST_STEP][PASSED] - navigateToUrl("https://bearingpoint.acomodeo.com/en/"): Navigate to 'https://bearingpoint.acomodeo.com/en/' successfully

2020-01-12 13:22:51 - [MESSAGE][PASSED] - Navigate to 'https://bearingpoint.acomodeo.com/en/' successfully

2020-01-12 13:22:51 - [TEST_STEP][PASSED] - delay(10): Delayed 10 second(s)

2020-01-12 13:23:01 - [MESSAGE][PASSED] - Delayed 10 second(s)

2020-01-12 13:23:01 - [TEST_STEP][PASSED] - click(findTestObject("Object Repository/katalonIBE/Page_Home  Audi Long Stay/button_Log in")): Object: 'Object Repository/katalonIBE/Page_Home  Audi Long Stay/button_Log in' is clicked on

2020-01-12 13:23:01 - [MESSAGE][PASSED] - Object: 'Object Repository/katalonIBE/Page_Home  Audi Long Stay/button_Log in' is clicked on

2020-01-12 13:23:01 - [TEST_STEP][PASSED] - delay(3): Delayed 3 second(s)

2020-01-12 13:23:04 - [MESSAGE][PASSED] - Delayed 3 second(s)

2020-01-12 13:23:04 - [TEST_STEP][PASSED] - setText(findTestObject("Object Repository/katalonIBE/Page_Home  Audi Long Stay/input_Register_email"), username): Text 'katalon@acomodeo.com' is set on object 'Object Repository/katalonIBE/Page_Home  Audi Long Stay/input_Register_email'

2020-01-12 13:23:05 - [MESSAGE][PASSED] - Text 'katalon@acomodeo.com' is set on object 'Object Repository/katalonIBE/Page_Home  Audi Long Stay/input_Register_email'

2020-01-12 13:23:05 - [TEST_STEP][PASSED] - setEncryptedText(findTestObject("Object Repository/katalonIBE/Page_Home  Audi Long Stay/input_Register_password"), password): Text ****** has been set on object 'Object Repository/katalonIBE/Page_Home  Audi Long Stay/input_Register_password'

2020-01-12 13:23:05 - [MESSAGE][PASSED] - Text ****** has been set on object 'Object Repository/katalonIBE/Page_Home  Audi Long Stay/input_Register_password'

2020-01-12 13:23:05 - [TEST_STEP][PASSED] - delay(3): Delayed 3 second(s)

2020-01-12 13:23:08 - [MESSAGE][PASSED] - Delayed 3 second(s)

2020-01-12 13:23:08 - [TEST_STEP][PASSED] - click(findTestObject("Object Repository/katalonIBE/Page_Home  Audi Long Stay/span_Log in")): Object: 'Object Repository/katalonIBE/Page_Home  Audi Long Stay/span_Log in' is clicked on

2020-01-12 13:23:08 - [MESSAGE][PASSED] - Object: 'Object Repository/katalonIBE/Page_Home  Audi Long Stay/span_Log in' is clicked on

2020-01-12 13:23:08 - [TEST_STEP][PASSED] - delay(8): Delayed 8 second(s)

2020-01-12 13:23:16 - [MESSAGE][PASSED] - Delayed 8 second(s)

2020-01-12 13:23:16 - [TEST_STEP][PASSED] - click(findTestObject("Object Repository/katalonIBE/Page_Home  Audi Long Stay/button_Profile")): Object: 'Object Repository/katalonIBE/Page_Home  Audi Long Stay/button_Profile' is clicked on

2020-01-12 13:23:17 - [MESSAGE][PASSED] - Object: 'Object Repository/katalonIBE/Page_Home  Audi Long Stay/button_Profile' is clicked on

2020-01-12 13:23:17 - [TEST_STEP][PASSED] - delay(3): Delayed 3 second(s)

2020-01-12 13:23:20 - [MESSAGE][PASSED] - Delayed 3 second(s)

2020-01-12 13:23:20 - [TEST_STEP][PASSED] - click(findTestObject("Object Repository/katalonIBE/Page_Home  Audi Long Stay/h4_Hello Katalon Acomodeo")): Object: 'Object Repository/katalonIBE/Page_Home  Audi Long Stay/h4_Hello Katalon Acomodeo' is clicked on

2020-01-12 13:23:20 - [MESSAGE][PASSED] - Object: 'Object Repository/katalonIBE/Page_Home  Audi Long Stay/h4_Hello Katalon Acomodeo' is clicked on

2020-01-12 13:23:20 - [TEST_STEP][PASSED] - hello = getText(findTestObject("Object Repository/katalonIBE/Page_Home  Audi Long Stay/h4_Hello Katalon Acomodeo")): Text of object 'Object Repository/katalonIBE/Page_Home  Audi Long Stay/h4_Hello Katalon Acomodeo' is: 'Hello, Katalon Acomodeo'

2020-01-12 13:23:20 - [MESSAGE][PASSED] - Text of object 'Object Repository/katalonIBE/Page_Home  Audi Long Stay/h4_Hello Katalon Acomodeo' is: 'Hello, Katalon Acomodeo'

2020-01-12 13:23:20 - [TEST_STEP][PASSED] - verifyEqual("Hello, Katalon Acomodeo", hello): Actual object 'Hello, Katalon Acomodeo' and expected object 'Hello, Katalon Acomodeo' are equal

2020-01-12 13:23:20 - [MESSAGE][PASSED] - Actual object 'Hello, Katalon Acomodeo' and expected object 'Hello, Katalon Acomodeo' are equal

2020-01-12 13:23:20 - [TEST_STEP][PASSED] - closeBrowser(): Browser is closed

2020-01-12 13:23:23 - [MESSAGE][PASSED] - Browser is closed</system-out>
            <system-err></system-err>
        </testcase>
        <testcase name="Test Cases/commerzbank" classname="Test Cases/commerzbank" status="PASSED">
            <system-out>2020-01-12 13:23:23 - [TEST_CASE][PASSED] - Test Cases/commerzbank: Test Cases/commerzbank

2020-01-12 13:23:23 - [TEST_STEP][PASSED] - openBrowser(""): Browser is opened with url: ''

2020-01-12 13:23:23 - [MESSAGE][INFO] - Starting 'Firefox' driver

2020-01-12 13:23:25 - [MESSAGE][PASSED] - Browser is opened with url: ''

2020-01-12 13:23:25 - [TEST_STEP][PASSED] - navigateToUrl("https://commerzbank.acomodeo.com/en/"): Navigate to 'https://commerzbank.acomodeo.com/en/' successfully

2020-01-12 13:23:27 - [MESSAGE][PASSED] - Navigate to 'https://commerzbank.acomodeo.com/en/' successfully

2020-01-12 13:23:27 - [TEST_STEP][PASSED] - delay(10): Delayed 10 second(s)

2020-01-12 13:23:37 - [MESSAGE][PASSED] - Delayed 10 second(s)

2020-01-12 13:23:37 - [TEST_STEP][PASSED] - click(findTestObject("Object Repository/katalonIBE/Page_Home  Audi Long Stay/button_Log in")): Object: 'Object Repository/katalonIBE/Page_Home  Audi Long Stay/button_Log in' is clicked on

2020-01-12 13:23:37 - [MESSAGE][PASSED] - Object: 'Object Repository/katalonIBE/Page_Home  Audi Long Stay/button_Log in' is clicked on

2020-01-12 13:23:37 - [TEST_STEP][PASSED] - delay(3): Delayed 3 second(s)

2020-01-12 13:23:40 - [MESSAGE][PASSED] - Delayed 3 second(s)

2020-01-12 13:23:40 - [TEST_STEP][PASSED] - setText(findTestObject("Object Repository/katalonIBE/Page_Home  Audi Long Stay/input_Register_email"), username): Text 'katalon@acomodeo.com' is set on object 'Object Repository/katalonIBE/Page_Home  Audi Long Stay/input_Register_email'

2020-01-12 13:23:41 - [MESSAGE][PASSED] - Text 'katalon@acomodeo.com' is set on object 'Object Repository/katalonIBE/Page_Home  Audi Long Stay/input_Register_email'

2020-01-12 13:23:41 - [TEST_STEP][PASSED] - setEncryptedText(findTestObject("Object Repository/katalonIBE/Page_Home  Audi Long Stay/input_Register_password"), password): Text ****** has been set on object 'Object Repository/katalonIBE/Page_Home  Audi Long Stay/input_Register_password'

2020-01-12 13:23:41 - [MESSAGE][PASSED] - Text ****** has been set on object 'Object Repository/katalonIBE/Page_Home  Audi Long Stay/input_Register_password'

2020-01-12 13:23:41 - [TEST_STEP][PASSED] - click(findTestObject("Object Repository/katalonIBE/Page_Home  Audi Long Stay/span_Log in")): Object: 'Object Repository/katalonIBE/Page_Home  Audi Long Stay/span_Log in' is clicked on

2020-01-12 13:23:41 - [MESSAGE][PASSED] - Object: 'Object Repository/katalonIBE/Page_Home  Audi Long Stay/span_Log in' is clicked on

2020-01-12 13:23:41 - [TEST_STEP][PASSED] - delay(8): Delayed 8 second(s)

2020-01-12 13:23:49 - [MESSAGE][PASSED] - Delayed 8 second(s)

2020-01-12 13:23:49 - [TEST_STEP][PASSED] - click(findTestObject("Object Repository/katalonIBE/Page_Home  Audi Long Stay/button_Profile")): Object: 'Object Repository/katalonIBE/Page_Home  Audi Long Stay/button_Profile' is clicked on

2020-01-12 13:23:50 - [MESSAGE][PASSED] - Object: 'Object Repository/katalonIBE/Page_Home  Audi Long Stay/button_Profile' is clicked on

2020-01-12 13:23:50 - [TEST_STEP][PASSED] - delay(3): Delayed 3 second(s)

2020-01-12 13:23:53 - [MESSAGE][PASSED] - Delayed 3 second(s)

2020-01-12 13:23:53 - [TEST_STEP][PASSED] - click(findTestObject("Object Repository/katalonIBE/Page_Home  Audi Long Stay/h4_Hello Katalon Acomodeo")): Object: 'Object Repository/katalonIBE/Page_Home  Audi Long Stay/h4_Hello Katalon Acomodeo' is clicked on

2020-01-12 13:23:53 - [MESSAGE][PASSED] - Object: 'Object Repository/katalonIBE/Page_Home  Audi Long Stay/h4_Hello Katalon Acomodeo' is clicked on

2020-01-12 13:23:53 - [TEST_STEP][PASSED] - hello = getText(findTestObject("Object Repository/katalonIBE/Page_Home  Audi Long Stay/h4_Hello Katalon Acomodeo")): Text of object 'Object Repository/katalonIBE/Page_Home  Audi Long Stay/h4_Hello Katalon Acomodeo' is: 'Hello, Katalon Acomodeo'

2020-01-12 13:23:53 - [MESSAGE][PASSED] - Text of object 'Object Repository/katalonIBE/Page_Home  Audi Long Stay/h4_Hello Katalon Acomodeo' is: 'Hello, Katalon Acomodeo'

2020-01-12 13:23:53 - [TEST_STEP][PASSED] - verifyEqual("Hello, Katalon Acomodeo", hello): Actual object 'Hello, Katalon Acomodeo' and expected object 'Hello, Katalon Acomodeo' are equal

2020-01-12 13:23:53 - [MESSAGE][PASSED] - Actual object 'Hello, Katalon Acomodeo' and expected object 'Hello, Katalon Acomodeo' are equal

2020-01-12 13:23:53 - [TEST_STEP][PASSED] - closeBrowser(): Browser is closed

2020-01-12 13:23:56 - [MESSAGE][PASSED] - Browser is closed</system-out>
            <system-err></system-err>
        </testcase>
        <testcase name="Test Cases/covestro" classname="Test Cases/covestro" status="PASSED">
            <system-out>2020-01-12 13:23:56 - [TEST_CASE][PASSED] - Test Cases/covestro: Test Cases/covestro

2020-01-12 13:23:56 - [TEST_STEP][PASSED] - openBrowser(""): Browser is opened with url: ''

2020-01-12 13:23:56 - [MESSAGE][INFO] - Starting 'Firefox' driver

2020-01-12 13:23:59 - [MESSAGE][PASSED] - Browser is opened with url: ''

2020-01-12 13:23:59 - [TEST_STEP][PASSED] - navigateToUrl("https://covestro.acomodeo.com/en/"): Navigate to 'https://covestro.acomodeo.com/en/' successfully

2020-01-12 13:24:01 - [MESSAGE][PASSED] - Navigate to 'https://covestro.acomodeo.com/en/' successfully

2020-01-12 13:24:01 - [TEST_STEP][PASSED] - delay(10): Delayed 10 second(s)

2020-01-12 13:24:11 - [MESSAGE][PASSED] - Delayed 10 second(s)

2020-01-12 13:24:11 - [TEST_STEP][PASSED] - click(findTestObject("Object Repository/katalonIBE/Page_Home  Audi Long Stay/button_Log in")): Object: 'Object Repository/katalonIBE/Page_Home  Audi Long Stay/button_Log in' is clicked on

2020-01-12 13:24:12 - [MESSAGE][PASSED] - Object: 'Object Repository/katalonIBE/Page_Home  Audi Long Stay/button_Log in' is clicked on

2020-01-12 13:24:12 - [TEST_STEP][PASSED] - delay(3): Delayed 3 second(s)

2020-01-12 13:24:15 - [MESSAGE][PASSED] - Delayed 3 second(s)

2020-01-12 13:24:15 - [TEST_STEP][PASSED] - setText(findTestObject("Object Repository/katalonIBE/Page_Home  Audi Long Stay/input_Register_email"), username): Text 'katalon@acomodeo.com' is set on object 'Object Repository/katalonIBE/Page_Home  Audi Long Stay/input_Register_email'

2020-01-12 13:24:15 - [MESSAGE][PASSED] - Text 'katalon@acomodeo.com' is set on object 'Object Repository/katalonIBE/Page_Home  Audi Long Stay/input_Register_email'

2020-01-12 13:24:15 - [TEST_STEP][PASSED] - setEncryptedText(findTestObject("Object Repository/katalonIBE/Page_Home  Audi Long Stay/input_Register_password"), password): Text ****** has been set on object 'Object Repository/katalonIBE/Page_Home  Audi Long Stay/input_Register_password'

2020-01-12 13:24:15 - [MESSAGE][PASSED] - Text ****** has been set on object 'Object Repository/katalonIBE/Page_Home  Audi Long Stay/input_Register_password'

2020-01-12 13:24:15 - [TEST_STEP][PASSED] - delay(5): Delayed 5 second(s)

2020-01-12 13:24:20 - [MESSAGE][PASSED] - Delayed 5 second(s)

2020-01-12 13:24:20 - [TEST_STEP][PASSED] - click(findTestObject("Object Repository/katalonIBE/Page_Home  Audi Long Stay/span_Log in")): Object: 'Object Repository/katalonIBE/Page_Home  Audi Long Stay/span_Log in' is clicked on

2020-01-12 13:24:21 - [MESSAGE][PASSED] - Object: 'Object Repository/katalonIBE/Page_Home  Audi Long Stay/span_Log in' is clicked on

2020-01-12 13:24:21 - [TEST_STEP][PASSED] - delay(8): Delayed 8 second(s)

2020-01-12 13:24:29 - [MESSAGE][PASSED] - Delayed 8 second(s)

2020-01-12 13:24:29 - [TEST_STEP][PASSED] - click(findTestObject("Object Repository/katalonIBE/Page_Home  Audi Long Stay/button_Profile")): Object: 'Object Repository/katalonIBE/Page_Home  Audi Long Stay/button_Profile' is clicked on

2020-01-12 13:24:29 - [MESSAGE][PASSED] - Object: 'Object Repository/katalonIBE/Page_Home  Audi Long Stay/button_Profile' is clicked on

2020-01-12 13:24:29 - [TEST_STEP][PASSED] - delay(3): Delayed 3 second(s)

2020-01-12 13:24:32 - [MESSAGE][PASSED] - Delayed 3 second(s)

2020-01-12 13:24:32 - [TEST_STEP][PASSED] - click(findTestObject("Object Repository/katalonIBE/Page_Home  Audi Long Stay/h4_Hello Katalon Acomodeo")): Object: 'Object Repository/katalonIBE/Page_Home  Audi Long Stay/h4_Hello Katalon Acomodeo' is clicked on

2020-01-12 13:24:32 - [MESSAGE][PASSED] - Object: 'Object Repository/katalonIBE/Page_Home  Audi Long Stay/h4_Hello Katalon Acomodeo' is clicked on

2020-01-12 13:24:32 - [TEST_STEP][PASSED] - hello = getText(findTestObject("Object Repository/katalonIBE/Page_Home  Audi Long Stay/h4_Hello Katalon Acomodeo")): Text of object 'Object Repository/katalonIBE/Page_Home  Audi Long Stay/h4_Hello Katalon Acomodeo' is: 'Hello, Katalon Acomodeo'

2020-01-12 13:24:33 - [MESSAGE][PASSED] - Text of object 'Object Repository/katalonIBE/Page_Home  Audi Long Stay/h4_Hello Katalon Acomodeo' is: 'Hello, Katalon Acomodeo'

2020-01-12 13:24:33 - [TEST_STEP][PASSED] - verifyEqual("Hello, Katalon Acomodeo", hello): Actual object 'Hello, Katalon Acomodeo' and expected object 'Hello, Katalon Acomodeo' are equal

2020-01-12 13:24:33 - [MESSAGE][PASSED] - Actual object 'Hello, Katalon Acomodeo' and expected object 'Hello, Katalon Acomodeo' are equal

2020-01-12 13:24:33 - [TEST_STEP][PASSED] - closeBrowser(): Browser is closed

2020-01-12 13:24:34 - [MESSAGE][PASSED] - Browser is closed</system-out>
            <system-err></system-err>
        </testcase>
        <testcase name="Test Cases/freshfields" classname="Test Cases/freshfields" status="PASSED">
            <system-out>2020-01-12 13:24:34 - [TEST_CASE][PASSED] - Test Cases/freshfields: Test Cases/freshfields

2020-01-12 13:24:34 - [TEST_STEP][PASSED] - openBrowser(""): Browser is opened with url: ''

2020-01-12 13:24:34 - [MESSAGE][INFO] - Starting 'Firefox' driver

2020-01-12 13:24:36 - [MESSAGE][PASSED] - Browser is opened with url: ''

2020-01-12 13:24:36 - [TEST_STEP][PASSED] - navigateToUrl("https://freshfields.acomodeo.com/en/"): Navigate to 'https://freshfields.acomodeo.com/en/' successfully

2020-01-12 13:24:38 - [MESSAGE][PASSED] - Navigate to 'https://freshfields.acomodeo.com/en/' successfully

2020-01-12 13:24:38 - [TEST_STEP][PASSED] - delay(10): Delayed 10 second(s)

2020-01-12 13:24:48 - [MESSAGE][PASSED] - Delayed 10 second(s)

2020-01-12 13:24:48 - [TEST_STEP][PASSED] - click(findTestObject("Object Repository/katalonIBE/Page_Home  Audi Long Stay/button_Log in")): Object: 'Object Repository/katalonIBE/Page_Home  Audi Long Stay/button_Log in' is clicked on

2020-01-12 13:24:49 - [MESSAGE][PASSED] - Object: 'Object Repository/katalonIBE/Page_Home  Audi Long Stay/button_Log in' is clicked on

2020-01-12 13:24:49 - [TEST_STEP][PASSED] - delay(3): Delayed 3 second(s)

2020-01-12 13:24:52 - [MESSAGE][PASSED] - Delayed 3 second(s)

2020-01-12 13:24:52 - [TEST_STEP][PASSED] - setText(findTestObject("Object Repository/katalonIBE/Page_Home  Audi Long Stay/input_Register_email"), username): Text 'katalon@acomodeo.com' is set on object 'Object Repository/katalonIBE/Page_Home  Audi Long Stay/input_Register_email'

2020-01-12 13:24:52 - [MESSAGE][PASSED] - Text 'katalon@acomodeo.com' is set on object 'Object Repository/katalonIBE/Page_Home  Audi Long Stay/input_Register_email'

2020-01-12 13:24:52 - [TEST_STEP][PASSED] - setEncryptedText(findTestObject("Object Repository/katalonIBE/Page_Home  Audi Long Stay/input_Register_password"), password): Text ****** has been set on object 'Object Repository/katalonIBE/Page_Home  Audi Long Stay/input_Register_password'

2020-01-12 13:24:53 - [MESSAGE][PASSED] - Text ****** has been set on object 'Object Repository/katalonIBE/Page_Home  Audi Long Stay/input_Register_password'

2020-01-12 13:24:53 - [TEST_STEP][PASSED] - delay(5): Delayed 5 second(s)

2020-01-12 13:24:58 - [MESSAGE][PASSED] - Delayed 5 second(s)

2020-01-12 13:24:58 - [TEST_STEP][PASSED] - click(findTestObject("Object Repository/katalonIBE/Page_Home  Audi Long Stay/span_Log in")): Object: 'Object Repository/katalonIBE/Page_Home  Audi Long Stay/span_Log in' is clicked on

2020-01-12 13:24:58 - [MESSAGE][PASSED] - Object: 'Object Repository/katalonIBE/Page_Home  Audi Long Stay/span_Log in' is clicked on

2020-01-12 13:24:58 - [TEST_STEP][PASSED] - delay(8): Delayed 8 second(s)

2020-01-12 13:25:06 - [MESSAGE][PASSED] - Delayed 8 second(s)

2020-01-12 13:25:06 - [TEST_STEP][PASSED] - click(findTestObject("Object Repository/katalonIBE/Page_Home  Audi Long Stay/button_Profile")): Object: 'Object Repository/katalonIBE/Page_Home  Audi Long Stay/button_Profile' is clicked on

2020-01-12 13:25:06 - [MESSAGE][PASSED] - Object: 'Object Repository/katalonIBE/Page_Home  Audi Long Stay/button_Profile' is clicked on

2020-01-12 13:25:06 - [TEST_STEP][PASSED] - delay(3): Delayed 3 second(s)

2020-01-12 13:25:09 - [MESSAGE][PASSED] - Delayed 3 second(s)

2020-01-12 13:25:09 - [TEST_STEP][PASSED] - click(findTestObject("Object Repository/katalonIBE/Page_Home  Audi Long Stay/h4_Hello Katalon Acomodeo")): Object: 'Object Repository/katalonIBE/Page_Home  Audi Long Stay/h4_Hello Katalon Acomodeo' is clicked on

2020-01-12 13:25:10 - [MESSAGE][PASSED] - Object: 'Object Repository/katalonIBE/Page_Home  Audi Long Stay/h4_Hello Katalon Acomodeo' is clicked on

2020-01-12 13:25:10 - [TEST_STEP][PASSED] - hello = getText(findTestObject("Object Repository/katalonIBE/Page_Home  Audi Long Stay/h4_Hello Katalon Acomodeo")): Text of object 'Object Repository/katalonIBE/Page_Home  Audi Long Stay/h4_Hello Katalon Acomodeo' is: 'Hello, Katalon Acomodeo'

2020-01-12 13:25:10 - [MESSAGE][PASSED] - Text of object 'Object Repository/katalonIBE/Page_Home  Audi Long Stay/h4_Hello Katalon Acomodeo' is: 'Hello, Katalon Acomodeo'

2020-01-12 13:25:10 - [TEST_STEP][PASSED] - verifyEqual("Hello, Katalon Acomodeo", hello): Actual object 'Hello, Katalon Acomodeo' and expected object 'Hello, Katalon Acomodeo' are equal

2020-01-12 13:25:10 - [MESSAGE][PASSED] - Actual object 'Hello, Katalon Acomodeo' and expected object 'Hello, Katalon Acomodeo' are equal

2020-01-12 13:25:10 - [TEST_STEP][PASSED] - closeBrowser(): Browser is closed

2020-01-12 13:25:13 - [MESSAGE][PASSED] - Browser is closed</system-out>
            <system-err></system-err>
        </testcase>
        <testcase name="Test Cases/goomo" classname="Test Cases/goomo" status="PASSED">
            <system-out>2020-01-12 13:25:13 - [TEST_CASE][PASSED] - Test Cases/goomo: Test Cases/goomo

2020-01-12 13:25:13 - [TEST_STEP][PASSED] - openBrowser(""): Browser is opened with url: ''

2020-01-12 13:25:13 - [MESSAGE][INFO] - Starting 'Firefox' driver

2020-01-12 13:25:15 - [MESSAGE][PASSED] - Browser is opened with url: ''

2020-01-12 13:25:15 - [TEST_STEP][PASSED] - navigateToUrl("https://goomo.acomodeo.com/en/"): Navigate to 'https://goomo.acomodeo.com/en/' successfully

2020-01-12 13:25:18 - [MESSAGE][PASSED] - Navigate to 'https://goomo.acomodeo.com/en/' successfully

2020-01-12 13:25:18 - [TEST_STEP][PASSED] - delay(10): Delayed 10 second(s)

2020-01-12 13:25:28 - [MESSAGE][PASSED] - Delayed 10 second(s)

2020-01-12 13:25:28 - [TEST_STEP][PASSED] - click(findTestObject("Object Repository/katalonIBE/Page_Home  Audi Long Stay/button_Log in")): Object: 'Object Repository/katalonIBE/Page_Home  Audi Long Stay/button_Log in' is clicked on

2020-01-12 13:25:28 - [MESSAGE][PASSED] - Object: 'Object Repository/katalonIBE/Page_Home  Audi Long Stay/button_Log in' is clicked on

2020-01-12 13:25:28 - [TEST_STEP][PASSED] - delay(3): Delayed 3 second(s)

2020-01-12 13:25:31 - [MESSAGE][PASSED] - Delayed 3 second(s)

2020-01-12 13:25:31 - [TEST_STEP][PASSED] - setText(findTestObject("Object Repository/katalonIBE/Page_Home  Audi Long Stay/input_Register_email"), username): Text 'katalon@acomodeo.com' is set on object 'Object Repository/katalonIBE/Page_Home  Audi Long Stay/input_Register_email'

2020-01-12 13:25:31 - [MESSAGE][PASSED] - Text 'katalon@acomodeo.com' is set on object 'Object Repository/katalonIBE/Page_Home  Audi Long Stay/input_Register_email'

2020-01-12 13:25:31 - [TEST_STEP][PASSED] - setEncryptedText(findTestObject("Object Repository/katalonIBE/Page_Home  Audi Long Stay/input_Register_password"), password): Text ****** has been set on object 'Object Repository/katalonIBE/Page_Home  Audi Long Stay/input_Register_password'

2020-01-12 13:25:32 - [MESSAGE][PASSED] - Text ****** has been set on object 'Object Repository/katalonIBE/Page_Home  Audi Long Stay/input_Register_password'

2020-01-12 13:25:32 - [TEST_STEP][PASSED] - delay(5): Delayed 5 second(s)

2020-01-12 13:25:37 - [MESSAGE][PASSED] - Delayed 5 second(s)

2020-01-12 13:25:37 - [TEST_STEP][PASSED] - click(findTestObject("Object Repository/katalonIBE/Page_Home  Audi Long Stay/span_Log in")): Object: 'Object Repository/katalonIBE/Page_Home  Audi Long Stay/span_Log in' is clicked on

2020-01-12 13:25:37 - [MESSAGE][PASSED] - Object: 'Object Repository/katalonIBE/Page_Home  Audi Long Stay/span_Log in' is clicked on

2020-01-12 13:25:37 - [TEST_STEP][PASSED] - delay(8): Delayed 8 second(s)

2020-01-12 13:25:45 - [MESSAGE][PASSED] - Delayed 8 second(s)

2020-01-12 13:25:45 - [TEST_STEP][PASSED] - click(findTestObject("Object Repository/katalonIBE/Page_Home  Audi Long Stay/button_Profile")): Object: 'Object Repository/katalonIBE/Page_Home  Audi Long Stay/button_Profile' is clicked on

2020-01-12 13:25:45 - [MESSAGE][PASSED] - Object: 'Object Repository/katalonIBE/Page_Home  Audi Long Stay/button_Profile' is clicked on

2020-01-12 13:25:45 - [TEST_STEP][PASSED] - delay(3): Delayed 3 second(s)

2020-01-12 13:25:48 - [MESSAGE][PASSED] - Delayed 3 second(s)

2020-01-12 13:25:48 - [TEST_STEP][PASSED] - click(findTestObject("Object Repository/katalonIBE/Page_Home  Audi Long Stay/h4_Hello Katalon Acomodeo")): Object: 'Object Repository/katalonIBE/Page_Home  Audi Long Stay/h4_Hello Katalon Acomodeo' is clicked on

2020-01-12 13:25:49 - [MESSAGE][PASSED] - Object: 'Object Repository/katalonIBE/Page_Home  Audi Long Stay/h4_Hello Katalon Acomodeo' is clicked on

2020-01-12 13:25:49 - [TEST_STEP][PASSED] - hello = getText(findTestObject("Object Repository/katalonIBE/Page_Home  Audi Long Stay/h4_Hello Katalon Acomodeo")): Text of object 'Object Repository/katalonIBE/Page_Home  Audi Long Stay/h4_Hello Katalon Acomodeo' is: 'Hello, Katalon Acomodeo'

2020-01-12 13:25:49 - [MESSAGE][PASSED] - Text of object 'Object Repository/katalonIBE/Page_Home  Audi Long Stay/h4_Hello Katalon Acomodeo' is: 'Hello, Katalon Acomodeo'

2020-01-12 13:25:49 - [TEST_STEP][PASSED] - verifyEqual("Hello, Katalon Acomodeo", hello): Actual object 'Hello, Katalon Acomodeo' and expected object 'Hello, Katalon Acomodeo' are equal

2020-01-12 13:25:49 - [MESSAGE][PASSED] - Actual object 'Hello, Katalon Acomodeo' and expected object 'Hello, Katalon Acomodeo' are equal

2020-01-12 13:25:49 - [TEST_STEP][PASSED] - closeBrowser(): Browser is closed

2020-01-12 13:25:52 - [MESSAGE][PASSED] - Browser is closed</system-out>
            <system-err></system-err>
        </testcase>
        <testcase name="Test Cases/microfuzzy" classname="Test Cases/microfuzzy" status="PASSED">
            <system-out>2020-01-12 13:25:52 - [TEST_CASE][PASSED] - Test Cases/microfuzzy: Test Cases/microfuzzy

2020-01-12 13:25:52 - [TEST_STEP][PASSED] - openBrowser(""): Browser is opened with url: ''

2020-01-12 13:25:52 - [MESSAGE][INFO] - Starting 'Firefox' driver

2020-01-12 13:25:53 - [MESSAGE][PASSED] - Browser is opened with url: ''

2020-01-12 13:25:53 - [TEST_STEP][PASSED] - navigateToUrl("https://microfuzzy.acomodeo.com/en/"): Navigate to 'https://microfuzzy.acomodeo.com/en/' successfully

2020-01-12 13:25:55 - [MESSAGE][PASSED] - Navigate to 'https://microfuzzy.acomodeo.com/en/' successfully

2020-01-12 13:25:55 - [TEST_STEP][PASSED] - delay(10): Delayed 10 second(s)

2020-01-12 13:26:05 - [MESSAGE][PASSED] - Delayed 10 second(s)

2020-01-12 13:26:05 - [TEST_STEP][PASSED] - click(findTestObject("Object Repository/katalonIBE/Page_Home  Audi Long Stay/button_Log in")): Object: 'Object Repository/katalonIBE/Page_Home  Audi Long Stay/button_Log in' is clicked on

2020-01-12 13:26:06 - [MESSAGE][PASSED] - Object: 'Object Repository/katalonIBE/Page_Home  Audi Long Stay/button_Log in' is clicked on

2020-01-12 13:26:06 - [TEST_STEP][PASSED] - delay(3): Delayed 3 second(s)

2020-01-12 13:26:09 - [MESSAGE][PASSED] - Delayed 3 second(s)

2020-01-12 13:26:09 - [TEST_STEP][PASSED] - setText(findTestObject("Object Repository/katalonIBE/Page_Home  Audi Long Stay/input_Register_email"), username): Text 'katalon@acomodeo.com' is set on object 'Object Repository/katalonIBE/Page_Home  Audi Long Stay/input_Register_email'

2020-01-12 13:26:09 - [MESSAGE][PASSED] - Text 'katalon@acomodeo.com' is set on object 'Object Repository/katalonIBE/Page_Home  Audi Long Stay/input_Register_email'

2020-01-12 13:26:09 - [TEST_STEP][PASSED] - setEncryptedText(findTestObject("Object Repository/katalonIBE/Page_Home  Audi Long Stay/input_Register_password"), password): Text ****** has been set on object 'Object Repository/katalonIBE/Page_Home  Audi Long Stay/input_Register_password'

2020-01-12 13:26:10 - [MESSAGE][PASSED] - Text ****** has been set on object 'Object Repository/katalonIBE/Page_Home  Audi Long Stay/input_Register_password'

2020-01-12 13:26:10 - [TEST_STEP][PASSED] - delay(3): Delayed 3 second(s)

2020-01-12 13:26:13 - [MESSAGE][PASSED] - Delayed 3 second(s)

2020-01-12 13:26:13 - [TEST_STEP][PASSED] - click(findTestObject("Object Repository/katalonIBE/Page_Home  Audi Long Stay/span_Log in")): Object: 'Object Repository/katalonIBE/Page_Home  Audi Long Stay/span_Log in' is clicked on

2020-01-12 13:26:13 - [MESSAGE][PASSED] - Object: 'Object Repository/katalonIBE/Page_Home  Audi Long Stay/span_Log in' is clicked on

2020-01-12 13:26:13 - [TEST_STEP][PASSED] - delay(8): Delayed 8 second(s)

2020-01-12 13:26:21 - [MESSAGE][PASSED] - Delayed 8 second(s)

2020-01-12 13:26:21 - [TEST_STEP][PASSED] - click(findTestObject("Object Repository/katalonIBE/Page_Home  Audi Long Stay/button_Profile")): Object: 'Object Repository/katalonIBE/Page_Home  Audi Long Stay/button_Profile' is clicked on

2020-01-12 13:26:21 - [MESSAGE][PASSED] - Object: 'Object Repository/katalonIBE/Page_Home  Audi Long Stay/button_Profile' is clicked on

2020-01-12 13:26:21 - [TEST_STEP][PASSED] - delay(3): Delayed 3 second(s)

2020-01-12 13:26:24 - [MESSAGE][PASSED] - Delayed 3 second(s)

2020-01-12 13:26:24 - [TEST_STEP][PASSED] - click(findTestObject("Object Repository/katalonIBE/Page_Home  Audi Long Stay/h4_Hello Katalon Acomodeo")): Object: 'Object Repository/katalonIBE/Page_Home  Audi Long Stay/h4_Hello Katalon Acomodeo' is clicked on

2020-01-12 13:26:24 - [MESSAGE][PASSED] - Object: 'Object Repository/katalonIBE/Page_Home  Audi Long Stay/h4_Hello Katalon Acomodeo' is clicked on

2020-01-12 13:26:24 - [TEST_STEP][PASSED] - hello = getText(findTestObject("Object Repository/katalonIBE/Page_Home  Audi Long Stay/h4_Hello Katalon Acomodeo")): Text of object 'Object Repository/katalonIBE/Page_Home  Audi Long Stay/h4_Hello Katalon Acomodeo' is: 'Hello, Katalon Acomodeo'

2020-01-12 13:26:25 - [MESSAGE][PASSED] - Text of object 'Object Repository/katalonIBE/Page_Home  Audi Long Stay/h4_Hello Katalon Acomodeo' is: 'Hello, Katalon Acomodeo'

2020-01-12 13:26:25 - [TEST_STEP][PASSED] - verifyEqual("Hello, Katalon Acomodeo", hello): Actual object 'Hello, Katalon Acomodeo' and expected object 'Hello, Katalon Acomodeo' are equal

2020-01-12 13:26:25 - [MESSAGE][PASSED] - Actual object 'Hello, Katalon Acomodeo' and expected object 'Hello, Katalon Acomodeo' are equal

2020-01-12 13:26:25 - [TEST_STEP][PASSED] - closeBrowser(): Browser is closed

2020-01-12 13:26:28 - [MESSAGE][PASSED] - Browser is closed</system-out>
            <system-err></system-err>
        </testcase>
        <testcase name="Test Cases/roche" classname="Test Cases/roche" status="PASSED">
            <system-out>2020-01-12 13:26:28 - [TEST_CASE][PASSED] - Test Cases/roche: Test Cases/roche

2020-01-12 13:26:28 - [TEST_STEP][PASSED] - openBrowser(""): Browser is opened with url: ''

2020-01-12 13:26:28 - [MESSAGE][INFO] - Starting 'Firefox' driver

2020-01-12 13:26:30 - [MESSAGE][PASSED] - Browser is opened with url: ''

2020-01-12 13:26:30 - [TEST_STEP][PASSED] - navigateToUrl("https://roche.acomodeo.com/en/"): Navigate to 'https://roche.acomodeo.com/en/' successfully

2020-01-12 13:26:35 - [MESSAGE][PASSED] - Navigate to 'https://roche.acomodeo.com/en/' successfully

2020-01-12 13:26:35 - [TEST_STEP][PASSED] - delay(10): Delayed 10 second(s)

2020-01-12 13:26:45 - [MESSAGE][PASSED] - Delayed 10 second(s)

2020-01-12 13:26:45 - [TEST_STEP][PASSED] - click(findTestObject("Object Repository/katalonIBE/Page_Home  Audi Long Stay/button_Log in")): Object: 'Object Repository/katalonIBE/Page_Home  Audi Long Stay/button_Log in' is clicked on

2020-01-12 13:26:45 - [MESSAGE][PASSED] - Object: 'Object Repository/katalonIBE/Page_Home  Audi Long Stay/button_Log in' is clicked on

2020-01-12 13:26:45 - [TEST_STEP][PASSED] - delay(3): Delayed 3 second(s)

2020-01-12 13:26:48 - [MESSAGE][PASSED] - Delayed 3 second(s)

2020-01-12 13:26:48 - [TEST_STEP][PASSED] - setText(findTestObject("Object Repository/katalonIBE/Page_Home  Audi Long Stay/input_Register_email"), username): Text 'katalon@acomodeo.com' is set on object 'Object Repository/katalonIBE/Page_Home  Audi Long Stay/input_Register_email'

2020-01-12 13:26:48 - [MESSAGE][PASSED] - Text 'katalon@acomodeo.com' is set on object 'Object Repository/katalonIBE/Page_Home  Audi Long Stay/input_Register_email'

2020-01-12 13:26:48 - [TEST_STEP][PASSED] - setEncryptedText(findTestObject("Object Repository/katalonIBE/Page_Home  Audi Long Stay/input_Register_password"), password): Text ****** has been set on object 'Object Repository/katalonIBE/Page_Home  Audi Long Stay/input_Register_password'

2020-01-12 13:26:49 - [MESSAGE][PASSED] - Text ****** has been set on object 'Object Repository/katalonIBE/Page_Home  Audi Long Stay/input_Register_password'

2020-01-12 13:26:49 - [TEST_STEP][PASSED] - delay(3): Delayed 3 second(s)

2020-01-12 13:26:52 - [MESSAGE][PASSED] - Delayed 3 second(s)

2020-01-12 13:26:52 - [TEST_STEP][PASSED] - click(findTestObject("Object Repository/katalonIBE/Page_Home  Audi Long Stay/span_Log in")): Object: 'Object Repository/katalonIBE/Page_Home  Audi Long Stay/span_Log in' is clicked on

2020-01-12 13:26:52 - [MESSAGE][PASSED] - Object: 'Object Repository/katalonIBE/Page_Home  Audi Long Stay/span_Log in' is clicked on

2020-01-12 13:26:52 - [TEST_STEP][PASSED] - delay(8): Delayed 8 second(s)

2020-01-12 13:27:00 - [MESSAGE][PASSED] - Delayed 8 second(s)

2020-01-12 13:27:00 - [TEST_STEP][PASSED] - click(findTestObject("Object Repository/katalonIBE/Page_Home  Audi Long Stay/button_Profile")): Object: 'Object Repository/katalonIBE/Page_Home  Audi Long Stay/button_Profile' is clicked on

2020-01-12 13:27:00 - [MESSAGE][PASSED] - Object: 'Object Repository/katalonIBE/Page_Home  Audi Long Stay/button_Profile' is clicked on

2020-01-12 13:27:00 - [TEST_STEP][PASSED] - delay(3): Delayed 3 second(s)

2020-01-12 13:27:03 - [MESSAGE][PASSED] - Delayed 3 second(s)

2020-01-12 13:27:03 - [TEST_STEP][PASSED] - click(findTestObject("Object Repository/katalonIBE/Page_Home  Audi Long Stay/h4_Hello Katalon Acomodeo")): Object: 'Object Repository/katalonIBE/Page_Home  Audi Long Stay/h4_Hello Katalon Acomodeo' is clicked on

2020-01-12 13:27:04 - [MESSAGE][PASSED] - Object: 'Object Repository/katalonIBE/Page_Home  Audi Long Stay/h4_Hello Katalon Acomodeo' is clicked on

2020-01-12 13:27:04 - [TEST_STEP][PASSED] - hello = getText(findTestObject("Object Repository/katalonIBE/Page_Home  Audi Long Stay/h4_Hello Katalon Acomodeo")): Text of object 'Object Repository/katalonIBE/Page_Home  Audi Long Stay/h4_Hello Katalon Acomodeo' is: 'Hello, Katalon Acomodeo'

2020-01-12 13:27:04 - [MESSAGE][PASSED] - Text of object 'Object Repository/katalonIBE/Page_Home  Audi Long Stay/h4_Hello Katalon Acomodeo' is: 'Hello, Katalon Acomodeo'

2020-01-12 13:27:04 - [TEST_STEP][PASSED] - verifyEqual("Hello, Katalon Acomodeo", hello): Actual object 'Hello, Katalon Acomodeo' and expected object 'Hello, Katalon Acomodeo' are equal

2020-01-12 13:27:04 - [MESSAGE][PASSED] - Actual object 'Hello, Katalon Acomodeo' and expected object 'Hello, Katalon Acomodeo' are equal

2020-01-12 13:27:04 - [TEST_STEP][PASSED] - closeBrowser(): Browser is closed

2020-01-12 13:27:09 - [MESSAGE][PASSED] - Browser is closed</system-out>
            <system-err></system-err>
        </testcase>
        <testcase name="Test Cases/roomit" classname="Test Cases/roomit" status="PASSED">
            <system-out>2020-01-12 13:27:09 - [TEST_CASE][PASSED] - Test Cases/roomit: Test Cases/roomit

2020-01-12 13:27:09 - [TEST_STEP][PASSED] - openBrowser(""): Browser is opened with url: ''

2020-01-12 13:27:09 - [MESSAGE][INFO] - Starting 'Firefox' driver

2020-01-12 13:27:12 - [MESSAGE][PASSED] - Browser is opened with url: ''

2020-01-12 13:27:12 - [TEST_STEP][PASSED] - navigateToUrl("https://roomit.acomodeo.com/en/"): Navigate to 'https://roomit.acomodeo.com/en/' successfully

2020-01-12 13:27:14 - [MESSAGE][PASSED] - Navigate to 'https://roomit.acomodeo.com/en/' successfully

2020-01-12 13:27:14 - [TEST_STEP][PASSED] - delay(10): Delayed 10 second(s)

2020-01-12 13:27:24 - [MESSAGE][PASSED] - Delayed 10 second(s)

2020-01-12 13:27:24 - [TEST_STEP][PASSED] - click(findTestObject("Object Repository/katalonIBE/Page_Home  Audi Long Stay/button_Log in")): Object: 'Object Repository/katalonIBE/Page_Home  Audi Long Stay/button_Log in' is clicked on

2020-01-12 13:27:24 - [MESSAGE][PASSED] - Object: 'Object Repository/katalonIBE/Page_Home  Audi Long Stay/button_Log in' is clicked on

2020-01-12 13:27:24 - [TEST_STEP][PASSED] - delay(3): Delayed 3 second(s)

2020-01-12 13:27:27 - [MESSAGE][PASSED] - Delayed 3 second(s)

2020-01-12 13:27:27 - [TEST_STEP][PASSED] - setText(findTestObject("Object Repository/katalonIBE/Page_Home  Audi Long Stay/input_Register_email"), username): Text 'katalon@acomodeo.com' is set on object 'Object Repository/katalonIBE/Page_Home  Audi Long Stay/input_Register_email'

2020-01-12 13:27:28 - [MESSAGE][PASSED] - Text 'katalon@acomodeo.com' is set on object 'Object Repository/katalonIBE/Page_Home  Audi Long Stay/input_Register_email'

2020-01-12 13:27:28 - [TEST_STEP][PASSED] - setEncryptedText(findTestObject("Object Repository/katalonIBE/Page_Home  Audi Long Stay/input_Register_password"), password): Text ****** has been set on object 'Object Repository/katalonIBE/Page_Home  Audi Long Stay/input_Register_password'

2020-01-12 13:27:28 - [MESSAGE][PASSED] - Text ****** has been set on object 'Object Repository/katalonIBE/Page_Home  Audi Long Stay/input_Register_password'

2020-01-12 13:27:28 - [TEST_STEP][PASSED] - delay(3): Delayed 3 second(s)

2020-01-12 13:27:31 - [MESSAGE][PASSED] - Delayed 3 second(s)

2020-01-12 13:27:31 - [TEST_STEP][PASSED] - click(findTestObject("Object Repository/katalonIBE/Page_Home  Audi Long Stay/span_Log in")): Object: 'Object Repository/katalonIBE/Page_Home  Audi Long Stay/span_Log in' is clicked on

2020-01-12 13:27:32 - [MESSAGE][PASSED] - Object: 'Object Repository/katalonIBE/Page_Home  Audi Long Stay/span_Log in' is clicked on

2020-01-12 13:27:32 - [TEST_STEP][PASSED] - delay(8): Delayed 8 second(s)

2020-01-12 13:27:40 - [MESSAGE][PASSED] - Delayed 8 second(s)

2020-01-12 13:27:40 - [TEST_STEP][PASSED] - click(findTestObject("Object Repository/katalonIBE/Page_Home  Audi Long Stay/button_Profile")): Object: 'Object Repository/katalonIBE/Page_Home  Audi Long Stay/button_Profile' is clicked on

2020-01-12 13:27:40 - [MESSAGE][PASSED] - Object: 'Object Repository/katalonIBE/Page_Home  Audi Long Stay/button_Profile' is clicked on

2020-01-12 13:27:40 - [TEST_STEP][PASSED] - delay(3): Delayed 3 second(s)

2020-01-12 13:27:43 - [MESSAGE][PASSED] - Delayed 3 second(s)

2020-01-12 13:27:43 - [TEST_STEP][PASSED] - click(findTestObject("Object Repository/katalonIBE/Page_Home  Audi Long Stay/h4_Hello Katalon Acomodeo")): Object: 'Object Repository/katalonIBE/Page_Home  Audi Long Stay/h4_Hello Katalon Acomodeo' is clicked on

2020-01-12 13:27:43 - [MESSAGE][PASSED] - Object: 'Object Repository/katalonIBE/Page_Home  Audi Long Stay/h4_Hello Katalon Acomodeo' is clicked on

2020-01-12 13:27:43 - [TEST_STEP][PASSED] - hello = getText(findTestObject("Object Repository/katalonIBE/Page_Home  Audi Long Stay/h4_Hello Katalon Acomodeo")): Text of object 'Object Repository/katalonIBE/Page_Home  Audi Long Stay/h4_Hello Katalon Acomodeo' is: 'Hello, Katalon Acomodeo'

2020-01-12 13:27:43 - [MESSAGE][PASSED] - Text of object 'Object Repository/katalonIBE/Page_Home  Audi Long Stay/h4_Hello Katalon Acomodeo' is: 'Hello, Katalon Acomodeo'

2020-01-12 13:27:43 - [TEST_STEP][PASSED] - verifyEqual("Hello, Katalon Acomodeo", hello): Actual object 'Hello, Katalon Acomodeo' and expected object 'Hello, Katalon Acomodeo' are equal

2020-01-12 13:27:43 - [MESSAGE][PASSED] - Actual object 'Hello, Katalon Acomodeo' and expected object 'Hello, Katalon Acomodeo' are equal

2020-01-12 13:27:43 - [TEST_STEP][PASSED] - closeBrowser(): Browser is closed

2020-01-12 13:27:47 - [MESSAGE][PASSED] - Browser is closed</system-out>
            <system-err></system-err>
        </testcase>
        <testcase name="Test Cases/tmdfriction" classname="Test Cases/tmdfriction" status="PASSED">
            <system-out>2020-01-12 13:27:47 - [TEST_CASE][PASSED] - Test Cases/tmdfriction: Test Cases/tmdfriction

2020-01-12 13:27:47 - [TEST_STEP][PASSED] - openBrowser(""): Browser is opened with url: ''

2020-01-12 13:27:47 - [MESSAGE][INFO] - Starting 'Firefox' driver

2020-01-12 13:27:49 - [MESSAGE][PASSED] - Browser is opened with url: ''

2020-01-12 13:27:49 - [TEST_STEP][PASSED] - navigateToUrl("https://tmdfriction.acomodeo.com/en/"): Navigate to 'https://tmdfriction.acomodeo.com/en/' successfully

2020-01-12 13:27:51 - [MESSAGE][PASSED] - Navigate to 'https://tmdfriction.acomodeo.com/en/' successfully

2020-01-12 13:27:51 - [TEST_STEP][PASSED] - delay(10): Delayed 10 second(s)

2020-01-12 13:28:01 - [MESSAGE][PASSED] - Delayed 10 second(s)

2020-01-12 13:28:01 - [TEST_STEP][PASSED] - click(findTestObject("Object Repository/katalonIBE/Page_Home  Audi Long Stay/button_Log in")): Object: 'Object Repository/katalonIBE/Page_Home  Audi Long Stay/button_Log in' is clicked on

2020-01-12 13:28:01 - [MESSAGE][PASSED] - Object: 'Object Repository/katalonIBE/Page_Home  Audi Long Stay/button_Log in' is clicked on

2020-01-12 13:28:01 - [TEST_STEP][PASSED] - delay(3): Delayed 3 second(s)

2020-01-12 13:28:04 - [MESSAGE][PASSED] - Delayed 3 second(s)

2020-01-12 13:28:04 - [TEST_STEP][PASSED] - setText(findTestObject("Object Repository/katalonIBE/Page_Home  Audi Long Stay/input_Register_email"), username): Text 'katalon@acomodeo.com' is set on object 'Object Repository/katalonIBE/Page_Home  Audi Long Stay/input_Register_email'

2020-01-12 13:28:05 - [MESSAGE][PASSED] - Text 'katalon@acomodeo.com' is set on object 'Object Repository/katalonIBE/Page_Home  Audi Long Stay/input_Register_email'

2020-01-12 13:28:05 - [TEST_STEP][PASSED] - setEncryptedText(findTestObject("Object Repository/katalonIBE/Page_Home  Audi Long Stay/input_Register_password"), password): Text ****** has been set on object 'Object Repository/katalonIBE/Page_Home  Audi Long Stay/input_Register_password'

2020-01-12 13:28:05 - [MESSAGE][PASSED] - Text ****** has been set on object 'Object Repository/katalonIBE/Page_Home  Audi Long Stay/input_Register_password'

2020-01-12 13:28:05 - [TEST_STEP][PASSED] - delay(3): Delayed 3 second(s)

2020-01-12 13:28:08 - [MESSAGE][PASSED] - Delayed 3 second(s)

2020-01-12 13:28:08 - [TEST_STEP][PASSED] - click(findTestObject("Object Repository/katalonIBE/Page_Home  Audi Long Stay/span_Log in")): Object: 'Object Repository/katalonIBE/Page_Home  Audi Long Stay/span_Log in' is clicked on

2020-01-12 13:28:09 - [MESSAGE][PASSED] - Object: 'Object Repository/katalonIBE/Page_Home  Audi Long Stay/span_Log in' is clicked on

2020-01-12 13:28:09 - [TEST_STEP][PASSED] - delay(8): Delayed 8 second(s)

2020-01-12 13:28:17 - [MESSAGE][PASSED] - Delayed 8 second(s)

2020-01-12 13:28:17 - [TEST_STEP][PASSED] - click(findTestObject("Object Repository/katalonIBE/Page_Home  Audi Long Stay/button_Profile")): Object: 'Object Repository/katalonIBE/Page_Home  Audi Long Stay/button_Profile' is clicked on

2020-01-12 13:28:17 - [MESSAGE][PASSED] - Object: 'Object Repository/katalonIBE/Page_Home  Audi Long Stay/button_Profile' is clicked on

2020-01-12 13:28:17 - [TEST_STEP][PASSED] - delay(3): Delayed 3 second(s)

2020-01-12 13:28:20 - [MESSAGE][PASSED] - Delayed 3 second(s)

2020-01-12 13:28:20 - [TEST_STEP][PASSED] - click(findTestObject("Object Repository/katalonIBE/Page_Home  Audi Long Stay/h4_Hello Katalon Acomodeo")): Object: 'Object Repository/katalonIBE/Page_Home  Audi Long Stay/h4_Hello Katalon Acomodeo' is clicked on

2020-01-12 13:28:20 - [MESSAGE][PASSED] - Object: 'Object Repository/katalonIBE/Page_Home  Audi Long Stay/h4_Hello Katalon Acomodeo' is clicked on

2020-01-12 13:28:20 - [TEST_STEP][PASSED] - hello = getText(findTestObject("Object Repository/katalonIBE/Page_Home  Audi Long Stay/h4_Hello Katalon Acomodeo")): Text of object 'Object Repository/katalonIBE/Page_Home  Audi Long Stay/h4_Hello Katalon Acomodeo' is: 'Hello, Katalon Acomodeo'

2020-01-12 13:28:20 - [MESSAGE][PASSED] - Text of object 'Object Repository/katalonIBE/Page_Home  Audi Long Stay/h4_Hello Katalon Acomodeo' is: 'Hello, Katalon Acomodeo'

2020-01-12 13:28:20 - [TEST_STEP][PASSED] - verifyEqual("Hello, Katalon Acomodeo", hello): Actual object 'Hello, Katalon Acomodeo' and expected object 'Hello, Katalon Acomodeo' are equal

2020-01-12 13:28:20 - [MESSAGE][PASSED] - Actual object 'Hello, Katalon Acomodeo' and expected object 'Hello, Katalon Acomodeo' are equal

2020-01-12 13:28:20 - [TEST_STEP][PASSED] - closeBrowser(): Browser is closed

2020-01-12 13:28:23 - [MESSAGE][PASSED] - Browser is closed</system-out>
            <system-err></system-err>
        </testcase>
        <testcase name="Test Cases/zeb" classname="Test Cases/zeb" status="PASSED">
            <system-out>2020-01-12 13:28:23 - [TEST_CASE][PASSED] - Test Cases/zeb: Test Cases/zeb

2020-01-12 13:28:23 - [TEST_STEP][PASSED] - openBrowser(""): Browser is opened with url: ''

2020-01-12 13:28:23 - [MESSAGE][INFO] - Starting 'Firefox' driver

2020-01-12 13:28:25 - [MESSAGE][PASSED] - Browser is opened with url: ''

2020-01-12 13:28:25 - [TEST_STEP][PASSED] - navigateToUrl("https://zeb.acomodeo.com/en/"): Navigate to 'https://zeb.acomodeo.com/en/' successfully

2020-01-12 13:28:27 - [MESSAGE][PASSED] - Navigate to 'https://zeb.acomodeo.com/en/' successfully

2020-01-12 13:28:27 - [TEST_STEP][PASSED] - delay(10): Delayed 10 second(s)

2020-01-12 13:28:37 - [MESSAGE][PASSED] - Delayed 10 second(s)

2020-01-12 13:28:37 - [TEST_STEP][PASSED] - click(findTestObject("Object Repository/katalonIBE/Page_Home  Audi Long Stay/button_Log in")): Object: 'Object Repository/katalonIBE/Page_Home  Audi Long Stay/button_Log in' is clicked on

2020-01-12 13:28:38 - [MESSAGE][PASSED] - Object: 'Object Repository/katalonIBE/Page_Home  Audi Long Stay/button_Log in' is clicked on

2020-01-12 13:28:38 - [TEST_STEP][PASSED] - delay(3): Delayed 3 second(s)

2020-01-12 13:28:41 - [MESSAGE][PASSED] - Delayed 3 second(s)

2020-01-12 13:28:41 - [TEST_STEP][PASSED] - setText(findTestObject("Object Repository/katalonIBE/Page_Home  Audi Long Stay/input_Register_email"), username): Text 'katalon@acomodeo.com' is set on object 'Object Repository/katalonIBE/Page_Home  Audi Long Stay/input_Register_email'

2020-01-12 13:28:41 - [MESSAGE][PASSED] - Text 'katalon@acomodeo.com' is set on object 'Object Repository/katalonIBE/Page_Home  Audi Long Stay/input_Register_email'

2020-01-12 13:28:41 - [TEST_STEP][PASSED] - setEncryptedText(findTestObject("Object Repository/katalonIBE/Page_Home  Audi Long Stay/input_Register_password"), password): Text ****** has been set on object 'Object Repository/katalonIBE/Page_Home  Audi Long Stay/input_Register_password'

2020-01-12 13:28:42 - [MESSAGE][PASSED] - Text ****** has been set on object 'Object Repository/katalonIBE/Page_Home  Audi Long Stay/input_Register_password'

2020-01-12 13:28:42 - [TEST_STEP][PASSED] - delay(3): Delayed 3 second(s)

2020-01-12 13:28:45 - [MESSAGE][PASSED] - Delayed 3 second(s)

2020-01-12 13:28:45 - [TEST_STEP][PASSED] - click(findTestObject("Object Repository/katalonIBE/Page_Home  Audi Long Stay/span_Log in")): Object: 'Object Repository/katalonIBE/Page_Home  Audi Long Stay/span_Log in' is clicked on

2020-01-12 13:28:45 - [MESSAGE][PASSED] - Object: 'Object Repository/katalonIBE/Page_Home  Audi Long Stay/span_Log in' is clicked on

2020-01-12 13:28:45 - [TEST_STEP][PASSED] - delay(8): Delayed 8 second(s)

2020-01-12 13:28:53 - [MESSAGE][PASSED] - Delayed 8 second(s)

2020-01-12 13:28:53 - [TEST_STEP][PASSED] - click(findTestObject("Object Repository/katalonIBE/Page_Home  Audi Long Stay/button_Profile")): Object: 'Object Repository/katalonIBE/Page_Home  Audi Long Stay/button_Profile' is clicked on

2020-01-12 13:28:53 - [MESSAGE][PASSED] - Object: 'Object Repository/katalonIBE/Page_Home  Audi Long Stay/button_Profile' is clicked on

2020-01-12 13:28:53 - [TEST_STEP][PASSED] - delay(3): Delayed 3 second(s)

2020-01-12 13:28:56 - [MESSAGE][PASSED] - Delayed 3 second(s)

2020-01-12 13:28:56 - [TEST_STEP][PASSED] - click(findTestObject("Object Repository/katalonIBE/Page_Home  Audi Long Stay/h4_Hello Katalon Acomodeo")): Object: 'Object Repository/katalonIBE/Page_Home  Audi Long Stay/h4_Hello Katalon Acomodeo' is clicked on

2020-01-12 13:28:56 - [MESSAGE][PASSED] - Object: 'Object Repository/katalonIBE/Page_Home  Audi Long Stay/h4_Hello Katalon Acomodeo' is clicked on

2020-01-12 13:28:56 - [TEST_STEP][PASSED] - hello = getText(findTestObject("Object Repository/katalonIBE/Page_Home  Audi Long Stay/h4_Hello Katalon Acomodeo")): Text of object 'Object Repository/katalonIBE/Page_Home  Audi Long Stay/h4_Hello Katalon Acomodeo' is: 'Hello, Katalon Acomodeo'

2020-01-12 13:28:57 - [MESSAGE][PASSED] - Text of object 'Object Repository/katalonIBE/Page_Home  Audi Long Stay/h4_Hello Katalon Acomodeo' is: 'Hello, Katalon Acomodeo'

2020-01-12 13:28:57 - [TEST_STEP][PASSED] - verifyEqual("Hello, Katalon Acomodeo", hello): Actual object 'Hello, Katalon Acomodeo' and expected object 'Hello, Katalon Acomodeo' are equal

2020-01-12 13:28:57 - [MESSAGE][PASSED] - Actual object 'Hello, Katalon Acomodeo' and expected object 'Hello, Katalon Acomodeo' are equal

2020-01-12 13:28:57 - [TEST_STEP][PASSED] - closeBrowser(): Browser is closed

2020-01-12 13:29:00 - [MESSAGE][PASSED] - Browser is closed</system-out>
            <system-err></system-err>
        </testcase>
        <system-out>2020-01-12 13:20:45 - [TEST_SUITE][INCOMPLETE] - TestEveryIBE: null</system-out>
        <system-err>2020-01-12 13:20:45 - [TEST_SUITE][INCOMPLETE] - TestEveryIBE: null</system-err>
    </testsuite>
</testsuites>
